#
# There is insufficient memory for the Java Runtime Environment to continue.
# Native memory allocation (malloc) failed to allocate 65552 bytes. Error detail: Chunk::new
# Possible reasons:
#   The system is out of physical RAM or swap space
#   This process is running with CompressedOops enabled, and the Java Heap may be blocking the growth of the native heap
# Possible solutions:
#   Reduce memory load on the system
#   Increase physical memory or swap space
#   Check if swap backing store is full
#   Decrease Java heap size (-Xmx/-Xms)
#   Decrease number of Java threads
#   Decrease Java thread stack sizes (-Xss)
#   Set larger code cache with -XX:ReservedCodeCacheSize=
#   JVM is running with Unscaled Compressed Oops mode in which the Java heap is
#     placed in the first 4GB address space. The Java Heap base address is the
#     maximum limit for the native heap growth. Please use -XX:HeapBaseMinAddress
#     to set the Java Heap base and to place the Java Heap above 4GB virtual address.
# This output file may be truncated or incomplete.
#
#  Out of Memory Error (arena.cpp:168), pid=15860, tid=6364
#
# JRE version: OpenJDK Runtime Environment (21.0.3) (build 21.0.3+-12282718-b509.11)
# Java VM: OpenJDK 64-Bit Server VM (21.0.3+-12282718-b509.11, mixed mode, tiered, compressed oops, compressed class ptrs, g1 gc, windows-amd64)
# No core dump will be written. Minidumps are not enabled by default on client versions of Windows
#

---------------  S U M M A R Y ------------

Command Line: git4idea.http.GitAskPassApp Username for 'https://github.com': 

Host: Intel(R) Core(TM) i7-8550U CPU @ 1.80GHz, 8 cores, 7G,  Windows 11 , 64 bit Build 22621 (10.0.22621.5124)
Time: Mon May 12 12:53:05 2025 Bangladesh Standard Time elapsed time: 1.346440 seconds (0d 0h 0m 1s)

---------------  T H R E A D  ---------------

Current thread (0x000001f2960b9250):  JavaThread "C2 CompilerThread0" daemon [_thread_in_native, id=6364, stack(0x0000005a3b900000,0x0000005a3ba00000) (1024K)]


Current CompileTask:
C2:   1346 1077       4       sun.security.ec.ECOperations::setDouble (463 bytes)

Stack: [0x0000005a3b900000,0x0000005a3ba00000]
Native frames: (J=compiled Java code, j=interpreted, Vv=VM code, C=native code)
V  [jvm.dll+0x6cafb9]
V  [jvm.dll+0x858523]
V  [jvm.dll+0x85aa7e]
V  [jvm.dll+0x85b163]
V  [jvm.dll+0x27d356]
V  [jvm.dll+0xbf93d]
V  [jvm.dll+0xbfe73]
V  [jvm.dll+0xbfa65]
V  [jvm.dll+0x6a864c]
V  [jvm.dll+0x5e290e]
V  [jvm.dll+0x5e2193]
V  [jvm.dll+0x5e1b9c]
V  [jvm.dll+0x5e4bf2]
V  [jvm.dll+0x5e4789]
V  [jvm.dll+0x5e3f7e]
V  [jvm.dll+0x5e3f45]
V  [jvm.dll+0x5e3f91]
V  [jvm.dll+0x5e3f91]
V  [jvm.dll+0x5e3f91]
V  [jvm.dll+0x5e3f91]
V  [jvm.dll+0x5e3f91]
V  [jvm.dll+0x5e3f91]
V  [jvm.dll+0x5e3f91]
V  [jvm.dll+0x5e3f91]
V  [jvm.dll+0x5e3f91]
V  [jvm.dll+0x5e3f91]
V  [jvm.dll+0x5e3f91]
V  [jvm.dll+0x5e3f91]
V  [jvm.dll+0x5e3f91]
V  [jvm.dll+0x5e3f91]
V  [jvm.dll+0x5f619a]
V  [jvm.dll+0x24fad2]
V  [jvm.dll+0x2484ba]
V  [jvm.dll+0x245fce]
V  [jvm.dll+0x1c5804]
V  [jvm.dll+0x25575c]
V  [jvm.dll+0x253c36]
V  [jvm.dll+0x3ec996]
V  [jvm.dll+0x800d78]
V  [jvm.dll+0x6c98cd]
C  [ucrtbase.dll+0x29333]
C  [KERNEL32.DLL+0x1259d]
C  [ntdll.dll+0x5af38]


---------------  P R O C E S S  ---------------

Threads class SMR info:
_java_thread_list=0x000001f29687e5a0, length=14, elements={
0x000001f2fc22cc80, 0x000001f29609e520, 0x000001f29607a700, 0x000001f2960856b0,
0x000001f296085d20, 0x000001f296086780, 0x000001f296087310, 0x000001f2960b9250,
0x000001f29607fd90, 0x000001f2962476b0, 0x000001f29624df10, 0x000001f296890aa0,
0x000001f2968eaed0, 0x000001f2968f6530
}

Java Threads: ( => current thread )
  0x000001f2fc22cc80 JavaThread "main"                              [_thread_blocked, id=8504, stack(0x0000005a3ab00000,0x0000005a3ac00000) (1024K)]
  0x000001f29609e520 JavaThread "Reference Handler"          daemon [_thread_blocked, id=16036, stack(0x0000005a3b300000,0x0000005a3b400000) (1024K)]
  0x000001f29607a700 JavaThread "Finalizer"                  daemon [_thread_blocked, id=10852, stack(0x0000005a3b400000,0x0000005a3b500000) (1024K)]
  0x000001f2960856b0 JavaThread "Signal Dispatcher"          daemon [_thread_blocked, id=5692, stack(0x0000005a3b500000,0x0000005a3b600000) (1024K)]
  0x000001f296085d20 JavaThread "Attach Listener"            daemon [_thread_blocked, id=11896, stack(0x0000005a3b600000,0x0000005a3b700000) (1024K)]
  0x000001f296086780 JavaThread "Service Thread"             daemon [_thread_blocked, id=3764, stack(0x0000005a3b700000,0x0000005a3b800000) (1024K)]
  0x000001f296087310 JavaThread "Monitor Deflation Thread"   daemon [_thread_blocked, id=15796, stack(0x0000005a3b800000,0x0000005a3b900000) (1024K)]
=>0x000001f2960b9250 JavaThread "C2 CompilerThread0"         daemon [_thread_in_native, id=6364, stack(0x0000005a3b900000,0x0000005a3ba00000) (1024K)]
  0x000001f29607fd90 JavaThread "C1 CompilerThread0"         daemon [_thread_blocked, id=1880, stack(0x0000005a3ba00000,0x0000005a3bb00000) (1024K)]
  0x000001f2962476b0 JavaThread "Notification Thread"        daemon [_thread_blocked, id=13776, stack(0x0000005a3bb00000,0x0000005a3bc00000) (1024K)]
  0x000001f29624df10 JavaThread "Common-Cleaner"             daemon [_thread_blocked, id=13784, stack(0x0000005a3bc00000,0x0000005a3bd00000) (1024K)]
  0x000001f296890aa0 JavaThread "HttpClient-1-SelectorManager" daemon [_thread_in_native, id=15968, stack(0x0000005a3bd00000,0x0000005a3be00000) (1024K)]
  0x000001f2968eaed0 JavaThread "HttpClient-1-Worker-0"      daemon [_thread_blocked, id=5292, stack(0x0000005a3bf00000,0x0000005a3c000000) (1024K)]
  0x000001f2968f6530 JavaThread "HttpClient-1-Worker-1"      daemon [_thread_blocked, id=14016, stack(0x0000005a3c000000,0x0000005a3c100000) (1024K)]
Total: 14

Other Threads:
  0x000001f296030760 VMThread "VM Thread"                           [id=3580, stack(0x0000005a3b200000,0x0000005a3b300000) (1024K)]
  0x000001f2ff9f35b0 WatcherThread "VM Periodic Task Thread"        [id=13592, stack(0x0000005a3b100000,0x0000005a3b200000) (1024K)]
  0x000001f2fc4bac10 WorkerThread "GC Thread#0"                     [id=5908, stack(0x0000005a3ac00000,0x0000005a3ad00000) (1024K)]
  0x000001f2fc4cb970 ConcurrentGCThread "G1 Main Marker"            [id=7592, stack(0x0000005a3ad00000,0x0000005a3ae00000) (1024K)]
  0x000001f2fc4cc380 WorkerThread "G1 Conc#0"                       [id=14012, stack(0x0000005a3ae00000,0x0000005a3af00000) (1024K)]
  0x000001f2fc52e920 ConcurrentGCThread "G1 Refine#0"               [id=14776, stack(0x0000005a3af00000,0x0000005a3b000000) (1024K)]
  0x000001f2ff8b48d0 ConcurrentGCThread "G1 Service"                [id=14628, stack(0x0000005a3b000000,0x0000005a3b100000) (1024K)]
Total: 7

Threads with active compile tasks:
C2 CompilerThread0     1417 1077       4       sun.security.ec.ECOperations::setDouble (463 bytes)
Total: 1

VM state: not at safepoint (normal execution)

VM Mutex/Monitor currently owned by a thread: None

Heap address: 0x0000000081800000, size: 2024 MB, Compressed Oops mode: 32-bit

CDS archive(s) not mapped
Compressed class space mapped at: 0x0000000100000000-0x0000000140000000, reserved size: 1073741824
Narrow klass base: 0x0000000000000000, Narrow klass shift: 3, Narrow klass range: 0x140000000

GC Precious Log:
 CardTable entry size: 512
 Card Set container configuration: InlinePtr #cards 5 size 8 Array Of Cards #cards 12 size 40 Howl #buckets 4 coarsen threshold 1843 Howl Bitmap #cards 512 size 80 coarsen threshold 460 Card regions per heap region 1 cards per card region 2048
 CPUs: 8 total, 8 available
 Memory: 8089M
 Large Page Support: Disabled
 NUMA Support: Disabled
 Compressed Oops: Enabled (32-bit)
 Heap Region Size: 1M
 Heap Min Capacity: 8M
 Heap Initial Capacity: 128M
 Heap Max Capacity: 2024M
 Pre-touch: Disabled
 Parallel Workers: 8
 Concurrent Workers: 2
 Concurrent Refinement Workers: 8
 Periodic GC: Disabled

Heap:
 garbage-first heap   total 131072K, used 13312K [0x0000000081800000, 0x0000000100000000)
  region size 1024K, 15 young (15360K), 0 survivors (0K)
 Metaspace       used 16110K, committed 16320K, reserved 1114112K
  class space    used 1722K, committed 1792K, reserved 1048576K

Heap Regions: E=young(eden), S=young(survivor), O=old, HS=humongous(starts), HC=humongous(continues), CS=collection set, F=free, TAMS=top-at-mark-start, PB=parsable bottom
|   0|0x0000000081800000, 0x0000000081800000, 0x0000000081900000|  0%| F|  |TAMS 0x0000000081800000| PB 0x0000000081800000| Untracked 
|   1|0x0000000081900000, 0x0000000081900000, 0x0000000081a00000|  0%| F|  |TAMS 0x0000000081900000| PB 0x0000000081900000| Untracked 
|   2|0x0000000081a00000, 0x0000000081a00000, 0x0000000081b00000|  0%| F|  |TAMS 0x0000000081a00000| PB 0x0000000081a00000| Untracked 
|   3|0x0000000081b00000, 0x0000000081b00000, 0x0000000081c00000|  0%| F|  |TAMS 0x0000000081b00000| PB 0x0000000081b00000| Untracked 
|   4|0x0000000081c00000, 0x0000000081c00000, 0x0000000081d00000|  0%| F|  |TAMS 0x0000000081c00000| PB 0x0000000081c00000| Untracked 
|   5|0x0000000081d00000, 0x0000000081d00000, 0x0000000081e00000|  0%| F|  |TAMS 0x0000000081d00000| PB 0x0000000081d00000| Untracked 
|   6|0x0000000081e00000, 0x0000000081e00000, 0x0000000081f00000|  0%| F|  |TAMS 0x0000000081e00000| PB 0x0000000081e00000| Untracked 
|   7|0x0000000081f00000, 0x0000000081f00000, 0x0000000082000000|  0%| F|  |TAMS 0x0000000081f00000| PB 0x0000000081f00000| Untracked 
|   8|0x0000000082000000, 0x0000000082000000, 0x0000000082100000|  0%| F|  |TAMS 0x0000000082000000| PB 0x0000000082000000| Untracked 
|   9|0x0000000082100000, 0x0000000082100000, 0x0000000082200000|  0%| F|  |TAMS 0x0000000082100000| PB 0x0000000082100000| Untracked 
|  10|0x0000000082200000, 0x0000000082200000, 0x0000000082300000|  0%| F|  |TAMS 0x0000000082200000| PB 0x0000000082200000| Untracked 
|  11|0x0000000082300000, 0x0000000082300000, 0x0000000082400000|  0%| F|  |TAMS 0x0000000082300000| PB 0x0000000082300000| Untracked 
|  12|0x0000000082400000, 0x0000000082400000, 0x0000000082500000|  0%| F|  |TAMS 0x0000000082400000| PB 0x0000000082400000| Untracked 
|  13|0x0000000082500000, 0x0000000082500000, 0x0000000082600000|  0%| F|  |TAMS 0x0000000082500000| PB 0x0000000082500000| Untracked 
|  14|0x0000000082600000, 0x0000000082600000, 0x0000000082700000|  0%| F|  |TAMS 0x0000000082600000| PB 0x0000000082600000| Untracked 
|  15|0x0000000082700000, 0x0000000082700000, 0x0000000082800000|  0%| F|  |TAMS 0x0000000082700000| PB 0x0000000082700000| Untracked 
|  16|0x0000000082800000, 0x0000000082800000, 0x0000000082900000|  0%| F|  |TAMS 0x0000000082800000| PB 0x0000000082800000| Untracked 
|  17|0x0000000082900000, 0x0000000082900000, 0x0000000082a00000|  0%| F|  |TAMS 0x0000000082900000| PB 0x0000000082900000| Untracked 
|  18|0x0000000082a00000, 0x0000000082a00000, 0x0000000082b00000|  0%| F|  |TAMS 0x0000000082a00000| PB 0x0000000082a00000| Untracked 
|  19|0x0000000082b00000, 0x0000000082b00000, 0x0000000082c00000|  0%| F|  |TAMS 0x0000000082b00000| PB 0x0000000082b00000| Untracked 
|  20|0x0000000082c00000, 0x0000000082c00000, 0x0000000082d00000|  0%| F|  |TAMS 0x0000000082c00000| PB 0x0000000082c00000| Untracked 
|  21|0x0000000082d00000, 0x0000000082d00000, 0x0000000082e00000|  0%| F|  |TAMS 0x0000000082d00000| PB 0x0000000082d00000| Untracked 
|  22|0x0000000082e00000, 0x0000000082e00000, 0x0000000082f00000|  0%| F|  |TAMS 0x0000000082e00000| PB 0x0000000082e00000| Untracked 
|  23|0x0000000082f00000, 0x0000000082f00000, 0x0000000083000000|  0%| F|  |TAMS 0x0000000082f00000| PB 0x0000000082f00000| Untracked 
|  24|0x0000000083000000, 0x0000000083000000, 0x0000000083100000|  0%| F|  |TAMS 0x0000000083000000| PB 0x0000000083000000| Untracked 
|  25|0x0000000083100000, 0x0000000083100000, 0x0000000083200000|  0%| F|  |TAMS 0x0000000083100000| PB 0x0000000083100000| Untracked 
|  26|0x0000000083200000, 0x0000000083200000, 0x0000000083300000|  0%| F|  |TAMS 0x0000000083200000| PB 0x0000000083200000| Untracked 
|  27|0x0000000083300000, 0x0000000083300000, 0x0000000083400000|  0%| F|  |TAMS 0x0000000083300000| PB 0x0000000083300000| Untracked 
|  28|0x0000000083400000, 0x0000000083400000, 0x0000000083500000|  0%| F|  |TAMS 0x0000000083400000| PB 0x0000000083400000| Untracked 
|  29|0x0000000083500000, 0x0000000083500000, 0x0000000083600000|  0%| F|  |TAMS 0x0000000083500000| PB 0x0000000083500000| Untracked 
|  30|0x0000000083600000, 0x0000000083600000, 0x0000000083700000|  0%| F|  |TAMS 0x0000000083600000| PB 0x0000000083600000| Untracked 
|  31|0x0000000083700000, 0x0000000083700000, 0x0000000083800000|  0%| F|  |TAMS 0x0000000083700000| PB 0x0000000083700000| Untracked 
|  32|0x0000000083800000, 0x0000000083800000, 0x0000000083900000|  0%| F|  |TAMS 0x0000000083800000| PB 0x0000000083800000| Untracked 
|  33|0x0000000083900000, 0x0000000083900000, 0x0000000083a00000|  0%| F|  |TAMS 0x0000000083900000| PB 0x0000000083900000| Untracked 
|  34|0x0000000083a00000, 0x0000000083a00000, 0x0000000083b00000|  0%| F|  |TAMS 0x0000000083a00000| PB 0x0000000083a00000| Untracked 
|  35|0x0000000083b00000, 0x0000000083b00000, 0x0000000083c00000|  0%| F|  |TAMS 0x0000000083b00000| PB 0x0000000083b00000| Untracked 
|  36|0x0000000083c00000, 0x0000000083c00000, 0x0000000083d00000|  0%| F|  |TAMS 0x0000000083c00000| PB 0x0000000083c00000| Untracked 
|  37|0x0000000083d00000, 0x0000000083d00000, 0x0000000083e00000|  0%| F|  |TAMS 0x0000000083d00000| PB 0x0000000083d00000| Untracked 
|  38|0x0000000083e00000, 0x0000000083e00000, 0x0000000083f00000|  0%| F|  |TAMS 0x0000000083e00000| PB 0x0000000083e00000| Untracked 
|  39|0x0000000083f00000, 0x0000000083f00000, 0x0000000084000000|  0%| F|  |TAMS 0x0000000083f00000| PB 0x0000000083f00000| Untracked 
|  40|0x0000000084000000, 0x0000000084000000, 0x0000000084100000|  0%| F|  |TAMS 0x0000000084000000| PB 0x0000000084000000| Untracked 
|  41|0x0000000084100000, 0x0000000084100000, 0x0000000084200000|  0%| F|  |TAMS 0x0000000084100000| PB 0x0000000084100000| Untracked 
|  42|0x0000000084200000, 0x0000000084200000, 0x0000000084300000|  0%| F|  |TAMS 0x0000000084200000| PB 0x0000000084200000| Untracked 
|  43|0x0000000084300000, 0x0000000084300000, 0x0000000084400000|  0%| F|  |TAMS 0x0000000084300000| PB 0x0000000084300000| Untracked 
|  44|0x0000000084400000, 0x0000000084400000, 0x0000000084500000|  0%| F|  |TAMS 0x0000000084400000| PB 0x0000000084400000| Untracked 
|  45|0x0000000084500000, 0x0000000084500000, 0x0000000084600000|  0%| F|  |TAMS 0x0000000084500000| PB 0x0000000084500000| Untracked 
|  46|0x0000000084600000, 0x0000000084600000, 0x0000000084700000|  0%| F|  |TAMS 0x0000000084600000| PB 0x0000000084600000| Untracked 
|  47|0x0000000084700000, 0x0000000084700000, 0x0000000084800000|  0%| F|  |TAMS 0x0000000084700000| PB 0x0000000084700000| Untracked 
|  48|0x0000000084800000, 0x0000000084800000, 0x0000000084900000|  0%| F|  |TAMS 0x0000000084800000| PB 0x0000000084800000| Untracked 
|  49|0x0000000084900000, 0x0000000084900000, 0x0000000084a00000|  0%| F|  |TAMS 0x0000000084900000| PB 0x0000000084900000| Untracked 
|  50|0x0000000084a00000, 0x0000000084a00000, 0x0000000084b00000|  0%| F|  |TAMS 0x0000000084a00000| PB 0x0000000084a00000| Untracked 
|  51|0x0000000084b00000, 0x0000000084b00000, 0x0000000084c00000|  0%| F|  |TAMS 0x0000000084b00000| PB 0x0000000084b00000| Untracked 
|  52|0x0000000084c00000, 0x0000000084c00000, 0x0000000084d00000|  0%| F|  |TAMS 0x0000000084c00000| PB 0x0000000084c00000| Untracked 
|  53|0x0000000084d00000, 0x0000000084d00000, 0x0000000084e00000|  0%| F|  |TAMS 0x0000000084d00000| PB 0x0000000084d00000| Untracked 
|  54|0x0000000084e00000, 0x0000000084e00000, 0x0000000084f00000|  0%| F|  |TAMS 0x0000000084e00000| PB 0x0000000084e00000| Untracked 
|  55|0x0000000084f00000, 0x0000000084f00000, 0x0000000085000000|  0%| F|  |TAMS 0x0000000084f00000| PB 0x0000000084f00000| Untracked 
|  56|0x0000000085000000, 0x0000000085000000, 0x0000000085100000|  0%| F|  |TAMS 0x0000000085000000| PB 0x0000000085000000| Untracked 
|  57|0x0000000085100000, 0x0000000085100000, 0x0000000085200000|  0%| F|  |TAMS 0x0000000085100000| PB 0x0000000085100000| Untracked 
|  58|0x0000000085200000, 0x0000000085200000, 0x0000000085300000|  0%| F|  |TAMS 0x0000000085200000| PB 0x0000000085200000| Untracked 
|  59|0x0000000085300000, 0x0000000085300000, 0x0000000085400000|  0%| F|  |TAMS 0x0000000085300000| PB 0x0000000085300000| Untracked 
|  60|0x0000000085400000, 0x0000000085400000, 0x0000000085500000|  0%| F|  |TAMS 0x0000000085400000| PB 0x0000000085400000| Untracked 
|  61|0x0000000085500000, 0x0000000085500000, 0x0000000085600000|  0%| F|  |TAMS 0x0000000085500000| PB 0x0000000085500000| Untracked 
|  62|0x0000000085600000, 0x0000000085600000, 0x0000000085700000|  0%| F|  |TAMS 0x0000000085600000| PB 0x0000000085600000| Untracked 
|  63|0x0000000085700000, 0x0000000085700000, 0x0000000085800000|  0%| F|  |TAMS 0x0000000085700000| PB 0x0000000085700000| Untracked 
|  64|0x0000000085800000, 0x0000000085800000, 0x0000000085900000|  0%| F|  |TAMS 0x0000000085800000| PB 0x0000000085800000| Untracked 
|  65|0x0000000085900000, 0x0000000085900000, 0x0000000085a00000|  0%| F|  |TAMS 0x0000000085900000| PB 0x0000000085900000| Untracked 
|  66|0x0000000085a00000, 0x0000000085a00000, 0x0000000085b00000|  0%| F|  |TAMS 0x0000000085a00000| PB 0x0000000085a00000| Untracked 
|  67|0x0000000085b00000, 0x0000000085b00000, 0x0000000085c00000|  0%| F|  |TAMS 0x0000000085b00000| PB 0x0000000085b00000| Untracked 
|  68|0x0000000085c00000, 0x0000000085c00000, 0x0000000085d00000|  0%| F|  |TAMS 0x0000000085c00000| PB 0x0000000085c00000| Untracked 
|  69|0x0000000085d00000, 0x0000000085d00000, 0x0000000085e00000|  0%| F|  |TAMS 0x0000000085d00000| PB 0x0000000085d00000| Untracked 
|  70|0x0000000085e00000, 0x0000000085e00000, 0x0000000085f00000|  0%| F|  |TAMS 0x0000000085e00000| PB 0x0000000085e00000| Untracked 
|  71|0x0000000085f00000, 0x0000000085f00000, 0x0000000086000000|  0%| F|  |TAMS 0x0000000085f00000| PB 0x0000000085f00000| Untracked 
|  72|0x0000000086000000, 0x0000000086000000, 0x0000000086100000|  0%| F|  |TAMS 0x0000000086000000| PB 0x0000000086000000| Untracked 
|  73|0x0000000086100000, 0x0000000086100000, 0x0000000086200000|  0%| F|  |TAMS 0x0000000086100000| PB 0x0000000086100000| Untracked 
|  74|0x0000000086200000, 0x0000000086200000, 0x0000000086300000|  0%| F|  |TAMS 0x0000000086200000| PB 0x0000000086200000| Untracked 
|  75|0x0000000086300000, 0x0000000086300000, 0x0000000086400000|  0%| F|  |TAMS 0x0000000086300000| PB 0x0000000086300000| Untracked 
|  76|0x0000000086400000, 0x0000000086400000, 0x0000000086500000|  0%| F|  |TAMS 0x0000000086400000| PB 0x0000000086400000| Untracked 
|  77|0x0000000086500000, 0x0000000086500000, 0x0000000086600000|  0%| F|  |TAMS 0x0000000086500000| PB 0x0000000086500000| Untracked 
|  78|0x0000000086600000, 0x0000000086600000, 0x0000000086700000|  0%| F|  |TAMS 0x0000000086600000| PB 0x0000000086600000| Untracked 
|  79|0x0000000086700000, 0x0000000086700000, 0x0000000086800000|  0%| F|  |TAMS 0x0000000086700000| PB 0x0000000086700000| Untracked 
|  80|0x0000000086800000, 0x0000000086800000, 0x0000000086900000|  0%| F|  |TAMS 0x0000000086800000| PB 0x0000000086800000| Untracked 
|  81|0x0000000086900000, 0x0000000086900000, 0x0000000086a00000|  0%| F|  |TAMS 0x0000000086900000| PB 0x0000000086900000| Untracked 
|  82|0x0000000086a00000, 0x0000000086a00000, 0x0000000086b00000|  0%| F|  |TAMS 0x0000000086a00000| PB 0x0000000086a00000| Untracked 
|  83|0x0000000086b00000, 0x0000000086b00000, 0x0000000086c00000|  0%| F|  |TAMS 0x0000000086b00000| PB 0x0000000086b00000| Untracked 
|  84|0x0000000086c00000, 0x0000000086c00000, 0x0000000086d00000|  0%| F|  |TAMS 0x0000000086c00000| PB 0x0000000086c00000| Untracked 
|  85|0x0000000086d00000, 0x0000000086d00000, 0x0000000086e00000|  0%| F|  |TAMS 0x0000000086d00000| PB 0x0000000086d00000| Untracked 
|  86|0x0000000086e00000, 0x0000000086e00000, 0x0000000086f00000|  0%| F|  |TAMS 0x0000000086e00000| PB 0x0000000086e00000| Untracked 
|  87|0x0000000086f00000, 0x0000000086f00000, 0x0000000087000000|  0%| F|  |TAMS 0x0000000086f00000| PB 0x0000000086f00000| Untracked 
|  88|0x0000000087000000, 0x0000000087000000, 0x0000000087100000|  0%| F|  |TAMS 0x0000000087000000| PB 0x0000000087000000| Untracked 
|  89|0x0000000087100000, 0x0000000087100000, 0x0000000087200000|  0%| F|  |TAMS 0x0000000087100000| PB 0x0000000087100000| Untracked 
|  90|0x0000000087200000, 0x0000000087200000, 0x0000000087300000|  0%| F|  |TAMS 0x0000000087200000| PB 0x0000000087200000| Untracked 
|  91|0x0000000087300000, 0x0000000087300000, 0x0000000087400000|  0%| F|  |TAMS 0x0000000087300000| PB 0x0000000087300000| Untracked 
|  92|0x0000000087400000, 0x0000000087400000, 0x0000000087500000|  0%| F|  |TAMS 0x0000000087400000| PB 0x0000000087400000| Untracked 
|  93|0x0000000087500000, 0x0000000087500000, 0x0000000087600000|  0%| F|  |TAMS 0x0000000087500000| PB 0x0000000087500000| Untracked 
|  94|0x0000000087600000, 0x0000000087600000, 0x0000000087700000|  0%| F|  |TAMS 0x0000000087600000| PB 0x0000000087600000| Untracked 
|  95|0x0000000087700000, 0x0000000087700000, 0x0000000087800000|  0%| F|  |TAMS 0x0000000087700000| PB 0x0000000087700000| Untracked 
|  96|0x0000000087800000, 0x0000000087800000, 0x0000000087900000|  0%| F|  |TAMS 0x0000000087800000| PB 0x0000000087800000| Untracked 
|  97|0x0000000087900000, 0x0000000087900000, 0x0000000087a00000|  0%| F|  |TAMS 0x0000000087900000| PB 0x0000000087900000| Untracked 
|  98|0x0000000087a00000, 0x0000000087a00000, 0x0000000087b00000|  0%| F|  |TAMS 0x0000000087a00000| PB 0x0000000087a00000| Untracked 
|  99|0x0000000087b00000, 0x0000000087b00000, 0x0000000087c00000|  0%| F|  |TAMS 0x0000000087b00000| PB 0x0000000087b00000| Untracked 
| 100|0x0000000087c00000, 0x0000000087c00000, 0x0000000087d00000|  0%| F|  |TAMS 0x0000000087c00000| PB 0x0000000087c00000| Untracked 
| 101|0x0000000087d00000, 0x0000000087d00000, 0x0000000087e00000|  0%| F|  |TAMS 0x0000000087d00000| PB 0x0000000087d00000| Untracked 
| 102|0x0000000087e00000, 0x0000000087e00000, 0x0000000087f00000|  0%| F|  |TAMS 0x0000000087e00000| PB 0x0000000087e00000| Untracked 
| 103|0x0000000087f00000, 0x0000000087f00000, 0x0000000088000000|  0%| F|  |TAMS 0x0000000087f00000| PB 0x0000000087f00000| Untracked 
| 104|0x0000000088000000, 0x0000000088000000, 0x0000000088100000|  0%| F|  |TAMS 0x0000000088000000| PB 0x0000000088000000| Untracked 
| 105|0x0000000088100000, 0x0000000088100000, 0x0000000088200000|  0%| F|  |TAMS 0x0000000088100000| PB 0x0000000088100000| Untracked 
| 106|0x0000000088200000, 0x0000000088200000, 0x0000000088300000|  0%| F|  |TAMS 0x0000000088200000| PB 0x0000000088200000| Untracked 
| 107|0x0000000088300000, 0x0000000088300000, 0x0000000088400000|  0%| F|  |TAMS 0x0000000088300000| PB 0x0000000088300000| Untracked 
| 108|0x0000000088400000, 0x0000000088400000, 0x0000000088500000|  0%| F|  |TAMS 0x0000000088400000| PB 0x0000000088400000| Untracked 
| 109|0x0000000088500000, 0x0000000088500000, 0x0000000088600000|  0%| F|  |TAMS 0x0000000088500000| PB 0x0000000088500000| Untracked 
| 110|0x0000000088600000, 0x0000000088600000, 0x0000000088700000|  0%| F|  |TAMS 0x0000000088600000| PB 0x0000000088600000| Untracked 
| 111|0x0000000088700000, 0x0000000088700000, 0x0000000088800000|  0%| F|  |TAMS 0x0000000088700000| PB 0x0000000088700000| Untracked 
| 112|0x0000000088800000, 0x0000000088800000, 0x0000000088900000|  0%| F|  |TAMS 0x0000000088800000| PB 0x0000000088800000| Untracked 
| 113|0x0000000088900000, 0x00000000889ec090, 0x0000000088a00000| 92%| E|  |TAMS 0x0000000088900000| PB 0x0000000088900000| Complete 
| 114|0x0000000088a00000, 0x0000000088b00000, 0x0000000088b00000|100%| E|CS|TAMS 0x0000000088a00000| PB 0x0000000088a00000| Complete 
| 115|0x0000000088b00000, 0x0000000088c00000, 0x0000000088c00000|100%| E|CS|TAMS 0x0000000088b00000| PB 0x0000000088b00000| Complete 
| 116|0x0000000088c00000, 0x0000000088d00000, 0x0000000088d00000|100%| E|CS|TAMS 0x0000000088c00000| PB 0x0000000088c00000| Complete 
| 117|0x0000000088d00000, 0x0000000088e00000, 0x0000000088e00000|100%| E|CS|TAMS 0x0000000088d00000| PB 0x0000000088d00000| Complete 
| 118|0x0000000088e00000, 0x0000000088f00000, 0x0000000088f00000|100%| E|CS|TAMS 0x0000000088e00000| PB 0x0000000088e00000| Complete 
| 119|0x0000000088f00000, 0x0000000089000000, 0x0000000089000000|100%| E|CS|TAMS 0x0000000088f00000| PB 0x0000000088f00000| Complete 
| 120|0x0000000089000000, 0x0000000089100000, 0x0000000089100000|100%| E|CS|TAMS 0x0000000089000000| PB 0x0000000089000000| Complete 
| 121|0x0000000089100000, 0x0000000089200000, 0x0000000089200000|100%| E|CS|TAMS 0x0000000089100000| PB 0x0000000089100000| Complete 
| 122|0x0000000089200000, 0x0000000089300000, 0x0000000089300000|100%| E|CS|TAMS 0x0000000089200000| PB 0x0000000089200000| Complete 
| 123|0x0000000089300000, 0x0000000089400000, 0x0000000089400000|100%| E|  |TAMS 0x0000000089300000| PB 0x0000000089300000| Complete 
| 124|0x0000000089400000, 0x0000000089500000, 0x0000000089500000|100%| E|CS|TAMS 0x0000000089400000| PB 0x0000000089400000| Complete 
| 125|0x0000000089500000, 0x0000000089600000, 0x0000000089600000|100%| E|CS|TAMS 0x0000000089500000| PB 0x0000000089500000| Complete 
| 126|0x0000000089600000, 0x0000000089700000, 0x0000000089700000|100%| E|CS|TAMS 0x0000000089600000| PB 0x0000000089600000| Complete 
| 127|0x0000000089700000, 0x0000000089800000, 0x0000000089800000|100%| E|CS|TAMS 0x0000000089700000| PB 0x0000000089700000| Complete 

Card table byte_map: [0x000001f2feb70000,0x000001f2fef70000] _byte_map_base: 0x000001f2fe764000

Marking Bits: (CMBitMap*) 0x000001f2fc4bb220
 Bits: [0x000001f292080000, 0x000001f294020000)

Polling page: 0x000001f2fdce0000

Metaspace:

Usage:
  Non-class:     14.05 MB used.
      Class:      1.68 MB used.
       Both:     15.73 MB used.

Virtual space:
  Non-class space:       64.00 MB reserved,      14.19 MB ( 22%) committed,  1 nodes.
      Class space:        1.00 GB reserved,       1.75 MB ( <1%) committed,  1 nodes.
             Both:        1.06 GB reserved,      15.94 MB (  1%) committed. 

Chunk freelists:
   Non-Class:  1.70 MB
       Class:  14.13 MB
        Both:  15.84 MB

MaxMetaspaceSize: unlimited
CompressedClassSpaceSize: 1.00 GB
Initial GC threshold: 21.00 MB
Current GC threshold: 21.00 MB
CDS: off
 - commit_granule_bytes: 65536.
 - commit_granule_words: 8192.
 - virtual_space_node_default_size: 8388608.
 - enlarge_chunks_in_place: 1.
 - use_allocation_guard: 0.


Internal statistics:

num_allocs_failed_limit: 0.
num_arena_births: 238.
num_arena_deaths: 0.
num_vsnodes_births: 2.
num_vsnodes_deaths: 0.
num_space_committed: 255.
num_space_uncommitted: 0.
num_chunks_returned_to_freelist: 0.
num_chunks_taken_from_freelist: 429.
num_chunk_merges: 0.
num_chunk_splits: 238.
num_chunks_enlarged: 109.
num_inconsistent_stats: 0.

CodeHeap 'non-profiled nmethods': size=120000Kb used=355Kb max_used=355Kb free=119644Kb
 bounds [0x000001f28ab50000, 0x000001f28adc0000, 0x000001f292080000]
CodeHeap 'profiled nmethods': size=120000Kb used=1864Kb max_used=1864Kb free=118136Kb
 bounds [0x000001f283080000, 0x000001f2832f0000, 0x000001f28a5b0000]
CodeHeap 'non-nmethods': size=5760Kb used=1406Kb max_used=1427Kb free=4353Kb
 bounds [0x000001f28a5b0000, 0x000001f28a820000, 0x000001f28ab50000]
 total_blobs=1636 nmethods=1124 adapters=417
 compilation: enabled
              stopped_count=0, restarted_count=0
 full_count=0

Compilation events (20 events):
Event: 1.329 Thread 0x000001f29607fd90 1116       3       java.lang.invoke.MethodHandle::keepsAlive (20 bytes)
Event: 1.330 Thread 0x000001f29607fd90 nmethod 1116 0x000001f28324c710 code [0x000001f28324c960, 0x000001f28324d3b0]
Event: 1.330 Thread 0x000001f29607fd90 1117       3       java.lang.invoke.MemberName::hashCode (43 bytes)
Event: 1.331 Thread 0x000001f29607fd90 nmethod 1117 0x000001f28324d710 code [0x000001f28324d960, 0x000001f28324e538]
Event: 1.339 Thread 0x000001f29607fd90 1118       3       java.nio.ByteBuffer::arrayOffset (35 bytes)
Event: 1.339 Thread 0x000001f29607fd90 nmethod 1118 0x000001f28324e890 code [0x000001f28324ea60, 0x000001f28324ed30]
Event: 1.340 Thread 0x000001f29607fd90 1120       3       jdk.internal.misc.InternalLock::lock (8 bytes)
Event: 1.340 Thread 0x000001f29607fd90 nmethod 1120 0x000001f28324ee90 code [0x000001f28324f060, 0x000001f28324f3e8]
Event: 1.340 Thread 0x000001f29607fd90 1123       3       java.util.concurrent.locks.AbstractQueuedSynchronizer::release (19 bytes)
Event: 1.341 Thread 0x000001f29607fd90 nmethod 1123 0x000001f28324f510 code [0x000001f28324f720, 0x000001f28324fd48]
Event: 1.341 Thread 0x000001f29607fd90 1121       3       jdk.internal.misc.InternalLock::unlock (8 bytes)
Event: 1.341 Thread 0x000001f29607fd90 nmethod 1121 0x000001f28324ff10 code [0x000001f2832500e0, 0x000001f283250498]
Event: 1.341 Thread 0x000001f29607fd90 1124       3       java.util.concurrent.locks.ReentrantLock$Sync::tryRelease (51 bytes)
Event: 1.341 Thread 0x000001f29607fd90 nmethod 1124 0x000001f283250610 code [0x000001f2832507e0, 0x000001f283250b18]
Event: 1.341 Thread 0x000001f29607fd90 1125       3       java.util.concurrent.locks.ReentrantLock::unlock (10 bytes)
Event: 1.341 Thread 0x000001f29607fd90 nmethod 1125 0x000001f283250c10 code [0x000001f283250de0, 0x000001f2832510b8]
Event: 1.342 Thread 0x000001f29607fd90 1122       3       java.nio.ByteBuffer::array (35 bytes)
Event: 1.342 Thread 0x000001f29607fd90 nmethod 1122 0x000001f283251210 code [0x000001f2832513e0, 0x000001f2832516b0]
Event: 1.342 Thread 0x000001f29607fd90 1126       3       java.util.concurrent.locks.AbstractQueuedSynchronizer::signalNext (34 bytes)
Event: 1.342 Thread 0x000001f29607fd90 nmethod 1126 0x000001f283251810 code [0x000001f283251a00, 0x000001f283251ea0]

GC Heap History (0 events):
No events

Dll operation events (2 events):
Event: 0.012 Loaded shared library E:\Old download\jbr\bin\java.dll
Event: 0.018 Loaded shared library E:\Old download\jbr\bin\zip.dll

Deoptimization events (8 events):
Event: 0.605 Thread 0x000001f2fc22cc80 Uncommon trap: trap_request=0xffffff45 fr.pc=0x000001f28ab6219c relative=0x000000000000007c
Event: 0.605 Thread 0x000001f2fc22cc80 Uncommon trap: reason=unstable_if action=reinterpret pc=0x000001f28ab6219c method=java.lang.CharacterDataLatin1.toLowerCase(I)I @ 16 c2
Event: 0.606 Thread 0x000001f2fc22cc80 DEOPT PACKING pc=0x000001f28ab6219c sp=0x0000005a3abfae30
Event: 0.606 Thread 0x000001f2fc22cc80 DEOPT UNPACKING pc=0x000001f28a6046a2 sp=0x0000005a3abfadc0 mode 2
Event: 0.748 Thread 0x000001f2fc22cc80 DEOPT PACKING pc=0x000001f2830c0223 sp=0x0000005a3abfdbf0
Event: 0.748 Thread 0x000001f2fc22cc80 DEOPT UNPACKING pc=0x000001f28a604e42 sp=0x0000005a3abfd088 mode 0
Event: 0.882 Thread 0x000001f2fc22cc80 DEOPT PACKING pc=0x000001f2830981f8 sp=0x0000005a3abfe000
Event: 0.882 Thread 0x000001f2fc22cc80 DEOPT UNPACKING pc=0x000001f28a604e42 sp=0x0000005a3abfd420 mode 0

Classes loaded (20 events):
Event: 1.339 Loading class java/lang/Throwable$PrintStreamOrWriter done
Event: 1.339 Loading class java/lang/Throwable$WrappedPrintStream done
Event: 1.340 Loading class java/lang/StackTraceElement$HashedModules
Event: 1.340 Loading class java/lang/StackTraceElement$HashedModules done
Event: 1.342 Loading class java/lang/Shutdown
Event: 1.342 Loading class java/lang/Shutdown done
Event: 1.342 Loading class java/lang/Shutdown$Lock
Event: 1.342 Loading class java/lang/Shutdown$Lock done
Event: 1.342 Loading class jdk/internal/logger/BootstrapLogger$RedirectedLoggers
Event: 1.342 Loading class jdk/internal/logger/BootstrapLogger$RedirectedLoggers done
Event: 1.342 Loading class jdk/internal/logger/SurrogateLogger
Event: 1.342 Loading class jdk/internal/logger/SimpleConsoleLogger
Event: 1.342 Loading class sun/util/logging/PlatformLogger$ConfigurableBridge$LoggerConfiguration
Event: 1.342 Loading class sun/util/logging/PlatformLogger$ConfigurableBridge$LoggerConfiguration done
Event: 1.342 Loading class jdk/internal/logger/SimpleConsoleLogger done
Event: 1.342 Loading class jdk/internal/logger/SurrogateLogger done
Event: 1.343 Loading class sun/util/logging/PlatformLogger
Event: 1.344 Loading class sun/util/logging/PlatformLogger done
Event: 1.344 Loading class sun/util/logging/PlatformLogger$Level
Event: 1.344 Loading class sun/util/logging/PlatformLogger$Level done

Classes unloaded (0 events):
No events

Classes redefined (0 events):
No events

Internal exceptions (20 events):
Event: 0.857 Thread 0x000001f2fc22cc80 Exception <a 'java/lang/NoSuchMethodError'{0x000000008910d920}: 'int java.lang.invoke.DirectMethodHandle$Holder.invokeStaticInit(java.lang.Object, long, long)'> (0x000000008910d920) 
thrown [s\src\hotspot\share\interpreter\linkResolver.cpp, line 784]
Event: 0.857 Thread 0x000001f2fc22cc80 Exception <a 'java/lang/NoSuchMethodError'{0x0000000089114360}: 'int java.lang.invoke.DirectMethodHandle$Holder.invokeStaticInit(java.lang.Object, float, float)'> (0x0000000089114360) 
thrown [s\src\hotspot\share\interpreter\linkResolver.cpp, line 784]
Event: 0.858 Thread 0x000001f2fc22cc80 Exception <a 'java/lang/NoSuchMethodError'{0x000000008911ac70}: 'int java.lang.invoke.DirectMethodHandle$Holder.invokeStaticInit(java.lang.Object, double, double)'> (0x000000008911ac70) 
thrown [s\src\hotspot\share\interpreter\linkResolver.cpp, line 784]
Event: 0.858 Thread 0x000001f2fc22cc80 Exception <a 'java/lang/NoSuchMethodError'{0x000000008911f0f8}: 'int java.lang.invoke.DirectMethodHandle$Holder.invokeStatic(java.lang.Object, long)'> (0x000000008911f0f8) 
thrown [s\src\hotspot\share\interpreter\linkResolver.cpp, line 784]
Event: 0.863 Thread 0x000001f2fc22cc80 Exception <a 'java/lang/NoSuchMethodError'{0x000000008914af78}: 'java.lang.Object java.lang.invoke.DelegatingMethodHandle$Holder.delegate(java.lang.Object, int, java.lang.Object, java.lang.Object)'> (0x000000008914af78) 
thrown [s\src\hotspot\share\interpreter\linkResolver.cpp, line 784]
Event: 0.865 Thread 0x000001f2fc22cc80 Exception <a 'java/lang/NoSuchMethodError'{0x000000008915a088}: 'int java.lang.invoke.Invokers$Holder.linkToTargetMethod(java.lang.Object, java.lang.Object, java.lang.Object)'> (0x000000008915a088) 
thrown [s\src\hotspot\share\interpreter\linkResolver.cpp, line 784]
Event: 0.868 Thread 0x000001f2fc22cc80 Exception <a 'java/lang/NoSuchMethodError'{0x0000000089188ec8}: 'long java.lang.invoke.DirectMethodHandle$Holder.invokeSpecial(java.lang.Object, java.lang.Object)'> (0x0000000089188ec8) 
thrown [s\src\hotspot\share\interpreter\linkResolver.cpp, line 784]
Event: 0.869 Thread 0x000001f2fc22cc80 Exception <a 'java/lang/NoSuchMethodError'{0x000000008918f5c8}: 'int java.lang.invoke.DirectMethodHandle$Holder.invokeStatic(java.lang.Object, java.lang.Object, java.lang.Object, java.lang.Object)'> (0x000000008918f5c8) 
thrown [s\src\hotspot\share\interpreter\linkResolver.cpp, line 784]
Event: 0.869 Thread 0x000001f2fc22cc80 Exception <a 'java/lang/NoSuchMethodError'{0x0000000089192998}: 'java.lang.Object java.lang.invoke.Invokers$Holder.invokeExact_MT(java.lang.Object, java.lang.Object, java.lang.Object, java.lang.Object, java.lang.Object, java.lang.Object)'> (0x0000000089192998) 
thrown [s\src\hotspot\share\interpreter\linkResolver.cpp, line 784]
Event: 0.982 Thread 0x000001f2fc22cc80 Exception <a 'java/lang/NoSuchMethodError'{0x0000000088f54ae8}: 'java.lang.Object java.lang.invoke.DirectMethodHandle$Holder.newInvokeSpecial(java.lang.Object, java.lang.Object, java.lang.Object, java.lang.Object, java.lang.Object)'> (0x0000000088f54ae8) 
thrown [s\src\hotspot\share\interpreter\linkResolver.cpp, line 784]
Event: 1.035 Thread 0x000001f2fc22cc80 Exception <a 'java/lang/NoSuchMethodError'{0x0000000088d1dbf8}: 'java.lang.Object java.lang.invoke.DirectMethodHandle$Holder.invokeSpecial(java.lang.Object, java.lang.Object, java.lang.Object, java.lang.Object, int)'> (0x0000000088d1dbf8) 
thrown [s\src\hotspot\share\interpreter\linkResolver.cpp, line 784]
Event: 1.036 Thread 0x000001f2fc22cc80 Exception <a 'java/lang/NoSuchMethodError'{0x0000000088d21540}: 'java.lang.Object java.lang.invoke.Invokers$Holder.linkToTargetMethod(java.lang.Object, java.lang.Object, int, java.lang.Object)'> (0x0000000088d21540) 
thrown [s\src\hotspot\share\interpreter\linkResolver.cpp, line 784]
Event: 1.047 Thread 0x000001f2fc22cc80 Exception <a 'java/lang/NoSuchMethodError'{0x0000000088d4c218}: 'void java.lang.invoke.DirectMethodHandle$Holder.invokeSpecial(java.lang.Object, java.lang.Object, java.lang.Object)'> (0x0000000088d4c218) 
thrown [s\src\hotspot\share\interpreter\linkResolver.cpp, line 784]
Event: 1.066 Thread 0x000001f296890aa0 Exception <a 'java/lang/NoSuchMethodError'{0x0000000088f93e70}: 'void java.lang.invoke.DirectMethodHandle$Holder.invokeStatic(java.lang.Object, java.lang.Object, int)'> (0x0000000088f93e70) 
thrown [s\src\hotspot\share\interpreter\linkResolver.cpp, line 784]
Event: 1.067 Thread 0x000001f2fc22cc80 Exception <a 'java/lang/NoSuchMethodError'{0x0000000088dc3728}: 'void java.lang.invoke.DirectMethodHandle$Holder.invokeSpecial(java.lang.Object, java.lang.Object, java.lang.Object, java.lang.Object, java.lang.Object)'> (0x0000000088dc3728) 
thrown [s\src\hotspot\share\interpreter\linkResolver.cpp, line 784]
Event: 1.078 Thread 0x000001f296890aa0 Exception <a 'java/lang/NoSuchMethodError'{0x0000000088fcbf58}: 'void java.lang.invoke.DirectMethodHandle$Holder.invokeStatic(java.lang.Object, java.lang.Object)'> (0x0000000088fcbf58) 
thrown [s\src\hotspot\share\interpreter\linkResolver.cpp, line 784]
Event: 1.079 Thread 0x000001f2968eaed0 Exception <a 'java/lang/NoSuchMethodError'{0x0000000088c0d868}: 'void java.lang.invoke.DirectMethodHandle$Holder.invokeInterface(java.lang.Object, java.lang.Object, java.lang.Object)'> (0x0000000088c0d868) 
thrown [s\src\hotspot\share\interpreter\linkResolver.cpp, line 784]
Event: 1.085 Thread 0x000001f2968eaed0 Exception <a 'java/lang/NoSuchMethodError'{0x0000000088c567d0}: 'void java.lang.invoke.DirectMethodHandle$Holder.invokeVirtual(java.lang.Object, java.lang.Object)'> (0x0000000088c567d0) 
thrown [s\src\hotspot\share\interpreter\linkResolver.cpp, line 784]
Event: 1.289 Thread 0x000001f2968eaed0 Exception <a 'java/lang/NoSuchMethodError'{0x0000000088beb1f8}: 'void java.lang.invoke.DirectMethodHandle$Holder.invokeStatic(java.lang.Object, java.lang.Object, java.lang.Object, java.lang.Object)'> (0x0000000088beb1f8) 
thrown [s\src\hotspot\share\interpreter\linkResolver.cpp, line 784]
Event: 1.336 Thread 0x000001f2968eaed0 Exception <a 'java/net/SocketException'{0x0000000088906740}: Connection reset by peer: shutdown> (0x0000000088906740) 
thrown [s\src\hotspot\share\prims\jni.cpp, line 554]

ZGC Phase Switch (0 events):
No events

VM Operations (6 events):
Event: 0.359 Executing VM operation: HandshakeAllThreads (Deoptimize)
Event: 0.359 Executing VM operation: HandshakeAllThreads (Deoptimize) done
Event: 0.403 Executing VM operation: HandshakeAllThreads (Deoptimize)
Event: 0.403 Executing VM operation: HandshakeAllThreads (Deoptimize) done
Event: 0.718 Executing VM operation: HandshakeAllThreads (Deoptimize)
Event: 0.718 Executing VM operation: HandshakeAllThreads (Deoptimize) done

Events (19 events):
Event: 0.017 Thread 0x000001f2fc22cc80 Thread added: 0x000001f2fc22cc80
Event: 0.064 Thread 0x000001f29609e520 Thread added: 0x000001f29609e520
Event: 0.064 Thread 0x000001f29607a700 Thread added: 0x000001f29607a700
Event: 0.065 Thread 0x000001f2960856b0 Thread added: 0x000001f2960856b0
Event: 0.065 Thread 0x000001f296085d20 Thread added: 0x000001f296085d20
Event: 0.065 Thread 0x000001f296086780 Thread added: 0x000001f296086780
Event: 0.066 Thread 0x000001f296087310 Thread added: 0x000001f296087310
Event: 0.066 Thread 0x000001f2960b9250 Thread added: 0x000001f2960b9250
Event: 0.066 Thread 0x000001f29607fd90 Thread added: 0x000001f29607fd90
Event: 0.100 Thread 0x000001f2962476b0 Thread added: 0x000001f2962476b0
Event: 0.105 Thread 0x000001f29624df10 Thread added: 0x000001f29624df10
Event: 0.112 Loaded shared library E:\Old download\jbr\bin\net.dll
Event: 0.114 Loaded shared library E:\Old download\jbr\bin\nio.dll
Event: 0.216 Loaded shared library E:\Old download\jbr\bin\zip.dll
Event: 0.497 Loaded shared library E:\Old download\jbr\bin\jimage.dll
Event: 0.968 Loaded shared library E:\Old download\jbr\bin\extnet.dll
Event: 0.975 Thread 0x000001f296890aa0 Thread added: 0x000001f296890aa0
Event: 1.077 Thread 0x000001f2968eaed0 Thread added: 0x000001f2968eaed0
Event: 1.091 Thread 0x000001f2968f6530 Thread added: 0x000001f2968f6530


Dynamic libraries:
0x00007ff6fb900000 - 0x00007ff6fb90a000 	E:\Old download\jbr\bin\java.exe
0x00007ffa74d70000 - 0x00007ffa74f87000 	C:\Windows\SYSTEM32\ntdll.dll
0x00007ffa740a0000 - 0x00007ffa74164000 	C:\Windows\System32\KERNEL32.DLL
0x00007ffa721c0000 - 0x00007ffa72593000 	C:\Windows\System32\KERNELBASE.dll
0x00007ffa71eb0000 - 0x00007ffa71fc1000 	C:\Windows\System32\ucrtbase.dll
0x00007ffa4f130000 - 0x00007ffa4f14b000 	E:\Old download\jbr\bin\VCRUNTIME140.dll
0x00007ffa6ce60000 - 0x00007ffa6ce78000 	E:\Old download\jbr\bin\jli.dll
0x00007ffa73e70000 - 0x00007ffa74021000 	C:\Windows\System32\USER32.dll
0x00007ffa72190000 - 0x00007ffa721b6000 	C:\Windows\System32\win32u.dll
0x00007ffa5f000000 - 0x00007ffa5f298000 	C:\Windows\WinSxS\amd64_microsoft.windows.common-controls_6595b64144ccf1df_6.0.22621.5124_none_270e8f4f7386d69d\COMCTL32.dll
0x00007ffa744f0000 - 0x00007ffa74519000 	C:\Windows\System32\GDI32.dll
0x00007ffa745b0000 - 0x00007ffa74657000 	C:\Windows\System32\msvcrt.dll
0x00007ffa72710000 - 0x00007ffa7282b000 	C:\Windows\System32\gdi32full.dll
0x00007ffa72830000 - 0x00007ffa728ca000 	C:\Windows\System32\msvcp_win.dll
0x00007ffa73950000 - 0x00007ffa73981000 	C:\Windows\System32\IMM32.DLL
0x00007ffa1efb0000 - 0x00007ffa1efbc000 	E:\Old download\jbr\bin\vcruntime140_1.dll
0x00007ffa5cc90000 - 0x00007ffa5cd1d000 	E:\Old download\jbr\bin\msvcp140.dll
0x00007ffa1efc0000 - 0x00007ffa1fc3d000 	E:\Old download\jbr\bin\server\jvm.dll
0x00007ffa73d90000 - 0x00007ffa73e41000 	C:\Windows\System32\ADVAPI32.dll
0x00007ffa73770000 - 0x00007ffa73818000 	C:\Windows\System32\sechost.dll
0x00007ffa71e80000 - 0x00007ffa71ea8000 	C:\Windows\System32\bcrypt.dll
0x00007ffa74bf0000 - 0x00007ffa74d04000 	C:\Windows\System32\RPCRT4.dll
0x00007ffa74520000 - 0x00007ffa74591000 	C:\Windows\System32\WS2_32.dll
0x00007ffa6d340000 - 0x00007ffa6d374000 	C:\Windows\SYSTEM32\WINMM.dll
0x00007ffa70cc0000 - 0x00007ffa70d0d000 	C:\Windows\SYSTEM32\POWRPROF.dll
0x00007ffa6d310000 - 0x00007ffa6d31a000 	C:\Windows\SYSTEM32\VERSION.dll
0x00007ffa70ca0000 - 0x00007ffa70cb3000 	C:\Windows\SYSTEM32\UMPDC.dll
0x00007ffa70f60000 - 0x00007ffa70f78000 	C:\Windows\SYSTEM32\kernel.appcore.dll
0x00007ffa1efa0000 - 0x00007ffa1efaa000 	E:\Old download\jbr\bin\jimage.dll
0x00007ffa6f8d0000 - 0x00007ffa6fb02000 	C:\Windows\SYSTEM32\DBGHELP.DLL
0x00007ffa72b30000 - 0x00007ffa72ec2000 	C:\Windows\System32\combase.dll
0x00007ffa73820000 - 0x00007ffa738f7000 	C:\Windows\System32\OLEAUT32.dll
0x00007ffa544f0000 - 0x00007ffa54522000 	C:\Windows\SYSTEM32\dbgcore.DLL
0x00007ffa71fd0000 - 0x00007ffa7204b000 	C:\Windows\System32\bcryptPrimitives.dll
0x00007ffa1ef80000 - 0x00007ffa1ef9f000 	E:\Old download\jbr\bin\java.dll
0x00007ffa1ef60000 - 0x00007ffa1ef78000 	E:\Old download\jbr\bin\zip.dll
0x00007ffa72ed0000 - 0x00007ffa73766000 	C:\Windows\System32\SHELL32.dll
0x00007ffa72050000 - 0x00007ffa7218f000 	C:\Windows\System32\wintypes.dll
0x00007ffa6fd60000 - 0x00007ffa7067a000 	C:\Windows\SYSTEM32\windows.storage.dll
0x00007ffa743e0000 - 0x00007ffa744ea000 	C:\Windows\System32\SHCORE.dll
0x00007ffa74030000 - 0x00007ffa74093000 	C:\Windows\System32\shlwapi.dll
0x00007ffa71db0000 - 0x00007ffa71ddb000 	C:\Windows\SYSTEM32\profapi.dll
0x00007ffa1ef50000 - 0x00007ffa1ef60000 	E:\Old download\jbr\bin\net.dll
0x00007ffa6d570000 - 0x00007ffa6d69c000 	C:\Windows\SYSTEM32\WINHTTP.dll
0x00007ffa713e0000 - 0x00007ffa7144a000 	C:\Windows\system32\mswsock.dll
0x00007ffa1ef30000 - 0x00007ffa1ef46000 	E:\Old download\jbr\bin\nio.dll
0x00007ffa71660000 - 0x00007ffa7167b000 	C:\Windows\SYSTEM32\CRYPTSP.dll
0x00007ffa70ec0000 - 0x00007ffa70ef7000 	C:\Windows\system32\rsaenh.dll
0x00007ffa714c0000 - 0x00007ffa714e8000 	C:\Windows\SYSTEM32\USERENV.dll
0x00007ffa71650000 - 0x00007ffa7165c000 	C:\Windows\SYSTEM32\CRYPTBASE.dll
0x00007ffa70950000 - 0x00007ffa7097d000 	C:\Windows\SYSTEM32\IPHLPAPI.DLL
0x00007ffa73e50000 - 0x00007ffa73e59000 	C:\Windows\System32\NSI.dll
0x00007ffa1fdd0000 - 0x00007ffa1fdd8000 	C:\Windows\system32\wshunix.dll
0x00007ffa1eb70000 - 0x00007ffa1eb79000 	E:\Old download\jbr\bin\extnet.dll

dbghelp: loaded successfully - version: 4.0.5 - missing functions: none
symbol engine: initialized successfully - sym options: 0x614 - pdb path: .;E:\Old download\jbr\bin;C:\Windows\SYSTEM32;C:\Windows\WinSxS\amd64_microsoft.windows.common-controls_6595b64144ccf1df_6.0.22621.5124_none_270e8f4f7386d69d;E:\Old download\jbr\bin\server

VM Arguments:
java_command: git4idea.http.GitAskPassApp Username for 'https://github.com': 
java_class_path (initial): E:/Old download/plugins/vcs-git/lib/git4idea-rt.jar;E:/Old download/lib/externalProcess-rt.jar
Launcher Type: SUN_STANDARD

[Global flags]
     intx CICompilerCount                          = 4                                         {product} {ergonomic}
     uint ConcGCThreads                            = 2                                         {product} {ergonomic}
     uint G1ConcRefinementThreads                  = 8                                         {product} {ergonomic}
   size_t G1HeapRegionSize                         = 1048576                                   {product} {ergonomic}
    uintx GCDrainStackTargetSize                   = 64                                        {product} {ergonomic}
   size_t InitialHeapSize                          = 134217728                                 {product} {ergonomic}
   size_t MarkStackSize                            = 4194304                                   {product} {ergonomic}
   size_t MaxHeapSize                              = 2122317824                                {product} {ergonomic}
   size_t MaxNewSize                               = 1272971264                                {product} {ergonomic}
   size_t MinHeapDeltaBytes                        = 1048576                                   {product} {ergonomic}
   size_t MinHeapSize                              = 8388608                                   {product} {ergonomic}
    uintx NonNMethodCodeHeapSize                   = 5839372                                {pd product} {ergonomic}
    uintx NonProfiledCodeHeapSize                  = 122909434                              {pd product} {ergonomic}
    uintx ProfiledCodeHeapSize                     = 122909434                              {pd product} {ergonomic}
    uintx ReservedCodeCacheSize                    = 251658240                              {pd product} {ergonomic}
     bool SegmentedCodeCache                       = true                                      {product} {ergonomic}
   size_t SoftMaxHeapSize                          = 2122317824                             {manageable} {ergonomic}
     bool UseCompressedOops                        = true                           {product lp64_product} {ergonomic}
     bool UseG1GC                                  = true                                      {product} {ergonomic}
     bool UseLargePagesIndividualAllocation        = false                                  {pd product} {ergonomic}

Logging:
Log output configuration:
 #0: stdout all=warning uptime,level,tags foldmultilines=false
 #1: stderr all=off uptime,level,tags foldmultilines=false

Environment Variables:
PATH=C:/Program Files/Git/mingw64/libexec/git-core;C:/Program Files/Git/mingw64/libexec/git-core;C:\Program Files\Git\mingw64\bin;C:\Program Files\Git\usr\bin;C:\Users\ABDULLAH MAMUN\bin;C:\Windows\system32;C:\Windows;C:\Windows\System32\Wbem;C:\Windows\System32\WindowsPowerShell\v1.0\;C:\Windows\System32\OpenSSH\;C:\Program Files\Git\cmd;C:\Users\ABDULLAH MAMUN\AppData\Local\Microsoft\WindowsApps;E:\E downloads\E-programs\Microsoft VS Code\bin
USERNAME=ABDULLAH MAMUN
DISPLAY=:0.0
LC_ALL=en_US.UTF-8
TERM=xterm-256color
TMPDIR=C:\Users\ABDULL~1\AppData\Local\Temp
OS=Windows_NT
PROCESSOR_IDENTIFIER=Intel64 Family 6 Model 142 Stepping 10, GenuineIntel
TMP=C:\Users\ABDULL~1\AppData\Local\Temp
TEMP=C:\Users\ABDULL~1\AppData\Local\Temp




Periodic native trim disabled

JNI global refs:
JNI global refs: 20, weak refs: 0

JNI global refs memory usage: 835, weak refs: 833

Process memory usage:
Resident Set Size: 75596K (0% of 8283164K total physical memory with 346124K free physical memory)

OOME stack traces (most recent first):
Classloader memory used:
Loader bootstrap                                                                       : 14347K
Loader jdk.internal.loader.ClassLoaders$PlatformClassLoader                            : 1747K
Loader jdk.internal.loader.ClassLoaders$AppClassLoader                                 : 16408B

---------------  S Y S T E M  ---------------

OS:
 Windows 11 , 64 bit Build 22621 (10.0.22621.5124)
OS uptime: 3 days 2:32 hours
Hyper-V role detected

CPU: total 8 (initial active 8) (4 cores per cpu, 2 threads per core) family 6 model 142 stepping 10 microcode 0xf0, cx8, cmov, fxsr, ht, mmx, 3dnowpref, sse, sse2, sse3, ssse3, sse4.1, sse4.2, popcnt, lzcnt, tsc, tscinvbit, avx, avx2, aes, erms, clmul, bmi1, bmi2, adx, fma, vzeroupper, clflush, clflushopt, hv, rdtscp, f16c
Processor Information for all 8 processors :
  Max Mhz: 1992, Current Mhz: 1792, Mhz Limit: 1792

Memory: 4k page, system-wide physical 8089M (338M free)
TotalPageFile size 19587M (AvailPageFile size 1M)
current process WorkingSet (physical memory assigned to process): 74M, peak: 74M
current process commit charge ("private bytes"): 224M, peak: 225M

vm_info: OpenJDK 64-Bit Server VM (21.0.3+-12282718-b509.11) for windows-amd64 JRE (21.0.3+-12282718-b509.11), built on 2024-08-27T17:34:15Z by "builder" with MS VC++ 16.10 / 16.11 (VS2019)

END.
