#
# There is insufficient memory for the Java Runtime Environment to continue.
# Native memory allocation (malloc) failed to allocate 1122896 bytes. Error detail: Chunk::new
# Possible reasons:
#   The system is out of physical RAM or swap space
#   This process is running with CompressedOops enabled, and the Java Heap may be blocking the growth of the native heap
# Possible solutions:
#   Reduce memory load on the system
#   Increase physical memory or swap space
#   Check if swap backing store is full
#   Decrease Java heap size (-Xmx/-Xms)
#   Decrease number of Java threads
#   Decrease Java thread stack sizes (-Xss)
#   Set larger code cache with -XX:ReservedCodeCacheSize=
#   JVM is running with Unscaled Compressed Oops mode in which the Java heap is
#     placed in the first 4GB address space. The Java Heap base address is the
#     maximum limit for the native heap growth. Please use -XX:HeapBaseMinAddress
#     to set the Java Heap base and to place the Java Heap above 4GB virtual address.
# This output file may be truncated or incomplete.
#
#  Out of Memory Error (arena.cpp:168), pid=12852, tid=8132
#
# JRE version: OpenJDK Runtime Environment (21.0.3) (build 21.0.3+-12282718-b509.11)
# Java VM: OpenJDK 64-Bit Server VM (21.0.3+-12282718-b509.11, mixed mode, tiered, compressed oops, compressed class ptrs, g1 gc, windows-amd64)
# No core dump will be written. Minidumps are not enabled by default on client versions of Windows
#

---------------  S U M M A R Y ------------

Command Line: --add-opens=java.base/java.util=ALL-UNNAMED --add-opens=java.base/java.lang=ALL-UNNAMED --add-opens=java.base/java.lang.invoke=ALL-UNNAMED --add-opens=java.prefs/java.util.prefs=ALL-UNNAMED --add-exports=jdk.compiler/com.sun.tools.javac.api=ALL-UNNAMED --add-exports=jdk.compiler/com.sun.tools.javac.util=ALL-UNNAMED --add-opens=java.base/java.nio.charset=ALL-UNNAMED --add-opens=java.base/java.net=ALL-UNNAMED --add-opens=java.base/java.util.concurrent.atomic=ALL-UNNAMED -Xmx2048m -Dfile.encoding=UTF-8 -Duser.country=US -Duser.language=en -Duser.variant -javaagent:C:\Users\ABDULLAH MAMUN\.gradle\wrapper\dists\gradle-8.9-bin\90cnw93cvbtalezasaz0blq0a\gradle-8.9\lib\agents\gradle-instrumentation-agent-8.9.jar org.gradle.launcher.daemon.bootstrap.GradleDaemon 8.9

Host: Intel(R) Core(TM) i7-8550U CPU @ 1.80GHz, 8 cores, 7G,  Windows 11 , 64 bit Build 22621 (10.0.22621.5124)
Time: Mon May 12 13:24:45 2025 Bangladesh Standard Time elapsed time: 9.389265 seconds (0d 0h 0m 9s)

---------------  T H R E A D  ---------------

Current thread (0x0000020bdf0604a0):  JavaThread "C2 CompilerThread0" daemon [_thread_in_native, id=8132, stack(0x0000009bb8000000,0x0000009bb8100000) (1024K)]


Current CompileTask:
C2:   9389 6364   !   4       java.net.URLClassLoader$1::run (81 bytes)

Stack: [0x0000009bb8000000,0x0000009bb8100000]
Native frames: (J=compiled Java code, j=interpreted, Vv=VM code, C=native code)
V  [jvm.dll+0x6cafb9]
V  [jvm.dll+0x858523]
V  [jvm.dll+0x85aa7e]
V  [jvm.dll+0x85b163]
V  [jvm.dll+0x27d356]
V  [jvm.dll+0xbf93d]
V  [jvm.dll+0xbfe73]
V  [jvm.dll+0x3b1ceb]
V  [jvm.dll+0x1dde94]
V  [jvm.dll+0x246c54]
V  [jvm.dll+0x2460d1]
V  [jvm.dll+0x1c5804]
V  [jvm.dll+0x25575c]
V  [jvm.dll+0x253c36]
V  [jvm.dll+0x3ec996]
V  [jvm.dll+0x800d78]
V  [jvm.dll+0x6c98cd]
C  [ucrtbase.dll+0x29333]
C  [KERNEL32.DLL+0x1259d]
C  [ntdll.dll+0x5af38]


---------------  P R O C E S S  ---------------

Threads class SMR info:
_java_thread_list=0x0000020be3295770, length=60, elements={
0x0000020bc13d2410, 0x0000020bdf080080, 0x0000020bdf080ea0, 0x0000020bdf0827e0,
0x0000020bdf083240, 0x0000020bdf05ecb0, 0x0000020bdf05f710, 0x0000020bdf0604a0,
0x0000020bdf0a2ee0, 0x0000020bdf0fc320, 0x0000020bdf4a1840, 0x0000020bdf0a1a70,
0x0000020be0f516d0, 0x0000020be0fb01b0, 0x0000020be0d0d790, 0x0000020be0cced50,
0x0000020be13feaf0, 0x0000020be0ed5060, 0x0000020be0ed3620, 0x0000020be0ed4340,
0x0000020be0ed3cb0, 0x0000020be0ed2f90, 0x0000020be0ed49d0, 0x0000020be0ed1be0,
0x0000020be0ed2270, 0x0000020be4a4b580, 0x0000020be4a4e370, 0x0000020be4a4cfc0,
0x0000020be4a4ea00, 0x0000020be4a4bc10, 0x0000020be4a4d650, 0x0000020be4a4c2a0,
0x0000020be4a4c930, 0x0000020be4a4dce0, 0x0000020be3a9c150, 0x0000020be3a9ce70,
0x0000020be3a9bac0, 0x0000020be3a9e8b0, 0x0000020be3a9ef40, 0x0000020be3a9db90,
0x0000020be3a9e220, 0x0000020be41a38b0, 0x0000020be41a2b90, 0x0000020be419f080,
0x0000020be41a1150, 0x0000020be41a3220, 0x0000020be41a66a0, 0x0000020be41a4c60,
0x0000020be41a3f40, 0x0000020be419f710, 0x0000020be41a0ac0, 0x0000020be41a52f0,
0x0000020be41a0430, 0x0000020be419fda0, 0x0000020be41a17e0, 0x0000020be41a5980,
0x0000020be41a1e70, 0x0000020be41a2500, 0x0000020bdf9615a0, 0x0000020bdf0a35b0
}

Java Threads: ( => current thread )
  0x0000020bc13d2410 JavaThread "main"                              [_thread_blocked, id=2756, stack(0x0000009bb7200000,0x0000009bb7300000) (1024K)]
  0x0000020bdf080080 JavaThread "Reference Handler"          daemon [_thread_blocked, id=13380, stack(0x0000009bb7a00000,0x0000009bb7b00000) (1024K)]
  0x0000020bdf080ea0 JavaThread "Finalizer"                  daemon [_thread_blocked, id=14292, stack(0x0000009bb7b00000,0x0000009bb7c00000) (1024K)]
  0x0000020bdf0827e0 JavaThread "Signal Dispatcher"          daemon [_thread_blocked, id=3652, stack(0x0000009bb7c00000,0x0000009bb7d00000) (1024K)]
  0x0000020bdf083240 JavaThread "Attach Listener"            daemon [_thread_blocked, id=12756, stack(0x0000009bb7d00000,0x0000009bb7e00000) (1024K)]
  0x0000020bdf05ecb0 JavaThread "Service Thread"             daemon [_thread_blocked, id=7316, stack(0x0000009bb7e00000,0x0000009bb7f00000) (1024K)]
  0x0000020bdf05f710 JavaThread "Monitor Deflation Thread"   daemon [_thread_blocked, id=6588, stack(0x0000009bb7f00000,0x0000009bb8000000) (1024K)]
=>0x0000020bdf0604a0 JavaThread "C2 CompilerThread0"         daemon [_thread_in_native, id=8132, stack(0x0000009bb8000000,0x0000009bb8100000) (1024K)]
  0x0000020bdf0a2ee0 JavaThread "C1 CompilerThread0"         daemon [_thread_blocked, id=8612, stack(0x0000009bb8100000,0x0000009bb8200000) (1024K)]
  0x0000020bdf0fc320 JavaThread "Common-Cleaner"             daemon [_thread_blocked, id=11320, stack(0x0000009bb8200000,0x0000009bb8300000) (1024K)]
  0x0000020bdf4a1840 JavaThread "Notification Thread"        daemon [_thread_blocked, id=6924, stack(0x0000009bb8300000,0x0000009bb8400000) (1024K)]
  0x0000020bdf0a1a70 JavaThread "C2 CompilerThread1"         daemon [_thread_in_native, id=2812, stack(0x0000009bb8400000,0x0000009bb8500000) (1024K)]
  0x0000020be0f516d0 JavaThread "Daemon health stats"               [_thread_blocked, id=10464, stack(0x0000009bb8a00000,0x0000009bb8b00000) (1024K)]
  0x0000020be0fb01b0 JavaThread "Incoming local TCP Connector on port 59261"        [_thread_in_native, id=13796, stack(0x0000009bb8b00000,0x0000009bb8c00000) (1024K)]
  0x0000020be0d0d790 JavaThread "Daemon periodic checks"            [_thread_blocked, id=7776, stack(0x0000009bb8f00000,0x0000009bb9000000) (1024K)]
  0x0000020be0cced50 JavaThread "Daemon"                            [_thread_blocked, id=7560, stack(0x0000009bb9000000,0x0000009bb9100000) (1024K)]
  0x0000020be13feaf0 JavaThread "Handler for socket connection from /127.0.0.1:59261 to /127.0.0.1:59262"        [_thread_in_native, id=3260, stack(0x0000009bb9100000,0x0000009bb9200000) (1024K)]
  0x0000020be0ed5060 JavaThread "Cancel handler"                    [_thread_blocked, id=12904, stack(0x0000009bb9200000,0x0000009bb9300000) (1024K)]
  0x0000020be0ed3620 JavaThread "Daemon worker"                     [_thread_in_vm, id=7736, stack(0x0000009bb9300000,0x0000009bb9400000) (1024K)]
  0x0000020be0ed4340 JavaThread "Asynchronous log dispatcher for DefaultDaemonConnection: socket connection from /127.0.0.1:59261 to /127.0.0.1:59262"        [_thread_blocked, id=2908, stack(0x0000009bb9400000,0x0000009bb9500000) (1024K)]
  0x0000020be0ed3cb0 JavaThread "Stdin handler"                     [_thread_blocked, id=12028, stack(0x0000009bb9500000,0x0000009bb9600000) (1024K)]
  0x0000020be0ed2f90 JavaThread "Daemon client event forwarder"        [_thread_blocked, id=12204, stack(0x0000009bb9600000,0x0000009bb9700000) (1024K)]
  0x0000020be0ed49d0 JavaThread "Cache worker for journal cache (C:\Users\ABDULLAH MAMUN\.gradle\caches\journal-1)"        [_thread_blocked, id=10632, stack(0x0000009bb9800000,0x0000009bb9900000) (1024K)]
  0x0000020be0ed1be0 JavaThread "File lock request listener"        [_thread_in_native, id=2060, stack(0x0000009bb9900000,0x0000009bb9a00000) (1024K)]
  0x0000020be0ed2270 JavaThread "Cache worker for file hash cache (C:\Users\ABDULLAH MAMUN\.gradle\caches\8.9\fileHashes)"        [_thread_blocked, id=5024, stack(0x0000009bb9a00000,0x0000009bb9b00000) (1024K)]
  0x0000020be4a4b580 JavaThread "Cache worker for file hash cache (E:\MamunExplore\BanglaDictionary\.gradle\8.9\fileHashes)"        [_thread_blocked, id=3180, stack(0x0000009bb9b00000,0x0000009bb9c00000) (1024K)]
  0x0000020be4a4e370 JavaThread "Cache worker for Build Output Cleanup Cache (E:\MamunExplore\BanglaDictionary\.gradle\buildOutputCleanup)"        [_thread_blocked, id=13652, stack(0x0000009bb9c00000,0x0000009bb9d00000) (1024K)]
  0x0000020be4a4cfc0 JavaThread "File watcher server"        daemon [_thread_in_native, id=3112, stack(0x0000009bb9d00000,0x0000009bb9e00000) (1024K)]
  0x0000020be4a4ea00 JavaThread "File watcher consumer"      daemon [_thread_blocked, id=16380, stack(0x0000009bb9e00000,0x0000009bb9f00000) (1024K)]
  0x0000020be4a4bc10 JavaThread "jar transforms"                    [_thread_blocked, id=16308, stack(0x0000009bb9f00000,0x0000009bba000000) (1024K)]
  0x0000020be4a4d650 JavaThread "jar transforms Thread 2"           [_thread_blocked, id=16088, stack(0x0000009bba000000,0x0000009bba100000) (1024K)]
  0x0000020be4a4c2a0 JavaThread "jar transforms Thread 3"           [_thread_blocked, id=9128, stack(0x0000009bba100000,0x0000009bba200000) (1024K)]
  0x0000020be4a4c930 JavaThread "jar transforms Thread 4"           [_thread_blocked, id=14364, stack(0x0000009bba200000,0x0000009bba300000) (1024K)]
  0x0000020be4a4dce0 JavaThread "jar transforms Thread 5"           [_thread_blocked, id=15468, stack(0x0000009bba300000,0x0000009bba400000) (1024K)]
  0x0000020be3a9c150 JavaThread "jar transforms Thread 6"           [_thread_blocked, id=12476, stack(0x0000009bba400000,0x0000009bba500000) (1024K)]
  0x0000020be3a9ce70 JavaThread "jar transforms Thread 7"           [_thread_blocked, id=2412, stack(0x0000009bba500000,0x0000009bba600000) (1024K)]
  0x0000020be3a9bac0 JavaThread "jar transforms Thread 8"           [_thread_blocked, id=10272, stack(0x0000009bba600000,0x0000009bba700000) (1024K)]
  0x0000020be3a9e8b0 JavaThread "Cache worker for checksums cache (E:\MamunExplore\BanglaDictionary\.gradle\8.9\checksums)"        [_thread_blocked, id=12152, stack(0x0000009bba700000,0x0000009bba800000) (1024K)]
  0x0000020be3a9ef40 JavaThread "Cache worker for file content cache (C:\Users\ABDULLAH MAMUN\.gradle\caches\8.9\fileContent)"        [_thread_blocked, id=11272, stack(0x0000009bba800000,0x0000009bba900000) (1024K)]
  0x0000020be3a9db90 JavaThread "Cache worker for cache directory md-rule (C:\Users\ABDULLAH MAMUN\.gradle\caches\8.9\md-rule)"        [_thread_blocked, id=8652, stack(0x0000009bba900000,0x0000009bbaa00000) (1024K)]
  0x0000020be3a9e220 JavaThread "Cache worker for cache directory md-supplier (C:\Users\ABDULLAH MAMUN\.gradle\caches\8.9\md-supplier)"        [_thread_blocked, id=2932, stack(0x0000009bbaa00000,0x0000009bbab00000) (1024K)]
  0x0000020be41a38b0 JavaThread "Unconstrained build operations"        [_thread_blocked, id=5100, stack(0x0000009bb8500000,0x0000009bb8600000) (1024K)]
  0x0000020be41a2b90 JavaThread "Unconstrained build operations Thread 2"        [_thread_blocked, id=7992, stack(0x0000009bbab00000,0x0000009bbac00000) (1024K)]
  0x0000020be419f080 JavaThread "Unconstrained build operations Thread 3"        [_thread_blocked, id=10544, stack(0x0000009bbac00000,0x0000009bbad00000) (1024K)]
  0x0000020be41a1150 JavaThread "Unconstrained build operations Thread 4"        [_thread_blocked, id=9720, stack(0x0000009bbad00000,0x0000009bbae00000) (1024K)]
  0x0000020be41a3220 JavaThread "Unconstrained build operations Thread 5"        [_thread_blocked, id=12952, stack(0x0000009bbae00000,0x0000009bbaf00000) (1024K)]
  0x0000020be41a66a0 JavaThread "Unconstrained build operations Thread 6"        [_thread_blocked, id=15552, stack(0x0000009bbaf00000,0x0000009bbb000000) (1024K)]
  0x0000020be41a4c60 JavaThread "Unconstrained build operations Thread 7"        [_thread_blocked, id=12532, stack(0x0000009bbb000000,0x0000009bbb100000) (1024K)]
  0x0000020be41a3f40 JavaThread "Unconstrained build operations Thread 8"        [_thread_blocked, id=3812, stack(0x0000009bbb100000,0x0000009bbb200000) (1024K)]
  0x0000020be419f710 JavaThread "Unconstrained build operations Thread 9"        [_thread_blocked, id=11632, stack(0x0000009bbb200000,0x0000009bbb300000) (1024K)]
  0x0000020be41a0ac0 JavaThread "Unconstrained build operations Thread 10"        [_thread_blocked, id=4636, stack(0x0000009bbb300000,0x0000009bbb400000) (1024K)]
  0x0000020be41a52f0 JavaThread "Unconstrained build operations Thread 11"        [_thread_blocked, id=2176, stack(0x0000009bbb400000,0x0000009bbb500000) (1024K)]
  0x0000020be41a0430 JavaThread "Unconstrained build operations Thread 12"        [_thread_blocked, id=6120, stack(0x0000009bbb500000,0x0000009bbb600000) (1024K)]
  0x0000020be419fda0 JavaThread "Unconstrained build operations Thread 13"        [_thread_blocked, id=12584, stack(0x0000009bbb600000,0x0000009bbb700000) (1024K)]
  0x0000020be41a17e0 JavaThread "Unconstrained build operations Thread 14"        [_thread_blocked, id=13816, stack(0x0000009bbb700000,0x0000009bbb800000) (1024K)]
  0x0000020be41a5980 JavaThread "Unconstrained build operations Thread 15"        [_thread_blocked, id=14688, stack(0x0000009bbb800000,0x0000009bbb900000) (1024K)]
  0x0000020be41a1e70 JavaThread "Unconstrained build operations Thread 16"        [_thread_blocked, id=1392, stack(0x0000009bbb900000,0x0000009bbba00000) (1024K)]
  0x0000020be41a2500 JavaThread "Unconstrained build operations Thread 17"        [_thread_blocked, id=10400, stack(0x0000009bbba00000,0x0000009bbbb00000) (1024K)]
  0x0000020bdf9615a0 JavaThread "Unconstrained build operations Thread 18"        [_thread_blocked, id=10280, stack(0x0000009bbbb00000,0x0000009bbbc00000) (1024K)]
  0x0000020bdf0a35b0 JavaThread "C2 CompilerThread2"         daemon [_thread_in_native, id=8512, stack(0x0000009bbbc00000,0x0000009bbbd00000) (1024K)]
Total: 60

Other Threads:
  0x0000020bdf00f0c0 VMThread "VM Thread"                           [id=13376, stack(0x0000009bb7900000,0x0000009bb7a00000) (1024K)]
  0x0000020bdab670c0 WatcherThread "VM Periodic Task Thread"        [id=5356, stack(0x0000009bb7800000,0x0000009bb7900000) (1024K)]
  0x0000020bc158fbd0 WorkerThread "GC Thread#0"                     [id=16344, stack(0x0000009bb7300000,0x0000009bb7400000) (1024K)]
  0x0000020bdfb69310 WorkerThread "GC Thread#1"                     [id=11316, stack(0x0000009bb8600000,0x0000009bb8700000) (1024K)]
  0x0000020bdf44acf0 WorkerThread "GC Thread#2"                     [id=13020, stack(0x0000009bb8700000,0x0000009bb8800000) (1024K)]
  0x0000020be014a720 WorkerThread "GC Thread#3"                     [id=16204, stack(0x0000009bb8800000,0x0000009bb8900000) (1024K)]
  0x0000020be01e5f40 WorkerThread "GC Thread#4"                     [id=13780, stack(0x0000009bb8900000,0x0000009bb8a00000) (1024K)]
  0x0000020be0ccaa20 WorkerThread "GC Thread#5"                     [id=9488, stack(0x0000009bb8c00000,0x0000009bb8d00000) (1024K)]
  0x0000020be1889af0 WorkerThread "GC Thread#6"                     [id=10924, stack(0x0000009bb8d00000,0x0000009bb8e00000) (1024K)]
  0x0000020be13b7da0 WorkerThread "GC Thread#7"                     [id=15392, stack(0x0000009bb8e00000,0x0000009bb8f00000) (1024K)]
  0x0000020bc15a0d20 ConcurrentGCThread "G1 Main Marker"            [id=1784, stack(0x0000009bb7400000,0x0000009bb7500000) (1024K)]
  0x0000020bc15a1fc0 WorkerThread "G1 Conc#0"                       [id=5328, stack(0x0000009bb7500000,0x0000009bb7600000) (1024K)]
  0x0000020be110f020 WorkerThread "G1 Conc#1"                       [id=568, stack(0x0000009bb9700000,0x0000009bb9800000) (1024K)]
  0x0000020bc15fe430 ConcurrentGCThread "G1 Refine#0"               [id=15984, stack(0x0000009bb7600000,0x0000009bb7700000) (1024K)]
  0x0000020bdaa29110 ConcurrentGCThread "G1 Service"                [id=8448, stack(0x0000009bb7700000,0x0000009bb7800000) (1024K)]
Total: 15

Threads with active compile tasks:
C2 CompilerThread0     9435 6364   !   4       java.net.URLClassLoader$1::run (81 bytes)
C2 CompilerThread1     9435 6350   !   4       java.net.URLClassLoader::findClass (47 bytes)
C2 CompilerThread2     9435 6349       4       java.net.URLClassLoader$1::run (5 bytes)
Total: 3

VM state: not at safepoint (normal execution)

VM Mutex/Monitor currently owned by a thread: None

Heap address: 0x0000000080000000, size: 2048 MB, Compressed Oops mode: 32-bit

CDS archive(s) not mapped
Compressed class space mapped at: 0x0000000100000000-0x0000000140000000, reserved size: 1073741824
Narrow klass base: 0x0000000000000000, Narrow klass shift: 3, Narrow klass range: 0x140000000

GC Precious Log:
 CardTable entry size: 512
 Card Set container configuration: InlinePtr #cards 5 size 8 Array Of Cards #cards 12 size 40 Howl #buckets 4 coarsen threshold 1843 Howl Bitmap #cards 512 size 80 coarsen threshold 460 Card regions per heap region 1 cards per card region 2048
 CPUs: 8 total, 8 available
 Memory: 8089M
 Large Page Support: Disabled
 NUMA Support: Disabled
 Compressed Oops: Enabled (32-bit)
 Heap Region Size: 1M
 Heap Min Capacity: 8M
 Heap Initial Capacity: 128M
 Heap Max Capacity: 2G
 Pre-touch: Disabled
 Parallel Workers: 8
 Concurrent Workers: 2
 Concurrent Refinement Workers: 8
 Periodic GC: Disabled

Heap:
 garbage-first heap   total 143360K, used 86984K [0x0000000080000000, 0x0000000100000000)
  region size 1024K, 9 young (9216K), 4 survivors (4096K)
 Metaspace       used 66266K, committed 67968K, reserved 1114112K
  class space    used 9175K, committed 9984K, reserved 1048576K

Heap Regions: E=young(eden), S=young(survivor), O=old, HS=humongous(starts), HC=humongous(continues), CS=collection set, F=free, TAMS=top-at-mark-start, PB=parsable bottom
|   0|0x0000000080000000, 0x0000000080100000, 0x0000000080100000|100%|HS|  |TAMS 0x0000000080000000| PB 0x0000000080000000| Complete 
|   1|0x0000000080100000, 0x0000000080200000, 0x0000000080200000|100%|HC|  |TAMS 0x0000000080100000| PB 0x0000000080100000| Complete 
|   2|0x0000000080200000, 0x0000000080300000, 0x0000000080300000|100%|HC|  |TAMS 0x0000000080200000| PB 0x0000000080200000| Complete 
|   3|0x0000000080300000, 0x0000000080400000, 0x0000000080400000|100%|HC|  |TAMS 0x0000000080300000| PB 0x0000000080300000| Complete 
|   4|0x0000000080400000, 0x0000000080500000, 0x0000000080500000|100%| O|  |TAMS 0x0000000080400000| PB 0x0000000080400000| Untracked 
|   5|0x0000000080500000, 0x0000000080600000, 0x0000000080600000|100%| O|  |TAMS 0x0000000080500000| PB 0x0000000080500000| Untracked 
|   6|0x0000000080600000, 0x0000000080700000, 0x0000000080700000|100%| O|  |TAMS 0x0000000080600000| PB 0x0000000080600000| Untracked 
|   7|0x0000000080700000, 0x0000000080800000, 0x0000000080800000|100%| O|  |TAMS 0x0000000080700000| PB 0x0000000080700000| Untracked 
|   8|0x0000000080800000, 0x0000000080900000, 0x0000000080900000|100%| O|  |TAMS 0x0000000080800000| PB 0x0000000080800000| Untracked 
|   9|0x0000000080900000, 0x0000000080a00000, 0x0000000080a00000|100%| O|  |TAMS 0x0000000080900000| PB 0x0000000080900000| Untracked 
|  10|0x0000000080a00000, 0x0000000080b00000, 0x0000000080b00000|100%|HS|  |TAMS 0x0000000080a00000| PB 0x0000000080a00000| Complete 
|  11|0x0000000080b00000, 0x0000000080c00000, 0x0000000080c00000|100%| O|  |TAMS 0x0000000080b00000| PB 0x0000000080b00000| Untracked 
|  12|0x0000000080c00000, 0x0000000080d00000, 0x0000000080d00000|100%| O|  |TAMS 0x0000000080c00000| PB 0x0000000080c00000| Untracked 
|  13|0x0000000080d00000, 0x0000000080e00000, 0x0000000080e00000|100%| O|  |TAMS 0x0000000080d00000| PB 0x0000000080d00000| Untracked 
|  14|0x0000000080e00000, 0x0000000080f00000, 0x0000000080f00000|100%| O|  |TAMS 0x0000000080e00000| PB 0x0000000080e00000| Untracked 
|  15|0x0000000080f00000, 0x0000000081000000, 0x0000000081000000|100%| O|  |TAMS 0x0000000080f00000| PB 0x0000000080f00000| Untracked 
|  16|0x0000000081000000, 0x0000000081100000, 0x0000000081100000|100%| O|  |TAMS 0x0000000081000000| PB 0x0000000081000000| Untracked 
|  17|0x0000000081100000, 0x0000000081200000, 0x0000000081200000|100%| O|  |TAMS 0x0000000081100000| PB 0x0000000081100000| Untracked 
|  18|0x0000000081200000, 0x0000000081300000, 0x0000000081300000|100%| O|  |TAMS 0x0000000081200000| PB 0x0000000081200000| Untracked 
|  19|0x0000000081300000, 0x0000000081400000, 0x0000000081400000|100%| O|  |TAMS 0x0000000081300000| PB 0x0000000081300000| Untracked 
|  20|0x0000000081400000, 0x0000000081500000, 0x0000000081500000|100%|HS|  |TAMS 0x0000000081400000| PB 0x0000000081400000| Complete 
|  21|0x0000000081500000, 0x0000000081600000, 0x0000000081600000|100%|HC|  |TAMS 0x0000000081500000| PB 0x0000000081500000| Complete 
|  22|0x0000000081600000, 0x0000000081700000, 0x0000000081700000|100%|HC|  |TAMS 0x0000000081600000| PB 0x0000000081600000| Complete 
|  23|0x0000000081700000, 0x0000000081800000, 0x0000000081800000|100%|HC|  |TAMS 0x0000000081700000| PB 0x0000000081700000| Complete 
|  24|0x0000000081800000, 0x0000000081900000, 0x0000000081900000|100%|HC|  |TAMS 0x0000000081800000| PB 0x0000000081800000| Complete 
|  25|0x0000000081900000, 0x0000000081a00000, 0x0000000081a00000|100%|HC|  |TAMS 0x0000000081900000| PB 0x0000000081900000| Complete 
|  26|0x0000000081a00000, 0x0000000081b00000, 0x0000000081b00000|100%|HS|  |TAMS 0x0000000081a00000| PB 0x0000000081a00000| Complete 
|  27|0x0000000081b00000, 0x0000000081c00000, 0x0000000081c00000|100%|HC|  |TAMS 0x0000000081b00000| PB 0x0000000081b00000| Complete 
|  28|0x0000000081c00000, 0x0000000081d00000, 0x0000000081d00000|100%|HC|  |TAMS 0x0000000081c00000| PB 0x0000000081c00000| Complete 
|  29|0x0000000081d00000, 0x0000000081e00000, 0x0000000081e00000|100%|HS|  |TAMS 0x0000000081d00000| PB 0x0000000081d00000| Complete 
|  30|0x0000000081e00000, 0x0000000081f00000, 0x0000000081f00000|100%|HC|  |TAMS 0x0000000081e00000| PB 0x0000000081e00000| Complete 
|  31|0x0000000081f00000, 0x0000000082000000, 0x0000000082000000|100%|HS|  |TAMS 0x0000000081f00000| PB 0x0000000081f00000| Complete 
|  32|0x0000000082000000, 0x0000000082100000, 0x0000000082100000|100%| O|  |TAMS 0x0000000082000000| PB 0x0000000082000000| Untracked 
|  33|0x0000000082100000, 0x0000000082200000, 0x0000000082200000|100%| O|  |TAMS 0x0000000082100000| PB 0x0000000082100000| Untracked 
|  34|0x0000000082200000, 0x0000000082300000, 0x0000000082300000|100%| O|  |TAMS 0x0000000082200000| PB 0x0000000082200000| Untracked 
|  35|0x0000000082300000, 0x0000000082400000, 0x0000000082400000|100%| O|  |TAMS 0x0000000082300000| PB 0x0000000082300000| Untracked 
|  36|0x0000000082400000, 0x0000000082500000, 0x0000000082500000|100%| O|  |TAMS 0x0000000082400000| PB 0x0000000082400000| Untracked 
|  37|0x0000000082500000, 0x0000000082600000, 0x0000000082600000|100%| O|  |TAMS 0x0000000082500000| PB 0x0000000082500000| Untracked 
|  38|0x0000000082600000, 0x0000000082700000, 0x0000000082700000|100%| O|Cm|TAMS 0x0000000082600000| PB 0x0000000082600000| Complete 
|  39|0x0000000082700000, 0x0000000082800000, 0x0000000082800000|100%| O|  |TAMS 0x0000000082700000| PB 0x0000000082700000| Untracked 
|  40|0x0000000082800000, 0x0000000082900000, 0x0000000082900000|100%| O|  |TAMS 0x0000000082800000| PB 0x0000000082800000| Untracked 
|  41|0x0000000082900000, 0x0000000082a00000, 0x0000000082a00000|100%|HS|  |TAMS 0x0000000082900000| PB 0x0000000082900000| Complete 
|  42|0x0000000082a00000, 0x0000000082b00000, 0x0000000082b00000|100%|HC|  |TAMS 0x0000000082a00000| PB 0x0000000082a00000| Complete 
|  43|0x0000000082b00000, 0x0000000082c00000, 0x0000000082c00000|100%| O|  |TAMS 0x0000000082b00000| PB 0x0000000082b00000| Untracked 
|  44|0x0000000082c00000, 0x0000000082d00000, 0x0000000082d00000|100%| O|  |TAMS 0x0000000082c00000| PB 0x0000000082c00000| Untracked 
|  45|0x0000000082d00000, 0x0000000082e00000, 0x0000000082e00000|100%| O|  |TAMS 0x0000000082d00000| PB 0x0000000082d00000| Untracked 
|  46|0x0000000082e00000, 0x0000000082f00000, 0x0000000082f00000|100%| O|  |TAMS 0x0000000082e00000| PB 0x0000000082e00000| Untracked 
|  47|0x0000000082f00000, 0x0000000083000000, 0x0000000083000000|100%| O|  |TAMS 0x0000000082f00000| PB 0x0000000082f00000| Untracked 
|  48|0x0000000083000000, 0x0000000083100000, 0x0000000083100000|100%| O|  |TAMS 0x0000000083000000| PB 0x0000000083000000| Untracked 
|  49|0x0000000083100000, 0x0000000083200000, 0x0000000083200000|100%| O|  |TAMS 0x0000000083100000| PB 0x0000000083100000| Untracked 
|  50|0x0000000083200000, 0x0000000083300000, 0x0000000083300000|100%| O|  |TAMS 0x0000000083200000| PB 0x0000000083200000| Untracked 
|  51|0x0000000083300000, 0x0000000083300000, 0x0000000083400000|  0%| F|  |TAMS 0x0000000083300000| PB 0x0000000083300000| Untracked 
|  52|0x0000000083400000, 0x0000000083500000, 0x0000000083500000|100%| O|  |TAMS 0x0000000083400000| PB 0x0000000083400000| Untracked 
|  53|0x0000000083500000, 0x0000000083600000, 0x0000000083600000|100%| O|  |TAMS 0x0000000083500000| PB 0x0000000083500000| Untracked 
|  54|0x0000000083600000, 0x0000000083700000, 0x0000000083700000|100%| O|  |TAMS 0x0000000083600000| PB 0x0000000083600000| Untracked 
|  55|0x0000000083700000, 0x0000000083800000, 0x0000000083800000|100%| O|  |TAMS 0x0000000083700000| PB 0x0000000083700000| Untracked 
|  56|0x0000000083800000, 0x0000000083900000, 0x0000000083900000|100%| O|Cm|TAMS 0x0000000083800000| PB 0x0000000083800000| Complete 
|  57|0x0000000083900000, 0x0000000083a00000, 0x0000000083a00000|100%| O|  |TAMS 0x0000000083900000| PB 0x0000000083900000| Untracked 
|  58|0x0000000083a00000, 0x0000000083b00000, 0x0000000083b00000|100%| O|  |TAMS 0x0000000083a00000| PB 0x0000000083a00000| Untracked 
|  59|0x0000000083b00000, 0x0000000083c00000, 0x0000000083c00000|100%|HS|  |TAMS 0x0000000083b00000| PB 0x0000000083b00000| Complete 
|  60|0x0000000083c00000, 0x0000000083d00000, 0x0000000083d00000|100%|HC|  |TAMS 0x0000000083c00000| PB 0x0000000083c00000| Complete 
|  61|0x0000000083d00000, 0x0000000083e00000, 0x0000000083e00000|100%|HC|  |TAMS 0x0000000083d00000| PB 0x0000000083d00000| Complete 
|  62|0x0000000083e00000, 0x0000000083f00000, 0x0000000083f00000|100%|HC|  |TAMS 0x0000000083e00000| PB 0x0000000083e00000| Complete 
|  63|0x0000000083f00000, 0x0000000084000000, 0x0000000084000000|100%|HC|  |TAMS 0x0000000083f00000| PB 0x0000000083f00000| Complete 
|  64|0x0000000084000000, 0x0000000084100000, 0x0000000084100000|100%|HC|  |TAMS 0x0000000084000000| PB 0x0000000084000000| Complete 
|  65|0x0000000084100000, 0x0000000084200000, 0x0000000084200000|100%|HS|  |TAMS 0x0000000084100000| PB 0x0000000084100000| Complete 
|  66|0x0000000084200000, 0x0000000084300000, 0x0000000084300000|100%|HC|  |TAMS 0x0000000084200000| PB 0x0000000084200000| Complete 
|  67|0x0000000084300000, 0x0000000084400000, 0x0000000084400000|100%|HC|  |TAMS 0x0000000084300000| PB 0x0000000084300000| Complete 
|  68|0x0000000084400000, 0x0000000084500000, 0x0000000084500000|100%|HC|  |TAMS 0x0000000084400000| PB 0x0000000084400000| Complete 
|  69|0x0000000084500000, 0x0000000084600000, 0x0000000084600000|100%|HC|  |TAMS 0x0000000084500000| PB 0x0000000084500000| Complete 
|  70|0x0000000084600000, 0x0000000084700000, 0x0000000084700000|100%|HC|  |TAMS 0x0000000084600000| PB 0x0000000084600000| Complete 
|  71|0x0000000084700000, 0x0000000084800000, 0x0000000084800000|100%| O|  |TAMS 0x0000000084700000| PB 0x0000000084700000| Untracked 
|  72|0x0000000084800000, 0x0000000084800000, 0x0000000084900000|  0%| F|  |TAMS 0x0000000084800000| PB 0x0000000084800000| Untracked 
|  73|0x0000000084900000, 0x0000000084a00000, 0x0000000084a00000|100%| O|  |TAMS 0x0000000084900000| PB 0x0000000084900000| Untracked 
|  74|0x0000000084a00000, 0x0000000084b00000, 0x0000000084b00000|100%| O|  |TAMS 0x0000000084a00000| PB 0x0000000084a00000| Untracked 
|  75|0x0000000084b00000, 0x0000000084c00000, 0x0000000084c00000|100%| O|  |TAMS 0x0000000084b00000| PB 0x0000000084b00000| Untracked 
|  76|0x0000000084c00000, 0x0000000084d00000, 0x0000000084d00000|100%| O|  |TAMS 0x0000000084c00000| PB 0x0000000084c00000| Untracked 
|  77|0x0000000084d00000, 0x0000000084d1ae10, 0x0000000084e00000| 10%| O|  |TAMS 0x0000000084d00000| PB 0x0000000084d00000| Untracked 
|  78|0x0000000084e00000, 0x0000000084e00000, 0x0000000084f00000|  0%| F|  |TAMS 0x0000000084e00000| PB 0x0000000084e00000| Untracked 
|  79|0x0000000084f00000, 0x0000000084f00000, 0x0000000085000000|  0%| F|  |TAMS 0x0000000084f00000| PB 0x0000000084f00000| Untracked 
|  80|0x0000000085000000, 0x0000000085000000, 0x0000000085100000|  0%| F|  |TAMS 0x0000000085000000| PB 0x0000000085000000| Untracked 
|  81|0x0000000085100000, 0x0000000085100000, 0x0000000085200000|  0%| F|  |TAMS 0x0000000085100000| PB 0x0000000085100000| Untracked 
|  82|0x0000000085200000, 0x0000000085200000, 0x0000000085300000|  0%| F|  |TAMS 0x0000000085200000| PB 0x0000000085200000| Untracked 
|  83|0x0000000085300000, 0x0000000085300000, 0x0000000085400000|  0%| F|  |TAMS 0x0000000085300000| PB 0x0000000085300000| Untracked 
|  84|0x0000000085400000, 0x0000000085400000, 0x0000000085500000|  0%| F|  |TAMS 0x0000000085400000| PB 0x0000000085400000| Untracked 
|  85|0x0000000085500000, 0x00000000855d7500, 0x0000000085600000| 84%| S|CS|TAMS 0x0000000085500000| PB 0x0000000085500000| Complete 
|  86|0x0000000085600000, 0x0000000085700000, 0x0000000085700000|100%| S|CS|TAMS 0x0000000085600000| PB 0x0000000085600000| Complete 
|  87|0x0000000085700000, 0x0000000085800000, 0x0000000085800000|100%| S|CS|TAMS 0x0000000085700000| PB 0x0000000085700000| Complete 
|  88|0x0000000085800000, 0x0000000085900000, 0x0000000085900000|100%| S|CS|TAMS 0x0000000085800000| PB 0x0000000085800000| Complete 
|  89|0x0000000085900000, 0x0000000085900000, 0x0000000085a00000|  0%| F|  |TAMS 0x0000000085900000| PB 0x0000000085900000| Untracked 
|  90|0x0000000085a00000, 0x0000000085a00000, 0x0000000085b00000|  0%| F|  |TAMS 0x0000000085a00000| PB 0x0000000085a00000| Untracked 
|  91|0x0000000085b00000, 0x0000000085b00000, 0x0000000085c00000|  0%| F|  |TAMS 0x0000000085b00000| PB 0x0000000085b00000| Untracked 
|  92|0x0000000085c00000, 0x0000000085c00000, 0x0000000085d00000|  0%| F|  |TAMS 0x0000000085c00000| PB 0x0000000085c00000| Untracked 
|  93|0x0000000085d00000, 0x0000000085d00000, 0x0000000085e00000|  0%| F|  |TAMS 0x0000000085d00000| PB 0x0000000085d00000| Untracked 
|  94|0x0000000085e00000, 0x0000000085e00000, 0x0000000085f00000|  0%| F|  |TAMS 0x0000000085e00000| PB 0x0000000085e00000| Untracked 
|  95|0x0000000085f00000, 0x0000000085f00000, 0x0000000086000000|  0%| F|  |TAMS 0x0000000085f00000| PB 0x0000000085f00000| Untracked 
|  96|0x0000000086000000, 0x0000000086000000, 0x0000000086100000|  0%| F|  |TAMS 0x0000000086000000| PB 0x0000000086000000| Untracked 
|  97|0x0000000086100000, 0x0000000086100000, 0x0000000086200000|  0%| F|  |TAMS 0x0000000086100000| PB 0x0000000086100000| Untracked 
|  98|0x0000000086200000, 0x0000000086200000, 0x0000000086300000|  0%| F|  |TAMS 0x0000000086200000| PB 0x0000000086200000| Untracked 
|  99|0x0000000086300000, 0x0000000086300000, 0x0000000086400000|  0%| F|  |TAMS 0x0000000086300000| PB 0x0000000086300000| Untracked 
| 100|0x0000000086400000, 0x0000000086400000, 0x0000000086500000|  0%| F|  |TAMS 0x0000000086400000| PB 0x0000000086400000| Untracked 
| 101|0x0000000086500000, 0x0000000086500000, 0x0000000086600000|  0%| F|  |TAMS 0x0000000086500000| PB 0x0000000086500000| Untracked 
| 102|0x0000000086600000, 0x0000000086600000, 0x0000000086700000|  0%| F|  |TAMS 0x0000000086600000| PB 0x0000000086600000| Untracked 
| 103|0x0000000086700000, 0x0000000086700000, 0x0000000086800000|  0%| F|  |TAMS 0x0000000086700000| PB 0x0000000086700000| Untracked 
| 104|0x0000000086800000, 0x0000000086800000, 0x0000000086900000|  0%| F|  |TAMS 0x0000000086800000| PB 0x0000000086800000| Untracked 
| 105|0x0000000086900000, 0x0000000086900000, 0x0000000086a00000|  0%| F|  |TAMS 0x0000000086900000| PB 0x0000000086900000| Untracked 
| 106|0x0000000086a00000, 0x0000000086a00000, 0x0000000086b00000|  0%| F|  |TAMS 0x0000000086a00000| PB 0x0000000086a00000| Untracked 
| 107|0x0000000086b00000, 0x0000000086b00000, 0x0000000086c00000|  0%| F|  |TAMS 0x0000000086b00000| PB 0x0000000086b00000| Untracked 
| 108|0x0000000086c00000, 0x0000000086c00000, 0x0000000086d00000|  0%| F|  |TAMS 0x0000000086c00000| PB 0x0000000086c00000| Untracked 
| 109|0x0000000086d00000, 0x0000000086d00000, 0x0000000086e00000|  0%| F|  |TAMS 0x0000000086d00000| PB 0x0000000086d00000| Untracked 
| 110|0x0000000086e00000, 0x0000000086e00000, 0x0000000086f00000|  0%| F|  |TAMS 0x0000000086e00000| PB 0x0000000086e00000| Untracked 
| 111|0x0000000086f00000, 0x0000000086f00000, 0x0000000087000000|  0%| F|  |TAMS 0x0000000086f00000| PB 0x0000000086f00000| Untracked 
| 112|0x0000000087000000, 0x0000000087000000, 0x0000000087100000|  0%| F|  |TAMS 0x0000000087000000| PB 0x0000000087000000| Untracked 
| 113|0x0000000087100000, 0x0000000087100000, 0x0000000087200000|  0%| F|  |TAMS 0x0000000087100000| PB 0x0000000087100000| Untracked 
| 114|0x0000000087200000, 0x0000000087200000, 0x0000000087300000|  0%| F|  |TAMS 0x0000000087200000| PB 0x0000000087200000| Untracked 
| 115|0x0000000087300000, 0x0000000087300000, 0x0000000087400000|  0%| F|  |TAMS 0x0000000087300000| PB 0x0000000087300000| Untracked 
| 116|0x0000000087400000, 0x0000000087400000, 0x0000000087500000|  0%| F|  |TAMS 0x0000000087400000| PB 0x0000000087400000| Untracked 
| 117|0x0000000087500000, 0x0000000087500000, 0x0000000087600000|  0%| F|  |TAMS 0x0000000087500000| PB 0x0000000087500000| Untracked 
| 118|0x0000000087600000, 0x0000000087600000, 0x0000000087700000|  0%| F|  |TAMS 0x0000000087600000| PB 0x0000000087600000| Untracked 
| 119|0x0000000087700000, 0x0000000087700000, 0x0000000087800000|  0%| F|  |TAMS 0x0000000087700000| PB 0x0000000087700000| Untracked 
| 120|0x0000000087800000, 0x0000000087800000, 0x0000000087900000|  0%| F|  |TAMS 0x0000000087800000| PB 0x0000000087800000| Untracked 
| 121|0x0000000087900000, 0x0000000087900000, 0x0000000087a00000|  0%| F|  |TAMS 0x0000000087900000| PB 0x0000000087900000| Untracked 
| 122|0x0000000087a00000, 0x0000000087a00000, 0x0000000087b00000|  0%| F|  |TAMS 0x0000000087a00000| PB 0x0000000087a00000| Untracked 
| 123|0x0000000087b00000, 0x0000000087b00000, 0x0000000087c00000|  0%| F|  |TAMS 0x0000000087b00000| PB 0x0000000087b00000| Untracked 
| 124|0x0000000087c00000, 0x0000000087c00000, 0x0000000087d00000|  0%| F|  |TAMS 0x0000000087c00000| PB 0x0000000087c00000| Untracked 
| 125|0x0000000087d00000, 0x0000000087d00000, 0x0000000087e00000|  0%| F|  |TAMS 0x0000000087d00000| PB 0x0000000087d00000| Untracked 
| 126|0x0000000087e00000, 0x0000000087f00000, 0x0000000087f00000|100%| E|CS|TAMS 0x0000000087e00000| PB 0x0000000087e00000| Complete 
| 127|0x0000000087f00000, 0x0000000088000000, 0x0000000088000000|100%| E|CS|TAMS 0x0000000087f00000| PB 0x0000000087f00000| Complete 
| 128|0x0000000088000000, 0x0000000088000000, 0x0000000088100000|  0%| F|  |TAMS 0x0000000088000000| PB 0x0000000088000000| Untracked 
| 129|0x0000000088100000, 0x0000000088100000, 0x0000000088200000|  0%| F|  |TAMS 0x0000000088100000| PB 0x0000000088100000| Untracked 
| 130|0x0000000088200000, 0x0000000088200000, 0x0000000088300000|  0%| F|  |TAMS 0x0000000088200000| PB 0x0000000088200000| Untracked 
| 131|0x0000000088300000, 0x0000000088300000, 0x0000000088400000|  0%| F|  |TAMS 0x0000000088300000| PB 0x0000000088300000| Untracked 
| 132|0x0000000088400000, 0x0000000088400000, 0x0000000088500000|  0%| F|  |TAMS 0x0000000088400000| PB 0x0000000088400000| Untracked 
| 133|0x0000000088500000, 0x0000000088500000, 0x0000000088600000|  0%| F|  |TAMS 0x0000000088500000| PB 0x0000000088500000| Untracked 
| 134|0x0000000088600000, 0x0000000088600000, 0x0000000088700000|  0%| F|  |TAMS 0x0000000088600000| PB 0x0000000088600000| Untracked 
| 135|0x0000000088700000, 0x0000000088800000, 0x0000000088800000|100%| E|  |TAMS 0x0000000088700000| PB 0x0000000088700000| Complete 
| 136|0x0000000088800000, 0x0000000088900000, 0x0000000088900000|100%| E|CS|TAMS 0x0000000088800000| PB 0x0000000088800000| Complete 
| 137|0x0000000088900000, 0x0000000088a00000, 0x0000000088a00000|100%| E|CS|TAMS 0x0000000088900000| PB 0x0000000088900000| Complete 
|2046|0x00000000ffe00000, 0x00000000fff00000, 0x00000000fff00000|100%| O|  |TAMS 0x00000000ffe00000| PB 0x00000000ffe00000| Untracked 
|2047|0x00000000fff00000, 0x0000000100000000, 0x0000000100000000|100%| O|  |TAMS 0x00000000fff00000| PB 0x00000000fff00000| Untracked 

Card table byte_map: [0x0000020bd5ce0000,0x0000020bd60e0000] _byte_map_base: 0x0000020bd58e0000

Marking Bits: (CMBitMap*) 0x0000020bc15902d0
 Bits: [0x0000020bd60e0000, 0x0000020bd80e0000)

Polling page: 0x0000020bc1600000

Metaspace:

Usage:
  Non-class:     55.76 MB used.
      Class:      8.96 MB used.
       Both:     64.72 MB used.

Virtual space:
  Non-class space:       64.00 MB reserved,      56.62 MB ( 88%) committed,  1 nodes.
      Class space:        1.00 GB reserved,       9.75 MB ( <1%) committed,  1 nodes.
             Both:        1.06 GB reserved,      66.38 MB (  6%) committed. 

Chunk freelists:
   Non-Class:  6.45 MB
       Class:  6.06 MB
        Both:  12.52 MB

MaxMetaspaceSize: unlimited
CompressedClassSpaceSize: 1.00 GB
Initial GC threshold: 21.00 MB
Current GC threshold: 110.44 MB
CDS: off
 - commit_granule_bytes: 65536.
 - commit_granule_words: 8192.
 - virtual_space_node_default_size: 8388608.
 - enlarge_chunks_in_place: 1.
 - use_allocation_guard: 0.


Internal statistics:

num_allocs_failed_limit: 9.
num_arena_births: 3170.
num_arena_deaths: 0.
num_vsnodes_births: 2.
num_vsnodes_deaths: 0.
num_space_committed: 1062.
num_space_uncommitted: 0.
num_chunks_returned_to_freelist: 9.
num_chunks_taken_from_freelist: 5953.
num_chunk_merges: 9.
num_chunk_splits: 3802.
num_chunks_enlarged: 2288.
num_inconsistent_stats: 0.

CodeHeap 'non-profiled nmethods': size=120000Kb used=3240Kb max_used=3263Kb free=116759Kb
 bounds [0x0000020bcd920000, 0x0000020bcdc60000, 0x0000020bd4e50000]
CodeHeap 'profiled nmethods': size=120000Kb used=10563Kb max_used=10987Kb free=109436Kb
 bounds [0x0000020bc5e50000, 0x0000020bc6910000, 0x0000020bcd380000]
CodeHeap 'non-nmethods': size=5760Kb used=2705Kb max_used=2771Kb free=3055Kb
 bounds [0x0000020bcd380000, 0x0000020bcd650000, 0x0000020bcd920000]
 total_blobs=6372 nmethods=5510 adapters=765
 compilation: enabled
              stopped_count=0, restarted_count=0
 full_count=0

Compilation events (20 events):
Event: 9.350 Thread 0x0000020bdf0a2ee0 6459       3       java.lang.Class::getDeclaredField (54 bytes)
Event: 9.352 Thread 0x0000020bdf0a2ee0 nmethod 6459 0x0000020bc6908890 code [0x0000020bc6908b40, 0x0000020bc6909640]
Event: 9.352 Thread 0x0000020bdf0a2ee0 6460       3       java.lang.Class::searchFields (43 bytes)
Event: 9.352 Thread 0x0000020bdf0a2ee0 nmethod 6460 0x0000020bc6909b10 code [0x0000020bc6909ce0, 0x0000020bc6909f80]
Event: 9.355 Thread 0x0000020bdf0a2ee0 6461       3       java.lang.ReflectiveOperationException::<init> (6 bytes)
Event: 9.355 Thread 0x0000020bdf0a2ee0 nmethod 6461 0x0000020bc690a110 code [0x0000020bc690a2c0, 0x0000020bc690a458]
Event: 9.358 Thread 0x0000020bdf0a2ee0 6462       3       jdk.internal.util.ByteArray::setInt (10 bytes)
Event: 9.359 Thread 0x0000020bdf0a2ee0 nmethod 6462 0x0000020bc690a510 code [0x0000020bc690a700, 0x0000020bc690ac40]
Event: 9.368 Thread 0x0000020bdf0a2ee0 6464       3       sun.security.provider.DigestBase::implCompressMultiBlock0 (23 bytes)
Event: 9.368 Thread 0x0000020bdf0a2ee0 nmethod 6464 0x0000020bc5f57f90 code [0x0000020bc5f58140, 0x0000020bc5f583e0]
Event: 9.375 Thread 0x0000020bdf0a2ee0 6465   !   3       java.io.ObjectStreamClass::getPrivateMethod (56 bytes)
Event: 9.375 Thread 0x0000020bdf0a2ee0 nmethod 6465 0x0000020bc5e86910 code [0x0000020bc5e86b40, 0x0000020bc5e871c8]
Event: 9.376 Thread 0x0000020bdf0a2ee0 6466       3       java.io.ObjectStreamClass::lookup (26 bytes)
Event: 9.376 Thread 0x0000020bdf0a2ee0 nmethod 6466 0x0000020bc5e72610 code [0x0000020bc5e727e0, 0x0000020bc5e72b58]
Event: 9.377 Thread 0x0000020bdf0a2ee0 6467       1       java.io.ObjectStreamClass::getPrimDataSize (5 bytes)
Event: 9.377 Thread 0x0000020bdf0a2ee0 nmethod 6467 0x0000020bcd9f5410 code [0x0000020bcd9f55a0, 0x0000020bcd9f5668]
Event: 9.377 Thread 0x0000020bdf0a2ee0 6468       1       java.io.ObjectStreamClass::getNumObjFields (5 bytes)
Event: 9.377 Thread 0x0000020bdf0a2ee0 nmethod 6468 0x0000020bcdb00810 code [0x0000020bcdb009a0, 0x0000020bcdb00a68]
Event: 9.377 Thread 0x0000020bdf0a2ee0 6469       3       java.io.ObjectOutputStream$HandleTable::hash (8 bytes)
Event: 9.377 Thread 0x0000020bdf0a2ee0 nmethod 6469 0x0000020bc5ef1d90 code [0x0000020bc5ef1f40, 0x0000020bc5ef2078]

GC Heap History (20 events):
Event: 4.914 GC heap before
{Heap before GC invocations=7 (full 0):
 garbage-first heap   total 87040K, used 44878K [0x0000000080000000, 0x0000000100000000)
  region size 1024K, 11 young (11264K), 7 survivors (7168K)
 Metaspace       used 35459K, committed 36288K, reserved 1114112K
  class space    used 4809K, committed 5248K, reserved 1048576K
}
Event: 4.920 GC heap after
{Heap after GC invocations=8 (full 0):
 garbage-first heap   total 87040K, used 43347K [0x0000000080000000, 0x0000000100000000)
  region size 1024K, 1 young (1024K), 1 survivors (1024K)
 Metaspace       used 35459K, committed 36288K, reserved 1114112K
  class space    used 4809K, committed 5248K, reserved 1048576K
}
Event: 5.420 GC heap before
{Heap before GC invocations=9 (full 0):
 garbage-first heap   total 87040K, used 75091K [0x0000000080000000, 0x0000000100000000)
  region size 1024K, 32 young (32768K), 1 survivors (1024K)
 Metaspace       used 39435K, committed 40448K, reserved 1114112K
  class space    used 5455K, committed 5952K, reserved 1048576K
}
Event: 5.422 GC heap after
{Heap after GC invocations=10 (full 0):
 garbage-first heap   total 87040K, used 44358K [0x0000000080000000, 0x0000000100000000)
  region size 1024K, 2 young (2048K), 2 survivors (2048K)
 Metaspace       used 39435K, committed 40448K, reserved 1114112K
  class space    used 5455K, committed 5952K, reserved 1048576K
}
Event: 6.067 GC heap before
{Heap before GC invocations=10 (full 0):
 garbage-first heap   total 87040K, used 76102K [0x0000000080000000, 0x0000000100000000)
  region size 1024K, 33 young (33792K), 2 survivors (2048K)
 Metaspace       used 43923K, committed 45248K, reserved 1114112K
  class space    used 6187K, committed 6848K, reserved 1048576K
}
Event: 6.074 GC heap after
{Heap after GC invocations=11 (full 0):
 garbage-first heap   total 87040K, used 46194K [0x0000000080000000, 0x0000000100000000)
  region size 1024K, 4 young (4096K), 4 survivors (4096K)
 Metaspace       used 43923K, committed 45248K, reserved 1114112K
  class space    used 6187K, committed 6848K, reserved 1048576K
}
Event: 6.634 GC heap before
{Heap before GC invocations=11 (full 0):
 garbage-first heap   total 87040K, used 75890K [0x0000000080000000, 0x0000000100000000)
  region size 1024K, 34 young (34816K), 4 survivors (4096K)
 Metaspace       used 48895K, committed 50176K, reserved 1114112K
  class space    used 6672K, committed 7296K, reserved 1048576K
}
Event: 6.643 GC heap after
{Heap after GC invocations=12 (full 0):
 garbage-first heap   total 87040K, used 49919K [0x0000000080000000, 0x0000000100000000)
  region size 1024K, 5 young (5120K), 5 survivors (5120K)
 Metaspace       used 48895K, committed 50176K, reserved 1114112K
  class space    used 6672K, committed 7296K, reserved 1048576K
}
Event: 7.057 GC heap before
{Heap before GC invocations=13 (full 0):
 garbage-first heap   total 94208K, used 80639K [0x0000000080000000, 0x0000000100000000)
  region size 1024K, 30 young (30720K), 5 survivors (5120K)
 Metaspace       used 51269K, committed 52608K, reserved 1114112K
  class space    used 6889K, committed 7552K, reserved 1048576K
}
Event: 7.065 GC heap after
{Heap after GC invocations=14 (full 0):
 garbage-first heap   total 113664K, used 53454K [0x0000000080000000, 0x0000000100000000)
  region size 1024K, 4 young (4096K), 4 survivors (4096K)
 Metaspace       used 51269K, committed 52608K, reserved 1114112K
  class space    used 6889K, committed 7552K, reserved 1048576K
}
Event: 7.840 GC heap before
{Heap before GC invocations=14 (full 0):
 garbage-first heap   total 113664K, used 99534K [0x0000000080000000, 0x0000000100000000)
  region size 1024K, 48 young (49152K), 4 survivors (4096K)
 Metaspace       used 55861K, committed 57344K, reserved 1114112K
  class space    used 7681K, committed 8448K, reserved 1048576K
}
Event: 7.847 GC heap after
{Heap after GC invocations=15 (full 0):
 garbage-first heap   total 113664K, used 59930K [0x0000000080000000, 0x0000000100000000)
  region size 1024K, 5 young (5120K), 5 survivors (5120K)
 Metaspace       used 55861K, committed 57344K, reserved 1114112K
  class space    used 7681K, committed 8448K, reserved 1048576K
}
Event: 7.983 GC heap before
{Heap before GC invocations=15 (full 0):
 garbage-first heap   total 113664K, used 71194K [0x0000000080000000, 0x0000000100000000)
  region size 1024K, 17 young (17408K), 5 survivors (5120K)
 Metaspace       used 56026K, committed 57600K, reserved 1114112K
  class space    used 7683K, committed 8448K, reserved 1048576K
}
Event: 7.987 GC heap after
{Heap after GC invocations=16 (full 0):
 garbage-first heap   total 113664K, used 61522K [0x0000000080000000, 0x0000000100000000)
  region size 1024K, 3 young (3072K), 3 survivors (3072K)
 Metaspace       used 56026K, committed 57600K, reserved 1114112K
  class space    used 7683K, committed 8448K, reserved 1048576K
}
Event: 8.399 GC heap before
{Heap before GC invocations=17 (full 0):
 garbage-first heap   total 116736K, used 113746K [0x0000000080000000, 0x0000000100000000)
  region size 1024K, 41 young (41984K), 3 survivors (3072K)
 Metaspace       used 58614K, committed 60224K, reserved 1114112K
  class space    used 7940K, committed 8704K, reserved 1048576K
}
Event: 8.404 GC heap after
{Heap after GC invocations=18 (full 0):
 garbage-first heap   total 123904K, used 79210K [0x0000000080000000, 0x0000000100000000)
  region size 1024K, 6 young (6144K), 6 survivors (6144K)
 Metaspace       used 58614K, committed 60224K, reserved 1114112K
  class space    used 7940K, committed 8704K, reserved 1048576K
}
Event: 8.850 GC heap before
{Heap before GC invocations=18 (full 0):
 garbage-first heap   total 123904K, used 109930K [0x0000000080000000, 0x0000000100000000)
  region size 1024K, 36 young (36864K), 6 survivors (6144K)
 Metaspace       used 62710K, committed 64320K, reserved 1114112K
  class space    used 8606K, committed 9408K, reserved 1048576K
}
Event: 8.856 GC heap after
{Heap after GC invocations=19 (full 0):
 garbage-first heap   total 123904K, used 81092K [0x0000000080000000, 0x0000000100000000)
  region size 1024K, 3 young (3072K), 3 survivors (3072K)
 Metaspace       used 62710K, committed 64320K, reserved 1114112K
  class space    used 8606K, committed 9408K, reserved 1048576K
}
Event: 9.292 GC heap before
{Heap before GC invocations=19 (full 0):
 garbage-first heap   total 123904K, used 111812K [0x0000000080000000, 0x0000000100000000)
  region size 1024K, 33 young (33792K), 3 survivors (3072K)
 Metaspace       used 65958K, committed 67648K, reserved 1114112K
  class space    used 9125K, committed 9920K, reserved 1048576K
}
Event: 9.296 GC heap after
{Heap after GC invocations=20 (full 0):
 garbage-first heap   total 123904K, used 82888K [0x0000000080000000, 0x0000000100000000)
  region size 1024K, 4 young (4096K), 4 survivors (4096K)
 Metaspace       used 65958K, committed 67648K, reserved 1114112K
  class space    used 9125K, committed 9920K, reserved 1048576K
}

Dll operation events (3 events):
Event: 0.010 Loaded shared library E:\Old download\jbr\bin\java.dll
Event: 0.016 Loaded shared library E:\Old download\jbr\bin\zip.dll
Event: 0.644 Loaded shared library E:\Old download\jbr\bin\verify.dll

Deoptimization events (20 events):
Event: 9.106 Thread 0x0000020be0ed3620 DEOPT PACKING pc=0x0000020bcdc0c434 sp=0x0000009bb93f7930
Event: 9.106 Thread 0x0000020be0ed3620 DEOPT UNPACKING pc=0x0000020bcd3d46a2 sp=0x0000009bb93f7890 mode 2
Event: 9.136 Thread 0x0000020be0ed3620 Uncommon trap: trap_request=0xffffff45 fr.pc=0x0000020bcdc28c1c relative=0x000000000000085c
Event: 9.136 Thread 0x0000020be0ed3620 Uncommon trap: reason=unstable_if action=reinterpret pc=0x0000020bcdc28c1c method=java.util.HashMap.putVal(ILjava/lang/Object;Ljava/lang/Object;ZZ)Ljava/lang/Object; @ 85 c2
Event: 9.136 Thread 0x0000020be0ed3620 DEOPT PACKING pc=0x0000020bcdc28c1c sp=0x0000009bb93f87c0
Event: 9.136 Thread 0x0000020be0ed3620 DEOPT UNPACKING pc=0x0000020bcd3d46a2 sp=0x0000009bb93f86f0 mode 2
Event: 9.139 Thread 0x0000020be0ed3620 Uncommon trap: trap_request=0xffffff45 fr.pc=0x0000020bcda30bc4 relative=0x00000000000003a4
Event: 9.139 Thread 0x0000020be0ed3620 Uncommon trap: reason=unstable_if action=reinterpret pc=0x0000020bcda30bc4 method=org.gradle.internal.reflect.PropertyAccessorType.isGetGetterName(Ljava/lang/String;)Z @ 14 c2
Event: 9.139 Thread 0x0000020be0ed3620 DEOPT PACKING pc=0x0000020bcda30bc4 sp=0x0000009bb93f8c10
Event: 9.139 Thread 0x0000020be0ed3620 DEOPT UNPACKING pc=0x0000020bcd3d46a2 sp=0x0000009bb93f8b68 mode 2
Event: 9.162 Thread 0x0000020be0ed3620 Uncommon trap: trap_request=0xffffffc6 fr.pc=0x0000020bcdb65ee0 relative=0x0000000000000280
Event: 9.162 Thread 0x0000020be0ed3620 Uncommon trap: reason=bimorphic_or_optimized_type_check action=maybe_recompile pc=0x0000020bcdb65ee0 method=java.util.Spliterators$IteratorSpliterator.tryAdvance(Ljava/util/function/Consumer;)Z @ 50 c2
Event: 9.162 Thread 0x0000020be0ed3620 DEOPT PACKING pc=0x0000020bcdb65ee0 sp=0x0000009bb93f8fc0
Event: 9.162 Thread 0x0000020be0ed3620 DEOPT UNPACKING pc=0x0000020bcd3d46a2 sp=0x0000009bb93f8f60 mode 2
Event: 9.219 Thread 0x0000020be0ed3620 Uncommon trap: trap_request=0xffffffc6 fr.pc=0x0000020bcdb65ee0 relative=0x0000000000000280
Event: 9.219 Thread 0x0000020be0ed3620 Uncommon trap: reason=bimorphic_or_optimized_type_check action=maybe_recompile pc=0x0000020bcdb65ee0 method=java.util.Spliterators$IteratorSpliterator.tryAdvance(Ljava/util/function/Consumer;)Z @ 50 c2
Event: 9.219 Thread 0x0000020be0ed3620 DEOPT PACKING pc=0x0000020bcdb65ee0 sp=0x0000009bb93f8fc0
Event: 9.219 Thread 0x0000020be0ed3620 DEOPT UNPACKING pc=0x0000020bcd3d46a2 sp=0x0000009bb93f8f60 mode 2
Event: 9.363 Thread 0x0000020be0ed3620 DEOPT PACKING pc=0x0000020bc64ed0f4 sp=0x0000009bb93f5ea0
Event: 9.363 Thread 0x0000020be0ed3620 DEOPT UNPACKING pc=0x0000020bcd3d4e42 sp=0x0000009bb93f53f8 mode 0

Classes loaded (20 events):
Event: 8.976 Loading class java/util/IdentityHashMap$EntryIterator
Event: 8.976 Loading class java/util/IdentityHashMap$IdentityHashMapIterator
Event: 8.976 Loading class java/util/IdentityHashMap$IdentityHashMapIterator done
Event: 8.976 Loading class java/util/IdentityHashMap$EntryIterator done
Event: 8.976 Loading class java/util/IdentityHashMap$EntryIterator$Entry
Event: 8.977 Loading class java/util/IdentityHashMap$EntryIterator$Entry done
Event: 8.993 Loading class java/util/concurrent/RecursiveAction
Event: 8.993 Loading class java/util/concurrent/RecursiveAction done
Event: 9.017 Loading class java/lang/invoke/SerializedLambda$1
Event: 9.017 Loading class java/lang/invoke/SerializedLambda$1 done
Event: 9.037 Loading class org/xml/sax/Locator
Event: 9.037 Loading class org/xml/sax/Locator done
Event: 9.038 Loading class org/xml/sax/SAXParseException
Event: 9.038 Loading class org/xml/sax/SAXParseException done
Event: 9.038 Loading class org/xml/sax/Attributes
Event: 9.038 Loading class org/xml/sax/Attributes done
Event: 9.086 Loading class java/util/DualPivotQuicksort
Event: 9.086 Loading class java/util/DualPivotQuicksort done
Event: 9.136 Loading class java/util/function/LongUnaryOperator
Event: 9.136 Loading class java/util/function/LongUnaryOperator done

Classes unloaded (0 events):
No events

Classes redefined (0 events):
No events

Internal exceptions (20 events):
Event: 9.276 Thread 0x0000020be0ed3620 Exception <a 'java/lang/ClassNotFoundException'{0x0000000085913338}: org/gradle/plugin/use/internal/PluginRequestCollector$PluginDependenciesSpecImplBeanInfo> (0x0000000085913338) 
thrown [s\src\hotspot\share\classfile\systemDictionary.cpp, line 312]
Event: 9.277 Thread 0x0000020be0ed3620 Exception <a 'java/lang/ClassNotFoundException'{0x00000000859266c0}: org/gradle/plugin/use/internal/PluginRequestCollector$PluginDependenciesSpecImplCustomizer> (0x00000000859266c0) 
thrown [s\src\hotspot\share\classfile\systemDictionary.cpp, line 312]
Event: 9.282 Thread 0x0000020be0ed3620 Exception <a 'java/lang/ClassNotFoundException'{0x0000000085969168}: org/gradle/accessors/dm/LibrariesForLibs_DecoratedBeanInfo> (0x0000000085969168) 
thrown [s\src\hotspot\share\classfile\systemDictionary.cpp, line 312]
Event: 9.284 Thread 0x0000020be0ed3620 Exception <a 'java/lang/ClassNotFoundException'{0x000000008597a178}: org/gradle/accessors/dm/LibrariesForLibsBeanInfo> (0x000000008597a178) 
thrown [s\src\hotspot\share\classfile\systemDictionary.cpp, line 312]
Event: 9.285 Thread 0x0000020be0ed3620 Exception <a 'java/lang/ClassNotFoundException'{0x000000008598f8d0}: org/gradle/api/internal/catalog/AbstractExternalDependencyFactoryBeanInfo> (0x000000008598f8d0) 
thrown [s\src\hotspot\share\classfile\systemDictionary.cpp, line 312]
Event: 9.286 Thread 0x0000020be0ed3620 Exception <a 'java/lang/ClassNotFoundException'{0x00000000859a4e18}: org/gradle/api/internal/catalog/AbstractExternalDependencyFactoryCustomizer> (0x00000000859a4e18) 
thrown [s\src\hotspot\share\classfile\systemDictionary.cpp, line 312]
Event: 9.288 Thread 0x0000020be0ed3620 Exception <a 'java/lang/ClassNotFoundException'{0x00000000859b88b8}: org/gradle/accessors/dm/LibrariesForLibsCustomizer> (0x00000000859b88b8) 
thrown [s\src\hotspot\share\classfile\systemDictionary.cpp, line 312]
Event: 9.289 Thread 0x0000020be0ed3620 Exception <a 'java/lang/ClassNotFoundException'{0x00000000859d6da0}: org/gradle/accessors/dm/LibrariesForLibs_DecoratedCustomizer> (0x00000000859d6da0) 
thrown [s\src\hotspot\share\classfile\systemDictionary.cpp, line 312]
Event: 9.300 Thread 0x0000020be0ed3620 Exception <a 'java/lang/ClassNotFoundException'{0x0000000087f1cb90}: org/gradle/accessors/dm/LibrariesForLibs$PluginAccessorsBeanInfo> (0x0000000087f1cb90) 
thrown [s\src\hotspot\share\classfile\systemDictionary.cpp, line 312]
Event: 9.301 Thread 0x0000020be0ed3620 Exception <a 'java/lang/ClassNotFoundException'{0x0000000087f32690}: org/gradle/api/internal/catalog/AbstractExternalDependencyFactory$PluginFactoryBeanInfo> (0x0000000087f32690) 
thrown [s\src\hotspot\share\classfile\systemDictionary.cpp, line 312]
Event: 9.303 Thread 0x0000020be0ed3620 Exception <a 'java/lang/ClassNotFoundException'{0x0000000087f481c8}: org/gradle/api/internal/catalog/AbstractExternalDependencyFactory$PluginFactoryCustomizer> (0x0000000087f481c8) 
thrown [s\src\hotspot\share\classfile\systemDictionary.cpp, line 312]
Event: 9.304 Thread 0x0000020be0ed3620 Exception <a 'java/lang/ClassNotFoundException'{0x0000000087f5ae20}: org/gradle/accessors/dm/LibrariesForLibs$PluginAccessorsCustomizer> (0x0000000087f5ae20) 
thrown [s\src\hotspot\share\classfile\systemDictionary.cpp, line 312]
Event: 9.310 Thread 0x0000020be0ed3620 Exception <a 'java/lang/ClassNotFoundException'{0x0000000087f7d278}: org/gradle/accessors/dm/LibrariesForLibs$AndroidPluginAccessorsBeanInfo> (0x0000000087f7d278) 
thrown [s\src\hotspot\share\classfile\systemDictionary.cpp, line 312]
Event: 9.315 Thread 0x0000020be0ed3620 Exception <a 'java/lang/ClassNotFoundException'{0x0000000087f8ffe0}: org/gradle/accessors/dm/LibrariesForLibs$AndroidPluginAccessorsCustomizer> (0x0000000087f8ffe0) 
thrown [s\src\hotspot\share\classfile\systemDictionary.cpp, line 312]
Event: 9.340 Thread 0x0000020be0ed3620 Exception <a 'java/lang/IncompatibleClassChangeError'{0x0000000087ffed90}: Found class java.lang.Object, but interface was expected> (0x0000000087ffed90) 
thrown [s\src\hotspot\share\interpreter\linkResolver.cpp, line 851]
Event: 9.344 Thread 0x0000020be0ed3620 Exception <a 'java/lang/NoSuchMethodError'{0x0000000087e2e018}: static Lorg/gradle/api/internal/catalog/DefaultVersionCatalog;.<clinit>()V> (0x0000000087e2e018) 
thrown [s\src\hotspot\share\prims\jni.cpp, line 1126]
Event: 9.354 Thread 0x0000020be0ed3620 Exception <a 'java/lang/NoSuchMethodError'{0x0000000087e85470}: static [Ljava/lang/Object;.<clinit>()V> (0x0000000087e85470) 
thrown [s\src\hotspot\share\prims\jni.cpp, line 1126]
Event: 9.357 Thread 0x0000020be0ed3620 Exception <a 'java/lang/NoSuchMethodError'{0x0000000087eaff60}: static Lorg/gradle/api/internal/catalog/DependencyModel;.<clinit>()V> (0x0000000087eaff60) 
thrown [s\src\hotspot\share\prims\jni.cpp, line 1126]
Event: 9.360 Thread 0x0000020be0ed3620 Exception <a 'java/lang/NoSuchMethodError'{0x0000000087eb3e58}: static Lorg/gradle/api/internal/catalog/AbstractContextAwareModel;.<clinit>()V> (0x0000000087eb3e58) 
thrown [s\src\hotspot\share\prims\jni.cpp, line 1126]
Event: 9.362 Thread 0x0000020be0ed3620 Exception <a 'java/lang/NoSuchMethodError'{0x0000000087ecf370}: static Lorg/gradle/api/internal/artifacts/dependencies/AbstractVersionConstraint;.<clinit>()V> (0x0000000087ecf370) 
thrown [s\src\hotspot\share\prims\jni.cpp, line 1126]

ZGC Phase Switch (0 events):
No events

VM Operations (20 events):
Event: 8.399 Executing VM operation: G1CollectForAllocation (G1 Evacuation Pause)
Event: 8.404 Executing VM operation: G1CollectForAllocation (G1 Evacuation Pause) done
Event: 8.675 Executing VM operation: HandshakeAllThreads (Deoptimize)
Event: 8.675 Executing VM operation: HandshakeAllThreads (Deoptimize) done
Event: 8.746 Executing VM operation: HandshakeAllThreads (Deoptimize)
Event: 8.746 Executing VM operation: HandshakeAllThreads (Deoptimize) done
Event: 8.789 Executing VM operation: ICBufferFull
Event: 8.789 Executing VM operation: ICBufferFull done
Event: 8.850 Executing VM operation: G1CollectForAllocation (G1 Evacuation Pause)
Event: 8.856 Executing VM operation: G1CollectForAllocation (G1 Evacuation Pause) done
Event: 8.881 Executing VM operation: HandshakeAllThreads (Deoptimize)
Event: 8.881 Executing VM operation: HandshakeAllThreads (Deoptimize) done
Event: 8.988 Executing VM operation: HandshakeAllThreads (Deoptimize)
Event: 8.988 Executing VM operation: HandshakeAllThreads (Deoptimize) done
Event: 9.291 Executing VM operation: G1CollectForAllocation (G1 Evacuation Pause)
Event: 9.296 Executing VM operation: G1CollectForAllocation (G1 Evacuation Pause) done
Event: 9.347 Executing VM operation: HandshakeAllThreads (Deoptimize)
Event: 9.347 Executing VM operation: HandshakeAllThreads (Deoptimize) done
Event: 9.363 Executing VM operation: G1PauseRemark
Event: 9.369 Executing VM operation: G1PauseRemark done

Events (20 events):
Event: 9.367 Thread 0x0000020bdf00f0c0 flushing nmethod 0x0000020bc5e7df10
Event: 9.367 Thread 0x0000020bdf00f0c0 flushing nmethod 0x0000020bc5e7c510
Event: 9.367 Thread 0x0000020bdf00f0c0 flushing nmethod 0x0000020bc5e59990
Event: 9.367 Thread 0x0000020bdf00f0c0 flushing nmethod 0x0000020bc5e59590
Event: 9.367 Thread 0x0000020bdf00f0c0 flushing nmethod 0x0000020bcdb84d10
Event: 9.367 Thread 0x0000020bdf00f0c0 flushing nmethod 0x0000020bcdb80810
Event: 9.367 Thread 0x0000020bdf00f0c0 flushing nmethod 0x0000020bcdb69910
Event: 9.367 Thread 0x0000020bdf00f0c0 flushing nmethod 0x0000020bcdb00810
Event: 9.367 Thread 0x0000020bdf00f0c0 flushing nmethod 0x0000020bcdafe390
Event: 9.367 Thread 0x0000020bdf00f0c0 flushing nmethod 0x0000020bcda97010
Event: 9.367 Thread 0x0000020bdf00f0c0 flushing nmethod 0x0000020bcda7ab10
Event: 9.367 Thread 0x0000020bdf00f0c0 flushing nmethod 0x0000020bcda7a390
Event: 9.367 Thread 0x0000020bdf00f0c0 flushing nmethod 0x0000020bcda4c910
Event: 9.367 Thread 0x0000020bdf00f0c0 flushing nmethod 0x0000020bcda2f890
Event: 9.367 Thread 0x0000020bdf00f0c0 flushing nmethod 0x0000020bcd9f5410
Event: 9.367 Thread 0x0000020bdf00f0c0 flushing nmethod 0x0000020bcd9f2310
Event: 9.367 Thread 0x0000020bdf00f0c0 flushing nmethod 0x0000020bcd9ccf90
Event: 9.367 Thread 0x0000020bdf00f0c0 flushing nmethod 0x0000020bcd989c10
Event: 9.367 Thread 0x0000020bdf00f0c0 flushing nmethod 0x0000020bcd9a0c90
Event: 9.367 Thread 0x0000020bdf00f0c0 flushing nmethod 0x0000020bcd97ec10


Dynamic libraries:
0x00007ff6a82b0000 - 0x00007ff6a82ba000 	E:\Old download\jbr\bin\java.exe
0x00007ffa74d70000 - 0x00007ffa74f87000 	C:\Windows\SYSTEM32\ntdll.dll
0x00007ffa740a0000 - 0x00007ffa74164000 	C:\Windows\System32\KERNEL32.DLL
0x00007ffa721c0000 - 0x00007ffa72593000 	C:\Windows\System32\KERNELBASE.dll
0x00007ffa71eb0000 - 0x00007ffa71fc1000 	C:\Windows\System32\ucrtbase.dll
0x00007ffa4f130000 - 0x00007ffa4f14b000 	E:\Old download\jbr\bin\VCRUNTIME140.dll
0x00007ffa6da70000 - 0x00007ffa6da88000 	E:\Old download\jbr\bin\jli.dll
0x00007ffa73e70000 - 0x00007ffa74021000 	C:\Windows\System32\USER32.dll
0x00007ffa72190000 - 0x00007ffa721b6000 	C:\Windows\System32\win32u.dll
0x00007ffa744f0000 - 0x00007ffa74519000 	C:\Windows\System32\GDI32.dll
0x00007ffa5f000000 - 0x00007ffa5f298000 	C:\Windows\WinSxS\amd64_microsoft.windows.common-controls_6595b64144ccf1df_6.0.22621.5124_none_270e8f4f7386d69d\COMCTL32.dll
0x00007ffa72710000 - 0x00007ffa7282b000 	C:\Windows\System32\gdi32full.dll
0x00007ffa745b0000 - 0x00007ffa74657000 	C:\Windows\System32\msvcrt.dll
0x00007ffa72830000 - 0x00007ffa728ca000 	C:\Windows\System32\msvcp_win.dll
0x00007ffa73950000 - 0x00007ffa73981000 	C:\Windows\System32\IMM32.DLL
0x00007ffa1efb0000 - 0x00007ffa1efbc000 	E:\Old download\jbr\bin\vcruntime140_1.dll
0x00007ffa69990000 - 0x00007ffa69a1d000 	E:\Old download\jbr\bin\msvcp140.dll
0x00007ffa1efc0000 - 0x00007ffa1fc3d000 	E:\Old download\jbr\bin\server\jvm.dll
0x00007ffa73d90000 - 0x00007ffa73e41000 	C:\Windows\System32\ADVAPI32.dll
0x00007ffa73770000 - 0x00007ffa73818000 	C:\Windows\System32\sechost.dll
0x00007ffa71e80000 - 0x00007ffa71ea8000 	C:\Windows\System32\bcrypt.dll
0x00007ffa74bf0000 - 0x00007ffa74d04000 	C:\Windows\System32\RPCRT4.dll
0x00007ffa74520000 - 0x00007ffa74591000 	C:\Windows\System32\WS2_32.dll
0x00007ffa70cc0000 - 0x00007ffa70d0d000 	C:\Windows\SYSTEM32\POWRPROF.dll
0x00007ffa6d340000 - 0x00007ffa6d374000 	C:\Windows\SYSTEM32\WINMM.dll
0x00007ffa6d310000 - 0x00007ffa6d31a000 	C:\Windows\SYSTEM32\VERSION.dll
0x00007ffa70ca0000 - 0x00007ffa70cb3000 	C:\Windows\SYSTEM32\UMPDC.dll
0x00007ffa70f60000 - 0x00007ffa70f78000 	C:\Windows\SYSTEM32\kernel.appcore.dll
0x00007ffa1efa0000 - 0x00007ffa1efaa000 	E:\Old download\jbr\bin\jimage.dll
0x00007ffa6f8d0000 - 0x00007ffa6fb02000 	C:\Windows\SYSTEM32\DBGHELP.DLL
0x00007ffa72b30000 - 0x00007ffa72ec2000 	C:\Windows\System32\combase.dll
0x00007ffa73820000 - 0x00007ffa738f7000 	C:\Windows\System32\OLEAUT32.dll
0x00007ffa544f0000 - 0x00007ffa54522000 	C:\Windows\SYSTEM32\dbgcore.DLL
0x00007ffa71fd0000 - 0x00007ffa7204b000 	C:\Windows\System32\bcryptPrimitives.dll
0x00007ffa6d800000 - 0x00007ffa6d80e000 	E:\Old download\jbr\bin\instrument.dll
0x00007ffa1ef80000 - 0x00007ffa1ef9f000 	E:\Old download\jbr\bin\java.dll
0x00007ffa1ef60000 - 0x00007ffa1ef78000 	E:\Old download\jbr\bin\zip.dll
0x00007ffa72ed0000 - 0x00007ffa73766000 	C:\Windows\System32\SHELL32.dll
0x00007ffa72050000 - 0x00007ffa7218f000 	C:\Windows\System32\wintypes.dll
0x00007ffa6fd60000 - 0x00007ffa7067a000 	C:\Windows\SYSTEM32\windows.storage.dll
0x00007ffa743e0000 - 0x00007ffa744ea000 	C:\Windows\System32\SHCORE.dll
0x00007ffa74030000 - 0x00007ffa74093000 	C:\Windows\System32\shlwapi.dll
0x00007ffa71db0000 - 0x00007ffa71ddb000 	C:\Windows\SYSTEM32\profapi.dll
0x00007ffa1ef50000 - 0x00007ffa1ef60000 	E:\Old download\jbr\bin\net.dll
0x00007ffa6d570000 - 0x00007ffa6d69c000 	C:\Windows\SYSTEM32\WINHTTP.dll
0x00007ffa713e0000 - 0x00007ffa7144a000 	C:\Windows\system32\mswsock.dll
0x00007ffa1ef30000 - 0x00007ffa1ef46000 	E:\Old download\jbr\bin\nio.dll
0x00007ffa6e170000 - 0x00007ffa6e180000 	E:\Old download\jbr\bin\verify.dll
0x00007ffa0ca00000 - 0x00007ffa0ca27000 	C:\Users\ABDULLAH MAMUN\.gradle\native\c067742578af261105cb4f569cf0c3c89f3d7b1fecec35dd04571415982c5e48\windows-amd64\native-platform.dll
0x00007ffa49330000 - 0x00007ffa49474000 	C:\Users\ABDULLAH MAMUN\.gradle\native\100fb08df4bc3b14c8652ba06237920a3bd2aa13389f12d3474272988ae205f9\windows-amd64\native-platform-file-events.dll
0x00007ffa1eb10000 - 0x00007ffa1eb19000 	E:\Old download\jbr\bin\management.dll
0x00007ffa6e250000 - 0x00007ffa6e25b000 	E:\Old download\jbr\bin\management_ext.dll
0x00007ffa74270000 - 0x00007ffa74278000 	C:\Windows\System32\PSAPI.DLL
0x00007ffa71660000 - 0x00007ffa7167b000 	C:\Windows\SYSTEM32\CRYPTSP.dll
0x00007ffa70ec0000 - 0x00007ffa70ef7000 	C:\Windows\system32\rsaenh.dll
0x00007ffa714c0000 - 0x00007ffa714e8000 	C:\Windows\SYSTEM32\USERENV.dll
0x00007ffa71650000 - 0x00007ffa7165c000 	C:\Windows\SYSTEM32\CRYPTBASE.dll
0x00007ffa70950000 - 0x00007ffa7097d000 	C:\Windows\SYSTEM32\IPHLPAPI.DLL
0x00007ffa73e50000 - 0x00007ffa73e59000 	C:\Windows\System32\NSI.dll
0x00007ffa1eb70000 - 0x00007ffa1eb79000 	E:\Old download\jbr\bin\extnet.dll
0x00007ffa1fdd0000 - 0x00007ffa1fdd8000 	C:\Windows\system32\wshunix.dll

dbghelp: loaded successfully - version: 4.0.5 - missing functions: none
symbol engine: initialized successfully - sym options: 0x614 - pdb path: .;E:\Old download\jbr\bin;C:\Windows\SYSTEM32;C:\Windows\WinSxS\amd64_microsoft.windows.common-controls_6595b64144ccf1df_6.0.22621.5124_none_270e8f4f7386d69d;E:\Old download\jbr\bin\server;C:\Users\ABDULLAH MAMUN\.gradle\native\c067742578af261105cb4f569cf0c3c89f3d7b1fecec35dd04571415982c5e48\windows-amd64;C:\Users\ABDULLAH MAMUN\.gradle\native\100fb08df4bc3b14c8652ba06237920a3bd2aa13389f12d3474272988ae205f9\windows-amd64

VM Arguments:
jvm_args: --add-opens=java.base/java.util=ALL-UNNAMED --add-opens=java.base/java.lang=ALL-UNNAMED --add-opens=java.base/java.lang.invoke=ALL-UNNAMED --add-opens=java.prefs/java.util.prefs=ALL-UNNAMED --add-exports=jdk.compiler/com.sun.tools.javac.api=ALL-UNNAMED --add-exports=jdk.compiler/com.sun.tools.javac.util=ALL-UNNAMED --add-opens=java.base/java.nio.charset=ALL-UNNAMED --add-opens=java.base/java.net=ALL-UNNAMED --add-opens=java.base/java.util.concurrent.atomic=ALL-UNNAMED -Xmx2048m -Dfile.encoding=UTF-8 -Duser.country=US -Duser.language=en -Duser.variant -javaagent:C:\Users\ABDULLAH MAMUN\.gradle\wrapper\dists\gradle-8.9-bin\90cnw93cvbtalezasaz0blq0a\gradle-8.9\lib\agents\gradle-instrumentation-agent-8.9.jar 
java_command: org.gradle.launcher.daemon.bootstrap.GradleDaemon 8.9
java_class_path (initial): C:\Users\ABDULLAH MAMUN\.gradle\wrapper\dists\gradle-8.9-bin\90cnw93cvbtalezasaz0blq0a\gradle-8.9\lib\gradle-daemon-main-8.9.jar
Launcher Type: SUN_STANDARD

[Global flags]
     intx CICompilerCount                          = 4                                         {product} {ergonomic}
     uint ConcGCThreads                            = 2                                         {product} {ergonomic}
     uint G1ConcRefinementThreads                  = 8                                         {product} {ergonomic}
   size_t G1HeapRegionSize                         = 1048576                                   {product} {ergonomic}
    uintx GCDrainStackTargetSize                   = 64                                        {product} {ergonomic}
   size_t InitialHeapSize                          = 134217728                                 {product} {ergonomic}
   size_t MarkStackSize                            = 4194304                                   {product} {ergonomic}
   size_t MaxHeapSize                              = 2147483648                                {product} {command line}
   size_t MaxNewSize                               = 1287651328                                {product} {ergonomic}
   size_t MinHeapDeltaBytes                        = 1048576                                   {product} {ergonomic}
   size_t MinHeapSize                              = 8388608                                   {product} {ergonomic}
    uintx NonNMethodCodeHeapSize                   = 5839372                                {pd product} {ergonomic}
    uintx NonProfiledCodeHeapSize                  = 122909434                              {pd product} {ergonomic}
    uintx ProfiledCodeHeapSize                     = 122909434                              {pd product} {ergonomic}
    uintx ReservedCodeCacheSize                    = 251658240                              {pd product} {ergonomic}
     bool SegmentedCodeCache                       = true                                      {product} {ergonomic}
   size_t SoftMaxHeapSize                          = 2147483648                             {manageable} {ergonomic}
     bool UseCompressedOops                        = true                           {product lp64_product} {ergonomic}
     bool UseG1GC                                  = true                                      {product} {ergonomic}
     bool UseLargePagesIndividualAllocation        = false                                  {pd product} {ergonomic}

Logging:
Log output configuration:
 #0: stdout all=warning uptime,level,tags foldmultilines=false
 #1: stderr all=off uptime,level,tags foldmultilines=false

Environment Variables:
PATH=C:\Windows\system32;C:\Windows;C:\Windows\System32\Wbem;C:\Windows\System32\WindowsPowerShell\v1.0\;C:\Windows\System32\OpenSSH\;C:\Program Files\Git\cmd;C:\Users\ABDULLAH MAMUN\AppData\Local\Microsoft\WindowsApps;E:\E downloads\E-programs\Microsoft VS Code\bin
USERNAME=ABDULLAH MAMUN
OS=Windows_NT
PROCESSOR_IDENTIFIER=Intel64 Family 6 Model 142 Stepping 10, GenuineIntel
TMP=C:\Users\ABDULL~1\AppData\Local\Temp
TEMP=C:\Users\ABDULL~1\AppData\Local\Temp




Periodic native trim disabled

JNI global refs:
JNI global refs: 26, weak refs: 0

JNI global refs memory usage: 835, weak refs: 833

Process memory usage:
Resident Set Size: 344916K (4% of 8283164K total physical memory with 896756K free physical memory)

OOME stack traces (most recent first):
Classloader memory used:
Loader org.gradle.internal.classloader.VisitableURLClassLoader                         : 31411K
Loader bootstrap                                                                       : 22821K
Loader org.gradle.initialization.MixInLegacyTypesClassLoader                           : 9349K
Loader org.gradle.internal.classloader.VisitableURLClassLoader                         : 839K
Loader org.gradle.internal.classloader.VisitableURLClassLoader$InstrumentingVisitableURLClassLoader: 699K
Loader jdk.internal.loader.ClassLoaders$PlatformClassLoader                            : 497K
Loader jdk.internal.reflect.DelegatingClassLoader                                      : 264K
Loader jdk.internal.loader.ClassLoaders$AppClassLoader                                 : 230K
Loader org.gradle.groovy.scripts.internal.DefaultScriptCompilationHandler$ScriptClassLoader: 161K
Loader org.codehaus.groovy.runtime.callsite.CallSiteClassLoader                        : 59192B

Classes loaded by more than one classloader:
Class org.gradle.api.GradleException                                                  : loaded 3 times (x 79B)
Class org.gradle.internal.classloader.ClassLoaderHierarchy                            : loaded 2 times (x 67B)
Class org.gradle.api.internal.classpath.ManifestUtil                                  : loaded 2 times (x 68B)
Class org.jetbrains.plugins.gradle.model.GradleExtensions                             : loaded 2 times (x 67B)
Class org.jetbrains.plugins.gradle.model.AnnotationProcessingModel                    : loaded 2 times (x 67B)
Class org.gradle.internal.operations.MultipleBuildOperationFailures                   : loaded 2 times (x 92B)
Class org.jetbrains.kotlin.idea.gradleTooling.model.noarg.NoArgModel                  : loaded 2 times (x 67B)
Class org.gradle.internal.classloader.DefaultClassLoaderFactory                       : loaded 2 times (x 79B)
Class kotlin.collections.AbstractList$Companion                                       : loaded 2 times (x 68B)
Class org.gradle.internal.classloader.ClassLoaderVisitor                              : loaded 2 times (x 73B)
Class settings_e8vr1gc02it6hvikkn7ehss8t$_run_closure1$_closure2                      : loaded 2 times (x 136B)
Class org.gradle.api.internal.classpath.EffectiveClassPath                            : loaded 2 times (x 87B)
Class org.gradle.tooling.internal.gradle.DefaultProjectIdentifier                     : loaded 2 times (x 83B)
Class org.jetbrains.kotlin.idea.gradleTooling.model.allopen.AllOpenModel              : loaded 2 times (x 67B)
Class org.gradle.api.internal.DefaultClassPathProvider                                : loaded 2 times (x 73B)
Class [Lorg.gradle.api.internal.ClassPathProvider;                                    : loaded 2 times (x 66B)
Class org.gradle.api.internal.ClassPathProvider                                       : loaded 2 times (x 67B)
Class org.gradle.internal.service.UnknownServiceException                             : loaded 2 times (x 80B)
Class org.jetbrains.kotlin.idea.gradleTooling.KotlinDslScriptAdditionalTask           : loaded 2 times (x 67B)
Class org.gradle.internal.classpath.TransformedClassPath                              : loaded 2 times (x 93B)
Class kotlin.enums.EnumEntriesList                                                    : loaded 2 times (x 220B)
Class org.jetbrains.plugins.gradle.model.IntelliJSettings                             : loaded 2 times (x 67B)
Class org.jetbrains.kotlin.idea.gradleTooling.KotlinSourceSetContainer                : loaded 2 times (x 67B)
Class org.gradle.internal.service.ServiceLocator                                      : loaded 2 times (x 67B)
Class org.jetbrains.kotlin.android.synthetic.idea.AndroidExtensionsGradleModel        : loaded 2 times (x 67B)
Class org.gradle.tooling.model.UnsupportedMethodException                             : loaded 2 times (x 79B)
Class org.gradle.internal.InternalTransformer                                         : loaded 2 times (x 67B)
Class org.gradle.internal.time.DefaultTimer                                           : loaded 2 times (x 77B)
Class org.gradle.internal.classloader.ClasspathUtil$1                                 : loaded 2 times (x 73B)
Class org.gradle.api.internal.classpath.DefaultModuleRegistry$DefaultModule           : loaded 2 times (x 83B)
Class org.jetbrains.kotlin.idea.gradleTooling.model.lombok.LombokModel                : loaded 2 times (x 67B)
Class org.gradle.internal.time.DefaultCountdownTimer                                  : loaded 2 times (x 85B)
Class org.gradle.tooling.internal.gradle.DefaultBuildIdentifier                       : loaded 2 times (x 76B)
Class kotlin.Function                                                                 : loaded 2 times (x 67B)
Class org.gradle.api.internal.classpath.Module                                        : loaded 2 times (x 67B)
Class org.gradle.api.internal.classpath.UnknownModuleException                        : loaded 2 times (x 79B)
Class com.intellij.openapi.externalSystem.model.project.dependencies.ProjectDependencies: loaded 2 times (x 67B)
Class org.gradle.tooling.internal.gradle.GradleProjectIdentity                        : loaded 2 times (x 67B)
Class org.gradle.api.internal.DefaultClassPathRegistry                                : loaded 2 times (x 73B)
Class org.gradle.api.internal.ClassPathRegistry                                       : loaded 2 times (x 67B)
Class org.gradle.internal.classpath.DefaultClassPath$ImmutableUniqueList              : loaded 2 times (x 196B)
Class org.gradle.internal.classpath.ClassPath                                         : loaded 2 times (x 67B)
Class org.gradle.api.UncheckedIOException                                             : loaded 2 times (x 79B)
Class org.jetbrains.kotlin.idea.gradleTooling.KotlinGradleModel                       : loaded 2 times (x 67B)
Class org.gradle.tooling.model.Model                                                  : loaded 2 times (x 67B)
Class kotlin.UninitializedPropertyAccessException                                     : loaded 2 times (x 79B)
Class org.jetbrains.plugins.gradle.model.IntelliJProjectSettings                      : loaded 2 times (x 67B)
Class org.jetbrains.kotlin.idea.gradleTooling.model.annotation.AnnotationBasedPluginModel: loaded 2 times (x 67B)
Class org.gradle.internal.installation.GradleInstallation$1                           : loaded 2 times (x 72B)
Class org.gradle.api.internal.classpath.ModuleRegistry                                : loaded 2 times (x 67B)
Class org.jetbrains.plugins.gradle.model.VersionCatalogsModel                         : loaded 2 times (x 67B)
Class org.gradle.api.internal.classpath.DefaultModuleRegistry                         : loaded 2 times (x 80B)
Class org.gradle.internal.time.MonotonicClock                                         : loaded 2 times (x 74B)
Class org.gradle.internal.service.ServiceLookupException                              : loaded 2 times (x 79B)
Class org.gradle.internal.classloader.ClassLoaderFactory                              : loaded 2 times (x 67B)
Class org.gradle.internal.service.CachingServiceLocator                               : loaded 2 times (x 79B)
Class org.jetbrains.plugins.gradle.model.RepositoryModels                             : loaded 2 times (x 67B)
Class org.gradle.internal.time.TimeSource                                             : loaded 2 times (x 67B)
Class org.gradle.tooling.internal.gradle.GradleBuildIdentity                          : loaded 2 times (x 67B)
Class kotlin.enums.EnumEntries                                                        : loaded 2 times (x 67B)
Class org.gradle.internal.exceptions.ResolutionProvider                               : loaded 2 times (x 67B)
Class org.gradle.tooling.model.ProjectIdentifier                                      : loaded 2 times (x 67B)
Class org.gradle.internal.classloader.ClasspathUtil                                   : loaded 2 times (x 68B)
Class org.gradle.internal.time.TimeSource$1                                           : loaded 2 times (x 74B)
Class kotlin.jvm.internal.DefaultConstructorMarker                                    : loaded 2 times (x 68B)
Class org.gradle.api.specs.Spec                                                       : loaded 2 times (x 67B)
Class org.gradle.internal.time.Clock                                                  : loaded 2 times (x 67B)
Class org.jetbrains.plugins.gradle.model.jar.JarTaskManifestConfiguration             : loaded 2 times (x 67B)
Class kotlin.collections.AbstractList                                                 : loaded 2 times (x 194B)
Class kotlin.collections.AbstractCollection                                           : loaded 2 times (x 114B)
Class org.gradle.internal.classloader.VisitableURLClassLoader$InstrumentingVisitableURLClassLoader: loaded 2 times (x 120B)
Class org.gradle.internal.classloader.VisitableURLClassLoader$Spec                    : loaded 2 times (x 71B)
Class org.gradle.internal.classpath.DefaultClassPath                                  : loaded 2 times (x 87B)
Class org.gradle.internal.classloader.ClassLoaderSpec                                 : loaded 2 times (x 68B)
Class sync_studio_tooling8363_5fl6otrgyg9kbq3zzwt3vi1er                               : loaded 2 times (x 176B)
Class org.gradle.internal.classloader.VisitableURLClassLoader                         : loaded 2 times (x 114B)
Class org.gradle.internal.Cast                                                        : loaded 2 times (x 68B)
Class org.gradle.api.Action                                                           : loaded 2 times (x 67B)
Class kotlin.jvm.functions.Function1                                                  : loaded 2 times (x 67B)
Class org.gradle.internal.agents.InstrumentingClassLoader                             : loaded 2 times (x 67B)
Class org.gradle.internal.classpath.DefaultClassPath$ImmutableUniqueList$Builder      : loaded 2 times (x 72B)
Class org.jetbrains.kotlin.idea.gradleTooling.model.samWithReceiver.SamWithReceiverModel: loaded 2 times (x 67B)
Class org.gradle.internal.classloader.FilteringClassLoader                            : loaded 2 times (x 102B)
Class org.gradle.internal.exceptions.NonGradleCauseExceptionsHolder                   : loaded 2 times (x 67B)
Class settings_e8vr1gc02it6hvikkn7ehss8t$_run_closure1                                : loaded 2 times (x 136B)
Class org.jetbrains.kotlin.idea.gradleTooling.model.assignment.AssignmentModel        : loaded 2 times (x 67B)
Class kotlin.enums.EnumEntriesKt                                                      : loaded 2 times (x 68B)
Class org.gradle.internal.IoActions                                                   : loaded 2 times (x 68B)
Class settings_e8vr1gc02it6hvikkn7ehss8t                                              : loaded 2 times (x 176B)
Class ijInit1_4vb4p0chayksx1t905xb523d7                                               : loaded 2 times (x 176B)
Class org.gradle.internal.classloader.SystemClassLoaderSpec                           : loaded 2 times (x 68B)
Class org.gradle.internal.exceptions.MultiCauseException                              : loaded 2 times (x 67B)
Class org.gradle.internal.time.CountdownTimer                                         : loaded 2 times (x 67B)
Class kotlin.jvm.internal.Intrinsics                                                  : loaded 2 times (x 68B)
Class org.jetbrains.kotlin.idea.gradleTooling.model.parcelize.ParcelizeGradleModel    : loaded 2 times (x 67B)
Class org.gradle.tooling.model.ProjectModel                                           : loaded 2 times (x 67B)
Class kotlin.KotlinNullPointerException                                               : loaded 2 times (x 80B)
Class org.jetbrains.plugins.gradle.model.tests.ExternalTestsModel                     : loaded 2 times (x 67B)
Class org.gradle.internal.exceptions.DefaultMultiCauseException                       : loaded 2 times (x 92B)
Class org.gradle.internal.time.Time                                                   : loaded 2 times (x 68B)
Class org.jetbrains.plugins.gradle.model.DependencyAccessorsModel                     : loaded 2 times (x 67B)
Class org.jetbrains.kotlin.idea.gradleTooling.KotlinMPPGradleModel                    : loaded 2 times (x 67B)
Class org.gradle.tooling.model.BuildIdentifier                                        : loaded 2 times (x 67B)
Class org.jetbrains.kotlin.idea.gradleTooling.PrepareKotlinIdeImportTaskModel         : loaded 2 times (x 67B)
Class org.gradle.internal.time.Timer                                                  : loaded 2 times (x 67B)
Class kotlin.jvm.internal.markers.KMappedMarker                                       : loaded 2 times (x 67B)
Class org.gradle.internal.installation.CurrentGradleInstallationLocator               : loaded 2 times (x 68B)
Class org.gradle.internal.service.DefaultServiceLocator                               : loaded 2 times (x 80B)
Class org.gradle.util.GradleVersion                                                   : loaded 2 times (x 80B)
Class org.gradle.internal.installation.CurrentGradleInstallation                      : loaded 2 times (x 70B)
Class org.gradle.util.internal.GUtil                                                  : loaded 2 times (x 68B)
Class org.gradle.internal.installation.GradleInstallation                             : loaded 2 times (x 72B)

---------------  S Y S T E M  ---------------

OS:
 Windows 11 , 64 bit Build 22621 (10.0.22621.5124)
OS uptime: 3 days 3:03 hours
Hyper-V role detected

CPU: total 8 (initial active 8) (4 cores per cpu, 2 threads per core) family 6 model 142 stepping 10 microcode 0xf0, cx8, cmov, fxsr, ht, mmx, 3dnowpref, sse, sse2, sse3, ssse3, sse4.1, sse4.2, popcnt, lzcnt, tsc, tscinvbit, avx, avx2, aes, erms, clmul, bmi1, bmi2, adx, fma, vzeroupper, clflush, clflushopt, hv, rdtscp, f16c
Processor Information for all 8 processors :
  Max Mhz: 1992, Current Mhz: 1792, Mhz Limit: 1792

Memory: 4k page, system-wide physical 8089M (876M free)
TotalPageFile size 19587M (AvailPageFile size 11M)
current process WorkingSet (physical memory assigned to process): 335M, peak: 340M
current process commit charge ("private bytes"): 388M, peak: 395M

vm_info: OpenJDK 64-Bit Server VM (21.0.3+-12282718-b509.11) for windows-amd64 JRE (21.0.3+-12282718-b509.11), built on 2024-08-27T17:34:15Z by "builder" with MS VC++ 16.10 / 16.11 (VS2019)

END.
