#
# There is insufficient memory for the Java Runtime Environment to continue.
# Native memory allocation (malloc) failed to allocate 1641568 bytes. Error detail: Chunk::new
# Possible reasons:
#   The system is out of physical RAM or swap space
#   This process is running with CompressedOops enabled, and the Java Heap may be blocking the growth of the native heap
# Possible solutions:
#   Reduce memory load on the system
#   Increase physical memory or swap space
#   Check if swap backing store is full
#   Decrease Java heap size (-Xmx/-Xms)
#   Decrease number of Java threads
#   Decrease Java thread stack sizes (-Xss)
#   Set larger code cache with -XX:ReservedCodeCacheSize=
#   JVM is running with Unscaled Compressed Oops mode in which the Java heap is
#     placed in the first 4GB address space. The Java Heap base address is the
#     maximum limit for the native heap growth. Please use -XX:HeapBaseMinAddress
#     to set the Java Heap base and to place the Java Heap above 4GB virtual address.
# This output file may be truncated or incomplete.
#
#  Out of Memory Error (arena.cpp:168), pid=2188, tid=5484
#
# JRE version: OpenJDK Runtime Environment (21.0.3) (build 21.0.3+-12282718-b509.11)
# Java VM: OpenJDK 64-Bit Server VM (21.0.3+-12282718-b509.11, mixed mode, tiered, compressed oops, compressed class ptrs, g1 gc, windows-amd64)
# No core dump will be written. Minidumps are not enabled by default on client versions of Windows
#

---------------  S U M M A R Y ------------

Command Line: --add-opens=java.base/java.util=ALL-UNNAMED --add-opens=java.base/java.lang=ALL-UNNAMED --add-opens=java.base/java.lang.invoke=ALL-UNNAMED --add-opens=java.prefs/java.util.prefs=ALL-UNNAMED --add-exports=jdk.compiler/com.sun.tools.javac.api=ALL-UNNAMED --add-exports=jdk.compiler/com.sun.tools.javac.util=ALL-UNNAMED --add-opens=java.base/java.nio.charset=ALL-UNNAMED --add-opens=java.base/java.net=ALL-UNNAMED --add-opens=java.base/java.util.concurrent.atomic=ALL-UNNAMED -Xmx2048m -Dfile.encoding=UTF-8 -Duser.country=US -Duser.language=en -Duser.variant -javaagent:C:\Users\ABDULLAH MAMUN\.gradle\wrapper\dists\gradle-8.9-bin\90cnw93cvbtalezasaz0blq0a\gradle-8.9\lib\agents\gradle-instrumentation-agent-8.9.jar org.gradle.launcher.daemon.bootstrap.GradleDaemon 8.9

Host: Intel(R) Core(TM) i7-8550U CPU @ 1.80GHz, 8 cores, 7G,  Windows 11 , 64 bit Build 22621 (10.0.22621.5124)
Time: Mon May 12 13:26:33 2025 Bangladesh Standard Time elapsed time: 7.566649 seconds (0d 0h 0m 7s)

---------------  T H R E A D  ---------------

Current thread (0x0000015fba09f0b0):  JavaThread "C2 CompilerThread2" daemon [_thread_in_native, id=5484, stack(0x0000004494e00000,0x0000004494f00000) (1024K)]


Current CompileTask:
C2:   7566 6326       4       java.net.URLClassLoader$1::run (5 bytes)

Stack: [0x0000004494e00000,0x0000004494f00000]
Native frames: (J=compiled Java code, j=interpreted, Vv=VM code, C=native code)
V  [jvm.dll+0x6cafb9]
V  [jvm.dll+0x858523]
V  [jvm.dll+0x85aa7e]
V  [jvm.dll+0x85b163]
V  [jvm.dll+0x27d356]
V  [jvm.dll+0xbf93d]
V  [jvm.dll+0xbfe73]
V  [jvm.dll+0x3b1ceb]
V  [jvm.dll+0x1de082]
V  [jvm.dll+0x246c54]
V  [jvm.dll+0x2460d1]
V  [jvm.dll+0x1c5804]
V  [jvm.dll+0x25575c]
V  [jvm.dll+0x253c36]
V  [jvm.dll+0x3ec996]
V  [jvm.dll+0x800d78]
V  [jvm.dll+0x6c98cd]
C  [ucrtbase.dll+0x29333]
C  [KERNEL32.DLL+0x1259d]
C  [ntdll.dll+0x5af38]


---------------  P R O C E S S  ---------------

Threads class SMR info:
_java_thread_list=0x0000015fb906ff30, length=60, elements={
0x0000015f99b506d0, 0x0000015fb354dfa0, 0x0000015fb35326c0, 0x0000015fb3536b60,
0x0000015fb35385d0, 0x0000015fb3539030, 0x0000015fb3566d40, 0x0000015fb353d2c0,
0x0000015fb35532d0, 0x0000015fb3633b10, 0x0000015fb36341a0, 0x0000015fb80b3cc0,
0x0000015fb3634830, 0x0000015fb3635550, 0x0000015fb3635be0, 0x0000015fb3636270,
0x0000015fb3636900, 0x0000015fb3633480, 0x0000015fb9c0dc20, 0x0000015fb9c0efd0,
0x0000015fb9c10380, 0x0000015fb9c0e940, 0x0000015fb9c0f660, 0x0000015fb9c0fcf0,
0x0000015fb9c0cf00, 0x0000015fba09f0b0, 0x0000015fb9c11dc0, 0x0000015fb9c0b4c0,
0x0000015fb9c12ae0, 0x0000015fb9c12450, 0x0000015fb9c10a10, 0x0000015fb9c0c870,
0x0000015fb9c0bb50, 0x0000015fb9c0d590, 0x0000015fb9c110a0, 0x0000015fb9c0e2b0,
0x0000015fb9c11730, 0x0000015fbb19e290, 0x0000015fbb19f640, 0x0000015fbb19bb30,
0x0000015fbb19ae10, 0x0000015fbb19b4a0, 0x0000015fbb1a0360, 0x0000015fbb1993d0,
0x0000015fbb199a60, 0x0000015fbb19a0f0, 0x0000015fbb19c1c0, 0x0000015fbb19c850,
0x0000015fbb19d570, 0x0000015fbb19dc00, 0x0000015fbb162130, 0x0000015fbb166960,
0x0000015fbb161410, 0x0000015fbb165c40, 0x0000015fbb166ff0, 0x0000015fbb1655b0,
0x0000015fbb160d80, 0x0000015fbb1627c0, 0x0000015fbb163b70, 0x0000015fbb167680
}

Java Threads: ( => current thread )
  0x0000015f99b506d0 JavaThread "main"                              [_thread_blocked, id=2480, stack(0x0000004492600000,0x0000004492700000) (1024K)]
  0x0000015fb354dfa0 JavaThread "Reference Handler"          daemon [_thread_blocked, id=7364, stack(0x0000004492e00000,0x0000004492f00000) (1024K)]
  0x0000015fb35326c0 JavaThread "Finalizer"                  daemon [_thread_blocked, id=5592, stack(0x0000004492f00000,0x0000004493000000) (1024K)]
  0x0000015fb3536b60 JavaThread "Signal Dispatcher"          daemon [_thread_blocked, id=276, stack(0x0000004493000000,0x0000004493100000) (1024K)]
  0x0000015fb35385d0 JavaThread "Attach Listener"            daemon [_thread_blocked, id=8760, stack(0x0000004493100000,0x0000004493200000) (1024K)]
  0x0000015fb3539030 JavaThread "Service Thread"             daemon [_thread_blocked, id=16200, stack(0x0000004493200000,0x0000004493300000) (1024K)]
  0x0000015fb3566d40 JavaThread "Monitor Deflation Thread"   daemon [_thread_blocked, id=3204, stack(0x0000004493300000,0x0000004493400000) (1024K)]
  0x0000015fb353d2c0 JavaThread "C2 CompilerThread0"         daemon [_thread_in_native, id=10384, stack(0x0000004493400000,0x0000004493500000) (1024K)]
  0x0000015fb35532d0 JavaThread "C1 CompilerThread0"         daemon [_thread_blocked, id=12540, stack(0x0000004493500000,0x0000004493600000) (1024K)]
  0x0000015fb3633b10 JavaThread "Common-Cleaner"             daemon [_thread_blocked, id=9804, stack(0x0000004493600000,0x0000004493700000) (1024K)]
  0x0000015fb36341a0 JavaThread "Notification Thread"        daemon [_thread_blocked, id=11564, stack(0x0000004493700000,0x0000004493800000) (1024K)]
  0x0000015fb80b3cc0 JavaThread "C2 CompilerThread1"         daemon [_thread_in_native, id=7336, stack(0x0000004493800000,0x0000004493900000) (1024K)]
  0x0000015fb3634830 JavaThread "Daemon health stats"               [_thread_blocked, id=1372, stack(0x0000004493900000,0x0000004493a00000) (1024K)]
  0x0000015fb3635550 JavaThread "Incoming local TCP Connector on port 59489"        [_thread_in_native, id=7748, stack(0x0000004493e00000,0x0000004493f00000) (1024K)]
  0x0000015fb3635be0 JavaThread "Daemon periodic checks"            [_thread_blocked, id=14044, stack(0x0000004494200000,0x0000004494300000) (1024K)]
  0x0000015fb3636270 JavaThread "Daemon"                            [_thread_blocked, id=8464, stack(0x0000004494300000,0x0000004494400000) (1024K)]
  0x0000015fb3636900 JavaThread "Handler for socket connection from /127.0.0.1:59489 to /127.0.0.1:59490"        [_thread_in_native, id=5380, stack(0x0000004494400000,0x0000004494500000) (1024K)]
  0x0000015fb3633480 JavaThread "Cancel handler"                    [_thread_blocked, id=14620, stack(0x0000004494500000,0x0000004494600000) (1024K)]
  0x0000015fb9c0dc20 JavaThread "Daemon worker"                     [_thread_in_Java, id=13556, stack(0x0000004494600000,0x0000004494700000) (1024K)]
  0x0000015fb9c0efd0 JavaThread "Asynchronous log dispatcher for DefaultDaemonConnection: socket connection from /127.0.0.1:59489 to /127.0.0.1:59490"        [_thread_blocked, id=7360, stack(0x0000004494700000,0x0000004494800000) (1024K)]
  0x0000015fb9c10380 JavaThread "Stdin handler"                     [_thread_blocked, id=15528, stack(0x0000004494800000,0x0000004494900000) (1024K)]
  0x0000015fb9c0e940 JavaThread "Daemon client event forwarder"        [_thread_blocked, id=14436, stack(0x0000004494900000,0x0000004494a00000) (1024K)]
  0x0000015fb9c0f660 JavaThread "Cache worker for journal cache (C:\Users\ABDULLAH MAMUN\.gradle\caches\journal-1)"        [_thread_blocked, id=4028, stack(0x0000004494b00000,0x0000004494c00000) (1024K)]
  0x0000015fb9c0fcf0 JavaThread "File lock request listener"        [_thread_in_native, id=15608, stack(0x0000004494c00000,0x0000004494d00000) (1024K)]
  0x0000015fb9c0cf00 JavaThread "Cache worker for file hash cache (C:\Users\ABDULLAH MAMUN\.gradle\caches\8.9\fileHashes)"        [_thread_blocked, id=7636, stack(0x0000004494d00000,0x0000004494e00000) (1024K)]
=>0x0000015fba09f0b0 JavaThread "C2 CompilerThread2"         daemon [_thread_in_native, id=5484, stack(0x0000004494e00000,0x0000004494f00000) (1024K)]
  0x0000015fb9c11dc0 JavaThread "Cache worker for file hash cache (E:\MamunExplore\BanglaDictionary\.gradle\8.9\fileHashes)"        [_thread_blocked, id=15680, stack(0x0000004494f00000,0x0000004495000000) (1024K)]
  0x0000015fb9c0b4c0 JavaThread "Cache worker for Build Output Cleanup Cache (E:\MamunExplore\BanglaDictionary\.gradle\buildOutputCleanup)"        [_thread_blocked, id=7860, stack(0x0000004495000000,0x0000004495100000) (1024K)]
  0x0000015fb9c12ae0 JavaThread "File watcher server"        daemon [_thread_in_native, id=12944, stack(0x0000004495100000,0x0000004495200000) (1024K)]
  0x0000015fb9c12450 JavaThread "File watcher consumer"      daemon [_thread_blocked, id=2600, stack(0x0000004495200000,0x0000004495300000) (1024K)]
  0x0000015fb9c10a10 JavaThread "jar transforms"                    [_thread_blocked, id=7740, stack(0x0000004495300000,0x0000004495400000) (1024K)]
  0x0000015fb9c0c870 JavaThread "jar transforms Thread 2"           [_thread_blocked, id=6264, stack(0x0000004495400000,0x0000004495500000) (1024K)]
  0x0000015fb9c0bb50 JavaThread "jar transforms Thread 3"           [_thread_blocked, id=14904, stack(0x0000004495500000,0x0000004495600000) (1024K)]
  0x0000015fb9c0d590 JavaThread "jar transforms Thread 4"           [_thread_blocked, id=16176, stack(0x0000004495600000,0x0000004495700000) (1024K)]
  0x0000015fb9c110a0 JavaThread "jar transforms Thread 5"           [_thread_blocked, id=6664, stack(0x0000004495700000,0x0000004495800000) (1024K)]
  0x0000015fb9c0e2b0 JavaThread "jar transforms Thread 6"           [_thread_blocked, id=15320, stack(0x0000004495800000,0x0000004495900000) (1024K)]
  0x0000015fb9c11730 JavaThread "jar transforms Thread 7"           [_thread_blocked, id=2500, stack(0x0000004495900000,0x0000004495a00000) (1024K)]
  0x0000015fbb19e290 JavaThread "jar transforms Thread 8"           [_thread_blocked, id=16248, stack(0x0000004495a00000,0x0000004495b00000) (1024K)]
  0x0000015fbb19f640 JavaThread "Cache worker for checksums cache (E:\MamunExplore\BanglaDictionary\.gradle\8.9\checksums)"        [_thread_blocked, id=7708, stack(0x0000004495b00000,0x0000004495c00000) (1024K)]
  0x0000015fbb19bb30 JavaThread "Cache worker for file content cache (C:\Users\ABDULLAH MAMUN\.gradle\caches\8.9\fileContent)"        [_thread_blocked, id=12932, stack(0x0000004495c00000,0x0000004495d00000) (1024K)]
  0x0000015fbb19ae10 JavaThread "Cache worker for cache directory md-rule (C:\Users\ABDULLAH MAMUN\.gradle\caches\8.9\md-rule)"        [_thread_blocked, id=12272, stack(0x0000004495d00000,0x0000004495e00000) (1024K)]
  0x0000015fbb19b4a0 JavaThread "Cache worker for cache directory md-supplier (C:\Users\ABDULLAH MAMUN\.gradle\caches\8.9\md-supplier)"        [_thread_blocked, id=16112, stack(0x0000004495e00000,0x0000004495f00000) (1024K)]
  0x0000015fbb1a0360 JavaThread "Unconstrained build operations"        [_thread_blocked, id=10268, stack(0x0000004495f00000,0x0000004496000000) (1024K)]
  0x0000015fbb1993d0 JavaThread "Unconstrained build operations Thread 2"        [_thread_blocked, id=14804, stack(0x0000004496000000,0x0000004496100000) (1024K)]
  0x0000015fbb199a60 JavaThread "Unconstrained build operations Thread 3"        [_thread_blocked, id=3120, stack(0x0000004496100000,0x0000004496200000) (1024K)]
  0x0000015fbb19a0f0 JavaThread "Unconstrained build operations Thread 4"        [_thread_blocked, id=5844, stack(0x0000004496200000,0x0000004496300000) (1024K)]
  0x0000015fbb19c1c0 JavaThread "Unconstrained build operations Thread 5"        [_thread_blocked, id=4000, stack(0x0000004496300000,0x0000004496400000) (1024K)]
  0x0000015fbb19c850 JavaThread "Unconstrained build operations Thread 6"        [_thread_blocked, id=1484, stack(0x0000004496400000,0x0000004496500000) (1024K)]
  0x0000015fbb19d570 JavaThread "Unconstrained build operations Thread 7"        [_thread_blocked, id=15128, stack(0x0000004496500000,0x0000004496600000) (1024K)]
  0x0000015fbb19dc00 JavaThread "Unconstrained build operations Thread 8"        [_thread_blocked, id=5052, stack(0x0000004496600000,0x0000004496700000) (1024K)]
  0x0000015fbb162130 JavaThread "Unconstrained build operations Thread 9"        [_thread_blocked, id=14124, stack(0x0000004496700000,0x0000004496800000) (1024K)]
  0x0000015fbb166960 JavaThread "Unconstrained build operations Thread 10"        [_thread_blocked, id=4940, stack(0x0000004496800000,0x0000004496900000) (1024K)]
  0x0000015fbb161410 JavaThread "Unconstrained build operations Thread 11"        [_thread_blocked, id=12656, stack(0x0000004496900000,0x0000004496a00000) (1024K)]
  0x0000015fbb165c40 JavaThread "Unconstrained build operations Thread 12"        [_thread_blocked, id=11724, stack(0x0000004496a00000,0x0000004496b00000) (1024K)]
  0x0000015fbb166ff0 JavaThread "Unconstrained build operations Thread 13"        [_thread_blocked, id=5624, stack(0x0000004496b00000,0x0000004496c00000) (1024K)]
  0x0000015fbb1655b0 JavaThread "Unconstrained build operations Thread 14"        [_thread_blocked, id=6348, stack(0x0000004496c00000,0x0000004496d00000) (1024K)]
  0x0000015fbb160d80 JavaThread "Unconstrained build operations Thread 15"        [_thread_blocked, id=15884, stack(0x0000004496d00000,0x0000004496e00000) (1024K)]
  0x0000015fbb1627c0 JavaThread "Unconstrained build operations Thread 16"        [_thread_blocked, id=12680, stack(0x0000004496e00000,0x0000004496f00000) (1024K)]
  0x0000015fbb163b70 JavaThread "Unconstrained build operations Thread 17"        [_thread_blocked, id=15472, stack(0x0000004496f00000,0x0000004497000000) (1024K)]
  0x0000015fbb167680 JavaThread "Unconstrained build operations Thread 18"        [_thread_blocked, id=1700, stack(0x0000004497000000,0x0000004497100000) (1024K)]
Total: 60

Other Threads:
  0x0000015fb3361270 VMThread "VM Thread"                           [id=12616, stack(0x0000004492d00000,0x0000004492e00000) (1024K)]
  0x0000015fb3316210 WatcherThread "VM Periodic Task Thread"        [id=11772, stack(0x0000004492c00000,0x0000004492d00000) (1024K)]
  0x0000015f9bd01940 WorkerThread "GC Thread#0"                     [id=2740, stack(0x0000004492700000,0x0000004492800000) (1024K)]
  0x0000015fb8286920 WorkerThread "GC Thread#1"                     [id=11080, stack(0x0000004493a00000,0x0000004493b00000) (1024K)]
  0x0000015fb87fe6c0 WorkerThread "GC Thread#2"                     [id=13176, stack(0x0000004493b00000,0x0000004493c00000) (1024K)]
  0x0000015fb8c39a90 WorkerThread "GC Thread#3"                     [id=7852, stack(0x0000004493c00000,0x0000004493d00000) (1024K)]
  0x0000015fb8a44df0 WorkerThread "GC Thread#4"                     [id=8268, stack(0x0000004493d00000,0x0000004493e00000) (1024K)]
  0x0000015fb9bce5b0 WorkerThread "GC Thread#5"                     [id=15424, stack(0x0000004493f00000,0x0000004494000000) (1024K)]
  0x0000015fb9cfe7f0 WorkerThread "GC Thread#6"                     [id=15660, stack(0x0000004494000000,0x0000004494100000) (1024K)]
  0x0000015fb99d89f0 WorkerThread "GC Thread#7"                     [id=14252, stack(0x0000004494100000,0x0000004494200000) (1024K)]
  0x0000015f9bd122b0 ConcurrentGCThread "G1 Main Marker"            [id=14388, stack(0x0000004492800000,0x0000004492900000) (1024K)]
  0x0000015f9bd12db0 WorkerThread "G1 Conc#0"                       [id=15920, stack(0x0000004492900000,0x0000004492a00000) (1024K)]
  0x0000015fb9bb6570 WorkerThread "G1 Conc#1"                       [id=6668, stack(0x0000004494a00000,0x0000004494b00000) (1024K)]
  0x0000015f9bd6eb10 ConcurrentGCThread "G1 Refine#0"               [id=752, stack(0x0000004492a00000,0x0000004492b00000) (1024K)]
  0x0000015fb31db860 ConcurrentGCThread "G1 Service"                [id=9552, stack(0x0000004492b00000,0x0000004492c00000) (1024K)]
Total: 15

Threads with active compile tasks:
C2 CompilerThread0     7598 6329   !   4       java.net.URLClassLoader$1::run (81 bytes)
C2 CompilerThread1     7598 6467       4       org.gradle.internal.instantiation.generator.AbstractClassGenerator$InjectionAnnotationValidator::validateMethod (502 bytes)
C2 CompilerThread2     7599 6326       4       java.net.URLClassLoader$1::run (5 bytes)
Total: 3

VM state: not at safepoint (normal execution)

VM Mutex/Monitor currently owned by a thread: None

Heap address: 0x0000000080000000, size: 2048 MB, Compressed Oops mode: 32-bit

CDS archive(s) not mapped
Compressed class space mapped at: 0x0000000100000000-0x0000000140000000, reserved size: 1073741824
Narrow klass base: 0x0000000000000000, Narrow klass shift: 3, Narrow klass range: 0x140000000

GC Precious Log:
 CardTable entry size: 512
 Card Set container configuration: InlinePtr #cards 5 size 8 Array Of Cards #cards 12 size 40 Howl #buckets 4 coarsen threshold 1843 Howl Bitmap #cards 512 size 80 coarsen threshold 460 Card regions per heap region 1 cards per card region 2048
 CPUs: 8 total, 8 available
 Memory: 8089M
 Large Page Support: Disabled
 NUMA Support: Disabled
 Compressed Oops: Enabled (32-bit)
 Heap Region Size: 1M
 Heap Min Capacity: 8M
 Heap Initial Capacity: 128M
 Heap Max Capacity: 2G
 Pre-touch: Disabled
 Parallel Workers: 8
 Concurrent Workers: 2
 Concurrent Refinement Workers: 8
 Periodic GC: Disabled

Heap:
 garbage-first heap   total 142336K, used 88006K [0x0000000080000000, 0x0000000100000000)
  region size 1024K, 9 young (9216K), 2 survivors (2048K)
 Metaspace       used 66206K, committed 67904K, reserved 1114112K
  class space    used 9158K, committed 9984K, reserved 1048576K

Heap Regions: E=young(eden), S=young(survivor), O=old, HS=humongous(starts), HC=humongous(continues), CS=collection set, F=free, TAMS=top-at-mark-start, PB=parsable bottom
|   0|0x0000000080000000, 0x0000000080100000, 0x0000000080100000|100%|HS|  |TAMS 0x0000000080000000| PB 0x0000000080000000| Complete 
|   1|0x0000000080100000, 0x0000000080200000, 0x0000000080200000|100%|HC|  |TAMS 0x0000000080100000| PB 0x0000000080100000| Complete 
|   2|0x0000000080200000, 0x0000000080300000, 0x0000000080300000|100%|HC|  |TAMS 0x0000000080200000| PB 0x0000000080200000| Complete 
|   3|0x0000000080300000, 0x0000000080400000, 0x0000000080400000|100%|HC|  |TAMS 0x0000000080300000| PB 0x0000000080300000| Complete 
|   4|0x0000000080400000, 0x0000000080500000, 0x0000000080500000|100%| O|  |TAMS 0x0000000080400000| PB 0x0000000080400000| Untracked 
|   5|0x0000000080500000, 0x0000000080600000, 0x0000000080600000|100%| O|  |TAMS 0x0000000080500000| PB 0x0000000080500000| Untracked 
|   6|0x0000000080600000, 0x0000000080700000, 0x0000000080700000|100%| O|  |TAMS 0x0000000080600000| PB 0x0000000080600000| Untracked 
|   7|0x0000000080700000, 0x0000000080800000, 0x0000000080800000|100%| O|  |TAMS 0x0000000080700000| PB 0x0000000080700000| Untracked 
|   8|0x0000000080800000, 0x0000000080900000, 0x0000000080900000|100%| O|  |TAMS 0x0000000080800000| PB 0x0000000080800000| Untracked 
|   9|0x0000000080900000, 0x0000000080a00000, 0x0000000080a00000|100%| O|  |TAMS 0x0000000080900000| PB 0x0000000080900000| Untracked 
|  10|0x0000000080a00000, 0x0000000080b00000, 0x0000000080b00000|100%| O|  |TAMS 0x0000000080a00000| PB 0x0000000080a00000| Untracked 
|  11|0x0000000080b00000, 0x0000000080c00000, 0x0000000080c00000|100%|HS|  |TAMS 0x0000000080b00000| PB 0x0000000080b00000| Complete 
|  12|0x0000000080c00000, 0x0000000080d00000, 0x0000000080d00000|100%| O|  |TAMS 0x0000000080c00000| PB 0x0000000080c00000| Untracked 
|  13|0x0000000080d00000, 0x0000000080e00000, 0x0000000080e00000|100%| O|  |TAMS 0x0000000080d00000| PB 0x0000000080d00000| Untracked 
|  14|0x0000000080e00000, 0x0000000080f00000, 0x0000000080f00000|100%| O|  |TAMS 0x0000000080e00000| PB 0x0000000080e00000| Untracked 
|  15|0x0000000080f00000, 0x0000000081000000, 0x0000000081000000|100%| O|  |TAMS 0x0000000080f00000| PB 0x0000000080f00000| Untracked 
|  16|0x0000000081000000, 0x0000000081100000, 0x0000000081100000|100%| O|  |TAMS 0x0000000081000000| PB 0x0000000081000000| Untracked 
|  17|0x0000000081100000, 0x0000000081200000, 0x0000000081200000|100%| O|  |TAMS 0x0000000081100000| PB 0x0000000081100000| Untracked 
|  18|0x0000000081200000, 0x0000000081300000, 0x0000000081300000|100%| O|  |TAMS 0x0000000081200000| PB 0x0000000081200000| Untracked 
|  19|0x0000000081300000, 0x0000000081400000, 0x0000000081400000|100%| O|  |TAMS 0x0000000081300000| PB 0x0000000081300000| Untracked 
|  20|0x0000000081400000, 0x0000000081500000, 0x0000000081500000|100%|HS|  |TAMS 0x0000000081400000| PB 0x0000000081400000| Complete 
|  21|0x0000000081500000, 0x0000000081600000, 0x0000000081600000|100%|HC|  |TAMS 0x0000000081500000| PB 0x0000000081500000| Complete 
|  22|0x0000000081600000, 0x0000000081700000, 0x0000000081700000|100%|HC|  |TAMS 0x0000000081600000| PB 0x0000000081600000| Complete 
|  23|0x0000000081700000, 0x0000000081800000, 0x0000000081800000|100%|HC|  |TAMS 0x0000000081700000| PB 0x0000000081700000| Complete 
|  24|0x0000000081800000, 0x0000000081900000, 0x0000000081900000|100%|HC|  |TAMS 0x0000000081800000| PB 0x0000000081800000| Complete 
|  25|0x0000000081900000, 0x0000000081a00000, 0x0000000081a00000|100%|HC|  |TAMS 0x0000000081900000| PB 0x0000000081900000| Complete 
|  26|0x0000000081a00000, 0x0000000081b00000, 0x0000000081b00000|100%|HS|  |TAMS 0x0000000081a00000| PB 0x0000000081a00000| Complete 
|  27|0x0000000081b00000, 0x0000000081c00000, 0x0000000081c00000|100%|HC|  |TAMS 0x0000000081b00000| PB 0x0000000081b00000| Complete 
|  28|0x0000000081c00000, 0x0000000081d00000, 0x0000000081d00000|100%|HC|  |TAMS 0x0000000081c00000| PB 0x0000000081c00000| Complete 
|  29|0x0000000081d00000, 0x0000000081e00000, 0x0000000081e00000|100%|HS|  |TAMS 0x0000000081d00000| PB 0x0000000081d00000| Complete 
|  30|0x0000000081e00000, 0x0000000081f00000, 0x0000000081f00000|100%|HC|  |TAMS 0x0000000081e00000| PB 0x0000000081e00000| Complete 
|  31|0x0000000081f00000, 0x0000000082000000, 0x0000000082000000|100%|HS|  |TAMS 0x0000000081f00000| PB 0x0000000081f00000| Complete 
|  32|0x0000000082000000, 0x0000000082100000, 0x0000000082100000|100%| O|  |TAMS 0x0000000082000000| PB 0x0000000082000000| Untracked 
|  33|0x0000000082100000, 0x0000000082200000, 0x0000000082200000|100%| O|  |TAMS 0x0000000082100000| PB 0x0000000082100000| Untracked 
|  34|0x0000000082200000, 0x0000000082300000, 0x0000000082300000|100%| O|  |TAMS 0x0000000082200000| PB 0x0000000082200000| Untracked 
|  35|0x0000000082300000, 0x0000000082400000, 0x0000000082400000|100%| O|  |TAMS 0x0000000082300000| PB 0x0000000082300000| Untracked 
|  36|0x0000000082400000, 0x0000000082500000, 0x0000000082500000|100%| O|  |TAMS 0x0000000082400000| PB 0x0000000082400000| Untracked 
|  37|0x0000000082500000, 0x0000000082600000, 0x0000000082600000|100%| O|  |TAMS 0x0000000082500000| PB 0x0000000082500000| Untracked 
|  38|0x0000000082600000, 0x0000000082700000, 0x0000000082700000|100%| O|  |TAMS 0x0000000082600000| PB 0x0000000082600000| Untracked 
|  39|0x0000000082700000, 0x0000000082800000, 0x0000000082800000|100%| O|  |TAMS 0x0000000082700000| PB 0x0000000082700000| Untracked 
|  40|0x0000000082800000, 0x0000000082900000, 0x0000000082900000|100%| O|Cm|TAMS 0x0000000082800000| PB 0x0000000082800000| Complete 
|  41|0x0000000082900000, 0x0000000082a00000, 0x0000000082a00000|100%| O|  |TAMS 0x0000000082900000| PB 0x0000000082900000| Untracked 
|  42|0x0000000082a00000, 0x0000000082b00000, 0x0000000082b00000|100%| O|  |TAMS 0x0000000082a00000| PB 0x0000000082a00000| Untracked 
|  43|0x0000000082b00000, 0x0000000082c00000, 0x0000000082c00000|100%| O|  |TAMS 0x0000000082b00000| PB 0x0000000082b00000| Untracked 
|  44|0x0000000082c00000, 0x0000000082d00000, 0x0000000082d00000|100%| O|  |TAMS 0x0000000082c00000| PB 0x0000000082c00000| Untracked 
|  45|0x0000000082d00000, 0x0000000082e00000, 0x0000000082e00000|100%| O|  |TAMS 0x0000000082d00000| PB 0x0000000082d00000| Untracked 
|  46|0x0000000082e00000, 0x0000000082f00000, 0x0000000082f00000|100%| O|  |TAMS 0x0000000082e00000| PB 0x0000000082e00000| Untracked 
|  47|0x0000000082f00000, 0x0000000083000000, 0x0000000083000000|100%| O|  |TAMS 0x0000000082f00000| PB 0x0000000082f00000| Untracked 
|  48|0x0000000083000000, 0x0000000083100000, 0x0000000083100000|100%| O|  |TAMS 0x0000000083000000| PB 0x0000000083000000| Untracked 
|  49|0x0000000083100000, 0x0000000083200000, 0x0000000083200000|100%|HS|  |TAMS 0x0000000083100000| PB 0x0000000083100000| Complete 
|  50|0x0000000083200000, 0x0000000083300000, 0x0000000083300000|100%|HC|  |TAMS 0x0000000083200000| PB 0x0000000083200000| Complete 
|  51|0x0000000083300000, 0x0000000083400000, 0x0000000083400000|100%| O|  |TAMS 0x0000000083300000| PB 0x0000000083300000| Untracked 
|  52|0x0000000083400000, 0x0000000083500000, 0x0000000083500000|100%| O|Cm|TAMS 0x0000000083400000| PB 0x0000000083400000| Complete 
|  53|0x0000000083500000, 0x0000000083600000, 0x0000000083600000|100%| O|  |TAMS 0x0000000083500000| PB 0x0000000083500000| Untracked 
|  54|0x0000000083600000, 0x0000000083700000, 0x0000000083700000|100%| O|  |TAMS 0x0000000083600000| PB 0x0000000083600000| Untracked 
|  55|0x0000000083700000, 0x0000000083800000, 0x0000000083800000|100%| O|  |TAMS 0x0000000083700000| PB 0x0000000083700000| Untracked 
|  56|0x0000000083800000, 0x0000000083900000, 0x0000000083900000|100%| O|  |TAMS 0x0000000083800000| PB 0x0000000083800000| Untracked 
|  57|0x0000000083900000, 0x0000000083a00000, 0x0000000083a00000|100%| O|  |TAMS 0x0000000083900000| PB 0x0000000083900000| Untracked 
|  58|0x0000000083a00000, 0x0000000083b00000, 0x0000000083b00000|100%| O|  |TAMS 0x0000000083a00000| PB 0x0000000083a00000| Untracked 
|  59|0x0000000083b00000, 0x0000000083c00000, 0x0000000083c00000|100%|HS|  |TAMS 0x0000000083b00000| PB 0x0000000083b00000| Complete 
|  60|0x0000000083c00000, 0x0000000083d00000, 0x0000000083d00000|100%|HC|  |TAMS 0x0000000083c00000| PB 0x0000000083c00000| Complete 
|  61|0x0000000083d00000, 0x0000000083e00000, 0x0000000083e00000|100%|HC|  |TAMS 0x0000000083d00000| PB 0x0000000083d00000| Complete 
|  62|0x0000000083e00000, 0x0000000083f00000, 0x0000000083f00000|100%|HC|  |TAMS 0x0000000083e00000| PB 0x0000000083e00000| Complete 
|  63|0x0000000083f00000, 0x0000000084000000, 0x0000000084000000|100%|HC|  |TAMS 0x0000000083f00000| PB 0x0000000083f00000| Complete 
|  64|0x0000000084000000, 0x0000000084100000, 0x0000000084100000|100%|HC|  |TAMS 0x0000000084000000| PB 0x0000000084000000| Complete 
|  65|0x0000000084100000, 0x0000000084200000, 0x0000000084200000|100%|HS|  |TAMS 0x0000000084100000| PB 0x0000000084100000| Complete 
|  66|0x0000000084200000, 0x0000000084300000, 0x0000000084300000|100%|HC|  |TAMS 0x0000000084200000| PB 0x0000000084200000| Complete 
|  67|0x0000000084300000, 0x0000000084400000, 0x0000000084400000|100%|HC|  |TAMS 0x0000000084300000| PB 0x0000000084300000| Complete 
|  68|0x0000000084400000, 0x0000000084500000, 0x0000000084500000|100%|HC|  |TAMS 0x0000000084400000| PB 0x0000000084400000| Complete 
|  69|0x0000000084500000, 0x0000000084600000, 0x0000000084600000|100%|HC|  |TAMS 0x0000000084500000| PB 0x0000000084500000| Complete 
|  70|0x0000000084600000, 0x0000000084700000, 0x0000000084700000|100%|HC|  |TAMS 0x0000000084600000| PB 0x0000000084600000| Complete 
|  71|0x0000000084700000, 0x0000000084800000, 0x0000000084800000|100%| O|  |TAMS 0x0000000084700000| PB 0x0000000084700000| Untracked 
|  72|0x0000000084800000, 0x0000000084900000, 0x0000000084900000|100%| O|  |TAMS 0x0000000084800000| PB 0x0000000084800000| Untracked 
|  73|0x0000000084900000, 0x0000000084a00000, 0x0000000084a00000|100%| O|  |TAMS 0x0000000084900000| PB 0x0000000084900000| Untracked 
|  74|0x0000000084a00000, 0x0000000084af8610, 0x0000000084b00000| 97%| O|  |TAMS 0x0000000084a00000| PB 0x0000000084a00000| Untracked 
|  75|0x0000000084b00000, 0x0000000084b00000, 0x0000000084c00000|  0%| F|  |TAMS 0x0000000084b00000| PB 0x0000000084b00000| Untracked 
|  76|0x0000000084c00000, 0x0000000084c00000, 0x0000000084d00000|  0%| F|  |TAMS 0x0000000084c00000| PB 0x0000000084c00000| Untracked 
|  77|0x0000000084d00000, 0x0000000084d00000, 0x0000000084e00000|  0%| F|  |TAMS 0x0000000084d00000| PB 0x0000000084d00000| Untracked 
|  78|0x0000000084e00000, 0x0000000084e00000, 0x0000000084f00000|  0%| F|  |TAMS 0x0000000084e00000| PB 0x0000000084e00000| Untracked 
|  79|0x0000000084f00000, 0x0000000084f00000, 0x0000000085000000|  0%| F|  |TAMS 0x0000000084f00000| PB 0x0000000084f00000| Untracked 
|  80|0x0000000085000000, 0x0000000085000000, 0x0000000085100000|  0%| F|  |TAMS 0x0000000085000000| PB 0x0000000085000000| Untracked 
|  81|0x0000000085100000, 0x0000000085100000, 0x0000000085200000|  0%| F|  |TAMS 0x0000000085100000| PB 0x0000000085100000| Untracked 
|  82|0x0000000085200000, 0x0000000085200000, 0x0000000085300000|  0%| F|  |TAMS 0x0000000085200000| PB 0x0000000085200000| Untracked 
|  83|0x0000000085300000, 0x0000000085300000, 0x0000000085400000|  0%| F|  |TAMS 0x0000000085300000| PB 0x0000000085300000| Untracked 
|  84|0x0000000085400000, 0x0000000085400000, 0x0000000085500000|  0%| F|  |TAMS 0x0000000085400000| PB 0x0000000085400000| Untracked 
|  85|0x0000000085500000, 0x0000000085500000, 0x0000000085600000|  0%| F|  |TAMS 0x0000000085500000| PB 0x0000000085500000| Untracked 
|  86|0x0000000085600000, 0x00000000856f9210, 0x0000000085700000| 97%| S|CS|TAMS 0x0000000085600000| PB 0x0000000085600000| Complete 
|  87|0x0000000085700000, 0x0000000085800000, 0x0000000085800000|100%| S|CS|TAMS 0x0000000085700000| PB 0x0000000085700000| Complete 
|  88|0x0000000085800000, 0x0000000085800000, 0x0000000085900000|  0%| F|  |TAMS 0x0000000085800000| PB 0x0000000085800000| Untracked 
|  89|0x0000000085900000, 0x0000000085900000, 0x0000000085a00000|  0%| F|  |TAMS 0x0000000085900000| PB 0x0000000085900000| Untracked 
|  90|0x0000000085a00000, 0x0000000085a00000, 0x0000000085b00000|  0%| F|  |TAMS 0x0000000085a00000| PB 0x0000000085a00000| Untracked 
|  91|0x0000000085b00000, 0x0000000085b00000, 0x0000000085c00000|  0%| F|  |TAMS 0x0000000085b00000| PB 0x0000000085b00000| Untracked 
|  92|0x0000000085c00000, 0x0000000085c00000, 0x0000000085d00000|  0%| F|  |TAMS 0x0000000085c00000| PB 0x0000000085c00000| Untracked 
|  93|0x0000000085d00000, 0x0000000085d00000, 0x0000000085e00000|  0%| F|  |TAMS 0x0000000085d00000| PB 0x0000000085d00000| Untracked 
|  94|0x0000000085e00000, 0x0000000085e00000, 0x0000000085f00000|  0%| F|  |TAMS 0x0000000085e00000| PB 0x0000000085e00000| Untracked 
|  95|0x0000000085f00000, 0x0000000085f00000, 0x0000000086000000|  0%| F|  |TAMS 0x0000000085f00000| PB 0x0000000085f00000| Untracked 
|  96|0x0000000086000000, 0x0000000086000000, 0x0000000086100000|  0%| F|  |TAMS 0x0000000086000000| PB 0x0000000086000000| Untracked 
|  97|0x0000000086100000, 0x0000000086100000, 0x0000000086200000|  0%| F|  |TAMS 0x0000000086100000| PB 0x0000000086100000| Untracked 
|  98|0x0000000086200000, 0x0000000086200000, 0x0000000086300000|  0%| F|  |TAMS 0x0000000086200000| PB 0x0000000086200000| Untracked 
|  99|0x0000000086300000, 0x0000000086300000, 0x0000000086400000|  0%| F|  |TAMS 0x0000000086300000| PB 0x0000000086300000| Untracked 
| 100|0x0000000086400000, 0x0000000086400000, 0x0000000086500000|  0%| F|  |TAMS 0x0000000086400000| PB 0x0000000086400000| Untracked 
| 101|0x0000000086500000, 0x0000000086500000, 0x0000000086600000|  0%| F|  |TAMS 0x0000000086500000| PB 0x0000000086500000| Untracked 
| 102|0x0000000086600000, 0x0000000086600000, 0x0000000086700000|  0%| F|  |TAMS 0x0000000086600000| PB 0x0000000086600000| Untracked 
| 103|0x0000000086700000, 0x0000000086700000, 0x0000000086800000|  0%| F|  |TAMS 0x0000000086700000| PB 0x0000000086700000| Untracked 
| 104|0x0000000086800000, 0x0000000086800000, 0x0000000086900000|  0%| F|  |TAMS 0x0000000086800000| PB 0x0000000086800000| Untracked 
| 105|0x0000000086900000, 0x0000000086900000, 0x0000000086a00000|  0%| F|  |TAMS 0x0000000086900000| PB 0x0000000086900000| Untracked 
| 106|0x0000000086a00000, 0x0000000086a00000, 0x0000000086b00000|  0%| F|  |TAMS 0x0000000086a00000| PB 0x0000000086a00000| Untracked 
| 107|0x0000000086b00000, 0x0000000086b00000, 0x0000000086c00000|  0%| F|  |TAMS 0x0000000086b00000| PB 0x0000000086b00000| Untracked 
| 108|0x0000000086c00000, 0x0000000086c00000, 0x0000000086d00000|  0%| F|  |TAMS 0x0000000086c00000| PB 0x0000000086c00000| Untracked 
| 109|0x0000000086d00000, 0x0000000086d00000, 0x0000000086e00000|  0%| F|  |TAMS 0x0000000086d00000| PB 0x0000000086d00000| Untracked 
| 110|0x0000000086e00000, 0x0000000086e00000, 0x0000000086f00000|  0%| F|  |TAMS 0x0000000086e00000| PB 0x0000000086e00000| Untracked 
| 111|0x0000000086f00000, 0x0000000086f00000, 0x0000000087000000|  0%| F|  |TAMS 0x0000000086f00000| PB 0x0000000086f00000| Untracked 
| 112|0x0000000087000000, 0x0000000087000000, 0x0000000087100000|  0%| F|  |TAMS 0x0000000087000000| PB 0x0000000087000000| Untracked 
| 113|0x0000000087100000, 0x0000000087100000, 0x0000000087200000|  0%| F|  |TAMS 0x0000000087100000| PB 0x0000000087100000| Untracked 
| 114|0x0000000087200000, 0x0000000087200000, 0x0000000087300000|  0%| F|  |TAMS 0x0000000087200000| PB 0x0000000087200000| Untracked 
| 115|0x0000000087300000, 0x0000000087300000, 0x0000000087400000|  0%| F|  |TAMS 0x0000000087300000| PB 0x0000000087300000| Untracked 
| 116|0x0000000087400000, 0x0000000087400000, 0x0000000087500000|  0%| F|  |TAMS 0x0000000087400000| PB 0x0000000087400000| Untracked 
| 117|0x0000000087500000, 0x0000000087500000, 0x0000000087600000|  0%| F|  |TAMS 0x0000000087500000| PB 0x0000000087500000| Untracked 
| 118|0x0000000087600000, 0x0000000087700000, 0x0000000087700000|100%| E|CS|TAMS 0x0000000087600000| PB 0x0000000087600000| Complete 
| 119|0x0000000087700000, 0x0000000087700000, 0x0000000087800000|  0%| F|  |TAMS 0x0000000087700000| PB 0x0000000087700000| Untracked 
| 120|0x0000000087800000, 0x0000000087800000, 0x0000000087900000|  0%| F|  |TAMS 0x0000000087800000| PB 0x0000000087800000| Untracked 
| 121|0x0000000087900000, 0x0000000087900000, 0x0000000087a00000|  0%| F|  |TAMS 0x0000000087900000| PB 0x0000000087900000| Untracked 
| 122|0x0000000087a00000, 0x0000000087a00000, 0x0000000087b00000|  0%| F|  |TAMS 0x0000000087a00000| PB 0x0000000087a00000| Untracked 
| 123|0x0000000087b00000, 0x0000000087b00000, 0x0000000087c00000|  0%| F|  |TAMS 0x0000000087b00000| PB 0x0000000087b00000| Untracked 
| 124|0x0000000087c00000, 0x0000000087c00000, 0x0000000087d00000|  0%| F|  |TAMS 0x0000000087c00000| PB 0x0000000087c00000| Untracked 
| 125|0x0000000087d00000, 0x0000000087d00000, 0x0000000087e00000|  0%| F|  |TAMS 0x0000000087d00000| PB 0x0000000087d00000| Untracked 
| 126|0x0000000087e00000, 0x0000000087f00000, 0x0000000087f00000|100%| E|CS|TAMS 0x0000000087e00000| PB 0x0000000087e00000| Complete 
| 127|0x0000000087f00000, 0x0000000088000000, 0x0000000088000000|100%| E|CS|TAMS 0x0000000087f00000| PB 0x0000000087f00000| Complete 
| 128|0x0000000088000000, 0x0000000088000000, 0x0000000088100000|  0%| F|  |TAMS 0x0000000088000000| PB 0x0000000088000000| Untracked 
| 129|0x0000000088100000, 0x0000000088100000, 0x0000000088200000|  0%| F|  |TAMS 0x0000000088100000| PB 0x0000000088100000| Untracked 
| 130|0x0000000088200000, 0x0000000088200000, 0x0000000088300000|  0%| F|  |TAMS 0x0000000088200000| PB 0x0000000088200000| Untracked 
| 131|0x0000000088300000, 0x0000000088300000, 0x0000000088400000|  0%| F|  |TAMS 0x0000000088300000| PB 0x0000000088300000| Untracked 
| 132|0x0000000088400000, 0x0000000088480800, 0x0000000088500000| 50%| E|  |TAMS 0x0000000088400000| PB 0x0000000088400000| Complete 
| 133|0x0000000088500000, 0x0000000088600000, 0x0000000088600000|100%| E|CS|TAMS 0x0000000088500000| PB 0x0000000088500000| Complete 
| 134|0x0000000088600000, 0x0000000088700000, 0x0000000088700000|100%| E|CS|TAMS 0x0000000088600000| PB 0x0000000088600000| Complete 
| 135|0x0000000088700000, 0x0000000088800000, 0x0000000088800000|100%| E|CS|TAMS 0x0000000088700000| PB 0x0000000088700000| Complete 
|2045|0x00000000ffd00000, 0x00000000ffe00000, 0x00000000ffe00000|100%| O|  |TAMS 0x00000000ffd00000| PB 0x00000000ffd00000| Untracked 
|2046|0x00000000ffe00000, 0x00000000fff00000, 0x00000000fff00000|100%| O|  |TAMS 0x00000000ffe00000| PB 0x00000000ffe00000| Untracked 
|2047|0x00000000fff00000, 0x0000000100000000, 0x0000000100000000|100%| O|  |TAMS 0x00000000fff00000| PB 0x00000000fff00000| Untracked 

Card table byte_map: [0x0000015fae520000,0x0000015fae920000] _byte_map_base: 0x0000015fae120000

Marking Bits: (CMBitMap*) 0x0000015f99c1b1d0
 Bits: [0x0000015fae920000, 0x0000015fb0920000)

Polling page: 0x0000015f9b470000

Metaspace:

Usage:
  Non-class:     55.72 MB used.
      Class:      8.95 MB used.
       Both:     64.67 MB used.

Virtual space:
  Non-class space:       64.00 MB reserved,      56.56 MB ( 88%) committed,  1 nodes.
      Class space:        1.00 GB reserved,       9.75 MB ( <1%) committed,  1 nodes.
             Both:        1.06 GB reserved,      66.31 MB (  6%) committed. 

Chunk freelists:
   Non-Class:  7.27 MB
       Class:  6.07 MB
        Both:  13.33 MB

MaxMetaspaceSize: unlimited
CompressedClassSpaceSize: 1.00 GB
Initial GC threshold: 21.00 MB
Current GC threshold: 110.00 MB
CDS: off
 - commit_granule_bytes: 65536.
 - commit_granule_words: 8192.
 - virtual_space_node_default_size: 8388608.
 - enlarge_chunks_in_place: 1.
 - use_allocation_guard: 0.


Internal statistics:

num_allocs_failed_limit: 9.
num_arena_births: 3126.
num_arena_deaths: 0.
num_vsnodes_births: 2.
num_vsnodes_deaths: 0.
num_space_committed: 1061.
num_space_uncommitted: 0.
num_chunks_returned_to_freelist: 9.
num_chunks_taken_from_freelist: 5871.
num_chunk_merges: 9.
num_chunk_splits: 3779.
num_chunks_enlarged: 2271.
num_inconsistent_stats: 0.

CodeHeap 'non-profiled nmethods': size=120000Kb used=3248Kb max_used=3267Kb free=116751Kb
 bounds [0x0000015fa68c0000, 0x0000015fa6c00000, 0x0000015faddf0000]
CodeHeap 'profiled nmethods': size=120000Kb used=10446Kb max_used=10769Kb free=109553Kb
 bounds [0x0000015f9edf0000, 0x0000015f9f880000, 0x0000015fa6320000]
CodeHeap 'non-nmethods': size=5760Kb used=2710Kb max_used=2831Kb free=3049Kb
 bounds [0x0000015fa6320000, 0x0000015fa65f0000, 0x0000015fa68c0000]
 total_blobs=6398 nmethods=5536 adapters=765
 compilation: enabled
              stopped_count=0, restarted_count=0
 full_count=0

Compilation events (20 events):
Event: 7.550 Thread 0x0000015fb35532d0 6452       3       org.gradle.internal.snapshot.impl.AbstractValueProcessor::processValue (402 bytes)
Event: 7.552 Thread 0x0000015fb35532d0 nmethod 6452 0x0000015f9f55b290 code [0x0000015f9f55b900, 0x0000015f9f55f870]
Event: 7.552 Thread 0x0000015fb35532d0 6453       1       java.io.ObjectInputStream$HandleTable::size (5 bytes)
Event: 7.552 Thread 0x0000015fb35532d0 nmethod 6453 0x0000015fa6a1be10 code [0x0000015fa6a1bfa0, 0x0000015fa6a1c068]
Event: 7.552 Thread 0x0000015fb35532d0 6454       3       java.io.ObjectInputStream$BlockDataInputStream::readUTF (10 bytes)
Event: 7.552 Thread 0x0000015fb35532d0 nmethod 6454 0x0000015f9eef3d90 code [0x0000015f9eef3f40, 0x0000015f9eef40e0]
Event: 7.552 Thread 0x0000015fb35532d0 6455       3       java.io.ObjectInputStream$BlockDataInputStream::readUnsignedShort (76 bytes)
Event: 7.554 Thread 0x0000015fb35532d0 nmethod 6455 0x0000015f9f4b1310 code [0x0000015f9f4b15c0, 0x0000015f9f4b2268]
Event: 7.554 Thread 0x0000015fb35532d0 6457       3       java.io.ObjectInputStream$HandleTable::finish (111 bytes)
Event: 7.554 Thread 0x0000015fb35532d0 nmethod 6457 0x0000015f9efa2090 code [0x0000015f9efa2280, 0x0000015f9efa2838]
Event: 7.554 Thread 0x0000015fb35532d0 6456       3       jdk.internal.event.Event::<init> (5 bytes)
Event: 7.554 Thread 0x0000015fb35532d0 nmethod 6456 0x0000015f9f11f010 code [0x0000015f9f11f1c0, 0x0000015f9f11f328]
Event: 7.556 Thread 0x0000015fb35532d0 6458       3       org.gradle.model.internal.asm.MethodVisitorScope::_UNBOX (178 bytes)
Event: 7.556 Thread 0x0000015fb80b3cc0 nmethod 6437 0x0000015fa6b4b910 code [0x0000015fa6b4bae0, 0x0000015fa6b4c720]
Event: 7.557 Thread 0x0000015fb80b3cc0 6439 %     4       java.io.DataOutputStream::writeUTF @ 165 (389 bytes)
Event: 7.558 Thread 0x0000015fb35532d0 nmethod 6458 0x0000015f9f23b790 code [0x0000015f9f23bc20, 0x0000015f9f23dc98]
Event: 7.558 Thread 0x0000015fb35532d0 6459       3       org.gradle.model.internal.asm.MethodVisitorScope::_AUTOBOX (35 bytes)
Event: 7.559 Thread 0x0000015fb35532d0 nmethod 6459 0x0000015f9f1bd890 code [0x0000015f9f1bdaa0, 0x0000015f9f1be158]
Event: 7.564 Thread 0x0000015fb80b3cc0 nmethod 6439% 0x0000015fa6a99690 code [0x0000015fa6a99880, 0x0000015fa6a99ed0]
Event: 7.564 Thread 0x0000015fb80b3cc0 6449       4       java.lang.invoke.VarHandleGuards::guard_LII_V (135 bytes)

GC Heap History (20 events):
Event: 3.582 GC heap before
{Heap before GC invocations=7 (full 0):
 garbage-first heap   total 87040K, used 44180K [0x0000000080000000, 0x0000000100000000)
  region size 1024K, 10 young (10240K), 7 survivors (7168K)
 Metaspace       used 35455K, committed 36288K, reserved 1114112K
  class space    used 4803K, committed 5184K, reserved 1048576K
}
Event: 3.586 GC heap after
{Heap after GC invocations=8 (full 0):
 garbage-first heap   total 87040K, used 43302K [0x0000000080000000, 0x0000000100000000)
  region size 1024K, 1 young (1024K), 1 survivors (1024K)
 Metaspace       used 35455K, committed 36288K, reserved 1114112K
  class space    used 4803K, committed 5184K, reserved 1048576K
}
Event: 4.005 GC heap before
{Heap before GC invocations=9 (full 0):
 garbage-first heap   total 87040K, used 74022K [0x0000000080000000, 0x0000000100000000)
  region size 1024K, 31 young (31744K), 1 survivors (1024K)
 Metaspace       used 39245K, committed 40192K, reserved 1114112K
  class space    used 5416K, committed 5888K, reserved 1048576K
}
Event: 4.008 GC heap after
{Heap after GC invocations=10 (full 0):
 garbage-first heap   total 87040K, used 44065K [0x0000000080000000, 0x0000000100000000)
  region size 1024K, 2 young (2048K), 2 survivors (2048K)
 Metaspace       used 39245K, committed 40192K, reserved 1114112K
  class space    used 5416K, committed 5888K, reserved 1048576K
}
Event: 4.424 GC heap before
{Heap before GC invocations=10 (full 0):
 garbage-first heap   total 87040K, used 75809K [0x0000000080000000, 0x0000000100000000)
  region size 1024K, 33 young (33792K), 2 survivors (2048K)
 Metaspace       used 43646K, committed 44864K, reserved 1114112K
  class space    used 6141K, committed 6720K, reserved 1048576K
}
Event: 4.429 GC heap after
{Heap after GC invocations=11 (full 0):
 garbage-first heap   total 87040K, used 45990K [0x0000000080000000, 0x0000000100000000)
  region size 1024K, 4 young (4096K), 4 survivors (4096K)
 Metaspace       used 43646K, committed 44864K, reserved 1114112K
  class space    used 6141K, committed 6720K, reserved 1048576K
}
Event: 4.741 GC heap before
{Heap before GC invocations=11 (full 0):
 garbage-first heap   total 87040K, used 75686K [0x0000000080000000, 0x0000000100000000)
  region size 1024K, 34 young (34816K), 4 survivors (4096K)
 Metaspace       used 48862K, committed 50176K, reserved 1114112K
  class space    used 6654K, committed 7296K, reserved 1048576K
}
Event: 4.747 GC heap after
{Heap after GC invocations=12 (full 0):
 garbage-first heap   total 87040K, used 49624K [0x0000000080000000, 0x0000000100000000)
  region size 1024K, 5 young (5120K), 5 survivors (5120K)
 Metaspace       used 48862K, committed 50176K, reserved 1114112K
  class space    used 6654K, committed 7296K, reserved 1048576K
}
Event: 5.119 GC heap before
{Heap before GC invocations=13 (full 0):
 garbage-first heap   total 97280K, used 79320K [0x0000000080000000, 0x0000000100000000)
  region size 1024K, 30 young (30720K), 5 survivors (5120K)
 Metaspace       used 51064K, committed 52352K, reserved 1114112K
  class space    used 6847K, committed 7488K, reserved 1048576K
}
Event: 5.126 GC heap after
{Heap after GC invocations=14 (full 0):
 garbage-first heap   total 97280K, used 52442K [0x0000000080000000, 0x0000000100000000)
  region size 1024K, 4 young (4096K), 4 survivors (4096K)
 Metaspace       used 51064K, committed 52352K, reserved 1114112K
  class space    used 6847K, committed 7488K, reserved 1048576K
}
Event: 5.679 GC heap before
{Heap before GC invocations=14 (full 0):
 garbage-first heap   total 97280K, used 85210K [0x0000000080000000, 0x0000000100000000)
  region size 1024K, 36 young (36864K), 4 survivors (4096K)
 Metaspace       used 54999K, committed 56448K, reserved 1114112K
  class space    used 7524K, committed 8256K, reserved 1048576K
}
Event: 5.684 GC heap after
{Heap after GC invocations=15 (full 0):
 garbage-first heap   total 116736K, used 54026K [0x0000000080000000, 0x0000000100000000)
  region size 1024K, 2 young (2048K), 2 survivors (2048K)
 Metaspace       used 54999K, committed 56448K, reserved 1114112K
  class space    used 7524K, committed 8256K, reserved 1048576K
}
Event: 5.843 GC heap before
{Heap before GC invocations=15 (full 0):
 garbage-first heap   total 116736K, used 62218K [0x0000000080000000, 0x0000000100000000)
  region size 1024K, 11 young (11264K), 2 survivors (2048K)
 Metaspace       used 55672K, committed 57152K, reserved 1114112K
  class space    used 7647K, committed 8384K, reserved 1048576K
}
Event: 5.847 GC heap after
{Heap after GC invocations=16 (full 0):
 garbage-first heap   total 116736K, used 55686K [0x0000000080000000, 0x0000000100000000)
  region size 1024K, 4 young (4096K), 4 survivors (4096K)
 Metaspace       used 55672K, committed 57152K, reserved 1114112K
  class space    used 7647K, committed 8384K, reserved 1048576K
}
Event: 6.416 GC heap before
{Heap before GC invocations=17 (full 0):
 garbage-first heap   total 116736K, used 115078K [0x0000000080000000, 0x0000000100000000)
  region size 1024K, 47 young (48128K), 4 survivors (4096K)
 Metaspace       used 58165K, committed 59648K, reserved 1114112K
  class space    used 7863K, committed 8576K, reserved 1048576K
}
Event: 6.426 GC heap after
{Heap after GC invocations=18 (full 0):
 garbage-first heap   total 126976K, used 76588K [0x0000000080000000, 0x0000000100000000)
  region size 1024K, 7 young (7168K), 7 survivors (7168K)
 Metaspace       used 58165K, committed 59648K, reserved 1114112K
  class space    used 7863K, committed 8576K, reserved 1048576K
}
Event: 7.001 GC heap before
{Heap before GC invocations=18 (full 0):
 garbage-first heap   total 126976K, used 112428K [0x0000000080000000, 0x0000000100000000)
  region size 1024K, 42 young (43008K), 7 survivors (7168K)
 Metaspace       used 62108K, committed 63744K, reserved 1114112K
  class space    used 8498K, committed 9280K, reserved 1048576K
}
Event: 7.010 GC heap after
{Heap after GC invocations=19 (full 0):
 garbage-first heap   total 126976K, used 79975K [0x0000000080000000, 0x0000000100000000)
  region size 1024K, 4 young (4096K), 4 survivors (4096K)
 Metaspace       used 62108K, committed 63744K, reserved 1114112K
  class space    used 8498K, committed 9280K, reserved 1048576K
}
Event: 7.430 GC heap before
{Heap before GC invocations=19 (full 0):
 garbage-first heap   total 126976K, used 113767K [0x0000000080000000, 0x0000000100000000)
  region size 1024K, 37 young (37888K), 4 survivors (4096K)
 Metaspace       used 65824K, committed 67520K, reserved 1114112K
  class space    used 9095K, committed 9920K, reserved 1048576K
}
Event: 7.436 GC heap after
{Heap after GC invocations=20 (full 0):
 garbage-first heap   total 126976K, used 81862K [0x0000000080000000, 0x0000000100000000)
  region size 1024K, 2 young (2048K), 2 survivors (2048K)
 Metaspace       used 65824K, committed 67520K, reserved 1114112K
  class space    used 9095K, committed 9920K, reserved 1048576K
}

Dll operation events (3 events):
Event: 0.009 Loaded shared library E:\Old download\jbr\bin\java.dll
Event: 0.015 Loaded shared library E:\Old download\jbr\bin\zip.dll
Event: 0.481 Loaded shared library E:\Old download\jbr\bin\verify.dll

Deoptimization events (20 events):
Event: 7.288 Thread 0x0000015fb9c0dc20 DEOPT PACKING pc=0x0000015fa6b793e4 sp=0x00000044946f7970
Event: 7.288 Thread 0x0000015fb9c0dc20 DEOPT UNPACKING pc=0x0000015fa63746a2 sp=0x00000044946f7948 mode 2
Event: 7.322 Thread 0x0000015fb9c0dc20 Uncommon trap: trap_request=0xffffff45 fr.pc=0x0000015fa6bae05c relative=0x000000000000159c
Event: 7.322 Thread 0x0000015fb9c0dc20 Uncommon trap: reason=unstable_if action=reinterpret pc=0x0000015fa6bae05c method=java.util.concurrent.ConcurrentHashMap.computeIfAbsent(Ljava/lang/Object;Ljava/util/function/Function;)Ljava/lang/Object; @ 123 c2
Event: 7.322 Thread 0x0000015fb9c0dc20 DEOPT PACKING pc=0x0000015fa6bae05c sp=0x00000044946f91a0
Event: 7.322 Thread 0x0000015fb9c0dc20 DEOPT UNPACKING pc=0x0000015fa63746a2 sp=0x00000044946f9130 mode 2
Event: 7.324 Thread 0x0000015fb9c0dc20 Uncommon trap: trap_request=0xffffff45 fr.pc=0x0000015fa68ec5cc relative=0x00000000000003ac
Event: 7.324 Thread 0x0000015fb9c0dc20 Uncommon trap: reason=unstable_if action=reinterpret pc=0x0000015fa68ec5cc method=org.gradle.internal.reflect.PropertyAccessorType.isGetGetterName(Ljava/lang/String;)Z @ 14 c2
Event: 7.324 Thread 0x0000015fb9c0dc20 DEOPT PACKING pc=0x0000015fa68ec5cc sp=0x00000044946f8cf0
Event: 7.324 Thread 0x0000015fb9c0dc20 DEOPT UNPACKING pc=0x0000015fa63746a2 sp=0x00000044946f8c48 mode 2
Event: 7.342 Thread 0x0000015fb9c0dc20 Uncommon trap: trap_request=0xffffffc6 fr.pc=0x0000015fa6b1d478 relative=0x0000000000000298
Event: 7.342 Thread 0x0000015fb9c0dc20 Uncommon trap: reason=bimorphic_or_optimized_type_check action=maybe_recompile pc=0x0000015fa6b1d478 method=java.util.Spliterators$IteratorSpliterator.tryAdvance(Ljava/util/function/Consumer;)Z @ 50 c2
Event: 7.342 Thread 0x0000015fb9c0dc20 DEOPT PACKING pc=0x0000015fa6b1d478 sp=0x00000044946f9010
Event: 7.342 Thread 0x0000015fb9c0dc20 DEOPT UNPACKING pc=0x0000015fa63746a2 sp=0x00000044946f8fb0 mode 2
Event: 7.390 Thread 0x0000015fb9c0dc20 Uncommon trap: trap_request=0xffffffc6 fr.pc=0x0000015fa6b1d478 relative=0x0000000000000298
Event: 7.390 Thread 0x0000015fb9c0dc20 Uncommon trap: reason=bimorphic_or_optimized_type_check action=maybe_recompile pc=0x0000015fa6b1d478 method=java.util.Spliterators$IteratorSpliterator.tryAdvance(Ljava/util/function/Consumer;)Z @ 50 c2
Event: 7.390 Thread 0x0000015fb9c0dc20 DEOPT PACKING pc=0x0000015fa6b1d478 sp=0x00000044946f9010
Event: 7.390 Thread 0x0000015fb9c0dc20 DEOPT UNPACKING pc=0x0000015fa63746a2 sp=0x00000044946f8fb0 mode 2
Event: 7.529 Thread 0x0000015fb9c0dc20 DEOPT PACKING pc=0x0000015f9f1e97e3 sp=0x00000044946f5ee0
Event: 7.529 Thread 0x0000015fb9c0dc20 DEOPT UNPACKING pc=0x0000015fa6374e42 sp=0x00000044946f5378 mode 0

Classes loaded (20 events):
Event: 7.167 Loading class java/util/IdentityHashMap$EntryIterator
Event: 7.167 Loading class java/util/IdentityHashMap$IdentityHashMapIterator
Event: 7.167 Loading class java/util/IdentityHashMap$IdentityHashMapIterator done
Event: 7.167 Loading class java/util/IdentityHashMap$EntryIterator done
Event: 7.167 Loading class java/util/IdentityHashMap$EntryIterator$Entry
Event: 7.167 Loading class java/util/IdentityHashMap$EntryIterator$Entry done
Event: 7.183 Loading class java/util/concurrent/RecursiveAction
Event: 7.183 Loading class java/util/concurrent/RecursiveAction done
Event: 7.201 Loading class java/lang/invoke/SerializedLambda$1
Event: 7.201 Loading class java/lang/invoke/SerializedLambda$1 done
Event: 7.222 Loading class org/xml/sax/Locator
Event: 7.222 Loading class org/xml/sax/Locator done
Event: 7.222 Loading class org/xml/sax/SAXParseException
Event: 7.223 Loading class org/xml/sax/SAXParseException done
Event: 7.223 Loading class org/xml/sax/Attributes
Event: 7.223 Loading class org/xml/sax/Attributes done
Event: 7.274 Loading class java/util/DualPivotQuicksort
Event: 7.274 Loading class java/util/DualPivotQuicksort done
Event: 7.320 Loading class java/util/function/LongUnaryOperator
Event: 7.320 Loading class java/util/function/LongUnaryOperator done

Classes unloaded (0 events):
No events

Classes redefined (0 events):
No events

Internal exceptions (20 events):
Event: 7.460 Thread 0x0000015fb9c0dc20 Exception <a 'java/lang/ClassNotFoundException'{0x0000000087fc0ea0}: org/gradle/accessors/dm/LibrariesForLibs_DecoratedBeanInfo> (0x0000000087fc0ea0) 
thrown [s\src\hotspot\share\classfile\systemDictionary.cpp, line 312]
Event: 7.461 Thread 0x0000015fb9c0dc20 Exception <a 'java/lang/ClassNotFoundException'{0x0000000087fd1eb0}: org/gradle/accessors/dm/LibrariesForLibsBeanInfo> (0x0000000087fd1eb0) 
thrown [s\src\hotspot\share\classfile\systemDictionary.cpp, line 312]
Event: 7.463 Thread 0x0000015fb9c0dc20 Exception <a 'java/lang/ClassNotFoundException'{0x0000000087fe73c0}: org/gradle/api/internal/catalog/AbstractExternalDependencyFactoryBeanInfo> (0x0000000087fe73c0) 
thrown [s\src\hotspot\share\classfile\systemDictionary.cpp, line 312]
Event: 7.464 Thread 0x0000015fb9c0dc20 Exception <a 'java/lang/ClassNotFoundException'{0x0000000087ffc908}: org/gradle/api/internal/catalog/AbstractExternalDependencyFactoryCustomizer> (0x0000000087ffc908) 
thrown [s\src\hotspot\share\classfile\systemDictionary.cpp, line 312]
Event: 7.466 Thread 0x0000015fb9c0dc20 Exception <a 'java/lang/ClassNotFoundException'{0x0000000087e108b0}: org/gradle/accessors/dm/LibrariesForLibsCustomizer> (0x0000000087e108b0) 
thrown [s\src\hotspot\share\classfile\systemDictionary.cpp, line 312]
Event: 7.467 Thread 0x0000015fb9c0dc20 Exception <a 'java/lang/ClassNotFoundException'{0x0000000087e2ed98}: org/gradle/accessors/dm/LibrariesForLibs_DecoratedCustomizer> (0x0000000087e2ed98) 
thrown [s\src\hotspot\share\classfile\systemDictionary.cpp, line 312]
Event: 7.471 Thread 0x0000015fb9c0dc20 Exception <a 'java/lang/ClassNotFoundException'{0x0000000087e74668}: org/gradle/accessors/dm/LibrariesForLibs$PluginAccessorsBeanInfo> (0x0000000087e74668) 
thrown [s\src\hotspot\share\classfile\systemDictionary.cpp, line 312]
Event: 7.473 Thread 0x0000015fb9c0dc20 Exception <a 'java/lang/ClassNotFoundException'{0x0000000087e8a3d8}: org/gradle/api/internal/catalog/AbstractExternalDependencyFactory$PluginFactoryBeanInfo> (0x0000000087e8a3d8) 
thrown [s\src\hotspot\share\classfile\systemDictionary.cpp, line 312]
Event: 7.474 Thread 0x0000015fb9c0dc20 Exception <a 'java/lang/ClassNotFoundException'{0x0000000087e9ff10}: org/gradle/api/internal/catalog/AbstractExternalDependencyFactory$PluginFactoryCustomizer> (0x0000000087e9ff10) 
thrown [s\src\hotspot\share\classfile\systemDictionary.cpp, line 312]
Event: 7.475 Thread 0x0000015fb9c0dc20 Exception <a 'java/lang/ClassNotFoundException'{0x0000000087eb2b68}: org/gradle/accessors/dm/LibrariesForLibs$PluginAccessorsCustomizer> (0x0000000087eb2b68) 
thrown [s\src\hotspot\share\classfile\systemDictionary.cpp, line 312]
Event: 7.478 Thread 0x0000015fb9c0dc20 Exception <a 'java/lang/ClassNotFoundException'{0x0000000087ed4fc0}: org/gradle/accessors/dm/LibrariesForLibs$AndroidPluginAccessorsBeanInfo> (0x0000000087ed4fc0) 
thrown [s\src\hotspot\share\classfile\systemDictionary.cpp, line 312]
Event: 7.478 Thread 0x0000015fb9c0dc20 Exception <a 'java/lang/ClassNotFoundException'{0x0000000087ee65c0}: org/gradle/accessors/dm/LibrariesForLibs$AndroidPluginAccessorsCustomizer> (0x0000000087ee65c0) 
thrown [s\src\hotspot\share\classfile\systemDictionary.cpp, line 312]
Event: 7.502 Thread 0x0000015fb9c0dc20 Exception <a 'java/lang/IncompatibleClassChangeError'{0x0000000087655828}: Found class java.lang.Object, but interface was expected> (0x0000000087655828) 
thrown [s\src\hotspot\share\interpreter\linkResolver.cpp, line 851]
Event: 7.507 Thread 0x0000015fb9c0dc20 Exception <a 'java/lang/NoSuchMethodError'{0x00000000876847d0}: static Lorg/gradle/api/internal/catalog/DefaultVersionCatalog;.<clinit>()V> (0x00000000876847d0) 
thrown [s\src\hotspot\share\prims\jni.cpp, line 1126]
Event: 7.514 Thread 0x0000015fb9c0dc20 Exception <a 'java/lang/NoSuchMethodError'{0x00000000876db9d8}: static [Ljava/lang/Object;.<clinit>()V> (0x00000000876db9d8) 
thrown [s\src\hotspot\share\prims\jni.cpp, line 1126]
Event: 7.516 Thread 0x0000015fb9c0dc20 Exception <a 'java/lang/NoSuchMethodError'{0x0000000088706a30}: static Lorg/gradle/api/internal/catalog/DependencyModel;.<clinit>()V> (0x0000000088706a30) 
thrown [s\src\hotspot\share\prims\jni.cpp, line 1126]
Event: 7.529 Thread 0x0000015fb9c0dc20 Exception <a 'java/lang/NoSuchMethodError'{0x000000008870a928}: static Lorg/gradle/api/internal/catalog/AbstractContextAwareModel;.<clinit>()V> (0x000000008870a928) 
thrown [s\src\hotspot\share\prims\jni.cpp, line 1126]
Event: 7.532 Thread 0x0000015fb9c0dc20 Exception <a 'java/lang/NoSuchMethodError'{0x0000000088725e40}: static Lorg/gradle/api/internal/artifacts/dependencies/AbstractVersionConstraint;.<clinit>()V> (0x0000000088725e40) 
thrown [s\src\hotspot\share\prims\jni.cpp, line 1126]
Event: 7.545 Thread 0x0000015fb9c0dc20 Exception <a 'java/lang/NoSuchMethodError'{0x00000000887d89a0}: static Lorg/gradle/api/internal/catalog/PluginModel;.<clinit>()V> (0x00000000887d89a0) 
thrown [s\src\hotspot\share\prims\jni.cpp, line 1126]
Event: 7.547 Thread 0x0000015fb9c0dc20 Exception <a 'java/lang/NoSuchMethodError'{0x00000000887f20e0}: static Lorg/gradle/api/internal/catalog/VersionModel;.<clinit>()V> (0x00000000887f20e0) 
thrown [s\src\hotspot\share\prims\jni.cpp, line 1126]

ZGC Phase Switch (0 events):
No events

VM Operations (20 events):
Event: 6.869 Executing VM operation: ICBufferFull
Event: 6.870 Executing VM operation: ICBufferFull done
Event: 6.877 Executing VM operation: HandshakeAllThreads (Deoptimize)
Event: 6.877 Executing VM operation: HandshakeAllThreads (Deoptimize) done
Event: 6.944 Executing VM operation: HandshakeAllThreads (Deoptimize)
Event: 6.944 Executing VM operation: HandshakeAllThreads (Deoptimize) done
Event: 7.000 Executing VM operation: G1CollectForAllocation (G1 Evacuation Pause)
Event: 7.010 Executing VM operation: G1CollectForAllocation (G1 Evacuation Pause) done
Event: 7.079 Executing VM operation: HandshakeAllThreads (Deoptimize)
Event: 7.079 Executing VM operation: HandshakeAllThreads (Deoptimize) done
Event: 7.179 Executing VM operation: HandshakeAllThreads (Deoptimize)
Event: 7.179 Executing VM operation: HandshakeAllThreads (Deoptimize) done
Event: 7.430 Executing VM operation: G1CollectForAllocation (G1 Evacuation Pause)
Event: 7.436 Executing VM operation: G1CollectForAllocation (G1 Evacuation Pause) done
Event: 7.495 Executing VM operation: G1PauseRemark
Event: 7.499 Executing VM operation: G1PauseRemark done
Event: 7.510 Executing VM operation: HandshakeAllThreads (Deoptimize)
Event: 7.510 Executing VM operation: HandshakeAllThreads (Deoptimize) done
Event: 7.529 Executing VM operation: G1PauseCleanup
Event: 7.530 Executing VM operation: G1PauseCleanup done

Events (20 events):
Event: 7.499 Thread 0x0000015fb3361270 flushing nmethod 0x0000015f9eeb2690
Event: 7.499 Thread 0x0000015fb3361270 flushing nmethod 0x0000015f9eec2a10
Event: 7.499 Thread 0x0000015fb3361270 flushing nmethod 0x0000015f9ee99a90
Event: 7.499 Thread 0x0000015fb3361270 flushing nmethod 0x0000015f9ee98590
Event: 7.499 Thread 0x0000015fb3361270 flushing nmethod 0x0000015f9ee7a990
Event: 7.499 Thread 0x0000015fb3361270 flushing nmethod 0x0000015f9ee27490
Event: 7.499 Thread 0x0000015fb3361270 flushing nmethod 0x0000015f9ee19310
Event: 7.499 Thread 0x0000015fb3361270 flushing nmethod 0x0000015f9edfa790
Event: 7.499 Thread 0x0000015fb3361270 flushing nmethod 0x0000015fa6b4ef10
Event: 7.499 Thread 0x0000015fb3361270 flushing nmethod 0x0000015fa6b4b910
Event: 7.499 Thread 0x0000015fb3361270 flushing nmethod 0x0000015fa6b3f910
Event: 7.499 Thread 0x0000015fb3361270 flushing nmethod 0x0000015fa6a99690
Event: 7.499 Thread 0x0000015fb3361270 flushing nmethod 0x0000015fa6a3c390
Event: 7.499 Thread 0x0000015fb3361270 flushing nmethod 0x0000015fa6a1cb90
Event: 7.499 Thread 0x0000015fb3361270 flushing nmethod 0x0000015fa6a1b590
Event: 7.499 Thread 0x0000015fb3361270 flushing nmethod 0x0000015fa69d3090
Event: 7.499 Thread 0x0000015fb3361270 flushing nmethod 0x0000015fa69c7a10
Event: 7.499 Thread 0x0000015fb3361270 flushing nmethod 0x0000015fa6956590
Event: 7.499 Thread 0x0000015fb3361270 flushing nmethod 0x0000015fa693cd10
Event: 7.499 Thread 0x0000015fb3361270 flushing nmethod 0x0000015fa6921810


Dynamic libraries:
0x00007ff667030000 - 0x00007ff66703a000 	E:\Old download\jbr\bin\java.exe
0x00007ffa74d70000 - 0x00007ffa74f87000 	C:\Windows\SYSTEM32\ntdll.dll
0x00007ffa740a0000 - 0x00007ffa74164000 	C:\Windows\System32\KERNEL32.DLL
0x00007ffa721c0000 - 0x00007ffa72593000 	C:\Windows\System32\KERNELBASE.dll
0x00007ffa71eb0000 - 0x00007ffa71fc1000 	C:\Windows\System32\ucrtbase.dll
0x00007ffa6da70000 - 0x00007ffa6da88000 	E:\Old download\jbr\bin\jli.dll
0x00007ffa4f130000 - 0x00007ffa4f14b000 	E:\Old download\jbr\bin\VCRUNTIME140.dll
0x00007ffa73e70000 - 0x00007ffa74021000 	C:\Windows\System32\USER32.dll
0x00007ffa72190000 - 0x00007ffa721b6000 	C:\Windows\System32\win32u.dll
0x00007ffa5f000000 - 0x00007ffa5f298000 	C:\Windows\WinSxS\amd64_microsoft.windows.common-controls_6595b64144ccf1df_6.0.22621.5124_none_270e8f4f7386d69d\COMCTL32.dll
0x00007ffa744f0000 - 0x00007ffa74519000 	C:\Windows\System32\GDI32.dll
0x00007ffa745b0000 - 0x00007ffa74657000 	C:\Windows\System32\msvcrt.dll
0x00007ffa72710000 - 0x00007ffa7282b000 	C:\Windows\System32\gdi32full.dll
0x00007ffa72830000 - 0x00007ffa728ca000 	C:\Windows\System32\msvcp_win.dll
0x00007ffa73950000 - 0x00007ffa73981000 	C:\Windows\System32\IMM32.DLL
0x00007ffa1efb0000 - 0x00007ffa1efbc000 	E:\Old download\jbr\bin\vcruntime140_1.dll
0x00007ffa69990000 - 0x00007ffa69a1d000 	E:\Old download\jbr\bin\msvcp140.dll
0x00007ffa1efc0000 - 0x00007ffa1fc3d000 	E:\Old download\jbr\bin\server\jvm.dll
0x00007ffa73d90000 - 0x00007ffa73e41000 	C:\Windows\System32\ADVAPI32.dll
0x00007ffa73770000 - 0x00007ffa73818000 	C:\Windows\System32\sechost.dll
0x00007ffa71e80000 - 0x00007ffa71ea8000 	C:\Windows\System32\bcrypt.dll
0x00007ffa74bf0000 - 0x00007ffa74d04000 	C:\Windows\System32\RPCRT4.dll
0x00007ffa74520000 - 0x00007ffa74591000 	C:\Windows\System32\WS2_32.dll
0x00007ffa70cc0000 - 0x00007ffa70d0d000 	C:\Windows\SYSTEM32\POWRPROF.dll
0x00007ffa6d340000 - 0x00007ffa6d374000 	C:\Windows\SYSTEM32\WINMM.dll
0x00007ffa6d310000 - 0x00007ffa6d31a000 	C:\Windows\SYSTEM32\VERSION.dll
0x00007ffa70ca0000 - 0x00007ffa70cb3000 	C:\Windows\SYSTEM32\UMPDC.dll
0x00007ffa70f60000 - 0x00007ffa70f78000 	C:\Windows\SYSTEM32\kernel.appcore.dll
0x00007ffa1efa0000 - 0x00007ffa1efaa000 	E:\Old download\jbr\bin\jimage.dll
0x00007ffa6f8d0000 - 0x00007ffa6fb02000 	C:\Windows\SYSTEM32\DBGHELP.DLL
0x00007ffa72b30000 - 0x00007ffa72ec2000 	C:\Windows\System32\combase.dll
0x00007ffa73820000 - 0x00007ffa738f7000 	C:\Windows\System32\OLEAUT32.dll
0x00007ffa544f0000 - 0x00007ffa54522000 	C:\Windows\SYSTEM32\dbgcore.DLL
0x00007ffa71fd0000 - 0x00007ffa7204b000 	C:\Windows\System32\bcryptPrimitives.dll
0x00007ffa6d800000 - 0x00007ffa6d80e000 	E:\Old download\jbr\bin\instrument.dll
0x00007ffa1ef80000 - 0x00007ffa1ef9f000 	E:\Old download\jbr\bin\java.dll
0x00007ffa1ef60000 - 0x00007ffa1ef78000 	E:\Old download\jbr\bin\zip.dll
0x00007ffa72ed0000 - 0x00007ffa73766000 	C:\Windows\System32\SHELL32.dll
0x00007ffa72050000 - 0x00007ffa7218f000 	C:\Windows\System32\wintypes.dll
0x00007ffa6fd60000 - 0x00007ffa7067a000 	C:\Windows\SYSTEM32\windows.storage.dll
0x00007ffa743e0000 - 0x00007ffa744ea000 	C:\Windows\System32\SHCORE.dll
0x00007ffa74030000 - 0x00007ffa74093000 	C:\Windows\System32\shlwapi.dll
0x00007ffa71db0000 - 0x00007ffa71ddb000 	C:\Windows\SYSTEM32\profapi.dll
0x00007ffa1ef50000 - 0x00007ffa1ef60000 	E:\Old download\jbr\bin\net.dll
0x00007ffa6d570000 - 0x00007ffa6d69c000 	C:\Windows\SYSTEM32\WINHTTP.dll
0x00007ffa713e0000 - 0x00007ffa7144a000 	C:\Windows\system32\mswsock.dll
0x00007ffa1ef30000 - 0x00007ffa1ef46000 	E:\Old download\jbr\bin\nio.dll
0x00007ffa6e170000 - 0x00007ffa6e180000 	E:\Old download\jbr\bin\verify.dll
0x00007ffa0ca00000 - 0x00007ffa0ca27000 	C:\Users\ABDULLAH MAMUN\.gradle\native\c067742578af261105cb4f569cf0c3c89f3d7b1fecec35dd04571415982c5e48\windows-amd64\native-platform.dll
0x00007ffa49330000 - 0x00007ffa49474000 	C:\Users\ABDULLAH MAMUN\.gradle\native\100fb08df4bc3b14c8652ba06237920a3bd2aa13389f12d3474272988ae205f9\windows-amd64\native-platform-file-events.dll
0x00007ffa1eb10000 - 0x00007ffa1eb19000 	E:\Old download\jbr\bin\management.dll
0x00007ffa6e250000 - 0x00007ffa6e25b000 	E:\Old download\jbr\bin\management_ext.dll
0x00007ffa74270000 - 0x00007ffa74278000 	C:\Windows\System32\PSAPI.DLL
0x00007ffa71660000 - 0x00007ffa7167b000 	C:\Windows\SYSTEM32\CRYPTSP.dll
0x00007ffa70ec0000 - 0x00007ffa70ef7000 	C:\Windows\system32\rsaenh.dll
0x00007ffa714c0000 - 0x00007ffa714e8000 	C:\Windows\SYSTEM32\USERENV.dll
0x00007ffa71650000 - 0x00007ffa7165c000 	C:\Windows\SYSTEM32\CRYPTBASE.dll
0x00007ffa70950000 - 0x00007ffa7097d000 	C:\Windows\SYSTEM32\IPHLPAPI.DLL
0x00007ffa73e50000 - 0x00007ffa73e59000 	C:\Windows\System32\NSI.dll
0x00007ffa1eb70000 - 0x00007ffa1eb79000 	E:\Old download\jbr\bin\extnet.dll
0x00007ffa1fdd0000 - 0x00007ffa1fdd8000 	C:\Windows\system32\wshunix.dll

dbghelp: loaded successfully - version: 4.0.5 - missing functions: none
symbol engine: initialized successfully - sym options: 0x614 - pdb path: .;E:\Old download\jbr\bin;C:\Windows\SYSTEM32;C:\Windows\WinSxS\amd64_microsoft.windows.common-controls_6595b64144ccf1df_6.0.22621.5124_none_270e8f4f7386d69d;E:\Old download\jbr\bin\server;C:\Users\ABDULLAH MAMUN\.gradle\native\c067742578af261105cb4f569cf0c3c89f3d7b1fecec35dd04571415982c5e48\windows-amd64;C:\Users\ABDULLAH MAMUN\.gradle\native\100fb08df4bc3b14c8652ba06237920a3bd2aa13389f12d3474272988ae205f9\windows-amd64

VM Arguments:
jvm_args: --add-opens=java.base/java.util=ALL-UNNAMED --add-opens=java.base/java.lang=ALL-UNNAMED --add-opens=java.base/java.lang.invoke=ALL-UNNAMED --add-opens=java.prefs/java.util.prefs=ALL-UNNAMED --add-exports=jdk.compiler/com.sun.tools.javac.api=ALL-UNNAMED --add-exports=jdk.compiler/com.sun.tools.javac.util=ALL-UNNAMED --add-opens=java.base/java.nio.charset=ALL-UNNAMED --add-opens=java.base/java.net=ALL-UNNAMED --add-opens=java.base/java.util.concurrent.atomic=ALL-UNNAMED -Xmx2048m -Dfile.encoding=UTF-8 -Duser.country=US -Duser.language=en -Duser.variant -javaagent:C:\Users\ABDULLAH MAMUN\.gradle\wrapper\dists\gradle-8.9-bin\90cnw93cvbtalezasaz0blq0a\gradle-8.9\lib\agents\gradle-instrumentation-agent-8.9.jar 
java_command: org.gradle.launcher.daemon.bootstrap.GradleDaemon 8.9
java_class_path (initial): C:\Users\ABDULLAH MAMUN\.gradle\wrapper\dists\gradle-8.9-bin\90cnw93cvbtalezasaz0blq0a\gradle-8.9\lib\gradle-daemon-main-8.9.jar
Launcher Type: SUN_STANDARD

[Global flags]
     intx CICompilerCount                          = 4                                         {product} {ergonomic}
     uint ConcGCThreads                            = 2                                         {product} {ergonomic}
     uint G1ConcRefinementThreads                  = 8                                         {product} {ergonomic}
   size_t G1HeapRegionSize                         = 1048576                                   {product} {ergonomic}
    uintx GCDrainStackTargetSize                   = 64                                        {product} {ergonomic}
   size_t InitialHeapSize                          = 134217728                                 {product} {ergonomic}
   size_t MarkStackSize                            = 4194304                                   {product} {ergonomic}
   size_t MaxHeapSize                              = 2147483648                                {product} {command line}
   size_t MaxNewSize                               = 1287651328                                {product} {ergonomic}
   size_t MinHeapDeltaBytes                        = 1048576                                   {product} {ergonomic}
   size_t MinHeapSize                              = 8388608                                   {product} {ergonomic}
    uintx NonNMethodCodeHeapSize                   = 5839372                                {pd product} {ergonomic}
    uintx NonProfiledCodeHeapSize                  = 122909434                              {pd product} {ergonomic}
    uintx ProfiledCodeHeapSize                     = 122909434                              {pd product} {ergonomic}
    uintx ReservedCodeCacheSize                    = 251658240                              {pd product} {ergonomic}
     bool SegmentedCodeCache                       = true                                      {product} {ergonomic}
   size_t SoftMaxHeapSize                          = 2147483648                             {manageable} {ergonomic}
     bool UseCompressedOops                        = true                           {product lp64_product} {ergonomic}
     bool UseG1GC                                  = true                                      {product} {ergonomic}
     bool UseLargePagesIndividualAllocation        = false                                  {pd product} {ergonomic}

Logging:
Log output configuration:
 #0: stdout all=warning uptime,level,tags foldmultilines=false
 #1: stderr all=off uptime,level,tags foldmultilines=false

Environment Variables:
PATH=C:\Windows\system32;C:\Windows;C:\Windows\System32\Wbem;C:\Windows\System32\WindowsPowerShell\v1.0\;C:\Windows\System32\OpenSSH\;C:\Program Files\Git\cmd;C:\Users\ABDULLAH MAMUN\AppData\Local\Microsoft\WindowsApps;E:\E downloads\E-programs\Microsoft VS Code\bin
USERNAME=ABDULLAH MAMUN
OS=Windows_NT
PROCESSOR_IDENTIFIER=Intel64 Family 6 Model 142 Stepping 10, GenuineIntel
TMP=C:\Users\ABDULL~1\AppData\Local\Temp
TEMP=C:\Users\ABDULL~1\AppData\Local\Temp




Periodic native trim disabled

JNI global refs:
JNI global refs: 27, weak refs: 0

JNI global refs memory usage: 835, weak refs: 833

Process memory usage:
Resident Set Size: 351640K (4% of 8283164K total physical memory with 482136K free physical memory)

OOME stack traces (most recent first):
Classloader memory used:
Loader org.gradle.internal.classloader.VisitableURLClassLoader                         : 31369K
Loader bootstrap                                                                       : 22767K
Loader org.gradle.initialization.MixInLegacyTypesClassLoader                           : 9381K
Loader org.gradle.internal.classloader.VisitableURLClassLoader                         : 840K
Loader org.gradle.internal.classloader.VisitableURLClassLoader$InstrumentingVisitableURLClassLoader: 698K
Loader jdk.internal.loader.ClassLoaders$PlatformClassLoader                            : 497K
Loader jdk.internal.reflect.DelegatingClassLoader                                      : 265K
Loader jdk.internal.loader.ClassLoaders$AppClassLoader                                 : 230K
Loader org.gradle.groovy.scripts.internal.DefaultScriptCompilationHandler$ScriptClassLoader: 159K
Loader org.codehaus.groovy.runtime.callsite.CallSiteClassLoader                        : 58288B

Classes loaded by more than one classloader:
Class org.gradle.api.GradleException                                                  : loaded 3 times (x 79B)
Class org.gradle.internal.classloader.ClassLoaderHierarchy                            : loaded 2 times (x 67B)
Class org.gradle.api.internal.classpath.ManifestUtil                                  : loaded 2 times (x 68B)
Class org.jetbrains.plugins.gradle.model.GradleExtensions                             : loaded 2 times (x 67B)
Class org.jetbrains.plugins.gradle.model.AnnotationProcessingModel                    : loaded 2 times (x 67B)
Class org.gradle.internal.operations.MultipleBuildOperationFailures                   : loaded 2 times (x 92B)
Class org.jetbrains.kotlin.idea.gradleTooling.model.noarg.NoArgModel                  : loaded 2 times (x 67B)
Class org.gradle.internal.classloader.DefaultClassLoaderFactory                       : loaded 2 times (x 79B)
Class kotlin.collections.AbstractList$Companion                                       : loaded 2 times (x 68B)
Class org.gradle.internal.classloader.ClassLoaderVisitor                              : loaded 2 times (x 73B)
Class settings_e8vr1gc02it6hvikkn7ehss8t$_run_closure1$_closure2                      : loaded 2 times (x 136B)
Class org.gradle.api.internal.classpath.EffectiveClassPath                            : loaded 2 times (x 87B)
Class org.gradle.tooling.internal.gradle.DefaultProjectIdentifier                     : loaded 2 times (x 83B)
Class org.jetbrains.kotlin.idea.gradleTooling.model.allopen.AllOpenModel              : loaded 2 times (x 67B)
Class org.gradle.api.internal.DefaultClassPathProvider                                : loaded 2 times (x 73B)
Class [Lorg.gradle.api.internal.ClassPathProvider;                                    : loaded 2 times (x 66B)
Class org.gradle.api.internal.ClassPathProvider                                       : loaded 2 times (x 67B)
Class org.gradle.internal.service.UnknownServiceException                             : loaded 2 times (x 80B)
Class org.jetbrains.kotlin.idea.gradleTooling.KotlinDslScriptAdditionalTask           : loaded 2 times (x 67B)
Class org.gradle.internal.classpath.TransformedClassPath                              : loaded 2 times (x 93B)
Class kotlin.enums.EnumEntriesList                                                    : loaded 2 times (x 220B)
Class org.jetbrains.plugins.gradle.model.IntelliJSettings                             : loaded 2 times (x 67B)
Class org.jetbrains.kotlin.idea.gradleTooling.KotlinSourceSetContainer                : loaded 2 times (x 67B)
Class org.gradle.internal.service.ServiceLocator                                      : loaded 2 times (x 67B)
Class org.jetbrains.kotlin.android.synthetic.idea.AndroidExtensionsGradleModel        : loaded 2 times (x 67B)
Class org.gradle.tooling.model.UnsupportedMethodException                             : loaded 2 times (x 79B)
Class org.gradle.internal.InternalTransformer                                         : loaded 2 times (x 67B)
Class sync_studio_tooling19668_7rbq0k0oilsjd6gculy7qv70d                              : loaded 2 times (x 176B)
Class org.gradle.internal.time.DefaultTimer                                           : loaded 2 times (x 77B)
Class org.gradle.internal.classloader.ClasspathUtil$1                                 : loaded 2 times (x 73B)
Class org.gradle.api.internal.classpath.DefaultModuleRegistry$DefaultModule           : loaded 2 times (x 83B)
Class org.jetbrains.kotlin.idea.gradleTooling.model.lombok.LombokModel                : loaded 2 times (x 67B)
Class org.gradle.internal.time.DefaultCountdownTimer                                  : loaded 2 times (x 85B)
Class org.gradle.tooling.internal.gradle.DefaultBuildIdentifier                       : loaded 2 times (x 76B)
Class kotlin.Function                                                                 : loaded 2 times (x 67B)
Class org.gradle.api.internal.classpath.Module                                        : loaded 2 times (x 67B)
Class org.gradle.api.internal.classpath.UnknownModuleException                        : loaded 2 times (x 79B)
Class com.intellij.openapi.externalSystem.model.project.dependencies.ProjectDependencies: loaded 2 times (x 67B)
Class org.gradle.tooling.internal.gradle.GradleProjectIdentity                        : loaded 2 times (x 67B)
Class org.gradle.api.internal.DefaultClassPathRegistry                                : loaded 2 times (x 73B)
Class org.gradle.api.internal.ClassPathRegistry                                       : loaded 2 times (x 67B)
Class org.gradle.internal.classpath.DefaultClassPath$ImmutableUniqueList              : loaded 2 times (x 196B)
Class org.gradle.internal.classpath.ClassPath                                         : loaded 2 times (x 67B)
Class org.gradle.api.UncheckedIOException                                             : loaded 2 times (x 79B)
Class org.jetbrains.kotlin.idea.gradleTooling.KotlinGradleModel                       : loaded 2 times (x 67B)
Class org.gradle.tooling.model.Model                                                  : loaded 2 times (x 67B)
Class kotlin.UninitializedPropertyAccessException                                     : loaded 2 times (x 79B)
Class org.jetbrains.plugins.gradle.model.IntelliJProjectSettings                      : loaded 2 times (x 67B)
Class org.jetbrains.kotlin.idea.gradleTooling.model.annotation.AnnotationBasedPluginModel: loaded 2 times (x 67B)
Class org.gradle.internal.installation.GradleInstallation$1                           : loaded 2 times (x 72B)
Class org.gradle.api.internal.classpath.ModuleRegistry                                : loaded 2 times (x 67B)
Class org.jetbrains.plugins.gradle.model.VersionCatalogsModel                         : loaded 2 times (x 67B)
Class org.gradle.api.internal.classpath.DefaultModuleRegistry                         : loaded 2 times (x 80B)
Class org.gradle.internal.time.MonotonicClock                                         : loaded 2 times (x 74B)
Class org.gradle.internal.service.ServiceLookupException                              : loaded 2 times (x 79B)
Class org.gradle.internal.classloader.ClassLoaderFactory                              : loaded 2 times (x 67B)
Class org.gradle.internal.service.CachingServiceLocator                               : loaded 2 times (x 79B)
Class org.jetbrains.plugins.gradle.model.RepositoryModels                             : loaded 2 times (x 67B)
Class org.gradle.internal.time.TimeSource                                             : loaded 2 times (x 67B)
Class org.gradle.tooling.internal.gradle.GradleBuildIdentity                          : loaded 2 times (x 67B)
Class kotlin.enums.EnumEntries                                                        : loaded 2 times (x 67B)
Class org.gradle.internal.exceptions.ResolutionProvider                               : loaded 2 times (x 67B)
Class org.gradle.tooling.model.ProjectIdentifier                                      : loaded 2 times (x 67B)
Class org.gradle.internal.classloader.ClasspathUtil                                   : loaded 2 times (x 68B)
Class org.gradle.internal.time.TimeSource$1                                           : loaded 2 times (x 74B)
Class kotlin.jvm.internal.DefaultConstructorMarker                                    : loaded 2 times (x 68B)
Class org.gradle.api.specs.Spec                                                       : loaded 2 times (x 67B)
Class org.gradle.internal.time.Clock                                                  : loaded 2 times (x 67B)
Class org.jetbrains.plugins.gradle.model.jar.JarTaskManifestConfiguration             : loaded 2 times (x 67B)
Class kotlin.collections.AbstractList                                                 : loaded 2 times (x 194B)
Class kotlin.collections.AbstractCollection                                           : loaded 2 times (x 114B)
Class org.gradle.internal.classloader.VisitableURLClassLoader$InstrumentingVisitableURLClassLoader: loaded 2 times (x 120B)
Class org.gradle.internal.classloader.VisitableURLClassLoader$Spec                    : loaded 2 times (x 71B)
Class org.gradle.internal.classpath.DefaultClassPath                                  : loaded 2 times (x 87B)
Class org.gradle.internal.classloader.ClassLoaderSpec                                 : loaded 2 times (x 68B)
Class org.gradle.internal.classloader.VisitableURLClassLoader                         : loaded 2 times (x 114B)
Class org.gradle.internal.Cast                                                        : loaded 2 times (x 68B)
Class org.gradle.api.Action                                                           : loaded 2 times (x 67B)
Class kotlin.jvm.functions.Function1                                                  : loaded 2 times (x 67B)
Class org.gradle.internal.agents.InstrumentingClassLoader                             : loaded 2 times (x 67B)
Class org.gradle.internal.classpath.DefaultClassPath$ImmutableUniqueList$Builder      : loaded 2 times (x 72B)
Class org.jetbrains.kotlin.idea.gradleTooling.model.samWithReceiver.SamWithReceiverModel: loaded 2 times (x 67B)
Class org.gradle.internal.classloader.FilteringClassLoader                            : loaded 2 times (x 102B)
Class org.gradle.internal.exceptions.NonGradleCauseExceptionsHolder                   : loaded 2 times (x 67B)
Class settings_e8vr1gc02it6hvikkn7ehss8t$_run_closure1                                : loaded 2 times (x 136B)
Class org.jetbrains.kotlin.idea.gradleTooling.model.assignment.AssignmentModel        : loaded 2 times (x 67B)
Class kotlin.enums.EnumEntriesKt                                                      : loaded 2 times (x 68B)
Class org.gradle.internal.IoActions                                                   : loaded 2 times (x 68B)
Class settings_e8vr1gc02it6hvikkn7ehss8t                                              : loaded 2 times (x 176B)
Class ijInit1_4vb4p0chayksx1t905xb523d7                                               : loaded 2 times (x 176B)
Class org.gradle.internal.classloader.SystemClassLoaderSpec                           : loaded 2 times (x 68B)
Class org.gradle.internal.exceptions.MultiCauseException                              : loaded 2 times (x 67B)
Class org.gradle.internal.time.CountdownTimer                                         : loaded 2 times (x 67B)
Class kotlin.jvm.internal.Intrinsics                                                  : loaded 2 times (x 68B)
Class org.jetbrains.kotlin.idea.gradleTooling.model.parcelize.ParcelizeGradleModel    : loaded 2 times (x 67B)
Class org.gradle.tooling.model.ProjectModel                                           : loaded 2 times (x 67B)
Class kotlin.KotlinNullPointerException                                               : loaded 2 times (x 80B)
Class org.jetbrains.plugins.gradle.model.tests.ExternalTestsModel                     : loaded 2 times (x 67B)
Class org.gradle.internal.exceptions.DefaultMultiCauseException                       : loaded 2 times (x 92B)
Class org.gradle.internal.time.Time                                                   : loaded 2 times (x 68B)
Class org.jetbrains.plugins.gradle.model.DependencyAccessorsModel                     : loaded 2 times (x 67B)
Class org.jetbrains.kotlin.idea.gradleTooling.KotlinMPPGradleModel                    : loaded 2 times (x 67B)
Class org.gradle.tooling.model.BuildIdentifier                                        : loaded 2 times (x 67B)
Class org.jetbrains.kotlin.idea.gradleTooling.PrepareKotlinIdeImportTaskModel         : loaded 2 times (x 67B)
Class org.gradle.internal.time.Timer                                                  : loaded 2 times (x 67B)
Class kotlin.jvm.internal.markers.KMappedMarker                                       : loaded 2 times (x 67B)
Class org.gradle.internal.installation.CurrentGradleInstallationLocator               : loaded 2 times (x 68B)
Class org.gradle.internal.service.DefaultServiceLocator                               : loaded 2 times (x 80B)
Class org.gradle.util.GradleVersion                                                   : loaded 2 times (x 80B)
Class org.gradle.internal.installation.CurrentGradleInstallation                      : loaded 2 times (x 70B)
Class org.gradle.util.internal.GUtil                                                  : loaded 2 times (x 68B)
Class org.gradle.internal.installation.GradleInstallation                             : loaded 2 times (x 72B)

---------------  S Y S T E M  ---------------

OS:
 Windows 11 , 64 bit Build 22621 (10.0.22621.5124)
OS uptime: 3 days 3:05 hours
Hyper-V role detected

CPU: total 8 (initial active 8) (4 cores per cpu, 2 threads per core) family 6 model 142 stepping 10 microcode 0xf0, cx8, cmov, fxsr, ht, mmx, 3dnowpref, sse, sse2, sse3, ssse3, sse4.1, sse4.2, popcnt, lzcnt, tsc, tscinvbit, avx, avx2, aes, erms, clmul, bmi1, bmi2, adx, fma, vzeroupper, clflush, clflushopt, hv, rdtscp, f16c
Processor Information for all 8 processors :
  Max Mhz: 1992, Current Mhz: 1792, Mhz Limit: 1792

Memory: 4k page, system-wide physical 8089M (470M free)
TotalPageFile size 19587M (AvailPageFile size 7M)
current process WorkingSet (physical memory assigned to process): 344M, peak: 346M
current process commit charge ("private bytes"): 392M, peak: 396M

vm_info: OpenJDK 64-Bit Server VM (21.0.3+-12282718-b509.11) for windows-amd64 JRE (21.0.3+-12282718-b509.11), built on 2024-08-27T17:34:15Z by "builder" with MS VC++ 16.10 / 16.11 (VS2019)

END.
