#
# There is insufficient memory for the Java Runtime Environment to continue.
# Native memory allocation (malloc) failed to allocate 615936 bytes. Error detail: Chunk::new
# Possible reasons:
#   The system is out of physical RAM or swap space
#   This process is running with CompressedOops enabled, and the Java Heap may be blocking the growth of the native heap
# Possible solutions:
#   Reduce memory load on the system
#   Increase physical memory or swap space
#   Check if swap backing store is full
#   Decrease Java heap size (-Xmx/-Xms)
#   Decrease number of Java threads
#   Decrease Java thread stack sizes (-Xss)
#   Set larger code cache with -XX:ReservedCodeCacheSize=
#   JVM is running with Unscaled Compressed Oops mode in which the Java heap is
#     placed in the first 4GB address space. The Java Heap base address is the
#     maximum limit for the native heap growth. Please use -XX:HeapBaseMinAddress
#     to set the Java Heap base and to place the Java Heap above 4GB virtual address.
# This output file may be truncated or incomplete.
#
#  Out of Memory Error (arena.cpp:168), pid=2796, tid=6752
#
# JRE version: OpenJDK Runtime Environment (21.0.3) (build 21.0.3+-12282718-b509.11)
# Java VM: OpenJDK 64-Bit Server VM (21.0.3+-12282718-b509.11, mixed mode, tiered, compressed oops, compressed class ptrs, g1 gc, windows-amd64)
# No core dump will be written. Minidumps are not enabled by default on client versions of Windows
#

---------------  S U M M A R Y ------------

Command Line: --add-opens=java.base/java.util=ALL-UNNAMED --add-opens=java.base/java.lang=ALL-UNNAMED --add-opens=java.base/java.lang.invoke=ALL-UNNAMED --add-opens=java.prefs/java.util.prefs=ALL-UNNAMED --add-exports=jdk.compiler/com.sun.tools.javac.api=ALL-UNNAMED --add-exports=jdk.compiler/com.sun.tools.javac.util=ALL-UNNAMED --add-opens=java.base/java.nio.charset=ALL-UNNAMED --add-opens=java.base/java.net=ALL-UNNAMED --add-opens=java.base/java.util.concurrent.atomic=ALL-UNNAMED -Xmx2048m -Dfile.encoding=UTF-8 -Duser.country=US -Duser.language=en -Duser.variant -javaagent:C:\Users\ABDULLAH MAMUN\.gradle\wrapper\dists\gradle-8.9-bin\90cnw93cvbtalezasaz0blq0a\gradle-8.9\lib\agents\gradle-instrumentation-agent-8.9.jar org.gradle.launcher.daemon.bootstrap.GradleDaemon 8.9

Host: Intel(R) Core(TM) i7-8550U CPU @ 1.80GHz, 8 cores, 7G,  Windows 11 , 64 bit Build 22621 (10.0.22621.5124)
Time: Mon May 12 13:23:29 2025 Bangladesh Standard Time elapsed time: 23.568886 seconds (0d 0h 0m 23s)

---------------  T H R E A D  ---------------

Current thread (0x0000019b6b32e3b0):  JavaThread "C2 CompilerThread0" daemon [_thread_in_native, id=6752, stack(0x0000003e4b000000,0x0000003e4b100000) (1024K)]


Current CompileTask:
C2:  23568 9931       4       org.gradle.api.internal.initialization.transform.InstrumentationAnalysisTransform::lambda$analyzeArtifact$1 (76 bytes)

Stack: [0x0000003e4b000000,0x0000003e4b100000]
Native frames: (J=compiled Java code, j=interpreted, Vv=VM code, C=native code)
V  [jvm.dll+0x6cafb9]
V  [jvm.dll+0x858523]
V  [jvm.dll+0x85aa7e]
V  [jvm.dll+0x85b163]
V  [jvm.dll+0x27d356]
V  [jvm.dll+0xbf93d]
V  [jvm.dll+0xbfe73]
V  [jvm.dll+0x2f0eb1]
V  [jvm.dll+0x5f5a39]
V  [jvm.dll+0x24fad2]
V  [jvm.dll+0x24855a]
V  [jvm.dll+0x245fce]
V  [jvm.dll+0x1c5804]
V  [jvm.dll+0x25575c]
V  [jvm.dll+0x253c36]
V  [jvm.dll+0x3ec996]
V  [jvm.dll+0x800d78]
V  [jvm.dll+0x6c98cd]
C  [ucrtbase.dll+0x29333]
C  [KERNEL32.DLL+0x1259d]
C  [ntdll.dll+0x5af38]


---------------  P R O C E S S  ---------------

Threads class SMR info:
_java_thread_list=0x0000019b7165f280, length=87, elements={
0x0000019b53a86830, 0x0000019b6b32b520, 0x0000019b6b30b040, 0x0000019b6b35bf00,
0x0000019b6b35d580, 0x0000019b6b32c340, 0x0000019b6b32d540, 0x0000019b6b32e3b0,
0x0000019b6b331600, 0x0000019b6b4c0d00, 0x0000019b6b5e2880, 0x0000019b7158d280,
0x0000019b706f7c20, 0x0000019b70f29000, 0x0000019b713b1580, 0x0000019b713b1bf0,
0x0000019b71255e70, 0x0000019b712564e0, 0x0000019b71108cd0, 0x0000019b71105850,
0x0000019b71106570, 0x0000019b71107fb0, 0x0000019b71107920, 0x0000019b71106c00,
0x0000019b71107290, 0x0000019b7269b4d0, 0x0000019b72698050, 0x0000019b72698d70,
0x0000019b72695f80, 0x0000019b72696ca0, 0x0000019b726979c0, 0x0000019b7269c1f0,
0x0000019b7269bb60, 0x0000019b7269c880, 0x0000019b726986e0, 0x0000019b726958f0,
0x0000019b72696610, 0x0000019b72697330, 0x0000019b7269cf10, 0x0000019b72699400,
0x0000019b74a6b570, 0x0000019b74a673d0, 0x0000019b74a680f0, 0x0000019b74a6bc00,
0x0000019b74a6aee0, 0x0000019b74a68780, 0x0000019b74a68e10, 0x0000019b74a6c920,
0x0000019b74a6dcd0, 0x0000019b74a6cfb0, 0x0000019b74a6a1c0, 0x0000019b74a6d640,
0x0000019b74a6e360, 0x0000019b74a6e9f0, 0x0000019b74a67a60, 0x0000019b74a694a0,
0x0000019b74a69b30, 0x0000019b72699a90, 0x0000019b74034400, 0x0000019b740308f0,
0x0000019b7402fbd0, 0x0000019b74030260, 0x0000019b74030f80, 0x0000019b740357b0,
0x0000019b7402e820, 0x0000019b74031610, 0x0000019b74031ca0, 0x0000019b7072ead0,
0x0000019b7072ddb0, 0x0000019b7072f7f0, 0x0000019b7072bce0, 0x0000019b70729580,
0x0000019b7072d720, 0x0000019b7072e440, 0x0000019b7072fe80, 0x0000019b70730510,
0x0000019b7072c370, 0x0000019b70730ba0, 0x0000019b7b733450, 0x0000019b7b72f940,
0x0000019b7574c510, 0x0000019b7b72ffd0, 0x0000019b7574d2b0, 0x0000019b7b732dc0,
0x0000019b7b735520, 0x0000019b7b730660, 0x0000019b7b734e90
}

Java Threads: ( => current thread )
  0x0000019b53a86830 JavaThread "main"                              [_thread_blocked, id=7724, stack(0x0000003e4a200000,0x0000003e4a300000) (1024K)]
  0x0000019b6b32b520 JavaThread "Reference Handler"          daemon [_thread_blocked, id=2832, stack(0x0000003e4aa00000,0x0000003e4ab00000) (1024K)]
  0x0000019b6b30b040 JavaThread "Finalizer"                  daemon [_thread_blocked, id=9464, stack(0x0000003e4ab00000,0x0000003e4ac00000) (1024K)]
  0x0000019b6b35bf00 JavaThread "Signal Dispatcher"          daemon [_thread_blocked, id=3632, stack(0x0000003e4ac00000,0x0000003e4ad00000) (1024K)]
  0x0000019b6b35d580 JavaThread "Attach Listener"            daemon [_thread_blocked, id=15008, stack(0x0000003e4ad00000,0x0000003e4ae00000) (1024K)]
  0x0000019b6b32c340 JavaThread "Service Thread"             daemon [_thread_blocked, id=9336, stack(0x0000003e4ae00000,0x0000003e4af00000) (1024K)]
  0x0000019b6b32d540 JavaThread "Monitor Deflation Thread"   daemon [_thread_blocked, id=10972, stack(0x0000003e4af00000,0x0000003e4b000000) (1024K)]
=>0x0000019b6b32e3b0 JavaThread "C2 CompilerThread0"         daemon [_thread_in_native, id=6752, stack(0x0000003e4b000000,0x0000003e4b100000) (1024K)]
  0x0000019b6b331600 JavaThread "C1 CompilerThread0"         daemon [_thread_blocked, id=5732, stack(0x0000003e4b100000,0x0000003e4b200000) (1024K)]
  0x0000019b6b4c0d00 JavaThread "Common-Cleaner"             daemon [_thread_blocked, id=13100, stack(0x0000003e4b200000,0x0000003e4b300000) (1024K)]
  0x0000019b6b5e2880 JavaThread "Notification Thread"        daemon [_thread_blocked, id=6448, stack(0x0000003e4b300000,0x0000003e4b400000) (1024K)]
  0x0000019b7158d280 JavaThread "Daemon health stats"               [_thread_blocked, id=14556, stack(0x0000003e4b500000,0x0000003e4b600000) (1024K)]
  0x0000019b706f7c20 JavaThread "Incoming local TCP Connector on port 59214"        [_thread_in_native, id=13452, stack(0x0000003e4bd00000,0x0000003e4be00000) (1024K)]
  0x0000019b70f29000 JavaThread "Daemon periodic checks"            [_thread_blocked, id=5028, stack(0x0000003e4be00000,0x0000003e4bf00000) (1024K)]
  0x0000019b713b1580 JavaThread "Daemon"                            [_thread_blocked, id=3220, stack(0x0000003e4bf00000,0x0000003e4c000000) (1024K)]
  0x0000019b713b1bf0 JavaThread "Handler for socket connection from /127.0.0.1:59214 to /127.0.0.1:59215"        [_thread_in_native, id=13604, stack(0x0000003e4c000000,0x0000003e4c100000) (1024K)]
  0x0000019b71255e70 JavaThread "Cancel handler"                    [_thread_blocked, id=2724, stack(0x0000003e4c100000,0x0000003e4c200000) (1024K)]
  0x0000019b712564e0 JavaThread "Daemon worker"                     [_thread_in_native, id=4360, stack(0x0000003e4c200000,0x0000003e4c300000) (1024K)]
  0x0000019b71108cd0 JavaThread "Asynchronous log dispatcher for DefaultDaemonConnection: socket connection from /127.0.0.1:59214 to /127.0.0.1:59215"        [_thread_blocked, id=12888, stack(0x0000003e4c300000,0x0000003e4c400000) (1024K)]
  0x0000019b71105850 JavaThread "Stdin handler"                     [_thread_blocked, id=7556, stack(0x0000003e4c400000,0x0000003e4c500000) (1024K)]
  0x0000019b71106570 JavaThread "Daemon client event forwarder"        [_thread_blocked, id=5444, stack(0x0000003e4c500000,0x0000003e4c600000) (1024K)]
  0x0000019b71107fb0 JavaThread "Cache worker for journal cache (C:\Users\ABDULLAH MAMUN\.gradle\caches\journal-1)"        [_thread_blocked, id=7792, stack(0x0000003e4c700000,0x0000003e4c800000) (1024K)]
  0x0000019b71107920 JavaThread "File lock request listener"        [_thread_in_native, id=13168, stack(0x0000003e4c800000,0x0000003e4c900000) (1024K)]
  0x0000019b71106c00 JavaThread "Cache worker for file hash cache (C:\Users\ABDULLAH MAMUN\.gradle\caches\8.9\fileHashes)"        [_thread_blocked, id=11276, stack(0x0000003e4c900000,0x0000003e4ca00000) (1024K)]
  0x0000019b71107290 JavaThread "Cache worker for file hash cache (E:\MamunExplore\BanglaDictionary\.gradle\8.9\fileHashes)"        [_thread_blocked, id=1108, stack(0x0000003e4cb00000,0x0000003e4cc00000) (1024K)]
  0x0000019b7269b4d0 JavaThread "Cache worker for Build Output Cleanup Cache (E:\MamunExplore\BanglaDictionary\.gradle\buildOutputCleanup)"        [_thread_blocked, id=15696, stack(0x0000003e4cc00000,0x0000003e4cd00000) (1024K)]
  0x0000019b72698050 JavaThread "File watcher server"        daemon [_thread_in_native, id=5536, stack(0x0000003e4cd00000,0x0000003e4ce00000) (1024K)]
  0x0000019b72698d70 JavaThread "File watcher consumer"      daemon [_thread_blocked, id=4776, stack(0x0000003e4ce00000,0x0000003e4cf00000) (1024K)]
  0x0000019b72695f80 JavaThread "jar transforms"                    [_thread_blocked, id=9780, stack(0x0000003e4cf00000,0x0000003e4d000000) (1024K)]
  0x0000019b72696ca0 JavaThread "jar transforms Thread 2"           [_thread_blocked, id=12604, stack(0x0000003e4d000000,0x0000003e4d100000) (1024K)]
  0x0000019b726979c0 JavaThread "jar transforms Thread 3"           [_thread_blocked, id=13140, stack(0x0000003e4d100000,0x0000003e4d200000) (1024K)]
  0x0000019b7269c1f0 JavaThread "jar transforms Thread 4"           [_thread_blocked, id=15932, stack(0x0000003e4d200000,0x0000003e4d300000) (1024K)]
  0x0000019b7269bb60 JavaThread "jar transforms Thread 5"           [_thread_blocked, id=15388, stack(0x0000003e4d300000,0x0000003e4d400000) (1024K)]
  0x0000019b7269c880 JavaThread "jar transforms Thread 6"           [_thread_blocked, id=7728, stack(0x0000003e4d400000,0x0000003e4d500000) (1024K)]
  0x0000019b726986e0 JavaThread "jar transforms Thread 7"           [_thread_blocked, id=3552, stack(0x0000003e4d500000,0x0000003e4d600000) (1024K)]
  0x0000019b726958f0 JavaThread "jar transforms Thread 8"           [_thread_blocked, id=1660, stack(0x0000003e4d600000,0x0000003e4d700000) (1024K)]
  0x0000019b72696610 JavaThread "Cache worker for checksums cache (E:\MamunExplore\BanglaDictionary\.gradle\8.9\checksums)"        [_thread_blocked, id=14104, stack(0x0000003e4d700000,0x0000003e4d800000) (1024K)]
  0x0000019b72697330 JavaThread "Cache worker for file content cache (C:\Users\ABDULLAH MAMUN\.gradle\caches\8.9\fileContent)"        [_thread_blocked, id=5820, stack(0x0000003e4d800000,0x0000003e4d900000) (1024K)]
  0x0000019b7269cf10 JavaThread "Cache worker for cache directory md-rule (C:\Users\ABDULLAH MAMUN\.gradle\caches\8.9\md-rule)"        [_thread_blocked, id=7996, stack(0x0000003e4d900000,0x0000003e4da00000) (1024K)]
  0x0000019b72699400 JavaThread "Cache worker for cache directory md-supplier (C:\Users\ABDULLAH MAMUN\.gradle\caches\8.9\md-supplier)"        [_thread_blocked, id=8572, stack(0x0000003e4da00000,0x0000003e4db00000) (1024K)]
  0x0000019b74a6b570 JavaThread "Unconstrained build operations"        [_thread_blocked, id=14900, stack(0x0000003e4db00000,0x0000003e4dc00000) (1024K)]
  0x0000019b74a673d0 JavaThread "Unconstrained build operations Thread 2"        [_thread_blocked, id=2404, stack(0x0000003e4dc00000,0x0000003e4dd00000) (1024K)]
  0x0000019b74a680f0 JavaThread "Unconstrained build operations Thread 3"        [_thread_blocked, id=10484, stack(0x0000003e4dd00000,0x0000003e4de00000) (1024K)]
  0x0000019b74a6bc00 JavaThread "Unconstrained build operations Thread 4"        [_thread_blocked, id=11492, stack(0x0000003e4de00000,0x0000003e4df00000) (1024K)]
  0x0000019b74a6aee0 JavaThread "Unconstrained build operations Thread 5"        [_thread_blocked, id=292, stack(0x0000003e4ca00000,0x0000003e4cb00000) (1024K)]
  0x0000019b74a68780 JavaThread "Unconstrained build operations Thread 6"        [_thread_blocked, id=7744, stack(0x0000003e4df00000,0x0000003e4e000000) (1024K)]
  0x0000019b74a68e10 JavaThread "Unconstrained build operations Thread 7"        [_thread_blocked, id=15080, stack(0x0000003e4e000000,0x0000003e4e100000) (1024K)]
  0x0000019b74a6c920 JavaThread "Unconstrained build operations Thread 8"        [_thread_blocked, id=2880, stack(0x0000003e4e100000,0x0000003e4e200000) (1024K)]
  0x0000019b74a6dcd0 JavaThread "Unconstrained build operations Thread 9"        [_thread_blocked, id=5652, stack(0x0000003e4e200000,0x0000003e4e300000) (1024K)]
  0x0000019b74a6cfb0 JavaThread "Unconstrained build operations Thread 10"        [_thread_blocked, id=5400, stack(0x0000003e4e300000,0x0000003e4e400000) (1024K)]
  0x0000019b74a6a1c0 JavaThread "Unconstrained build operations Thread 11"        [_thread_blocked, id=15292, stack(0x0000003e4e400000,0x0000003e4e500000) (1024K)]
  0x0000019b74a6d640 JavaThread "Unconstrained build operations Thread 12"        [_thread_blocked, id=15640, stack(0x0000003e4e500000,0x0000003e4e600000) (1024K)]
  0x0000019b74a6e360 JavaThread "Unconstrained build operations Thread 13"        [_thread_blocked, id=13048, stack(0x0000003e4e600000,0x0000003e4e700000) (1024K)]
  0x0000019b74a6e9f0 JavaThread "Unconstrained build operations Thread 14"        [_thread_blocked, id=304, stack(0x0000003e4e700000,0x0000003e4e800000) (1024K)]
  0x0000019b74a67a60 JavaThread "Unconstrained build operations Thread 15"        [_thread_blocked, id=308, stack(0x0000003e4e800000,0x0000003e4e900000) (1024K)]
  0x0000019b74a694a0 JavaThread "Unconstrained build operations Thread 16"        [_thread_blocked, id=15244, stack(0x0000003e4e900000,0x0000003e4ea00000) (1024K)]
  0x0000019b74a69b30 JavaThread "Unconstrained build operations Thread 17"        [_thread_blocked, id=1080, stack(0x0000003e4ea00000,0x0000003e4eb00000) (1024K)]
  0x0000019b72699a90 JavaThread "Unconstrained build operations Thread 18"        [_thread_blocked, id=8440, stack(0x0000003e4eb00000,0x0000003e4ec00000) (1024K)]
  0x0000019b74034400 JavaThread "Unconstrained build operations Thread 19"        [_thread_blocked, id=13364, stack(0x0000003e4b400000,0x0000003e4b500000) (1024K)]
  0x0000019b740308f0 JavaThread "Unconstrained build operations Thread 20"        [_thread_blocked, id=11372, stack(0x0000003e4ec00000,0x0000003e4ed00000) (1024K)]
  0x0000019b7402fbd0 JavaThread "Unconstrained build operations Thread 21"        [_thread_blocked, id=13596, stack(0x0000003e4ee00000,0x0000003e4ef00000) (1024K)]
  0x0000019b74030260 JavaThread "Unconstrained build operations Thread 22"        [_thread_blocked, id=14820, stack(0x0000003e4ef00000,0x0000003e4f000000) (1024K)]
  0x0000019b74030f80 JavaThread "Unconstrained build operations Thread 23"        [_thread_blocked, id=6460, stack(0x0000003e4f000000,0x0000003e4f100000) (1024K)]
  0x0000019b740357b0 JavaThread "Unconstrained build operations Thread 24"        [_thread_blocked, id=7532, stack(0x0000003e4f100000,0x0000003e4f200000) (1024K)]
  0x0000019b7402e820 JavaThread "Unconstrained build operations Thread 25"        [_thread_blocked, id=13296, stack(0x0000003e4f200000,0x0000003e4f300000) (1024K)]
  0x0000019b74031610 JavaThread "Unconstrained build operations Thread 26"        [_thread_blocked, id=12200, stack(0x0000003e4f300000,0x0000003e4f400000) (1024K)]
  0x0000019b74031ca0 JavaThread "Unconstrained build operations Thread 27"        [_thread_blocked, id=4520, stack(0x0000003e4f400000,0x0000003e4f500000) (1024K)]
  0x0000019b7072ead0 JavaThread "Unconstrained build operations Thread 28"        [_thread_blocked, id=13448, stack(0x0000003e4f500000,0x0000003e4f600000) (1024K)]
  0x0000019b7072ddb0 JavaThread "Unconstrained build operations Thread 29"        [_thread_blocked, id=8436, stack(0x0000003e4f600000,0x0000003e4f700000) (1024K)]
  0x0000019b7072f7f0 JavaThread "Unconstrained build operations Thread 30"        [_thread_blocked, id=7232, stack(0x0000003e4f700000,0x0000003e4f800000) (1024K)]
  0x0000019b7072bce0 JavaThread "Unconstrained build operations Thread 31"        [_thread_blocked, id=16148, stack(0x0000003e4f800000,0x0000003e4f900000) (1024K)]
  0x0000019b70729580 JavaThread "Unconstrained build operations Thread 32"        [_thread_blocked, id=8488, stack(0x0000003e4f900000,0x0000003e4fa00000) (1024K)]
  0x0000019b7072d720 JavaThread "Unconstrained build operations Thread 33"        [_thread_blocked, id=13888, stack(0x0000003e4fa00000,0x0000003e4fb00000) (1024K)]
  0x0000019b7072e440 JavaThread "Unconstrained build operations Thread 34"        [_thread_blocked, id=4900, stack(0x0000003e4fb00000,0x0000003e4fc00000) (1024K)]
  0x0000019b7072fe80 JavaThread "Unconstrained build operations Thread 35"        [_thread_blocked, id=7140, stack(0x0000003e4fc00000,0x0000003e4fd00000) (1024K)]
  0x0000019b70730510 JavaThread "Unconstrained build operations Thread 36"        [_thread_blocked, id=14024, stack(0x0000003e4fd00000,0x0000003e4fe00000) (1024K)]
  0x0000019b7072c370 JavaThread "Unconstrained build operations Thread 37"        [_thread_blocked, id=8280, stack(0x0000003e4fe00000,0x0000003e4ff00000) (1024K)]
  0x0000019b70730ba0 JavaThread "Unconstrained build operations Thread 38"        [_thread_blocked, id=3744, stack(0x0000003e4ff00000,0x0000003e50000000) (1024K)]
  0x0000019b7b733450 JavaThread "Unconstrained build operations Thread 39"        [_thread_in_native, id=12744, stack(0x0000003e50000000,0x0000003e50100000) (1024K)]
  0x0000019b7b72f940 JavaThread "Unconstrained build operations Thread 40"        [_thread_in_native, id=10092, stack(0x0000003e50100000,0x0000003e50200000) (1024K)]
  0x0000019b7574c510 JavaThread "C2 CompilerThread1"         daemon [_thread_in_native, id=14204, stack(0x0000003e50200000,0x0000003e50300000) (1024K)]
  0x0000019b7b72ffd0 JavaThread "Unconstrained build operations Thread 41"        [_thread_blocked, id=10432, stack(0x0000003e50300000,0x0000003e50400000) (1024K)]
  0x0000019b7574d2b0 JavaThread "C2 CompilerThread2"         daemon [_thread_in_vm, id=14848, stack(0x0000003e50400000,0x0000003e50500000) (1024K)]
  0x0000019b7b732dc0 JavaThread "Unconstrained build operations Thread 42"        [_thread_in_Java, id=12236, stack(0x0000003e50500000,0x0000003e50600000) (1024K)]
  0x0000019b7b735520 JavaThread "Unconstrained build operations Thread 43"        [_thread_in_native, id=9172, stack(0x0000003e50600000,0x0000003e50700000) (1024K)]
  0x0000019b7b730660 JavaThread "Unconstrained build operations Thread 44"        [_thread_in_native, id=972, stack(0x0000003e50700000,0x0000003e50800000) (1024K)]
  0x0000019b7b734e90 JavaThread "Unconstrained build operations Thread 45"        [_thread_in_native, id=12400, stack(0x0000003e50800000,0x0000003e50900000) (1024K)]
Total: 87

Other Threads:
  0x0000019b6b2c0b60 VMThread "VM Thread"                           [id=8704, stack(0x0000003e4a900000,0x0000003e4aa00000) (1024K)]
  0x0000019b6b0f3870 WatcherThread "VM Periodic Task Thread"        [id=12864, stack(0x0000003e4a800000,0x0000003e4a900000) (1024K)]
  0x0000019b53addd00 WorkerThread "GC Thread#0"                     [id=12976, stack(0x0000003e4a300000,0x0000003e4a400000) (1024K)]
  0x0000019b700380e0 WorkerThread "GC Thread#1"                     [id=14520, stack(0x0000003e4b600000,0x0000003e4b700000) (1024K)]
  0x0000019b70038480 WorkerThread "GC Thread#2"                     [id=5836, stack(0x0000003e4b700000,0x0000003e4b800000) (1024K)]
  0x0000019b6bf98d10 WorkerThread "GC Thread#3"                     [id=14384, stack(0x0000003e4b800000,0x0000003e4b900000) (1024K)]
  0x0000019b708d5cd0 WorkerThread "GC Thread#4"                     [id=4524, stack(0x0000003e4b900000,0x0000003e4ba00000) (1024K)]
  0x0000019b71196450 WorkerThread "GC Thread#5"                     [id=11420, stack(0x0000003e4ba00000,0x0000003e4bb00000) (1024K)]
  0x0000019b70fa33b0 WorkerThread "GC Thread#6"                     [id=8520, stack(0x0000003e4bb00000,0x0000003e4bc00000) (1024K)]
  0x0000019b71600f70 WorkerThread "GC Thread#7"                     [id=13832, stack(0x0000003e4bc00000,0x0000003e4bd00000) (1024K)]
  0x0000019b53aeed60 ConcurrentGCThread "G1 Main Marker"            [id=12092, stack(0x0000003e4a400000,0x0000003e4a500000) (1024K)]
  0x0000019b53aef9d0 WorkerThread "G1 Conc#0"                       [id=12480, stack(0x0000003e4a500000,0x0000003e4a600000) (1024K)]
  0x0000019b70f27990 WorkerThread "G1 Conc#1"                       [id=8692, stack(0x0000003e4c600000,0x0000003e4c700000) (1024K)]
  0x0000019b53b4e070 ConcurrentGCThread "G1 Refine#0"               [id=11268, stack(0x0000003e4a600000,0x0000003e4a700000) (1024K)]
  0x0000019b6afb7500 ConcurrentGCThread "G1 Service"                [id=12652, stack(0x0000003e4a700000,0x0000003e4a800000) (1024K)]
Total: 15

Threads with active compile tasks:
C2 CompilerThread0    23627 9931       4       org.gradle.api.internal.initialization.transform.InstrumentationAnalysisTransform::lambda$analyzeArtifact$1 (76 bytes)
C2 CompilerThread1    23627 9875       4       org.gradle.internal.serialize.HierarchicalNameSerializer::writeFirstOccurrenceOfName (73 bytes)
C2 CompilerThread2    23627 9930       4       org.gradle.api.internal.initialization.transform.InstrumentationAnalysisTransform$$Lambda/0x0000000100b13198::visit (13 bytes)
Total: 3

VM state: not at safepoint (normal execution)

VM Mutex/Monitor currently owned by a thread: None

Heap address: 0x0000000080000000, size: 2048 MB, Compressed Oops mode: 32-bit

CDS archive(s) not mapped
Compressed class space mapped at: 0x0000000100000000-0x0000000140000000, reserved size: 1073741824
Narrow klass base: 0x0000000000000000, Narrow klass shift: 3, Narrow klass range: 0x140000000

GC Precious Log:
 CardTable entry size: 512
 Card Set container configuration: InlinePtr #cards 5 size 8 Array Of Cards #cards 12 size 40 Howl #buckets 4 coarsen threshold 1843 Howl Bitmap #cards 512 size 80 coarsen threshold 460 Card regions per heap region 1 cards per card region 2048
 CPUs: 8 total, 8 available
 Memory: 8089M
 Large Page Support: Disabled
 NUMA Support: Disabled
 Compressed Oops: Enabled (32-bit)
 Heap Region Size: 1M
 Heap Min Capacity: 8M
 Heap Initial Capacity: 128M
 Heap Max Capacity: 2G
 Pre-touch: Disabled
 Parallel Workers: 8
 Concurrent Workers: 2
 Concurrent Refinement Workers: 8
 Periodic GC: Disabled

Heap:
 garbage-first heap   total 181248K, used 135942K [0x0000000080000000, 0x0000000100000000)
  region size 1024K, 46 young (47104K), 5 survivors (5120K)
 Metaspace       used 78111K, committed 79872K, reserved 1179648K
  class space    used 10546K, committed 11456K, reserved 1048576K

Heap Regions: E=young(eden), S=young(survivor), O=old, HS=humongous(starts), HC=humongous(continues), CS=collection set, F=free, TAMS=top-at-mark-start, PB=parsable bottom
|   0|0x0000000080000000, 0x0000000080100000, 0x0000000080100000|100%|HS|  |TAMS 0x0000000080000000| PB 0x0000000080000000| Complete 
|   1|0x0000000080100000, 0x0000000080200000, 0x0000000080200000|100%|HC|  |TAMS 0x0000000080100000| PB 0x0000000080100000| Complete 
|   2|0x0000000080200000, 0x0000000080300000, 0x0000000080300000|100%|HC|  |TAMS 0x0000000080200000| PB 0x0000000080200000| Complete 
|   3|0x0000000080300000, 0x0000000080400000, 0x0000000080400000|100%|HC|  |TAMS 0x0000000080300000| PB 0x0000000080300000| Complete 
|   4|0x0000000080400000, 0x0000000080500000, 0x0000000080500000|100%| O|  |TAMS 0x0000000080400000| PB 0x0000000080400000| Untracked 
|   5|0x0000000080500000, 0x0000000080500000, 0x0000000080600000|  0%| F|  |TAMS 0x0000000080500000| PB 0x0000000080500000| Untracked 
|   6|0x0000000080600000, 0x0000000080700000, 0x0000000080700000|100%| O|  |TAMS 0x0000000080600000| PB 0x0000000080600000| Untracked 
|   7|0x0000000080700000, 0x0000000080800000, 0x0000000080800000|100%| O|  |TAMS 0x0000000080700000| PB 0x0000000080700000| Untracked 
|   8|0x0000000080800000, 0x0000000080900000, 0x0000000080900000|100%| O|  |TAMS 0x0000000080800000| PB 0x0000000080800000| Untracked 
|   9|0x0000000080900000, 0x0000000080a00000, 0x0000000080a00000|100%| O|  |TAMS 0x0000000080900000| PB 0x0000000080900000| Untracked 
|  10|0x0000000080a00000, 0x0000000080b00000, 0x0000000080b00000|100%| O|  |TAMS 0x0000000080a00000| PB 0x0000000080a00000| Untracked 
|  11|0x0000000080b00000, 0x0000000080c00000, 0x0000000080c00000|100%|HS|  |TAMS 0x0000000080b00000| PB 0x0000000080b00000| Complete 
|  12|0x0000000080c00000, 0x0000000080d00000, 0x0000000080d00000|100%| O|  |TAMS 0x0000000080c00000| PB 0x0000000080c00000| Untracked 
|  13|0x0000000080d00000, 0x0000000080e00000, 0x0000000080e00000|100%| O|  |TAMS 0x0000000080d00000| PB 0x0000000080d00000| Untracked 
|  14|0x0000000080e00000, 0x0000000080f00000, 0x0000000080f00000|100%| O|  |TAMS 0x0000000080e00000| PB 0x0000000080e00000| Untracked 
|  15|0x0000000080f00000, 0x0000000081000000, 0x0000000081000000|100%| O|  |TAMS 0x0000000080f00000| PB 0x0000000080f00000| Untracked 
|  16|0x0000000081000000, 0x0000000081100000, 0x0000000081100000|100%| O|  |TAMS 0x0000000081000000| PB 0x0000000081000000| Untracked 
|  17|0x0000000081100000, 0x0000000081200000, 0x0000000081200000|100%| O|  |TAMS 0x0000000081100000| PB 0x0000000081100000| Untracked 
|  18|0x0000000081200000, 0x0000000081300000, 0x0000000081300000|100%| O|  |TAMS 0x0000000081200000| PB 0x0000000081200000| Untracked 
|  19|0x0000000081300000, 0x0000000081400000, 0x0000000081400000|100%|HS|  |TAMS 0x0000000081300000| PB 0x0000000081300000| Complete 
|  20|0x0000000081400000, 0x0000000081500000, 0x0000000081500000|100%|HS|  |TAMS 0x0000000081400000| PB 0x0000000081400000| Complete 
|  21|0x0000000081500000, 0x0000000081600000, 0x0000000081600000|100%|HC|  |TAMS 0x0000000081500000| PB 0x0000000081500000| Complete 
|  22|0x0000000081600000, 0x0000000081700000, 0x0000000081700000|100%|HC|  |TAMS 0x0000000081600000| PB 0x0000000081600000| Complete 
|  23|0x0000000081700000, 0x0000000081800000, 0x0000000081800000|100%|HC|  |TAMS 0x0000000081700000| PB 0x0000000081700000| Complete 
|  24|0x0000000081800000, 0x0000000081900000, 0x0000000081900000|100%|HC|  |TAMS 0x0000000081800000| PB 0x0000000081800000| Complete 
|  25|0x0000000081900000, 0x0000000081a00000, 0x0000000081a00000|100%|HC|  |TAMS 0x0000000081900000| PB 0x0000000081900000| Complete 
|  26|0x0000000081a00000, 0x0000000081b00000, 0x0000000081b00000|100%|HS|  |TAMS 0x0000000081a00000| PB 0x0000000081a00000| Complete 
|  27|0x0000000081b00000, 0x0000000081c00000, 0x0000000081c00000|100%|HC|  |TAMS 0x0000000081b00000| PB 0x0000000081b00000| Complete 
|  28|0x0000000081c00000, 0x0000000081d00000, 0x0000000081d00000|100%|HC|  |TAMS 0x0000000081c00000| PB 0x0000000081c00000| Complete 
|  29|0x0000000081d00000, 0x0000000081e00000, 0x0000000081e00000|100%|HS|  |TAMS 0x0000000081d00000| PB 0x0000000081d00000| Complete 
|  30|0x0000000081e00000, 0x0000000081f00000, 0x0000000081f00000|100%|HC|  |TAMS 0x0000000081e00000| PB 0x0000000081e00000| Complete 
|  31|0x0000000081f00000, 0x0000000082000000, 0x0000000082000000|100%| O|  |TAMS 0x0000000081f00000| PB 0x0000000081f00000| Untracked 
|  32|0x0000000082000000, 0x0000000082100000, 0x0000000082100000|100%| O|  |TAMS 0x0000000082000000| PB 0x0000000082000000| Untracked 
|  33|0x0000000082100000, 0x0000000082200000, 0x0000000082200000|100%| O|  |TAMS 0x0000000082100000| PB 0x0000000082100000| Untracked 
|  34|0x0000000082200000, 0x0000000082300000, 0x0000000082300000|100%| O|  |TAMS 0x0000000082200000| PB 0x0000000082200000| Untracked 
|  35|0x0000000082300000, 0x0000000082400000, 0x0000000082400000|100%| O|  |TAMS 0x0000000082300000| PB 0x0000000082300000| Untracked 
|  36|0x0000000082400000, 0x0000000082500000, 0x0000000082500000|100%| O|  |TAMS 0x0000000082400000| PB 0x0000000082400000| Untracked 
|  37|0x0000000082500000, 0x0000000082600000, 0x0000000082600000|100%| O|  |TAMS 0x0000000082500000| PB 0x0000000082500000| Untracked 
|  38|0x0000000082600000, 0x0000000082700000, 0x0000000082700000|100%| O|  |TAMS 0x0000000082600000| PB 0x0000000082600000| Untracked 
|  39|0x0000000082700000, 0x0000000082800000, 0x0000000082800000|100%| O|  |TAMS 0x0000000082700000| PB 0x0000000082700000| Untracked 
|  40|0x0000000082800000, 0x0000000082900000, 0x0000000082900000|100%| O|  |TAMS 0x0000000082800000| PB 0x0000000082800000| Untracked 
|  41|0x0000000082900000, 0x0000000082a00000, 0x0000000082a00000|100%| O|  |TAMS 0x0000000082900000| PB 0x0000000082900000| Untracked 
|  42|0x0000000082a00000, 0x0000000082b00000, 0x0000000082b00000|100%| O|  |TAMS 0x0000000082a00000| PB 0x0000000082a00000| Untracked 
|  43|0x0000000082b00000, 0x0000000082c00000, 0x0000000082c00000|100%| O|  |TAMS 0x0000000082b00000| PB 0x0000000082b00000| Untracked 
|  44|0x0000000082c00000, 0x0000000082d00000, 0x0000000082d00000|100%| O|  |TAMS 0x0000000082c00000| PB 0x0000000082c00000| Untracked 
|  45|0x0000000082d00000, 0x0000000082d00000, 0x0000000082e00000|  0%| F|  |TAMS 0x0000000082d00000| PB 0x0000000082d00000| Untracked 
|  46|0x0000000082e00000, 0x0000000082f00000, 0x0000000082f00000|100%| O|  |TAMS 0x0000000082e00000| PB 0x0000000082e00000| Untracked 
|  47|0x0000000082f00000, 0x0000000083000000, 0x0000000083000000|100%| O|  |TAMS 0x0000000082f00000| PB 0x0000000082f00000| Untracked 
|  48|0x0000000083000000, 0x0000000083100000, 0x0000000083100000|100%|HS|  |TAMS 0x0000000083000000| PB 0x0000000083000000| Complete 
|  49|0x0000000083100000, 0x0000000083200000, 0x0000000083200000|100%|HC|  |TAMS 0x0000000083100000| PB 0x0000000083100000| Complete 
|  50|0x0000000083200000, 0x0000000083300000, 0x0000000083300000|100%| O|  |TAMS 0x0000000083200000| PB 0x0000000083200000| Untracked 
|  51|0x0000000083300000, 0x0000000083400000, 0x0000000083400000|100%| O|  |TAMS 0x0000000083300000| PB 0x0000000083300000| Untracked 
|  52|0x0000000083400000, 0x0000000083500000, 0x0000000083500000|100%| O|  |TAMS 0x0000000083400000| PB 0x0000000083400000| Untracked 
|  53|0x0000000083500000, 0x0000000083600000, 0x0000000083600000|100%|HS|  |TAMS 0x0000000083500000| PB 0x0000000083500000| Complete 
|  54|0x0000000083600000, 0x0000000083700000, 0x0000000083700000|100%|HC|  |TAMS 0x0000000083600000| PB 0x0000000083600000| Complete 
|  55|0x0000000083700000, 0x0000000083800000, 0x0000000083800000|100%|HC|  |TAMS 0x0000000083700000| PB 0x0000000083700000| Complete 
|  56|0x0000000083800000, 0x0000000083900000, 0x0000000083900000|100%|HC|  |TAMS 0x0000000083800000| PB 0x0000000083800000| Complete 
|  57|0x0000000083900000, 0x0000000083a00000, 0x0000000083a00000|100%|HC|  |TAMS 0x0000000083900000| PB 0x0000000083900000| Complete 
|  58|0x0000000083a00000, 0x0000000083b00000, 0x0000000083b00000|100%|HC|  |TAMS 0x0000000083a00000| PB 0x0000000083a00000| Complete 
|  59|0x0000000083b00000, 0x0000000083c00000, 0x0000000083c00000|100%|HS|  |TAMS 0x0000000083b00000| PB 0x0000000083b00000| Complete 
|  60|0x0000000083c00000, 0x0000000083d00000, 0x0000000083d00000|100%|HC|  |TAMS 0x0000000083c00000| PB 0x0000000083c00000| Complete 
|  61|0x0000000083d00000, 0x0000000083e00000, 0x0000000083e00000|100%|HC|  |TAMS 0x0000000083d00000| PB 0x0000000083d00000| Complete 
|  62|0x0000000083e00000, 0x0000000083f00000, 0x0000000083f00000|100%|HC|  |TAMS 0x0000000083e00000| PB 0x0000000083e00000| Complete 
|  63|0x0000000083f00000, 0x0000000084000000, 0x0000000084000000|100%|HC|  |TAMS 0x0000000083f00000| PB 0x0000000083f00000| Complete 
|  64|0x0000000084000000, 0x0000000084100000, 0x0000000084100000|100%|HC|  |TAMS 0x0000000084000000| PB 0x0000000084000000| Complete 
|  65|0x0000000084100000, 0x0000000084200000, 0x0000000084200000|100%| O|Cm|TAMS 0x0000000084100000| PB 0x0000000084100000| Complete 
|  66|0x0000000084200000, 0x0000000084300000, 0x0000000084300000|100%| O|  |TAMS 0x0000000084200000| PB 0x0000000084200000| Untracked 
|  67|0x0000000084300000, 0x0000000084400000, 0x0000000084400000|100%| O|  |TAMS 0x0000000084300000| PB 0x0000000084300000| Untracked 
|  68|0x0000000084400000, 0x0000000084500000, 0x0000000084500000|100%| O|  |TAMS 0x0000000084400000| PB 0x0000000084400000| Untracked 
|  69|0x0000000084500000, 0x0000000084600000, 0x0000000084600000|100%| O|  |TAMS 0x0000000084500000| PB 0x0000000084500000| Untracked 
|  70|0x0000000084600000, 0x0000000084700000, 0x0000000084700000|100%| O|  |TAMS 0x0000000084600000| PB 0x0000000084600000| Untracked 
|  71|0x0000000084700000, 0x0000000084800000, 0x0000000084800000|100%| O|  |TAMS 0x0000000084700000| PB 0x0000000084700000| Untracked 
|  72|0x0000000084800000, 0x0000000084900000, 0x0000000084900000|100%| O|  |TAMS 0x0000000084800000| PB 0x0000000084800000| Untracked 
|  73|0x0000000084900000, 0x0000000084a00000, 0x0000000084a00000|100%| O|  |TAMS 0x0000000084900000| PB 0x0000000084900000| Untracked 
|  74|0x0000000084a00000, 0x0000000084b00000, 0x0000000084b00000|100%| O|  |TAMS 0x0000000084a00000| PB 0x0000000084a00000| Untracked 
|  75|0x0000000084b00000, 0x0000000084c00000, 0x0000000084c00000|100%| O|  |TAMS 0x0000000084b00000| PB 0x0000000084b00000| Untracked 
|  76|0x0000000084c00000, 0x0000000084d00000, 0x0000000084d00000|100%| O|  |TAMS 0x0000000084c00000| PB 0x0000000084c00000| Untracked 
|  77|0x0000000084d00000, 0x0000000084e00000, 0x0000000084e00000|100%| O|  |TAMS 0x0000000084d00000| PB 0x0000000084d00000| Untracked 
|  78|0x0000000084e00000, 0x0000000084f00000, 0x0000000084f00000|100%| O|Cm|TAMS 0x0000000084e00000| PB 0x0000000084e00000| Complete 
|  79|0x0000000084f00000, 0x0000000085000000, 0x0000000085000000|100%| O|Cm|TAMS 0x0000000084f00000| PB 0x0000000084f00000| Complete 
|  80|0x0000000085000000, 0x0000000085100000, 0x0000000085100000|100%|HS|  |TAMS 0x0000000085000000| PB 0x0000000085000000| Complete 
|  81|0x0000000085100000, 0x0000000085200000, 0x0000000085200000|100%|HS|  |TAMS 0x0000000085100000| PB 0x0000000085100000| Complete 
|  82|0x0000000085200000, 0x0000000085300000, 0x0000000085300000|100%| O|  |TAMS 0x0000000085200000| PB 0x0000000085200000| Untracked 
|  83|0x0000000085300000, 0x0000000085326870, 0x0000000085400000| 15%| O|  |TAMS 0x0000000085300000| PB 0x0000000085300000| Untracked 
|  84|0x0000000085400000, 0x0000000085400000, 0x0000000085500000|  0%| F|  |TAMS 0x0000000085400000| PB 0x0000000085400000| Untracked 
|  85|0x0000000085500000, 0x0000000085500000, 0x0000000085600000|  0%| F|  |TAMS 0x0000000085500000| PB 0x0000000085500000| Untracked 
|  86|0x0000000085600000, 0x0000000085600000, 0x0000000085700000|  0%| F|  |TAMS 0x0000000085600000| PB 0x0000000085600000| Untracked 
|  87|0x0000000085700000, 0x0000000085700000, 0x0000000085800000|  0%| F|  |TAMS 0x0000000085700000| PB 0x0000000085700000| Untracked 
|  88|0x0000000085800000, 0x0000000085800000, 0x0000000085900000|  0%| F|  |TAMS 0x0000000085800000| PB 0x0000000085800000| Untracked 
|  89|0x0000000085900000, 0x0000000085900000, 0x0000000085a00000|  0%| F|  |TAMS 0x0000000085900000| PB 0x0000000085900000| Untracked 
|  90|0x0000000085a00000, 0x0000000085a00000, 0x0000000085b00000|  0%| F|  |TAMS 0x0000000085a00000| PB 0x0000000085a00000| Untracked 
|  91|0x0000000085b00000, 0x0000000085b00000, 0x0000000085c00000|  0%| F|  |TAMS 0x0000000085b00000| PB 0x0000000085b00000| Untracked 
|  92|0x0000000085c00000, 0x0000000085c9b090, 0x0000000085d00000| 60%| S|CS|TAMS 0x0000000085c00000| PB 0x0000000085c00000| Complete 
|  93|0x0000000085d00000, 0x0000000085e00000, 0x0000000085e00000|100%| S|CS|TAMS 0x0000000085d00000| PB 0x0000000085d00000| Complete 
|  94|0x0000000085e00000, 0x0000000085f00000, 0x0000000085f00000|100%| S|CS|TAMS 0x0000000085e00000| PB 0x0000000085e00000| Complete 
|  95|0x0000000085f00000, 0x0000000086000000, 0x0000000086000000|100%| S|CS|TAMS 0x0000000085f00000| PB 0x0000000085f00000| Complete 
|  96|0x0000000086000000, 0x0000000086100000, 0x0000000086100000|100%| S|CS|TAMS 0x0000000086000000| PB 0x0000000086000000| Complete 
|  97|0x0000000086100000, 0x0000000086100000, 0x0000000086200000|  0%| F|  |TAMS 0x0000000086100000| PB 0x0000000086100000| Untracked 
|  98|0x0000000086200000, 0x0000000086200000, 0x0000000086300000|  0%| F|  |TAMS 0x0000000086200000| PB 0x0000000086200000| Untracked 
|  99|0x0000000086300000, 0x0000000086300000, 0x0000000086400000|  0%| F|  |TAMS 0x0000000086300000| PB 0x0000000086300000| Untracked 
| 100|0x0000000086400000, 0x0000000086400000, 0x0000000086500000|  0%| F|  |TAMS 0x0000000086400000| PB 0x0000000086400000| Untracked 
| 101|0x0000000086500000, 0x0000000086500000, 0x0000000086600000|  0%| F|  |TAMS 0x0000000086500000| PB 0x0000000086500000| Untracked 
| 102|0x0000000086600000, 0x0000000086600000, 0x0000000086700000|  0%| F|  |TAMS 0x0000000086600000| PB 0x0000000086600000| Untracked 
| 103|0x0000000086700000, 0x0000000086700000, 0x0000000086800000|  0%| F|  |TAMS 0x0000000086700000| PB 0x0000000086700000| Untracked 
| 104|0x0000000086800000, 0x0000000086800000, 0x0000000086900000|  0%| F|  |TAMS 0x0000000086800000| PB 0x0000000086800000| Untracked 
| 105|0x0000000086900000, 0x0000000086900000, 0x0000000086a00000|  0%| F|  |TAMS 0x0000000086900000| PB 0x0000000086900000| Untracked 
| 106|0x0000000086a00000, 0x0000000086a00000, 0x0000000086b00000|  0%| F|  |TAMS 0x0000000086a00000| PB 0x0000000086a00000| Untracked 
| 107|0x0000000086b00000, 0x0000000086b00000, 0x0000000086c00000|  0%| F|  |TAMS 0x0000000086b00000| PB 0x0000000086b00000| Untracked 
| 108|0x0000000086c00000, 0x0000000086c00000, 0x0000000086d00000|  0%| F|  |TAMS 0x0000000086c00000| PB 0x0000000086c00000| Untracked 
| 109|0x0000000086d00000, 0x0000000086d00000, 0x0000000086e00000|  0%| F|  |TAMS 0x0000000086d00000| PB 0x0000000086d00000| Untracked 
| 110|0x0000000086e00000, 0x0000000086e00000, 0x0000000086f00000|  0%| F|  |TAMS 0x0000000086e00000| PB 0x0000000086e00000| Untracked 
| 111|0x0000000086f00000, 0x0000000086f00000, 0x0000000087000000|  0%| F|  |TAMS 0x0000000086f00000| PB 0x0000000086f00000| Untracked 
| 112|0x0000000087000000, 0x0000000087000000, 0x0000000087100000|  0%| F|  |TAMS 0x0000000087000000| PB 0x0000000087000000| Untracked 
| 113|0x0000000087100000, 0x0000000087100000, 0x0000000087200000|  0%| F|  |TAMS 0x0000000087100000| PB 0x0000000087100000| Untracked 
| 114|0x0000000087200000, 0x0000000087200000, 0x0000000087300000|  0%| F|  |TAMS 0x0000000087200000| PB 0x0000000087200000| Untracked 
| 115|0x0000000087300000, 0x0000000087300000, 0x0000000087400000|  0%| F|  |TAMS 0x0000000087300000| PB 0x0000000087300000| Untracked 
| 116|0x0000000087400000, 0x0000000087400000, 0x0000000087500000|  0%| F|  |TAMS 0x0000000087400000| PB 0x0000000087400000| Untracked 
| 117|0x0000000087500000, 0x0000000087500000, 0x0000000087600000|  0%| F|  |TAMS 0x0000000087500000| PB 0x0000000087500000| Untracked 
| 118|0x0000000087600000, 0x0000000087600000, 0x0000000087700000|  0%| F|  |TAMS 0x0000000087600000| PB 0x0000000087600000| Untracked 
| 119|0x0000000087700000, 0x0000000087700000, 0x0000000087800000|  0%| F|  |TAMS 0x0000000087700000| PB 0x0000000087700000| Untracked 
| 120|0x0000000087800000, 0x0000000087800000, 0x0000000087900000|  0%| F|  |TAMS 0x0000000087800000| PB 0x0000000087800000| Untracked 
| 121|0x0000000087900000, 0x0000000087900000, 0x0000000087a00000|  0%| F|  |TAMS 0x0000000087900000| PB 0x0000000087900000| Untracked 
| 122|0x0000000087a00000, 0x0000000087a00000, 0x0000000087b00000|  0%| F|  |TAMS 0x0000000087a00000| PB 0x0000000087a00000| Untracked 
| 123|0x0000000087b00000, 0x0000000087b00000, 0x0000000087c00000|  0%| F|  |TAMS 0x0000000087b00000| PB 0x0000000087b00000| Untracked 
| 124|0x0000000087c00000, 0x0000000087c00000, 0x0000000087d00000|  0%| F|  |TAMS 0x0000000087c00000| PB 0x0000000087c00000| Untracked 
| 125|0x0000000087d00000, 0x0000000087d00000, 0x0000000087e00000|  0%| F|  |TAMS 0x0000000087d00000| PB 0x0000000087d00000| Untracked 
| 126|0x0000000087e00000, 0x0000000087e00000, 0x0000000087f00000|  0%| F|  |TAMS 0x0000000087e00000| PB 0x0000000087e00000| Untracked 
| 127|0x0000000087f00000, 0x0000000087f68530, 0x0000000088000000| 40%| E|  |TAMS 0x0000000087f00000| PB 0x0000000087f00000| Complete 
| 128|0x0000000088000000, 0x0000000088100000, 0x0000000088100000|100%| E|CS|TAMS 0x0000000088000000| PB 0x0000000088000000| Complete 
| 129|0x0000000088100000, 0x0000000088200000, 0x0000000088200000|100%| E|CS|TAMS 0x0000000088100000| PB 0x0000000088100000| Complete 
| 130|0x0000000088200000, 0x0000000088300000, 0x0000000088300000|100%| E|  |TAMS 0x0000000088200000| PB 0x0000000088200000| Complete 
| 131|0x0000000088300000, 0x0000000088400000, 0x0000000088400000|100%| E|CS|TAMS 0x0000000088300000| PB 0x0000000088300000| Complete 
| 132|0x0000000088400000, 0x0000000088500000, 0x0000000088500000|100%| E|CS|TAMS 0x0000000088400000| PB 0x0000000088400000| Complete 
| 133|0x0000000088500000, 0x0000000088600000, 0x0000000088600000|100%| E|CS|TAMS 0x0000000088500000| PB 0x0000000088500000| Complete 
| 134|0x0000000088600000, 0x0000000088700000, 0x0000000088700000|100%| E|CS|TAMS 0x0000000088600000| PB 0x0000000088600000| Complete 
| 135|0x0000000088700000, 0x0000000088800000, 0x0000000088800000|100%| E|CS|TAMS 0x0000000088700000| PB 0x0000000088700000| Complete 
| 136|0x0000000088800000, 0x0000000088900000, 0x0000000088900000|100%| E|CS|TAMS 0x0000000088800000| PB 0x0000000088800000| Complete 
| 137|0x0000000088900000, 0x0000000088a00000, 0x0000000088a00000|100%| E|CS|TAMS 0x0000000088900000| PB 0x0000000088900000| Complete 
| 138|0x0000000088a00000, 0x0000000088b00000, 0x0000000088b00000|100%| E|CS|TAMS 0x0000000088a00000| PB 0x0000000088a00000| Complete 
| 139|0x0000000088b00000, 0x0000000088c00000, 0x0000000088c00000|100%| E|CS|TAMS 0x0000000088b00000| PB 0x0000000088b00000| Complete 
| 140|0x0000000088c00000, 0x0000000088d00000, 0x0000000088d00000|100%| E|CS|TAMS 0x0000000088c00000| PB 0x0000000088c00000| Complete 
| 141|0x0000000088d00000, 0x0000000088e00000, 0x0000000088e00000|100%| E|CS|TAMS 0x0000000088d00000| PB 0x0000000088d00000| Complete 
| 142|0x0000000088e00000, 0x0000000088f00000, 0x0000000088f00000|100%| E|CS|TAMS 0x0000000088e00000| PB 0x0000000088e00000| Complete 
| 143|0x0000000088f00000, 0x0000000089000000, 0x0000000089000000|100%| E|CS|TAMS 0x0000000088f00000| PB 0x0000000088f00000| Complete 
| 144|0x0000000089000000, 0x0000000089100000, 0x0000000089100000|100%| E|CS|TAMS 0x0000000089000000| PB 0x0000000089000000| Complete 
| 145|0x0000000089100000, 0x0000000089200000, 0x0000000089200000|100%| E|CS|TAMS 0x0000000089100000| PB 0x0000000089100000| Complete 
| 146|0x0000000089200000, 0x0000000089300000, 0x0000000089300000|100%| E|CS|TAMS 0x0000000089200000| PB 0x0000000089200000| Complete 
| 147|0x0000000089300000, 0x0000000089400000, 0x0000000089400000|100%| E|CS|TAMS 0x0000000089300000| PB 0x0000000089300000| Complete 
| 148|0x0000000089400000, 0x0000000089500000, 0x0000000089500000|100%| E|CS|TAMS 0x0000000089400000| PB 0x0000000089400000| Complete 
| 149|0x0000000089500000, 0x0000000089600000, 0x0000000089600000|100%| E|CS|TAMS 0x0000000089500000| PB 0x0000000089500000| Complete 
| 150|0x0000000089600000, 0x0000000089700000, 0x0000000089700000|100%| E|CS|TAMS 0x0000000089600000| PB 0x0000000089600000| Complete 
| 151|0x0000000089700000, 0x0000000089800000, 0x0000000089800000|100%| E|CS|TAMS 0x0000000089700000| PB 0x0000000089700000| Complete 
| 152|0x0000000089800000, 0x0000000089900000, 0x0000000089900000|100%| E|CS|TAMS 0x0000000089800000| PB 0x0000000089800000| Complete 
| 153|0x0000000089900000, 0x0000000089a00000, 0x0000000089a00000|100%| E|CS|TAMS 0x0000000089900000| PB 0x0000000089900000| Complete 
| 154|0x0000000089a00000, 0x0000000089b00000, 0x0000000089b00000|100%| E|CS|TAMS 0x0000000089a00000| PB 0x0000000089a00000| Complete 
| 155|0x0000000089b00000, 0x0000000089c00000, 0x0000000089c00000|100%| E|CS|TAMS 0x0000000089b00000| PB 0x0000000089b00000| Complete 
| 156|0x0000000089c00000, 0x0000000089d00000, 0x0000000089d00000|100%| E|CS|TAMS 0x0000000089c00000| PB 0x0000000089c00000| Complete 
| 157|0x0000000089d00000, 0x0000000089e00000, 0x0000000089e00000|100%| E|CS|TAMS 0x0000000089d00000| PB 0x0000000089d00000| Complete 
| 158|0x0000000089e00000, 0x0000000089f00000, 0x0000000089f00000|100%| E|CS|TAMS 0x0000000089e00000| PB 0x0000000089e00000| Complete 
| 159|0x0000000089f00000, 0x000000008a000000, 0x000000008a000000|100%| E|CS|TAMS 0x0000000089f00000| PB 0x0000000089f00000| Complete 
| 160|0x000000008a000000, 0x000000008a100000, 0x000000008a100000|100%| E|CS|TAMS 0x000000008a000000| PB 0x000000008a000000| Complete 
| 161|0x000000008a100000, 0x000000008a200000, 0x000000008a200000|100%| E|CS|TAMS 0x000000008a100000| PB 0x000000008a100000| Complete 
| 162|0x000000008a200000, 0x000000008a300000, 0x000000008a300000|100%| E|CS|TAMS 0x000000008a200000| PB 0x000000008a200000| Complete 
| 163|0x000000008a300000, 0x000000008a400000, 0x000000008a400000|100%| E|CS|TAMS 0x000000008a300000| PB 0x000000008a300000| Complete 
| 164|0x000000008a400000, 0x000000008a500000, 0x000000008a500000|100%| E|CS|TAMS 0x000000008a400000| PB 0x000000008a400000| Complete 
| 165|0x000000008a500000, 0x000000008a600000, 0x000000008a600000|100%| E|CS|TAMS 0x000000008a500000| PB 0x000000008a500000| Complete 
| 166|0x000000008a600000, 0x000000008a700000, 0x000000008a700000|100%| E|CS|TAMS 0x000000008a600000| PB 0x000000008a600000| Complete 
| 167|0x000000008a700000, 0x000000008a800000, 0x000000008a800000|100%| E|CS|TAMS 0x000000008a700000| PB 0x000000008a700000| Complete 
| 168|0x000000008a800000, 0x000000008a900000, 0x000000008a900000|100%| E|CS|TAMS 0x000000008a800000| PB 0x000000008a800000| Complete 
|2040|0x00000000ff800000, 0x00000000ff900000, 0x00000000ff900000|100%| O|  |TAMS 0x00000000ff800000| PB 0x00000000ff800000| Untracked 
|2041|0x00000000ff900000, 0x00000000ffa00000, 0x00000000ffa00000|100%| O|  |TAMS 0x00000000ff900000| PB 0x00000000ff900000| Untracked 
|2042|0x00000000ffa00000, 0x00000000ffb00000, 0x00000000ffb00000|100%| O|  |TAMS 0x00000000ffa00000| PB 0x00000000ffa00000| Untracked 
|2043|0x00000000ffb00000, 0x00000000ffc00000, 0x00000000ffc00000|100%| O|  |TAMS 0x00000000ffb00000| PB 0x00000000ffb00000| Untracked 
|2044|0x00000000ffc00000, 0x00000000ffd00000, 0x00000000ffd00000|100%| O|  |TAMS 0x00000000ffc00000| PB 0x00000000ffc00000| Untracked 
|2045|0x00000000ffd00000, 0x00000000ffe00000, 0x00000000ffe00000|100%| O|  |TAMS 0x00000000ffd00000| PB 0x00000000ffd00000| Untracked 
|2046|0x00000000ffe00000, 0x00000000fff00000, 0x00000000fff00000|100%| O|  |TAMS 0x00000000ffe00000| PB 0x00000000ffe00000| Untracked 
|2047|0x00000000fff00000, 0x0000000100000000, 0x0000000100000000|100%| O|  |TAMS 0x00000000fff00000| PB 0x00000000fff00000| Untracked 

Card table byte_map: [0x0000019b66300000,0x0000019b66700000] _byte_map_base: 0x0000019b65f00000

Marking Bits: (CMBitMap*) 0x0000019b53ade400
 Bits: [0x0000019b66700000, 0x0000019b68700000)

Polling page: 0x0000019b51a20000

Metaspace:

Usage:
  Non-class:     65.98 MB used.
      Class:     10.30 MB used.
       Both:     76.28 MB used.

Virtual space:
  Non-class space:      128.00 MB reserved,      66.81 MB ( 52%) committed,  2 nodes.
      Class space:        1.00 GB reserved,      11.19 MB (  1%) committed,  1 nodes.
             Both:        1.12 GB reserved,      78.00 MB (  7%) committed. 

Chunk freelists:
   Non-Class:  13.19 MB
       Class:  4.86 MB
        Both:  18.05 MB

MaxMetaspaceSize: unlimited
CompressedClassSpaceSize: 1.00 GB
Initial GC threshold: 21.00 MB
Current GC threshold: 130.00 MB
CDS: off
 - commit_granule_bytes: 65536.
 - commit_granule_words: 8192.
 - virtual_space_node_default_size: 8388608.
 - enlarge_chunks_in_place: 1.
 - use_allocation_guard: 0.


Internal statistics:

num_allocs_failed_limit: 9.
num_arena_births: 3198.
num_arena_deaths: 0.
num_vsnodes_births: 3.
num_vsnodes_deaths: 0.
num_space_committed: 1248.
num_space_uncommitted: 0.
num_chunks_returned_to_freelist: 9.
num_chunks_taken_from_freelist: 6216.
num_chunk_merges: 9.
num_chunk_splits: 4005.
num_chunks_enlarged: 2406.
num_inconsistent_stats: 0.

CodeHeap 'non-profiled nmethods': size=120000Kb used=5419Kb max_used=5841Kb free=114580Kb
 bounds [0x0000019b5e6a0000, 0x0000019b5ec60000, 0x0000019b65bd0000]
CodeHeap 'profiled nmethods': size=120000Kb used=15772Kb max_used=16946Kb free=104227Kb
 bounds [0x0000019b56bd0000, 0x0000019b57c60000, 0x0000019b5e100000]
CodeHeap 'non-nmethods': size=5760Kb used=2801Kb max_used=2902Kb free=2959Kb
 bounds [0x0000019b5e100000, 0x0000019b5e3f0000, 0x0000019b5e6a0000]
 total_blobs=9328 nmethods=8398 adapters=834
 compilation: enabled
              stopped_count=0, restarted_count=0
 full_count=0

Compilation events (20 events):
Event: 23.430 Thread 0x0000019b6b32e3b0 nmethod 9928 0x0000019b5ec52890 code [0x0000019b5ec52ac0, 0x0000019b5ec53b10]
Event: 23.430 Thread 0x0000019b6b32e3b0 9932       4       java.util.stream.ReferencePipeline$2::opWrapSink (10 bytes)
Event: 23.440 Thread 0x0000019b6b32e3b0 nmethod 9932 0x0000019b5e6b9410 code [0x0000019b5e6b95a0, 0x0000019b5e6b97a0]
Event: 23.440 Thread 0x0000019b6b32e3b0 9931       4       org.gradle.api.internal.initialization.transform.InstrumentationAnalysisTransform::lambda$analyzeArtifact$1 (76 bytes)
Event: 23.443 Thread 0x0000019b6b331600 9948       3       org.gradle.internal.vfs.impl.DefaultSnapshotHierarchy::invalidate (64 bytes)
Event: 23.445 Thread 0x0000019b6b331600 nmethod 9948 0x0000019b576b4890 code [0x0000019b576b4c60, 0x0000019b576b6658]
Event: 23.446 Thread 0x0000019b6b331600 9949       3       org.gradle.internal.vfs.impl.DefaultSnapshotHierarchy$$Lambda/0x0000000100911000::apply (12 bytes)
Event: 23.446 Thread 0x0000019b6b331600 nmethod 9949 0x0000019b56c3d490 code [0x0000019b56c3d660, 0x0000019b56c3dae8]
Event: 23.446 Thread 0x0000019b6b331600 9950       1       org.gradle.internal.execution.steps.WorkspaceContext::getWorkspace (5 bytes)
Event: 23.447 Thread 0x0000019b6b331600 nmethod 9950 0x0000019b5e738a90 code [0x0000019b5e738c20, 0x0000019b5e738ce8]
Event: 23.452 Thread 0x0000019b6b331600 9952       3       org.gradle.api.internal.changedetection.state.SplitFileHasher::hash (44 bytes)
Event: 23.452 Thread 0x0000019b6b331600 nmethod 9952 0x0000019b56c78d90 code [0x0000019b56c78f80, 0x0000019b56c79458]
Event: 23.517 Thread 0x0000019b6b331600 9955       3       org.gradle.api.file.RelativePath::<init> (197 bytes)
Event: 23.518 Thread 0x0000019b6b331600 nmethod 9955 0x0000019b56c1db10 code [0x0000019b56c1dd80, 0x0000019b56c1e960]
Event: 23.540 Thread 0x0000019b6b331600 9956       3       org.gradle.api.internal.file.DefaultFileCollectionFactory$FixedFileCollection::<init> (18 bytes)
Event: 23.540 Thread 0x0000019b6b331600 nmethod 9956 0x0000019b56dad310 code [0x0000019b56dad4e0, 0x0000019b56dad870]
Event: 23.549 Thread 0x0000019b6b331600 9957       3       org.gradle.api.internal.file.DefaultFileCollectionFactory::fixed (17 bytes)
Event: 23.550 Thread 0x0000019b6b331600 nmethod 9957 0x0000019b56bfd590 code [0x0000019b56bfd760, 0x0000019b56bfd998]
Event: 23.564 Thread 0x0000019b6b331600 9959       3       org.gradle.internal.hash.HashCode$HashCode128::equals (57 bytes)
Event: 23.565 Thread 0x0000019b6b331600 nmethod 9959 0x0000019b56ee5a10 code [0x0000019b56ee5be0, 0x0000019b56ee5fa0]

GC Heap History (20 events):
Event: 7.201 GC heap before
{Heap before GC invocations=15 (full 0):
 garbage-first heap   total 108544K, used 76659K [0x0000000080000000, 0x0000000100000000)
  region size 1024K, 26 young (26624K), 3 survivors (3072K)
 Metaspace       used 55703K, committed 57152K, reserved 1114112K
  class space    used 7659K, committed 8384K, reserved 1048576K
}
Event: 7.205 GC heap after
{Heap after GC invocations=16 (full 0):
 garbage-first heap   total 108544K, used 57542K [0x0000000080000000, 0x0000000100000000)
  region size 1024K, 5 young (5120K), 5 survivors (5120K)
 Metaspace       used 55703K, committed 57152K, reserved 1114112K
  class space    used 7659K, committed 8384K, reserved 1048576K
}
Event: 8.373 GC heap before
{Heap before GC invocations=17 (full 0):
 garbage-first heap   total 108544K, used 107074K [0x0000000080000000, 0x0000000100000000)
  region size 1024K, 39 young (39936K), 5 survivors (5120K)
 Metaspace       used 58139K, committed 59648K, reserved 1114112K
  class space    used 7836K, committed 8576K, reserved 1048576K
}
Event: 8.382 GC heap after
{Heap after GC invocations=18 (full 0):
 garbage-first heap   total 119808K, used 76983K [0x0000000080000000, 0x0000000100000000)
  region size 1024K, 6 young (6144K), 6 survivors (6144K)
 Metaspace       used 58139K, committed 59648K, reserved 1114112K
  class space    used 7836K, committed 8576K, reserved 1048576K
}
Event: 8.751 GC heap before
{Heap before GC invocations=18 (full 0):
 garbage-first heap   total 119808K, used 105655K [0x0000000080000000, 0x0000000100000000)
  region size 1024K, 34 young (34816K), 6 survivors (6144K)
 Metaspace       used 59949K, committed 61632K, reserved 1114112K
  class space    used 8154K, committed 8960K, reserved 1048576K
}
Event: 8.757 GC heap after
{Heap after GC invocations=19 (full 0):
 garbage-first heap   total 119808K, used 78884K [0x0000000080000000, 0x0000000100000000)
  region size 1024K, 3 young (3072K), 3 survivors (3072K)
 Metaspace       used 59949K, committed 61632K, reserved 1114112K
  class space    used 8154K, committed 8960K, reserved 1048576K
}
Event: 9.323 GC heap before
{Heap before GC invocations=19 (full 0):
 garbage-first heap   total 119808K, used 107556K [0x0000000080000000, 0x0000000100000000)
  region size 1024K, 31 young (31744K), 3 survivors (3072K)
 Metaspace       used 63872K, committed 65472K, reserved 1114112K
  class space    used 8754K, committed 9536K, reserved 1048576K
}
Event: 9.328 GC heap after
{Heap after GC invocations=20 (full 0):
 garbage-first heap   total 119808K, used 80754K [0x0000000080000000, 0x0000000100000000)
  region size 1024K, 2 young (2048K), 2 survivors (2048K)
 Metaspace       used 63872K, committed 65472K, reserved 1114112K
  class space    used 8754K, committed 9536K, reserved 1048576K
}
Event: 9.938 GC heap before
{Heap before GC invocations=21 (full 0):
 garbage-first heap   total 142336K, used 108402K [0x0000000080000000, 0x0000000100000000)
  region size 1024K, 29 young (29696K), 2 survivors (2048K)
 Metaspace       used 66393K, committed 68160K, reserved 1114112K
  class space    used 9184K, committed 10048K, reserved 1048576K
}
Event: 9.942 GC heap after
{Heap after GC invocations=22 (full 0):
 garbage-first heap   total 142336K, used 82949K [0x0000000080000000, 0x0000000100000000)
  region size 1024K, 4 young (4096K), 4 survivors (4096K)
 Metaspace       used 66393K, committed 68160K, reserved 1114112K
  class space    used 9184K, committed 10048K, reserved 1048576K
}
Event: 12.239 GC heap before
{Heap before GC invocations=22 (full 0):
 garbage-first heap   total 142336K, used 125957K [0x0000000080000000, 0x0000000100000000)
  region size 1024K, 47 young (48128K), 4 survivors (4096K)
 Metaspace       used 76125K, committed 77952K, reserved 1179648K
  class space    used 10408K, committed 11328K, reserved 1048576K
}
Event: 12.247 GC heap after
{Heap after GC invocations=23 (full 0):
 garbage-first heap   total 142336K, used 86052K [0x0000000080000000, 0x0000000100000000)
  region size 1024K, 6 young (6144K), 6 survivors (6144K)
 Metaspace       used 76125K, committed 77952K, reserved 1179648K
  class space    used 10408K, committed 11328K, reserved 1048576K
}
Event: 16.652 GC heap before
{Heap before GC invocations=23 (full 0):
 garbage-first heap   total 142336K, used 125988K [0x0000000080000000, 0x0000000100000000)
  region size 1024K, 46 young (47104K), 6 survivors (6144K)
 Metaspace       used 77359K, committed 79104K, reserved 1179648K
  class space    used 10444K, committed 11328K, reserved 1048576K
}
Event: 16.662 GC heap after
{Heap after GC invocations=24 (full 0):
 garbage-first heap   total 142336K, used 89592K [0x0000000080000000, 0x0000000100000000)
  region size 1024K, 4 young (4096K), 4 survivors (4096K)
 Metaspace       used 77359K, committed 79104K, reserved 1179648K
  class space    used 10444K, committed 11328K, reserved 1048576K
}
Event: 21.143 GC heap before
{Heap before GC invocations=25 (full 0):
 garbage-first heap   total 155648K, used 127480K [0x0000000080000000, 0x0000000100000000)
  region size 1024K, 41 young (41984K), 4 survivors (4096K)
 Metaspace       used 77450K, committed 79232K, reserved 1179648K
  class space    used 10445K, committed 11328K, reserved 1048576K
}
Event: 21.148 GC heap after
{Heap after GC invocations=26 (full 0):
 garbage-first heap   total 155648K, used 89919K [0x0000000080000000, 0x0000000100000000)
  region size 1024K, 1 young (1024K), 1 survivors (1024K)
 Metaspace       used 77450K, committed 79232K, reserved 1179648K
  class space    used 10445K, committed 11328K, reserved 1048576K
}
Event: 23.082 GC heap before
{Heap before GC invocations=26 (full 0):
 garbage-first heap   total 155648K, used 144191K [0x0000000080000000, 0x0000000100000000)
  region size 1024K, 52 young (53248K), 1 survivors (1024K)
 Metaspace       used 78057K, committed 79872K, reserved 1179648K
  class space    used 10546K, committed 11456K, reserved 1048576K
}
Event: 23.087 GC heap after
{Heap after GC invocations=27 (full 0):
 garbage-first heap   total 155648K, used 94142K [0x0000000080000000, 0x0000000100000000)
  region size 1024K, 3 young (3072K), 3 survivors (3072K)
 Metaspace       used 78057K, committed 79872K, reserved 1179648K
  class space    used 10546K, committed 11456K, reserved 1048576K
}
Event: 23.338 GC heap before
{Heap before GC invocations=27 (full 0):
 garbage-first heap   total 155648K, used 141246K [0x0000000080000000, 0x0000000100000000)
  region size 1024K, 50 young (51200K), 3 survivors (3072K)
 Metaspace       used 78094K, committed 79872K, reserved 1179648K
  class space    used 10546K, committed 11456K, reserved 1048576K
}
Event: 23.343 GC heap after
{Heap after GC invocations=28 (full 0):
 garbage-first heap   total 155648K, used 96006K [0x0000000080000000, 0x0000000100000000)
  region size 1024K, 5 young (5120K), 5 survivors (5120K)
 Metaspace       used 78094K, committed 79872K, reserved 1179648K
  class space    used 10546K, committed 11456K, reserved 1048576K
}

Dll operation events (3 events):
Event: 0.017 Loaded shared library E:\Old download\jbr\bin\java.dll
Event: 0.029 Loaded shared library E:\Old download\jbr\bin\zip.dll
Event: 0.788 Loaded shared library E:\Old download\jbr\bin\verify.dll

Deoptimization events (20 events):
Event: 23.074 Thread 0x0000019b7b732dc0 DEOPT PACKING pc=0x0000019b57be88a2 sp=0x0000003e505fafb0
Event: 23.074 Thread 0x0000019b7b732dc0 DEOPT UNPACKING pc=0x0000019b5e154e42 sp=0x0000003e505fa468 mode 0
Event: 23.077 Thread 0x0000019b7b734e90 DEOPT PACKING pc=0x0000019b57be88a2 sp=0x0000003e508fb010
Event: 23.077 Thread 0x0000019b7b734e90 DEOPT UNPACKING pc=0x0000019b5e154e42 sp=0x0000003e508fa4c8 mode 0
Event: 23.081 Thread 0x0000019b7b732dc0 DEOPT PACKING pc=0x0000019b57be88a2 sp=0x0000003e505fafb0
Event: 23.081 Thread 0x0000019b7b732dc0 DEOPT UNPACKING pc=0x0000019b5e154e42 sp=0x0000003e505fa468 mode 0
Event: 23.090 Thread 0x0000019b7b734e90 DEOPT PACKING pc=0x0000019b57be88a2 sp=0x0000003e508fb010
Event: 23.090 Thread 0x0000019b7b734e90 DEOPT UNPACKING pc=0x0000019b5e154e42 sp=0x0000003e508fa4c8 mode 0
Event: 23.092 Thread 0x0000019b7b732dc0 DEOPT PACKING pc=0x0000019b57be88a2 sp=0x0000003e505fafb0
Event: 23.092 Thread 0x0000019b7b732dc0 DEOPT UNPACKING pc=0x0000019b5e154e42 sp=0x0000003e505fa468 mode 0
Event: 23.095 Thread 0x0000019b7b732dc0 DEOPT PACKING pc=0x0000019b57be88a2 sp=0x0000003e505fafb0
Event: 23.095 Thread 0x0000019b7b732dc0 DEOPT UNPACKING pc=0x0000019b5e154e42 sp=0x0000003e505fa468 mode 0
Event: 23.201 Thread 0x0000019b7b734e90 Uncommon trap: trap_request=0xffffff6e fr.pc=0x0000019b5ec417cc relative=0x000000000000036c
Event: 23.201 Thread 0x0000019b7b734e90 Uncommon trap: reason=loop_limit_check action=maybe_recompile pc=0x0000019b5ec417cc method=com.google.common.base.CharMatcher.lastIndexIn(Ljava/lang/CharSequence;)I @ 10 c2
Event: 23.201 Thread 0x0000019b7b734e90 DEOPT PACKING pc=0x0000019b5ec417cc sp=0x0000003e508fad10
Event: 23.201 Thread 0x0000019b7b734e90 DEOPT UNPACKING pc=0x0000019b5e1546a2 sp=0x0000003e508facc8 mode 2
Event: 23.320 Thread 0x0000019b7b735520 Uncommon trap: trap_request=0xfffffff4 fr.pc=0x0000019b5ec45ea0 relative=0x0000000000001480
Event: 23.320 Thread 0x0000019b7b735520 Uncommon trap: reason=null_check action=make_not_entrant pc=0x0000019b5ec45ea0 method=org.gradle.api.internal.file.archive.impl.FileZipInput$1.computeNext()Lorg/gradle/api/internal/file/archive/ZipEntry; @ 19 c2
Event: 23.320 Thread 0x0000019b7b735520 DEOPT PACKING pc=0x0000019b5ec45ea0 sp=0x0000003e506fb170
Event: 23.320 Thread 0x0000019b7b735520 DEOPT UNPACKING pc=0x0000019b5e1546a2 sp=0x0000003e506fb138 mode 2

Classes loaded (20 events):
Event: 12.250 Loading class sun/security/ssl/Alert$Level
Event: 12.250 Loading class sun/security/ssl/Alert$Level done
Event: 12.491 Loading class java/util/concurrent/LinkedBlockingDeque$Itr
Event: 12.491 Loading class java/util/concurrent/LinkedBlockingDeque$AbstractItr
Event: 12.491 Loading class java/util/concurrent/LinkedBlockingDeque$AbstractItr done
Event: 12.491 Loading class java/util/concurrent/LinkedBlockingDeque$Itr done
Event: 13.131 Loading class java/util/concurrent/locks/ReentrantReadWriteLock$Sync$HoldCounter
Event: 13.132 Loading class java/util/concurrent/locks/ReentrantReadWriteLock$Sync$HoldCounter done
Event: 15.240 Loading class java/util/Collections$ReverseComparator
Event: 15.240 Loading class java/util/Collections$ReverseComparator done
Event: 15.240 Loading class java/util/Collections$ReverseComparator2
Event: 15.241 Loading class java/util/Collections$ReverseComparator2 done
Event: 22.919 Loading class java/util/zip/ZipFile$ZipEntryIterator
Event: 22.919 Loading class java/util/zip/ZipFile$ZipEntryIterator done
Event: 22.922 Loading class java/util/zip/ZipInputStream
Event: 22.922 Loading class java/util/zip/ZipInputStream done
Event: 23.069 Loading class java/nio/file/StandardCopyOption
Event: 23.069 Loading class java/nio/file/StandardCopyOption done
Event: 23.069 Loading class sun/nio/fs/WindowsFileCopy
Event: 23.070 Loading class sun/nio/fs/WindowsFileCopy done

Classes unloaded (0 events):
No events

Classes redefined (0 events):
No events

Internal exceptions (20 events):
Event: 10.021 Thread 0x0000019b71106570 Exception <a 'java/lang/NoSuchMethodError'{0x0000000087f036c8}: static Lorg/gradle/internal/build/event/types/DefaultFileDownloadDescriptor;.<clinit>()V> (0x0000000087f036c8) 
thrown [s\src\hotspot\share\prims\jni.cpp, line 1126]
Event: 10.072 Thread 0x0000019b712564e0 Exception <a 'sun/nio/fs/WindowsException'{0x0000000087ec27d0}> (0x0000000087ec27d0) 
thrown [s\src\hotspot\share\prims\jni.cpp, line 535]
Event: 10.155 Thread 0x0000019b712564e0 Exception <a 'java/lang/NoSuchMethodError'{0x0000000087ba7860}: 'void java.lang.invoke.DirectMethodHandle$Holder.invokeVirtual(java.lang.Object, java.lang.Object)'> (0x0000000087ba7860) 
thrown [s\src\hotspot\share\interpreter\linkResolver.cpp, line 784]
Event: 11.141 Thread 0x0000019b71106570 Exception <a 'java/lang/NoSuchMethodError'{0x0000000086086d00}: static Lorg/gradle/internal/build/event/types/DefaultStatusEvent;.<clinit>()V> (0x0000000086086d00) 
thrown [s\src\hotspot\share\prims\jni.cpp, line 1126]
Event: 11.147 Thread 0x0000019b71106570 Exception <a 'java/lang/NoSuchMethodError'{0x0000000086092400}: static Lorg/gradle/internal/build/event/types/DefaultOperationFinishedProgressEvent;.<clinit>()V> (0x0000000086092400) 
thrown [s\src\hotspot\share\prims\jni.cpp, line 1126]
Event: 11.151 Thread 0x0000019b71106570 Exception <a 'java/lang/NoSuchMethodError'{0x00000000860c3910}: static Lorg/gradle/internal/build/event/types/DefaultFileDownloadSuccessResult;.<clinit>()V> (0x00000000860c3910) 
thrown [s\src\hotspot\share\prims\jni.cpp, line 1126]
Event: 11.151 Thread 0x0000019b71106570 Exception <a 'java/lang/NoSuchMethodError'{0x00000000860c4968}: static Lorg/gradle/internal/build/event/types/DefaultSuccessResult;.<clinit>()V> (0x00000000860c4968) 
thrown [s\src\hotspot\share\prims\jni.cpp, line 1126]
Event: 11.151 Thread 0x0000019b71106570 Exception <a 'java/lang/NoSuchMethodError'{0x00000000860c5830}: static Lorg/gradle/internal/build/event/types/AbstractOperationResult;.<clinit>()V> (0x00000000860c5830) 
thrown [s\src\hotspot\share\prims\jni.cpp, line 1126]
Event: 11.151 Thread 0x0000019b71106570 Exception <a 'java/lang/NoSuchMethodError'{0x00000000860c6c58}: static Lorg/gradle/internal/build/event/types/AbstractResult;.<clinit>()V> (0x00000000860c6c58) 
thrown [s\src\hotspot\share\prims\jni.cpp, line 1126]
Event: 11.245 Thread 0x0000019b712564e0 Exception <a 'java/lang/NoSuchMethodError'{0x0000000085ffaa58}: 'int java.lang.invoke.DirectMethodHandle$Holder.invokeSpecial(java.lang.Object, java.lang.Object, int)'> (0x0000000085ffaa58) 
thrown [s\src\hotspot\share\interpreter\linkResolver.cpp, line 784]
Event: 11.389 Thread 0x0000019b712564e0 Exception <a 'java/lang/NoSuchMethodError'{0x000000008594f708}: 'java.lang.Object java.lang.invoke.DirectMethodHandle$Holder.invokeSpecial(java.lang.Object, java.lang.Object, java.lang.Object, java.lang.Object, java.lang.Object, long)'> (0x000000008594f708) 
thrown [s\src\hotspot\share\interpreter\linkResolver.cpp, line 784]
Event: 11.391 Thread 0x0000019b712564e0 Exception <a 'java/lang/NoSuchMethodError'{0x000000008596f408}: 'void java.lang.invoke.DirectMethodHandle$Holder.invokeStatic(java.lang.Object, java.lang.Object, java.lang.Object, int, java.lang.Object)'> (0x000000008596f408) 
thrown [s\src\hotspot\share\interpreter\linkResolver.cpp, line 784]
Event: 12.135 Thread 0x0000019b712564e0 Exception <a 'java/lang/NoSuchMethodError'{0x00000000855a31b0}: 'int java.lang.invoke.DirectMethodHandle$Holder.invokeSpecialIFC(java.lang.Object, java.lang.Object, java.lang.Object)'> (0x00000000855a31b0) 
thrown [s\src\hotspot\share\interpreter\linkResolver.cpp, line 784]
Event: 12.250 Thread 0x0000019b6b30b040 Implicit null exception at 0x0000019b5ea6660b to 0x0000019b5ea666dc
Event: 12.429 Thread 0x0000019b7402e820 Implicit null exception at 0x0000019b5783b012 to 0x0000019b5783bb9c
Event: 12.429 Thread 0x0000019b7402e820 Exception <a 'java/lang/NullPointerException'{0x0000000087f378f0}> (0x0000000087f378f0) 
thrown [s\src\hotspot\share\runtime\sharedRuntime.cpp, line 625]
Event: 16.220 Thread 0x0000019b71106570 Implicit null exception at 0x0000019b5e7d0987 to 0x0000019b5e7d0a60
Event: 22.895 Thread 0x0000019b7b733450 Exception <a 'java/lang/IncompatibleClassChangeError'{0x0000000087ddc4b0}: Found class java.lang.Object, but interface was expected> (0x0000000087ddc4b0) 
thrown [s\src\hotspot\share\interpreter\linkResolver.cpp, line 851]
Event: 22.920 Thread 0x0000019b7b733450 Implicit null exception at 0x0000019b5e77d0ef to 0x0000019b5e77dcf4
Event: 23.320 Thread 0x0000019b7b735520 Implicit null exception at 0x0000019b5ec456e7 to 0x0000019b5ec45e94

ZGC Phase Switch (0 events):
No events

VM Operations (20 events):
Event: 21.143 Executing VM operation: G1CollectForAllocation (G1 Evacuation Pause)
Event: 21.149 Executing VM operation: G1CollectForAllocation (G1 Evacuation Pause) done
Event: 22.150 Executing VM operation: Cleanup
Event: 22.150 Executing VM operation: Cleanup done
Event: 22.887 Executing VM operation: HandshakeAllThreads (Deoptimize)
Event: 22.887 Executing VM operation: HandshakeAllThreads (Deoptimize) done
Event: 22.889 Executing VM operation: HandshakeAllThreads (Deoptimize)
Event: 22.889 Executing VM operation: HandshakeAllThreads (Deoptimize) done
Event: 22.891 Executing VM operation: HandshakeAllThreads (Deoptimize)
Event: 22.891 Executing VM operation: HandshakeAllThreads (Deoptimize) done
Event: 23.081 Executing VM operation: G1CollectForAllocation (G1 Evacuation Pause)
Event: 23.091 Executing VM operation: G1CollectForAllocation (G1 Evacuation Pause) done
Event: 23.338 Executing VM operation: G1CollectForAllocation (G1 Evacuation Pause)
Event: 23.338 Executing VM operation: G1CollectForAllocation (G1 Evacuation Pause) done
Event: 23.338 Executing VM operation: G1CollectForAllocation (GCLocker Initiated GC)
Event: 23.344 Executing VM operation: G1CollectForAllocation (GCLocker Initiated GC) done
Event: 23.432 Executing VM operation: G1PauseRemark
Event: 23.443 Executing VM operation: G1PauseRemark done
Event: 23.482 Executing VM operation: G1PauseCleanup
Event: 23.489 Executing VM operation: G1PauseCleanup done

Events (20 events):
Event: 23.439 Thread 0x0000019b6b2c0b60 flushing nmethod 0x0000019b5e7bd290
Event: 23.439 Thread 0x0000019b6b2c0b60 flushing nmethod 0x0000019b5e7b9710
Event: 23.439 Thread 0x0000019b6b2c0b60 flushing nmethod 0x0000019b5e7a9090
Event: 23.439 Thread 0x0000019b6b2c0b60 flushing nmethod 0x0000019b5e7b8510
Event: 23.439 Thread 0x0000019b6b2c0b60 flushing nmethod 0x0000019b5e75ee90
Event: 23.439 Thread 0x0000019b6b2c0b60 flushing nmethod 0x0000019b5e787690
Event: 23.439 Thread 0x0000019b6b2c0b60 flushing nmethod 0x0000019b5e77e710
Event: 23.439 Thread 0x0000019b6b2c0b60 flushing nmethod 0x0000019b5e779190
Event: 23.439 Thread 0x0000019b6b2c0b60 flushing nmethod 0x0000019b5e772010
Event: 23.439 Thread 0x0000019b6b2c0b60 flushing nmethod 0x0000019b5e73ec90
Event: 23.439 Thread 0x0000019b6b2c0b60 flushing nmethod 0x0000019b5e738a90
Event: 23.439 Thread 0x0000019b6b2c0b60 flushing nmethod 0x0000019b5e718090
Event: 23.439 Thread 0x0000019b6b2c0b60 flushing nmethod 0x0000019b5e6dd490
Event: 23.439 Thread 0x0000019b6b2c0b60 flushing nmethod 0x0000019b5e713310
Event: 23.439 Thread 0x0000019b6b2c0b60 flushing nmethod 0x0000019b5e6cfe90
Event: 23.439 Thread 0x0000019b6b2c0b60 flushing nmethod 0x0000019b5e6d7590
Event: 23.439 Thread 0x0000019b6b2c0b60 flushing nmethod 0x0000019b5e6c4890
Event: 23.439 Thread 0x0000019b6b2c0b60 flushing nmethod 0x0000019b5e6c2490
Event: 23.439 Thread 0x0000019b6b2c0b60 flushing nmethod 0x0000019b5e6c1d10
Event: 23.439 Thread 0x0000019b6b2c0b60 flushing nmethod 0x0000019b5e6b9410


Dynamic libraries:
0x00007ff6dd8e0000 - 0x00007ff6dd8ea000 	E:\Old download\jbr\bin\java.exe
0x00007ffa74d70000 - 0x00007ffa74f87000 	C:\Windows\SYSTEM32\ntdll.dll
0x00007ffa740a0000 - 0x00007ffa74164000 	C:\Windows\System32\KERNEL32.DLL
0x00007ffa721c0000 - 0x00007ffa72593000 	C:\Windows\System32\KERNELBASE.dll
0x00007ffa71eb0000 - 0x00007ffa71fc1000 	C:\Windows\System32\ucrtbase.dll
0x00007ffa4f130000 - 0x00007ffa4f14b000 	E:\Old download\jbr\bin\VCRUNTIME140.dll
0x00007ffa6da70000 - 0x00007ffa6da88000 	E:\Old download\jbr\bin\jli.dll
0x00007ffa73e70000 - 0x00007ffa74021000 	C:\Windows\System32\USER32.dll
0x00007ffa5f000000 - 0x00007ffa5f298000 	C:\Windows\WinSxS\amd64_microsoft.windows.common-controls_6595b64144ccf1df_6.0.22621.5124_none_270e8f4f7386d69d\COMCTL32.dll
0x00007ffa72190000 - 0x00007ffa721b6000 	C:\Windows\System32\win32u.dll
0x00007ffa745b0000 - 0x00007ffa74657000 	C:\Windows\System32\msvcrt.dll
0x00007ffa744f0000 - 0x00007ffa74519000 	C:\Windows\System32\GDI32.dll
0x00007ffa72710000 - 0x00007ffa7282b000 	C:\Windows\System32\gdi32full.dll
0x00007ffa72830000 - 0x00007ffa728ca000 	C:\Windows\System32\msvcp_win.dll
0x00007ffa73950000 - 0x00007ffa73981000 	C:\Windows\System32\IMM32.DLL
0x00007ffa1efb0000 - 0x00007ffa1efbc000 	E:\Old download\jbr\bin\vcruntime140_1.dll
0x00007ffa69990000 - 0x00007ffa69a1d000 	E:\Old download\jbr\bin\msvcp140.dll
0x00007ffa1efc0000 - 0x00007ffa1fc3d000 	E:\Old download\jbr\bin\server\jvm.dll
0x00007ffa73d90000 - 0x00007ffa73e41000 	C:\Windows\System32\ADVAPI32.dll
0x00007ffa73770000 - 0x00007ffa73818000 	C:\Windows\System32\sechost.dll
0x00007ffa71e80000 - 0x00007ffa71ea8000 	C:\Windows\System32\bcrypt.dll
0x00007ffa74bf0000 - 0x00007ffa74d04000 	C:\Windows\System32\RPCRT4.dll
0x00007ffa74520000 - 0x00007ffa74591000 	C:\Windows\System32\WS2_32.dll
0x00007ffa6d310000 - 0x00007ffa6d31a000 	C:\Windows\SYSTEM32\VERSION.dll
0x00007ffa6d340000 - 0x00007ffa6d374000 	C:\Windows\SYSTEM32\WINMM.dll
0x00007ffa70cc0000 - 0x00007ffa70d0d000 	C:\Windows\SYSTEM32\POWRPROF.dll
0x00007ffa70ca0000 - 0x00007ffa70cb3000 	C:\Windows\SYSTEM32\UMPDC.dll
0x00007ffa70f60000 - 0x00007ffa70f78000 	C:\Windows\SYSTEM32\kernel.appcore.dll
0x00007ffa1efa0000 - 0x00007ffa1efaa000 	E:\Old download\jbr\bin\jimage.dll
0x00007ffa6f8d0000 - 0x00007ffa6fb02000 	C:\Windows\SYSTEM32\DBGHELP.DLL
0x00007ffa72b30000 - 0x00007ffa72ec2000 	C:\Windows\System32\combase.dll
0x00007ffa73820000 - 0x00007ffa738f7000 	C:\Windows\System32\OLEAUT32.dll
0x00007ffa544f0000 - 0x00007ffa54522000 	C:\Windows\SYSTEM32\dbgcore.DLL
0x00007ffa71fd0000 - 0x00007ffa7204b000 	C:\Windows\System32\bcryptPrimitives.dll
0x00007ffa6d800000 - 0x00007ffa6d80e000 	E:\Old download\jbr\bin\instrument.dll
0x00007ffa1ef80000 - 0x00007ffa1ef9f000 	E:\Old download\jbr\bin\java.dll
0x00007ffa1ef60000 - 0x00007ffa1ef78000 	E:\Old download\jbr\bin\zip.dll
0x00007ffa72ed0000 - 0x00007ffa73766000 	C:\Windows\System32\SHELL32.dll
0x00007ffa72050000 - 0x00007ffa7218f000 	C:\Windows\System32\wintypes.dll
0x00007ffa6fd60000 - 0x00007ffa7067a000 	C:\Windows\SYSTEM32\windows.storage.dll
0x00007ffa743e0000 - 0x00007ffa744ea000 	C:\Windows\System32\SHCORE.dll
0x00007ffa74030000 - 0x00007ffa74093000 	C:\Windows\System32\shlwapi.dll
0x00007ffa71db0000 - 0x00007ffa71ddb000 	C:\Windows\SYSTEM32\profapi.dll
0x00007ffa1ef50000 - 0x00007ffa1ef60000 	E:\Old download\jbr\bin\net.dll
0x00007ffa6d570000 - 0x00007ffa6d69c000 	C:\Windows\SYSTEM32\WINHTTP.dll
0x00007ffa713e0000 - 0x00007ffa7144a000 	C:\Windows\system32\mswsock.dll
0x00007ffa1ef30000 - 0x00007ffa1ef46000 	E:\Old download\jbr\bin\nio.dll
0x00007ffa6e170000 - 0x00007ffa6e180000 	E:\Old download\jbr\bin\verify.dll
0x00007ffa0ca00000 - 0x00007ffa0ca27000 	C:\Users\ABDULLAH MAMUN\.gradle\native\c067742578af261105cb4f569cf0c3c89f3d7b1fecec35dd04571415982c5e48\windows-amd64\native-platform.dll
0x00007ffa49330000 - 0x00007ffa49474000 	C:\Users\ABDULLAH MAMUN\.gradle\native\100fb08df4bc3b14c8652ba06237920a3bd2aa13389f12d3474272988ae205f9\windows-amd64\native-platform-file-events.dll
0x00007ffa1eb10000 - 0x00007ffa1eb19000 	E:\Old download\jbr\bin\management.dll
0x00007ffa6e250000 - 0x00007ffa6e25b000 	E:\Old download\jbr\bin\management_ext.dll
0x00007ffa74270000 - 0x00007ffa74278000 	C:\Windows\System32\PSAPI.DLL
0x00007ffa71660000 - 0x00007ffa7167b000 	C:\Windows\SYSTEM32\CRYPTSP.dll
0x00007ffa70ec0000 - 0x00007ffa70ef7000 	C:\Windows\system32\rsaenh.dll
0x00007ffa714c0000 - 0x00007ffa714e8000 	C:\Windows\SYSTEM32\USERENV.dll
0x00007ffa71650000 - 0x00007ffa7165c000 	C:\Windows\SYSTEM32\CRYPTBASE.dll
0x00007ffa70950000 - 0x00007ffa7097d000 	C:\Windows\SYSTEM32\IPHLPAPI.DLL
0x00007ffa73e50000 - 0x00007ffa73e59000 	C:\Windows\System32\NSI.dll
0x00007ffa1eb70000 - 0x00007ffa1eb79000 	E:\Old download\jbr\bin\extnet.dll
0x00007ffa1fdd0000 - 0x00007ffa1fdd8000 	C:\Windows\system32\wshunix.dll
0x00007ffa709c0000 - 0x00007ffa70ac2000 	C:\Windows\SYSTEM32\DNSAPI.dll
0x00007ffa69f00000 - 0x00007ffa69f0a000 	C:\Windows\System32\rasadhlp.dll
0x00007ffa6aea0000 - 0x00007ffa6af23000 	C:\Windows\System32\fwpuclnt.dll

dbghelp: loaded successfully - version: 4.0.5 - missing functions: none
symbol engine: initialized successfully - sym options: 0x614 - pdb path: .;E:\Old download\jbr\bin;C:\Windows\SYSTEM32;C:\Windows\WinSxS\amd64_microsoft.windows.common-controls_6595b64144ccf1df_6.0.22621.5124_none_270e8f4f7386d69d;E:\Old download\jbr\bin\server;C:\Users\ABDULLAH MAMUN\.gradle\native\c067742578af261105cb4f569cf0c3c89f3d7b1fecec35dd04571415982c5e48\windows-amd64;C:\Users\ABDULLAH MAMUN\.gradle\native\100fb08df4bc3b14c8652ba06237920a3bd2aa13389f12d3474272988ae205f9\windows-amd64

VM Arguments:
jvm_args: --add-opens=java.base/java.util=ALL-UNNAMED --add-opens=java.base/java.lang=ALL-UNNAMED --add-opens=java.base/java.lang.invoke=ALL-UNNAMED --add-opens=java.prefs/java.util.prefs=ALL-UNNAMED --add-exports=jdk.compiler/com.sun.tools.javac.api=ALL-UNNAMED --add-exports=jdk.compiler/com.sun.tools.javac.util=ALL-UNNAMED --add-opens=java.base/java.nio.charset=ALL-UNNAMED --add-opens=java.base/java.net=ALL-UNNAMED --add-opens=java.base/java.util.concurrent.atomic=ALL-UNNAMED -Xmx2048m -Dfile.encoding=UTF-8 -Duser.country=US -Duser.language=en -Duser.variant -javaagent:C:\Users\ABDULLAH MAMUN\.gradle\wrapper\dists\gradle-8.9-bin\90cnw93cvbtalezasaz0blq0a\gradle-8.9\lib\agents\gradle-instrumentation-agent-8.9.jar 
java_command: org.gradle.launcher.daemon.bootstrap.GradleDaemon 8.9
java_class_path (initial): C:\Users\ABDULLAH MAMUN\.gradle\wrapper\dists\gradle-8.9-bin\90cnw93cvbtalezasaz0blq0a\gradle-8.9\lib\gradle-daemon-main-8.9.jar
Launcher Type: SUN_STANDARD

[Global flags]
     intx CICompilerCount                          = 4                                         {product} {ergonomic}
     uint ConcGCThreads                            = 2                                         {product} {ergonomic}
     uint G1ConcRefinementThreads                  = 8                                         {product} {ergonomic}
   size_t G1HeapRegionSize                         = 1048576                                   {product} {ergonomic}
    uintx GCDrainStackTargetSize                   = 64                                        {product} {ergonomic}
   size_t InitialHeapSize                          = 134217728                                 {product} {ergonomic}
   size_t MarkStackSize                            = 4194304                                   {product} {ergonomic}
   size_t MaxHeapSize                              = 2147483648                                {product} {command line}
   size_t MaxNewSize                               = 1287651328                                {product} {ergonomic}
   size_t MinHeapDeltaBytes                        = 1048576                                   {product} {ergonomic}
   size_t MinHeapSize                              = 8388608                                   {product} {ergonomic}
    uintx NonNMethodCodeHeapSize                   = 5839372                                {pd product} {ergonomic}
    uintx NonProfiledCodeHeapSize                  = 122909434                              {pd product} {ergonomic}
    uintx ProfiledCodeHeapSize                     = 122909434                              {pd product} {ergonomic}
    uintx ReservedCodeCacheSize                    = 251658240                              {pd product} {ergonomic}
     bool SegmentedCodeCache                       = true                                      {product} {ergonomic}
   size_t SoftMaxHeapSize                          = 2147483648                             {manageable} {ergonomic}
     bool UseCompressedOops                        = true                           {product lp64_product} {ergonomic}
     bool UseG1GC                                  = true                                      {product} {ergonomic}
     bool UseLargePagesIndividualAllocation        = false                                  {pd product} {ergonomic}

Logging:
Log output configuration:
 #0: stdout all=warning uptime,level,tags foldmultilines=false
 #1: stderr all=off uptime,level,tags foldmultilines=false

Environment Variables:
PATH=C:\Windows\system32;C:\Windows;C:\Windows\System32\Wbem;C:\Windows\System32\WindowsPowerShell\v1.0\;C:\Windows\System32\OpenSSH\;C:\Program Files\Git\cmd;C:\Users\ABDULLAH MAMUN\AppData\Local\Microsoft\WindowsApps;E:\E downloads\E-programs\Microsoft VS Code\bin
USERNAME=ABDULLAH MAMUN
OS=Windows_NT
PROCESSOR_IDENTIFIER=Intel64 Family 6 Model 142 Stepping 10, GenuineIntel
TMP=C:\Users\ABDULL~1\AppData\Local\Temp
TEMP=C:\Users\ABDULL~1\AppData\Local\Temp




Periodic native trim disabled

JNI global refs:
JNI global refs: 31, weak refs: 2

JNI global refs memory usage: 835, weak refs: 833

Process memory usage:
Resident Set Size: 427980K (5% of 8283164K total physical memory with 1030148K free physical memory)

OOME stack traces (most recent first):
Classloader memory used:
Loader org.gradle.internal.classloader.VisitableURLClassLoader                         : 32747K
Loader bootstrap                                                                       : 29952K
Loader org.gradle.initialization.MixInLegacyTypesClassLoader                           : 12357K
Loader org.gradle.internal.classloader.VisitableURLClassLoader                         : 840K
Loader jdk.internal.loader.ClassLoaders$PlatformClassLoader                            : 780K
Loader org.gradle.internal.classloader.VisitableURLClassLoader$InstrumentingVisitableURLClassLoader: 699K
Loader jdk.internal.reflect.DelegatingClassLoader                                      : 288K
Loader jdk.internal.loader.ClassLoaders$AppClassLoader                                 : 230K
Loader org.gradle.groovy.scripts.internal.DefaultScriptCompilationHandler$ScriptClassLoader: 163K
Loader org.codehaus.groovy.runtime.callsite.CallSiteClassLoader                        : 58312B

Classes loaded by more than one classloader:
Class org.gradle.api.GradleException                                                  : loaded 3 times (x 79B)
Class org.gradle.internal.classloader.ClassLoaderHierarchy                            : loaded 2 times (x 67B)
Class org.gradle.api.internal.classpath.ManifestUtil                                  : loaded 2 times (x 68B)
Class org.jetbrains.plugins.gradle.model.GradleExtensions                             : loaded 2 times (x 67B)
Class org.jetbrains.plugins.gradle.model.AnnotationProcessingModel                    : loaded 2 times (x 67B)
Class org.gradle.internal.operations.MultipleBuildOperationFailures                   : loaded 2 times (x 92B)
Class org.jetbrains.kotlin.idea.gradleTooling.model.noarg.NoArgModel                  : loaded 2 times (x 67B)
Class org.gradle.internal.classloader.DefaultClassLoaderFactory                       : loaded 2 times (x 79B)
Class kotlin.collections.AbstractList$Companion                                       : loaded 2 times (x 68B)
Class org.gradle.internal.classloader.ClassLoaderVisitor                              : loaded 2 times (x 73B)
Class settings_e8vr1gc02it6hvikkn7ehss8t$_run_closure1$_closure2                      : loaded 2 times (x 136B)
Class org.gradle.api.internal.classpath.EffectiveClassPath                            : loaded 2 times (x 87B)
Class org.gradle.tooling.internal.gradle.DefaultProjectIdentifier                     : loaded 2 times (x 83B)
Class org.jetbrains.kotlin.idea.gradleTooling.model.allopen.AllOpenModel              : loaded 2 times (x 67B)
Class org.gradle.api.internal.DefaultClassPathProvider                                : loaded 2 times (x 73B)
Class [Lorg.gradle.api.internal.ClassPathProvider;                                    : loaded 2 times (x 66B)
Class org.gradle.api.internal.ClassPathProvider                                       : loaded 2 times (x 67B)
Class org.gradle.internal.service.UnknownServiceException                             : loaded 2 times (x 80B)
Class org.jetbrains.kotlin.idea.gradleTooling.KotlinDslScriptAdditionalTask           : loaded 2 times (x 67B)
Class org.gradle.internal.classpath.TransformedClassPath                              : loaded 2 times (x 93B)
Class kotlin.enums.EnumEntriesList                                                    : loaded 2 times (x 220B)
Class org.jetbrains.plugins.gradle.model.IntelliJSettings                             : loaded 2 times (x 67B)
Class org.jetbrains.kotlin.idea.gradleTooling.KotlinSourceSetContainer                : loaded 2 times (x 67B)
Class org.gradle.internal.service.ServiceLocator                                      : loaded 2 times (x 67B)
Class org.jetbrains.kotlin.android.synthetic.idea.AndroidExtensionsGradleModel        : loaded 2 times (x 67B)
Class org.gradle.tooling.model.UnsupportedMethodException                             : loaded 2 times (x 79B)
Class org.gradle.internal.InternalTransformer                                         : loaded 2 times (x 67B)
Class org.gradle.internal.time.DefaultTimer                                           : loaded 2 times (x 77B)
Class org.gradle.internal.classloader.ClasspathUtil$1                                 : loaded 2 times (x 73B)
Class org.gradle.api.internal.classpath.DefaultModuleRegistry$DefaultModule           : loaded 2 times (x 83B)
Class org.jetbrains.kotlin.idea.gradleTooling.model.lombok.LombokModel                : loaded 2 times (x 67B)
Class org.gradle.internal.time.DefaultCountdownTimer                                  : loaded 2 times (x 85B)
Class sync_studio_tooling2599_dcjom1qz6vtrh3tj9rm9ir5uf                               : loaded 2 times (x 176B)
Class org.gradle.tooling.internal.gradle.DefaultBuildIdentifier                       : loaded 2 times (x 76B)
Class kotlin.Function                                                                 : loaded 2 times (x 67B)
Class org.gradle.api.internal.classpath.Module                                        : loaded 2 times (x 67B)
Class org.gradle.api.internal.classpath.UnknownModuleException                        : loaded 2 times (x 79B)
Class com.intellij.openapi.externalSystem.model.project.dependencies.ProjectDependencies: loaded 2 times (x 67B)
Class org.gradle.tooling.internal.gradle.GradleProjectIdentity                        : loaded 2 times (x 67B)
Class org.gradle.api.internal.DefaultClassPathRegistry                                : loaded 2 times (x 73B)
Class org.gradle.api.internal.ClassPathRegistry                                       : loaded 2 times (x 67B)
Class org.gradle.internal.classpath.DefaultClassPath$ImmutableUniqueList              : loaded 2 times (x 196B)
Class org.gradle.internal.classpath.ClassPath                                         : loaded 2 times (x 67B)
Class org.gradle.api.UncheckedIOException                                             : loaded 2 times (x 79B)
Class org.jetbrains.kotlin.idea.gradleTooling.KotlinGradleModel                       : loaded 2 times (x 67B)
Class org.gradle.tooling.model.Model                                                  : loaded 2 times (x 67B)
Class kotlin.UninitializedPropertyAccessException                                     : loaded 2 times (x 79B)
Class org.jetbrains.plugins.gradle.model.IntelliJProjectSettings                      : loaded 2 times (x 67B)
Class org.jetbrains.kotlin.idea.gradleTooling.model.annotation.AnnotationBasedPluginModel: loaded 2 times (x 67B)
Class org.gradle.internal.installation.GradleInstallation$1                           : loaded 2 times (x 72B)
Class org.gradle.api.internal.classpath.ModuleRegistry                                : loaded 2 times (x 67B)
Class org.jetbrains.plugins.gradle.model.VersionCatalogsModel                         : loaded 2 times (x 67B)
Class org.gradle.api.internal.classpath.DefaultModuleRegistry                         : loaded 2 times (x 80B)
Class org.gradle.internal.time.MonotonicClock                                         : loaded 2 times (x 74B)
Class org.gradle.internal.service.ServiceLookupException                              : loaded 2 times (x 79B)
Class org.gradle.internal.classloader.ClassLoaderFactory                              : loaded 2 times (x 67B)
Class org.gradle.internal.service.CachingServiceLocator                               : loaded 2 times (x 79B)
Class org.jetbrains.plugins.gradle.model.RepositoryModels                             : loaded 2 times (x 67B)
Class org.gradle.internal.time.TimeSource                                             : loaded 2 times (x 67B)
Class org.gradle.tooling.internal.gradle.GradleBuildIdentity                          : loaded 2 times (x 67B)
Class kotlin.enums.EnumEntries                                                        : loaded 2 times (x 67B)
Class org.gradle.internal.exceptions.ResolutionProvider                               : loaded 2 times (x 67B)
Class org.gradle.tooling.model.ProjectIdentifier                                      : loaded 2 times (x 67B)
Class org.gradle.internal.classloader.ClasspathUtil                                   : loaded 2 times (x 68B)
Class org.gradle.internal.time.TimeSource$1                                           : loaded 2 times (x 74B)
Class kotlin.jvm.internal.DefaultConstructorMarker                                    : loaded 2 times (x 68B)
Class org.gradle.api.specs.Spec                                                       : loaded 2 times (x 67B)
Class org.gradle.internal.time.Clock                                                  : loaded 2 times (x 67B)
Class org.jetbrains.plugins.gradle.model.jar.JarTaskManifestConfiguration             : loaded 2 times (x 67B)
Class kotlin.collections.AbstractList                                                 : loaded 2 times (x 194B)
Class kotlin.collections.AbstractCollection                                           : loaded 2 times (x 114B)
Class org.gradle.internal.classloader.VisitableURLClassLoader$InstrumentingVisitableURLClassLoader: loaded 2 times (x 120B)
Class org.gradle.internal.classloader.VisitableURLClassLoader$Spec                    : loaded 2 times (x 71B)
Class org.gradle.internal.classpath.DefaultClassPath                                  : loaded 2 times (x 87B)
Class org.gradle.internal.classloader.ClassLoaderSpec                                 : loaded 2 times (x 68B)
Class org.gradle.internal.classloader.VisitableURLClassLoader                         : loaded 2 times (x 114B)
Class org.gradle.internal.Cast                                                        : loaded 2 times (x 68B)
Class org.gradle.api.Action                                                           : loaded 2 times (x 67B)
Class kotlin.jvm.functions.Function1                                                  : loaded 2 times (x 67B)
Class org.gradle.internal.agents.InstrumentingClassLoader                             : loaded 2 times (x 67B)
Class org.gradle.internal.classpath.DefaultClassPath$ImmutableUniqueList$Builder      : loaded 2 times (x 72B)
Class org.jetbrains.kotlin.idea.gradleTooling.model.samWithReceiver.SamWithReceiverModel: loaded 2 times (x 67B)
Class org.gradle.internal.classloader.FilteringClassLoader                            : loaded 2 times (x 102B)
Class org.gradle.internal.exceptions.NonGradleCauseExceptionsHolder                   : loaded 2 times (x 67B)
Class settings_e8vr1gc02it6hvikkn7ehss8t$_run_closure1                                : loaded 2 times (x 136B)
Class org.jetbrains.kotlin.idea.gradleTooling.model.assignment.AssignmentModel        : loaded 2 times (x 67B)
Class kotlin.enums.EnumEntriesKt                                                      : loaded 2 times (x 68B)
Class org.gradle.internal.IoActions                                                   : loaded 2 times (x 68B)
Class settings_e8vr1gc02it6hvikkn7ehss8t                                              : loaded 2 times (x 176B)
Class ijInit1_4vb4p0chayksx1t905xb523d7                                               : loaded 2 times (x 176B)
Class org.gradle.internal.classloader.SystemClassLoaderSpec                           : loaded 2 times (x 68B)
Class org.gradle.internal.exceptions.MultiCauseException                              : loaded 2 times (x 67B)
Class org.gradle.internal.time.CountdownTimer                                         : loaded 2 times (x 67B)
Class kotlin.jvm.internal.Intrinsics                                                  : loaded 2 times (x 68B)
Class org.jetbrains.kotlin.idea.gradleTooling.model.parcelize.ParcelizeGradleModel    : loaded 2 times (x 67B)
Class org.gradle.tooling.model.ProjectModel                                           : loaded 2 times (x 67B)
Class kotlin.KotlinNullPointerException                                               : loaded 2 times (x 80B)
Class org.jetbrains.plugins.gradle.model.tests.ExternalTestsModel                     : loaded 2 times (x 67B)
Class org.gradle.internal.exceptions.DefaultMultiCauseException                       : loaded 2 times (x 92B)
Class org.gradle.internal.time.Time                                                   : loaded 2 times (x 68B)
Class org.jetbrains.plugins.gradle.model.DependencyAccessorsModel                     : loaded 2 times (x 67B)
Class org.jetbrains.kotlin.idea.gradleTooling.KotlinMPPGradleModel                    : loaded 2 times (x 67B)
Class org.gradle.tooling.model.BuildIdentifier                                        : loaded 2 times (x 67B)
Class org.jetbrains.kotlin.idea.gradleTooling.PrepareKotlinIdeImportTaskModel         : loaded 2 times (x 67B)
Class org.gradle.internal.time.Timer                                                  : loaded 2 times (x 67B)
Class kotlin.jvm.internal.markers.KMappedMarker                                       : loaded 2 times (x 67B)
Class org.gradle.internal.installation.CurrentGradleInstallationLocator               : loaded 2 times (x 68B)
Class org.gradle.internal.service.DefaultServiceLocator                               : loaded 2 times (x 80B)
Class org.gradle.util.GradleVersion                                                   : loaded 2 times (x 80B)
Class org.gradle.internal.installation.CurrentGradleInstallation                      : loaded 2 times (x 70B)
Class org.gradle.util.internal.GUtil                                                  : loaded 2 times (x 68B)
Class org.gradle.internal.installation.GradleInstallation                             : loaded 2 times (x 72B)

---------------  S Y S T E M  ---------------

OS:
 Windows 11 , 64 bit Build 22621 (10.0.22621.5124)
OS uptime: 3 days 3:02 hours
Hyper-V role detected

CPU: total 8 (initial active 8) (4 cores per cpu, 2 threads per core) family 6 model 142 stepping 10 microcode 0xf0, cx8, cmov, fxsr, ht, mmx, 3dnowpref, sse, sse2, sse3, ssse3, sse4.1, sse4.2, popcnt, lzcnt, tsc, tscinvbit, avx, avx2, aes, erms, clmul, bmi1, bmi2, adx, fma, vzeroupper, clflush, clflushopt, hv, rdtscp, f16c
Processor Information for all 8 processors :
  Max Mhz: 1992, Current Mhz: 1792, Mhz Limit: 1792

Memory: 4k page, system-wide physical 8089M (1001M free)
TotalPageFile size 19587M (AvailPageFile size 8M)
current process WorkingSet (physical memory assigned to process): 418M, peak: 418M
current process commit charge ("private bytes"): 454M, peak: 458M

vm_info: OpenJDK 64-Bit Server VM (21.0.3+-12282718-b509.11) for windows-amd64 JRE (21.0.3+-12282718-b509.11), built on 2024-08-27T17:34:15Z by "builder" with MS VC++ 16.10 / 16.11 (VS2019)

END.
