#
# There is insufficient memory for the Java Runtime Environment to continue.
# Native memory allocation (mmap) failed to map 134217728 bytes. Error detail: G1 virtual space
# Possible reasons:
#   The system is out of physical RAM or swap space
#   This process is running with CompressedOops enabled, and the Java Heap may be blocking the growth of the native heap
# Possible solutions:
#   Reduce memory load on the system
#   Increase physical memory or swap space
#   Check if swap backing store is full
#   Decrease Java heap size (-Xmx/-Xms)
#   Decrease number of Java threads
#   Decrease Java thread stack sizes (-Xss)
#   Set larger code cache with -XX:ReservedCodeCacheSize=
#   JVM is running with Unscaled Compressed Oops mode in which the Java heap is
#     placed in the first 4GB address space. The Java Heap base address is the
#     maximum limit for the native heap growth. Please use -XX:HeapBaseMinAddress
#     to set the Java Heap base and to place the Java Heap above 4GB virtual address.
# This output file may be truncated or incomplete.
#
#  Out of Memory Error (os_windows.cpp:3815), pid=11468, tid=16324
#
# JRE version:  (21.0.3) (build )
# Java VM: OpenJDK 64-Bit Server VM (21.0.3+-12282718-b509.11, mixed mode, sharing, tiered, compressed oops, compressed class ptrs, g1 gc, windows-amd64)
# No core dump will be written. Minidumps are not enabled by default on client versions of Windows
#

---------------  S U M M A R Y ------------

Command Line: git4idea.http.GitAskPassApp Username for 'https://github.com': 

Host: Intel(R) Core(TM) i7-8550U CPU @ 1.80GHz, 8 cores, 7G,  Windows 11 , 64 bit Build 22621 (10.0.22621.5124)
Time: Mon May 12 12:55:47 2025 Bangladesh Standard Time elapsed time: 0.013966 seconds (0d 0h 0m 0s)

---------------  T H R E A D  ---------------

Current thread (0x000001d5b607cbc0):  JavaThread "Unknown thread" [_thread_in_vm, id=16324, stack(0x000000762c500000,0x000000762c600000) (1024K)]

Stack: [0x000000762c500000,0x000000762c600000]
Native frames: (J=compiled Java code, j=interpreted, Vv=VM code, C=native code)
V  [jvm.dll+0x6cafb9]
V  [jvm.dll+0x858523]
V  [jvm.dll+0x85aa7e]
V  [jvm.dll+0x85b163]
V  [jvm.dll+0x27d356]
V  [jvm.dll+0x6c7865]
V  [jvm.dll+0x6bbd3a]
V  [jvm.dll+0x35199b]
V  [jvm.dll+0x3595d6]
V  [jvm.dll+0x3aa826]
V  [jvm.dll+0x3aaaf8]
V  [jvm.dll+0x3240bc]
V  [jvm.dll+0x324dab]
V  [jvm.dll+0x81fd89]
V  [jvm.dll+0x3b7c08]
V  [jvm.dll+0x80921d]
V  [jvm.dll+0x44c05e]
V  [jvm.dll+0x44d6b1]
C  [jli.dll+0x52ab]
C  [ucrtbase.dll+0x29333]
C  [KERNEL32.DLL+0x1259d]
C  [ntdll.dll+0x5af38]


---------------  P R O C E S S  ---------------

Threads class SMR info:
_java_thread_list=0x00007ffa1faf57c8, length=0, elements={
}

Java Threads: ( => current thread )
Total: 0

Other Threads:
  0x000001d5b825af60 WorkerThread "GC Thread#0"                     [id=12136, stack(0x000000762c600000,0x000000762c700000) (1024K)]
  0x000001d5b826bc40 ConcurrentGCThread "G1 Main Marker"            [id=13680, stack(0x000000762c700000,0x000000762c800000) (1024K)]
  0x000001d5b826c8b0 WorkerThread "G1 Conc#0"                       [id=1460, stack(0x000000762c800000,0x000000762c900000) (1024K)]

[error occurred during error reporting (printing all threads), id 0xc0000005, EXCEPTION_ACCESS_VIOLATION (0xc0000005) at pc=0x00007ffa1f2f7197]
VM state: not at safepoint (not fully initialized)

VM Mutex/Monitor currently owned by a thread:  ([mutex/lock_event])
[0x00007ffa1fb621c8] Heap_lock - owner thread: 0x000001d5b607cbc0

Heap address: 0x0000000081800000, size: 2024 MB, Compressed Oops mode: 32-bit

CDS archive(s) mapped at: [0x0000000000000000-0x0000000000000000-0x0000000000000000), size 0, SharedBaseAddress: 0x0000000800000000, ArchiveRelocationMode: 1.
Narrow klass base: 0x0000000000000000, Narrow klass shift: 0, Narrow klass range: 0x0

GC Precious Log:
 CardTable entry size: 512
 Card Set container configuration: InlinePtr #cards 5 size 8 Array Of Cards #cards 12 size 40 Howl #buckets 4 coarsen threshold 1843 Howl Bitmap #cards 512 size 80 coarsen threshold 460 Card regions per heap region 1 cards per card region 2048

Heap:
 garbage-first heap   total 0K, used 0K [0x0000000081800000, 0x0000000100000000)
  region size 1024K, 0 young (0K), 0 survivors (0K)
 Metaspace       used 0K, committed 0K, reserved 0K
  class space    used 0K, committed 0K, reserved 0K

Heap Regions: E=young(eden), S=young(survivor), O=old, HS=humongous(starts), HC=humongous(continues), CS=collection set, F=free, TAMS=top-at-mark-start, PB=parsable bottom

Card table byte_map: [0x000001d5caa80000,0x000001d5cae80000] _byte_map_base: 0x000001d5ca674000

Marking Bits: (CMBitMap*) 0x000001d5b825b660
 Bits: [0x000001d5cae80000, 0x000001d5cce20000)

GC Heap History (0 events):
No events

Dll operation events (1 events):
Event: 0.007 Loaded shared library E:\Old download\jbr\bin\java.dll

Deoptimization events (0 events):
No events

Classes loaded (0 events):
No events

Classes unloaded (0 events):
No events

Classes redefined (0 events):
No events

Internal exceptions (0 events):
No events

ZGC Phase Switch (0 events):
No events

VM Operations (0 events):
No events

Events (0 events):
No events


Dynamic libraries:
0x00007ff6ca510000 - 0x00007ff6ca51a000 	E:\Old download\jbr\bin\java.exe
0x00007ffa74d70000 - 0x00007ffa74f87000 	C:\Windows\SYSTEM32\ntdll.dll
0x00007ffa740a0000 - 0x00007ffa74164000 	C:\Windows\System32\KERNEL32.DLL
0x00007ffa721c0000 - 0x00007ffa72593000 	C:\Windows\System32\KERNELBASE.dll
0x00007ffa71eb0000 - 0x00007ffa71fc1000 	C:\Windows\System32\ucrtbase.dll
0x00007ffa4f130000 - 0x00007ffa4f14b000 	E:\Old download\jbr\bin\VCRUNTIME140.dll
0x00007ffa6ce60000 - 0x00007ffa6ce78000 	E:\Old download\jbr\bin\jli.dll
0x00007ffa73e70000 - 0x00007ffa74021000 	C:\Windows\System32\USER32.dll
0x00007ffa72190000 - 0x00007ffa721b6000 	C:\Windows\System32\win32u.dll
0x00007ffa5f000000 - 0x00007ffa5f298000 	C:\Windows\WinSxS\amd64_microsoft.windows.common-controls_6595b64144ccf1df_6.0.22621.5124_none_270e8f4f7386d69d\COMCTL32.dll
0x00007ffa744f0000 - 0x00007ffa74519000 	C:\Windows\System32\GDI32.dll
0x00007ffa745b0000 - 0x00007ffa74657000 	C:\Windows\System32\msvcrt.dll
0x00007ffa72710000 - 0x00007ffa7282b000 	C:\Windows\System32\gdi32full.dll
0x00007ffa72830000 - 0x00007ffa728ca000 	C:\Windows\System32\msvcp_win.dll
0x00007ffa73950000 - 0x00007ffa73981000 	C:\Windows\System32\IMM32.DLL
0x00007ffa1efb0000 - 0x00007ffa1efbc000 	E:\Old download\jbr\bin\vcruntime140_1.dll
0x00007ffa61ed0000 - 0x00007ffa61f5d000 	E:\Old download\jbr\bin\msvcp140.dll
0x00007ffa1efc0000 - 0x00007ffa1fc3d000 	E:\Old download\jbr\bin\server\jvm.dll
0x00007ffa73d90000 - 0x00007ffa73e41000 	C:\Windows\System32\ADVAPI32.dll
0x00007ffa73770000 - 0x00007ffa73818000 	C:\Windows\System32\sechost.dll
0x00007ffa71e80000 - 0x00007ffa71ea8000 	C:\Windows\System32\bcrypt.dll
0x00007ffa74bf0000 - 0x00007ffa74d04000 	C:\Windows\System32\RPCRT4.dll
0x00007ffa74520000 - 0x00007ffa74591000 	C:\Windows\System32\WS2_32.dll
0x00007ffa6d340000 - 0x00007ffa6d374000 	C:\Windows\SYSTEM32\WINMM.dll
0x00007ffa70cc0000 - 0x00007ffa70d0d000 	C:\Windows\SYSTEM32\POWRPROF.dll
0x00007ffa6d310000 - 0x00007ffa6d31a000 	C:\Windows\SYSTEM32\VERSION.dll
0x00007ffa70ca0000 - 0x00007ffa70cb3000 	C:\Windows\SYSTEM32\UMPDC.dll
0x00007ffa70f60000 - 0x00007ffa70f78000 	C:\Windows\SYSTEM32\kernel.appcore.dll
0x00007ffa1efa0000 - 0x00007ffa1efaa000 	E:\Old download\jbr\bin\jimage.dll
0x00007ffa6f8d0000 - 0x00007ffa6fb02000 	C:\Windows\SYSTEM32\DBGHELP.DLL
0x00007ffa72b30000 - 0x00007ffa72ec2000 	C:\Windows\System32\combase.dll
0x00007ffa73820000 - 0x00007ffa738f7000 	C:\Windows\System32\OLEAUT32.dll
0x00007ffa544f0000 - 0x00007ffa54522000 	C:\Windows\SYSTEM32\dbgcore.DLL
0x00007ffa71fd0000 - 0x00007ffa7204b000 	C:\Windows\System32\bcryptPrimitives.dll
0x00007ffa1ef80000 - 0x00007ffa1ef9f000 	E:\Old download\jbr\bin\java.dll

dbghelp: loaded successfully - version: 4.0.5 - missing functions: none
symbol engine: initialized successfully - sym options: 0x614 - pdb path: .;E:\Old download\jbr\bin;C:\Windows\SYSTEM32;C:\Windows\WinSxS\amd64_microsoft.windows.common-controls_6595b64144ccf1df_6.0.22621.5124_none_270e8f4f7386d69d;E:\Old download\jbr\bin\server

VM Arguments:
java_command: git4idea.http.GitAskPassApp Username for 'https://github.com': 
java_class_path (initial): E:/Old download/plugins/vcs-git/lib/git4idea-rt.jar;E:/Old download/lib/externalProcess-rt.jar
Launcher Type: SUN_STANDARD

[Global flags]
     intx CICompilerCount                          = 4                                         {product} {ergonomic}
     uint ConcGCThreads                            = 2                                         {product} {ergonomic}
     uint G1ConcRefinementThreads                  = 8                                         {product} {ergonomic}
   size_t G1HeapRegionSize                         = 1048576                                   {product} {ergonomic}
    uintx GCDrainStackTargetSize                   = 64                                        {product} {ergonomic}
   size_t InitialHeapSize                          = 134217728                                 {product} {ergonomic}
   size_t MarkStackSize                            = 4194304                                   {product} {ergonomic}
   size_t MaxHeapSize                              = 2122317824                                {product} {ergonomic}
   size_t MinHeapDeltaBytes                        = 1048576                                   {product} {ergonomic}
   size_t MinHeapSize                              = 8388608                                   {product} {ergonomic}
    uintx NonNMethodCodeHeapSize                   = 5839372                                {pd product} {ergonomic}
    uintx NonProfiledCodeHeapSize                  = 122909434                              {pd product} {ergonomic}
    uintx ProfiledCodeHeapSize                     = 122909434                              {pd product} {ergonomic}
    uintx ReservedCodeCacheSize                    = 251658240                              {pd product} {ergonomic}
     bool SegmentedCodeCache                       = true                                      {product} {ergonomic}
   size_t SoftMaxHeapSize                          = 2122317824                             {manageable} {ergonomic}
     bool UseCompressedOops                        = true                           {product lp64_product} {ergonomic}
     bool UseG1GC                                  = true                                      {product} {ergonomic}
     bool UseLargePagesIndividualAllocation        = false                                  {pd product} {ergonomic}

Logging:
Log output configuration:
 #0: stdout all=warning uptime,level,tags foldmultilines=false
 #1: stderr all=off uptime,level,tags foldmultilines=false

Environment Variables:
PATH=C:/Program Files/Git/mingw64/libexec/git-core;C:/Program Files/Git/mingw64/libexec/git-core;C:\Program Files\Git\mingw64\bin;C:\Program Files\Git\usr\bin;C:\Users\ABDULLAH MAMUN\bin;C:\Windows\system32;C:\Windows;C:\Windows\System32\Wbem;C:\Windows\System32\WindowsPowerShell\v1.0\;C:\Windows\System32\OpenSSH\;C:\Program Files\Git\cmd;C:\Users\ABDULLAH MAMUN\AppData\Local\Microsoft\WindowsApps;E:\E downloads\E-programs\Microsoft VS Code\bin
USERNAME=ABDULLAH MAMUN
DISPLAY=:0.0
LC_ALL=en_US.UTF-8
TERM=xterm-256color
TMPDIR=C:\Users\ABDULL~1\AppData\Local\Temp
OS=Windows_NT
PROCESSOR_IDENTIFIER=Intel64 Family 6 Model 142 Stepping 10, GenuineIntel
TMP=C:\Users\ABDULL~1\AppData\Local\Temp
TEMP=C:\Users\ABDULL~1\AppData\Local\Temp




Periodic native trim disabled

JNI global refs:
JNI global refs: 0, weak refs: 0

JNI global refs memory usage: 0, weak refs: 0

Process memory usage:
Resident Set Size: 11676K (0% of 8283164K total physical memory with 589024K free physical memory)

OOME stack traces (most recent first):
Classloader memory used:

---------------  S Y S T E M  ---------------

OS:
 Windows 11 , 64 bit Build 22621 (10.0.22621.5124)
OS uptime: 3 days 2:34 hours
Hyper-V role detected

CPU: total 8 (initial active 8) (4 cores per cpu, 2 threads per core) family 6 model 142 stepping 10 microcode 0xf0, cx8, cmov, fxsr, ht, mmx, 3dnowpref, sse, sse2, sse3, ssse3, sse4.1, sse4.2, popcnt, lzcnt, tsc, tscinvbit, avx, avx2, aes, erms, clmul, bmi1, bmi2, adx, fma, vzeroupper, clflush, clflushopt, hv, rdtscp, f16c
Processor Information for all 8 processors :
  Max Mhz: 1992, Current Mhz: 1792, Mhz Limit: 1792

Memory: 4k page, system-wide physical 8089M (575M free)
TotalPageFile size 19587M (AvailPageFile size 31M)
current process WorkingSet (physical memory assigned to process): 11M, peak: 11M
current process commit charge ("private bytes"): 60M, peak: 188M

vm_info: OpenJDK 64-Bit Server VM (21.0.3+-12282718-b509.11) for windows-amd64 JRE (21.0.3+-12282718-b509.11), built on 2024-08-27T17:34:15Z by "builder" with MS VC++ 16.10 / 16.11 (VS2019)

END.
