#
# There is insufficient memory for the Java Runtime Environment to continue.
# Native memory allocation (mmap) failed to map 7340032 bytes. Error detail: G1 virtual space
# Possible reasons:
#   The system is out of physical RAM or swap space
#   This process is running with CompressedOops enabled, and the Java Heap may be blocking the growth of the native heap
# Possible solutions:
#   Reduce memory load on the system
#   Increase physical memory or swap space
#   Check if swap backing store is full
#   Decrease Java heap size (-Xmx/-Xms)
#   Decrease number of Java threads
#   Decrease Java thread stack sizes (-Xss)
#   Set larger code cache with -XX:ReservedCodeCacheSize=
#   JVM is running with Unscaled Compressed Oops mode in which the Java heap is
#     placed in the first 4GB address space. The Java Heap base address is the
#     maximum limit for the native heap growth. Please use -XX:HeapBaseMinAddress
#     to set the Java Heap base and to place the Java Heap above 4GB virtual address.
# This output file may be truncated or incomplete.
#
#  Out of Memory Error (os_windows.cpp:3815), pid=6752, tid=14632
#
# JRE version: OpenJDK Runtime Environment (21.0.3) (build 21.0.3+-12282718-b509.11)
# Java VM: OpenJDK 64-Bit Server VM (21.0.3+-12282718-b509.11, mixed mode, tiered, compressed oops, compressed class ptrs, g1 gc, windows-amd64)
# No core dump will be written. Minidumps are not enabled by default on client versions of Windows
#

---------------  S U M M A R Y ------------

Command Line: --add-opens=java.base/java.util=ALL-UNNAMED --add-opens=java.base/java.lang=ALL-UNNAMED --add-opens=java.base/java.lang.invoke=ALL-UNNAMED --add-opens=java.prefs/java.util.prefs=ALL-UNNAMED --add-exports=jdk.compiler/com.sun.tools.javac.api=ALL-UNNAMED --add-exports=jdk.compiler/com.sun.tools.javac.util=ALL-UNNAMED --add-opens=java.base/java.nio.charset=ALL-UNNAMED --add-opens=java.base/java.net=ALL-UNNAMED --add-opens=java.base/java.util.concurrent.atomic=ALL-UNNAMED -Xmx2048m -Dfile.encoding=UTF-8 -Duser.country=US -Duser.language=en -Duser.variant -javaagent:C:\Users\ABDULLAH MAMUN\.gradle\wrapper\dists\gradle-8.9-bin\90cnw93cvbtalezasaz0blq0a\gradle-8.9\lib\agents\gradle-instrumentation-agent-8.9.jar org.gradle.launcher.daemon.bootstrap.GradleDaemon 8.9

Host: Intel(R) Core(TM) i7-8550U CPU @ 1.80GHz, 8 cores, 7G,  Windows 11 , 64 bit Build 22621 (10.0.22621.5124)
Time: Mon May 12 13:26:11 2025 Bangladesh Standard Time elapsed time: 9.447375 seconds (0d 0h 0m 9s)

---------------  T H R E A D  ---------------

Current thread (0x000001a059d9d0c0):  VMThread "VM Thread"          [id=14632, stack(0x0000000411600000,0x0000000411700000) (1024K)]

Stack: [0x0000000411600000,0x0000000411700000]
Native frames: (J=compiled Java code, j=interpreted, Vv=VM code, C=native code)
V  [jvm.dll+0x6cafb9]
V  [jvm.dll+0x858523]
V  [jvm.dll+0x85aa7e]
V  [jvm.dll+0x85b163]
V  [jvm.dll+0x27d356]
V  [jvm.dll+0x6c7865]
V  [jvm.dll+0x6bbd3a]
V  [jvm.dll+0x35199b]
V  [jvm.dll+0x3595d6]
V  [jvm.dll+0x3aa826]
V  [jvm.dll+0x3aaaf8]
V  [jvm.dll+0x3240bc]
V  [jvm.dll+0x326ac6]
V  [jvm.dll+0x33092e]
V  [jvm.dll+0x3680c5]
V  [jvm.dll+0x860ac8]
V  [jvm.dll+0x861bc4]
V  [jvm.dll+0x862100]
V  [jvm.dll+0x862393]
V  [jvm.dll+0x800d78]
V  [jvm.dll+0x6c98cd]
C  [ucrtbase.dll+0x29333]
C  [KERNEL32.DLL+0x1259d]
C  [ntdll.dll+0x5af38]

VM_Operation (0x00000004111ff840): G1PauseRemark, mode: safepoint, requested by thread 0x000001a04274e940


---------------  P R O C E S S  ---------------

Threads class SMR info:
_java_thread_list=0x000001a0609bdcb0, length=59, elements={
0x000001a040420250, 0x000001a05e064f90, 0x000001a05e0659f0, 0x000001a05e0733c0,
0x000001a05e073e20, 0x000001a05e074880, 0x000001a05e0752e0, 0x000001a05e076070,
0x000001a05e078b20, 0x000001a059d548c0, 0x000001a05e5290c0, 0x000001a05f429fd0,
0x000001a05f2163c0, 0x000001a05fe9d4e0, 0x000001a06029f200, 0x000001a06002f0a0,
0x000001a0600bac20, 0x000001a05ff754e0, 0x000001a05ff747c0, 0x000001a05ff72d80,
0x000001a05ff73aa0, 0x000001a05ff74130, 0x000001a05ff726f0, 0x000001a05ff74e50,
0x000001a05ff73410, 0x000001a0604a8a20, 0x000001a0604ab810, 0x000001a0604aaaf0,
0x000001a0604a62c0, 0x000001a0604a90b0, 0x000001a0604a6950, 0x000001a0604a9740,
0x000001a0604ab180, 0x000001a0604a5c30, 0x000001a0604a6fe0, 0x000001a0604a7670,
0x000001a0604a7d00, 0x000001a0604abea0, 0x000001a0604a4f10, 0x000001a0604ac530,
0x000001a0604a9dd0, 0x000001a0608691c0, 0x000001a06086ac00, 0x000001a0608656b0,
0x000001a060866a60, 0x000001a060864300, 0x000001a060865d40, 0x000001a06086b920,
0x000001a060864990, 0x000001a060867780, 0x000001a06086a570, 0x000001a0608684a0,
0x000001a0608663d0, 0x000001a060865020, 0x000001a060868b30, 0x000001a060869ee0,
0x000001a06221c500, 0x000001a062220010, 0x000001a062219da0
}

Java Threads: ( => current thread )
  0x000001a040420250 JavaThread "main"                              [_thread_blocked, id=8524, stack(0x0000000410f00000,0x0000000411000000) (1024K)]
  0x000001a05e064f90 JavaThread "Reference Handler"          daemon [_thread_blocked, id=9196, stack(0x0000000411700000,0x0000000411800000) (1024K)]
  0x000001a05e0659f0 JavaThread "Finalizer"                  daemon [_thread_blocked, id=14092, stack(0x0000000411800000,0x0000000411900000) (1024K)]
  0x000001a05e0733c0 JavaThread "Signal Dispatcher"          daemon [_thread_blocked, id=2852, stack(0x0000000411900000,0x0000000411a00000) (1024K)]
  0x000001a05e073e20 JavaThread "Attach Listener"            daemon [_thread_blocked, id=3140, stack(0x0000000411a00000,0x0000000411b00000) (1024K)]
  0x000001a05e074880 JavaThread "Service Thread"             daemon [_thread_blocked, id=12276, stack(0x0000000411b00000,0x0000000411c00000) (1024K)]
  0x000001a05e0752e0 JavaThread "Monitor Deflation Thread"   daemon [_thread_blocked, id=7844, stack(0x0000000411c00000,0x0000000411d00000) (1024K)]
  0x000001a05e076070 JavaThread "C2 CompilerThread0"         daemon [_thread_blocked, id=14260, stack(0x0000000411d00000,0x0000000411e00000) (1024K)]
  0x000001a05e078b20 JavaThread "C1 CompilerThread0"         daemon [_thread_blocked, id=12188, stack(0x0000000411e00000,0x0000000411f00000) (1024K)]
  0x000001a059d548c0 JavaThread "Common-Cleaner"             daemon [_thread_blocked, id=7660, stack(0x0000000411f00000,0x0000000412000000) (1024K)]
  0x000001a05e5290c0 JavaThread "Notification Thread"        daemon [_thread_blocked, id=8532, stack(0x0000000412000000,0x0000000412100000) (1024K)]
  0x000001a05f429fd0 JavaThread "C2 CompilerThread1"         daemon [_thread_blocked, id=14892, stack(0x0000000412100000,0x0000000412200000) (1024K)]
  0x000001a05f2163c0 JavaThread "Daemon health stats"               [_thread_blocked, id=13180, stack(0x0000000412600000,0x0000000412700000) (1024K)]
  0x000001a05fe9d4e0 JavaThread "Incoming local TCP Connector on port 59479"        [_thread_in_native, id=15024, stack(0x0000000412700000,0x0000000412800000) (1024K)]
  0x000001a06029f200 JavaThread "Daemon periodic checks"            [_thread_blocked, id=4764, stack(0x0000000412b00000,0x0000000412c00000) (1024K)]
  0x000001a06002f0a0 JavaThread "Daemon"                            [_thread_blocked, id=5852, stack(0x0000000412c00000,0x0000000412d00000) (1024K)]
  0x000001a0600bac20 JavaThread "Handler for socket connection from /127.0.0.1:59479 to /127.0.0.1:59480"        [_thread_in_native, id=9884, stack(0x0000000412d00000,0x0000000412e00000) (1024K)]
  0x000001a05ff754e0 JavaThread "Cancel handler"                    [_thread_blocked, id=15444, stack(0x0000000412e00000,0x0000000412f00000) (1024K)]
  0x000001a05ff747c0 JavaThread "Daemon worker"                     [_thread_blocked, id=1540, stack(0x0000000412f00000,0x0000000413000000) (1024K)]
  0x000001a05ff72d80 JavaThread "Asynchronous log dispatcher for DefaultDaemonConnection: socket connection from /127.0.0.1:59479 to /127.0.0.1:59480"        [_thread_blocked, id=5936, stack(0x0000000413000000,0x0000000413100000) (1024K)]
  0x000001a05ff73aa0 JavaThread "Stdin handler"                     [_thread_blocked, id=8508, stack(0x0000000413100000,0x0000000413200000) (1024K)]
  0x000001a05ff74130 JavaThread "Daemon client event forwarder"        [_thread_blocked, id=6560, stack(0x0000000413200000,0x0000000413300000) (1024K)]
  0x000001a05ff726f0 JavaThread "Cache worker for journal cache (C:\Users\ABDULLAH MAMUN\.gradle\caches\journal-1)"        [_thread_blocked, id=15480, stack(0x0000000413400000,0x0000000413500000) (1024K)]
  0x000001a05ff74e50 JavaThread "File lock request listener"        [_thread_in_native, id=3128, stack(0x0000000413500000,0x0000000413600000) (1024K)]
  0x000001a05ff73410 JavaThread "Cache worker for file hash cache (C:\Users\ABDULLAH MAMUN\.gradle\caches\8.9\fileHashes)"        [_thread_blocked, id=12648, stack(0x0000000413600000,0x0000000413700000) (1024K)]
  0x000001a0604a8a20 JavaThread "Cache worker for file hash cache (E:\MamunExplore\BanglaDictionary\.gradle\8.9\fileHashes)"        [_thread_blocked, id=12524, stack(0x0000000413800000,0x0000000413900000) (1024K)]
  0x000001a0604ab810 JavaThread "Cache worker for Build Output Cleanup Cache (E:\MamunExplore\BanglaDictionary\.gradle\buildOutputCleanup)"        [_thread_blocked, id=12132, stack(0x0000000413900000,0x0000000413a00000) (1024K)]
  0x000001a0604aaaf0 JavaThread "File watcher server"        daemon [_thread_blocked, id=10956, stack(0x0000000413a00000,0x0000000413b00000) (1024K)]
  0x000001a0604a62c0 JavaThread "File watcher consumer"      daemon [_thread_blocked, id=3008, stack(0x0000000413b00000,0x0000000413c00000) (1024K)]
  0x000001a0604a90b0 JavaThread "jar transforms"                    [_thread_blocked, id=13428, stack(0x0000000413c00000,0x0000000413d00000) (1024K)]
  0x000001a0604a6950 JavaThread "jar transforms Thread 2"           [_thread_blocked, id=10580, stack(0x0000000413d00000,0x0000000413e00000) (1024K)]
  0x000001a0604a9740 JavaThread "jar transforms Thread 3"           [_thread_blocked, id=11448, stack(0x0000000413e00000,0x0000000413f00000) (1024K)]
  0x000001a0604ab180 JavaThread "jar transforms Thread 4"           [_thread_blocked, id=15088, stack(0x0000000413f00000,0x0000000414000000) (1024K)]
  0x000001a0604a5c30 JavaThread "jar transforms Thread 5"           [_thread_blocked, id=4036, stack(0x0000000414000000,0x0000000414100000) (1024K)]
  0x000001a0604a6fe0 JavaThread "jar transforms Thread 6"           [_thread_blocked, id=6824, stack(0x0000000414100000,0x0000000414200000) (1024K)]
  0x000001a0604a7670 JavaThread "jar transforms Thread 7"           [_thread_blocked, id=112, stack(0x0000000414200000,0x0000000414300000) (1024K)]
  0x000001a0604a7d00 JavaThread "jar transforms Thread 8"           [_thread_blocked, id=1768, stack(0x0000000414300000,0x0000000414400000) (1024K)]
  0x000001a0604abea0 JavaThread "Cache worker for checksums cache (E:\MamunExplore\BanglaDictionary\.gradle\8.9\checksums)"        [_thread_blocked, id=11212, stack(0x0000000414400000,0x0000000414500000) (1024K)]
  0x000001a0604a4f10 JavaThread "Cache worker for file content cache (C:\Users\ABDULLAH MAMUN\.gradle\caches\8.9\fileContent)"        [_thread_blocked, id=16140, stack(0x0000000414500000,0x0000000414600000) (1024K)]
  0x000001a0604ac530 JavaThread "Cache worker for cache directory md-rule (C:\Users\ABDULLAH MAMUN\.gradle\caches\8.9\md-rule)"        [_thread_blocked, id=6492, stack(0x0000000414600000,0x0000000414700000) (1024K)]
  0x000001a0604a9dd0 JavaThread "Cache worker for cache directory md-supplier (C:\Users\ABDULLAH MAMUN\.gradle\caches\8.9\md-supplier)"        [_thread_blocked, id=15760, stack(0x0000000414700000,0x0000000414800000) (1024K)]
  0x000001a0608691c0 JavaThread "Unconstrained build operations"        [_thread_blocked, id=1260, stack(0x0000000413700000,0x0000000413800000) (1024K)]
  0x000001a06086ac00 JavaThread "Unconstrained build operations Thread 2"        [_thread_blocked, id=9468, stack(0x0000000414800000,0x0000000414900000) (1024K)]
  0x000001a0608656b0 JavaThread "Unconstrained build operations Thread 3"        [_thread_blocked, id=12392, stack(0x0000000414900000,0x0000000414a00000) (1024K)]
  0x000001a060866a60 JavaThread "Unconstrained build operations Thread 4"        [_thread_blocked, id=9568, stack(0x0000000414a00000,0x0000000414b00000) (1024K)]
  0x000001a060864300 JavaThread "Unconstrained build operations Thread 5"        [_thread_blocked, id=1740, stack(0x0000000414b00000,0x0000000414c00000) (1024K)]
  0x000001a060865d40 JavaThread "Unconstrained build operations Thread 6"        [_thread_blocked, id=11964, stack(0x0000000414c00000,0x0000000414d00000) (1024K)]
  0x000001a06086b920 JavaThread "Unconstrained build operations Thread 7"        [_thread_blocked, id=6092, stack(0x0000000414d00000,0x0000000414e00000) (1024K)]
  0x000001a060864990 JavaThread "Unconstrained build operations Thread 8"        [_thread_blocked, id=14964, stack(0x0000000414e00000,0x0000000414f00000) (1024K)]
  0x000001a060867780 JavaThread "Unconstrained build operations Thread 9"        [_thread_blocked, id=13204, stack(0x0000000414f00000,0x0000000415000000) (1024K)]
  0x000001a06086a570 JavaThread "Unconstrained build operations Thread 10"        [_thread_blocked, id=6796, stack(0x0000000415000000,0x0000000415100000) (1024K)]
  0x000001a0608684a0 JavaThread "Unconstrained build operations Thread 11"        [_thread_blocked, id=8444, stack(0x0000000415100000,0x0000000415200000) (1024K)]
  0x000001a0608663d0 JavaThread "Unconstrained build operations Thread 12"        [_thread_blocked, id=548, stack(0x0000000415200000,0x0000000415300000) (1024K)]
  0x000001a060865020 JavaThread "Unconstrained build operations Thread 13"        [_thread_blocked, id=8824, stack(0x0000000415300000,0x0000000415400000) (1024K)]
  0x000001a060868b30 JavaThread "Unconstrained build operations Thread 14"        [_thread_blocked, id=15948, stack(0x0000000415400000,0x0000000415500000) (1024K)]
  0x000001a060869ee0 JavaThread "Unconstrained build operations Thread 15"        [_thread_blocked, id=13300, stack(0x0000000415500000,0x0000000415600000) (1024K)]
  0x000001a06221c500 JavaThread "Unconstrained build operations Thread 16"        [_thread_blocked, id=9144, stack(0x0000000415600000,0x0000000415700000) (1024K)]
  0x000001a062220010 JavaThread "Unconstrained build operations Thread 17"        [_thread_blocked, id=11976, stack(0x0000000415700000,0x0000000415800000) (1024K)]
  0x000001a062219da0 JavaThread "Unconstrained build operations Thread 18"        [_thread_blocked, id=2476, stack(0x0000000415800000,0x0000000415900000) (1024K)]
Total: 59

Other Threads:
=>0x000001a059d9d0c0 VMThread "VM Thread"                           [id=14632, stack(0x0000000411600000,0x0000000411700000) (1024K)]
  0x000001a059d50670 WatcherThread "VM Periodic Task Thread"        [id=13876, stack(0x0000000411500000,0x0000000411600000) (1024K)]
  0x000001a04273d960 WorkerThread "GC Thread#0"                     [id=1488, stack(0x0000000411000000,0x0000000411100000) (1024K)]
  0x000001a05eaf7030 WorkerThread "GC Thread#1"                     [id=9968, stack(0x0000000412300000,0x0000000412400000) (1024K)]
  0x000001a05ea00b90 WorkerThread "GC Thread#2"                     [id=13696, stack(0x0000000412400000,0x0000000412500000) (1024K)]
  0x000001a05f5e8be0 WorkerThread "GC Thread#3"                     [id=4884, stack(0x0000000412200000,0x0000000412300000) (1024K)]
  0x000001a05f1b0d90 WorkerThread "GC Thread#4"                     [id=1320, stack(0x0000000412500000,0x0000000412600000) (1024K)]
  0x000001a0600ceb20 WorkerThread "GC Thread#5"                     [id=15560, stack(0x0000000412800000,0x0000000412900000) (1024K)]
  0x000001a0602a39f0 WorkerThread "GC Thread#6"                     [id=4944, stack(0x0000000412900000,0x0000000412a00000) (1024K)]
  0x000001a0602a45a0 WorkerThread "GC Thread#7"                     [id=7076, stack(0x0000000412a00000,0x0000000412b00000) (1024K)]
  0x000001a04274e940 ConcurrentGCThread "G1 Main Marker"            [id=16328, stack(0x0000000411100000,0x0000000411200000) (1024K)]
  0x000001a04274f440 WorkerThread "G1 Conc#0"                       [id=15248, stack(0x0000000411200000,0x0000000411300000) (1024K)]
  0x000001a060024480 WorkerThread "G1 Conc#1"                       [id=16312, stack(0x0000000413300000,0x0000000413400000) (1024K)]
  0x000001a059c160f0 ConcurrentGCThread "G1 Refine#0"               [id=3000, stack(0x0000000411300000,0x0000000411400000) (1024K)]
  0x000001a0427ad790 ConcurrentGCThread "G1 Service"                [id=7672, stack(0x0000000411400000,0x0000000411500000) (1024K)]
Total: 15

Threads with active compile tasks:
C2 CompilerThread0     9481 6394       4       org.gradle.internal.reflect.MethodSet$MethodKey::<init> (6 bytes)
C1 CompilerThread0     9481 6397       3       org.gradle.internal.reflect.PropertyAccessorType::of (101 bytes)
C2 CompilerThread1     9481 6388       4       java.net.URLClassLoader$1::run (5 bytes)
Total: 3

VM state: at safepoint (normal execution)

VM Mutex/Monitor currently owned by a thread:  ([mutex/lock_event])
[0x00007ffa1fb620c8] Threads_lock - owner thread: 0x000001a059d9d0c0
[0x00007ffa1fb621c8] Heap_lock - owner thread: 0x000001a04274e940

Heap address: 0x0000000080000000, size: 2048 MB, Compressed Oops mode: 32-bit

CDS archive(s) not mapped
Compressed class space mapped at: 0x0000000100000000-0x0000000140000000, reserved size: 1073741824
Narrow klass base: 0x0000000000000000, Narrow klass shift: 3, Narrow klass range: 0x140000000

GC Precious Log:
 CardTable entry size: 512
 Card Set container configuration: InlinePtr #cards 5 size 8 Array Of Cards #cards 12 size 40 Howl #buckets 4 coarsen threshold 1843 Howl Bitmap #cards 512 size 80 coarsen threshold 460 Card regions per heap region 1 cards per card region 2048
 CPUs: 8 total, 8 available
 Memory: 8089M
 Large Page Support: Disabled
 NUMA Support: Disabled
 Compressed Oops: Enabled (32-bit)
 Heap Region Size: 1M
 Heap Min Capacity: 8M
 Heap Initial Capacity: 128M
 Heap Max Capacity: 2G
 Pre-touch: Disabled
 Parallel Workers: 8
 Concurrent Workers: 2
 Concurrent Refinement Workers: 8
 Periodic GC: Disabled

Heap:
 garbage-first heap   total 123904K, used 83546K [0x0000000080000000, 0x0000000100000000)
  region size 1024K, 5 young (5120K), 2 survivors (2048K)
 Metaspace       used 65253K, committed 66944K, reserved 1114112K
  class space    used 8969K, committed 9792K, reserved 1048576K

Heap Regions: E=young(eden), S=young(survivor), O=old, HS=humongous(starts), HC=humongous(continues), CS=collection set, F=free, TAMS=top-at-mark-start, PB=parsable bottom
|   0|0x0000000080000000, 0x0000000080100000, 0x0000000080100000|100%|HS|  |TAMS 0x0000000080100000| PB 0x0000000080000000| Complete 
|   1|0x0000000080100000, 0x0000000080200000, 0x0000000080200000|100%|HC|  |TAMS 0x0000000080200000| PB 0x0000000080100000| Complete 
|   2|0x0000000080200000, 0x0000000080300000, 0x0000000080300000|100%|HC|  |TAMS 0x0000000080300000| PB 0x0000000080200000| Complete 
|   3|0x0000000080300000, 0x0000000080400000, 0x0000000080400000|100%|HC|  |TAMS 0x0000000080400000| PB 0x0000000080300000| Complete 
|   4|0x0000000080400000, 0x0000000080500000, 0x0000000080500000|100%| O|  |TAMS 0x0000000080500000| PB 0x0000000080500000| Untracked 
|   5|0x0000000080500000, 0x0000000080600000, 0x0000000080600000|100%| O|  |TAMS 0x0000000080600000| PB 0x0000000080600000| Updating 
|   6|0x0000000080600000, 0x0000000080700000, 0x0000000080700000|100%| O|  |TAMS 0x0000000080700000| PB 0x0000000080700000| Untracked 
|   7|0x0000000080700000, 0x0000000080800000, 0x0000000080800000|100%| O|  |TAMS 0x0000000080800000| PB 0x0000000080800000| Untracked 
|   8|0x0000000080800000, 0x0000000080900000, 0x0000000080900000|100%| O|  |TAMS 0x0000000080900000| PB 0x0000000080900000| Untracked 
|   9|0x0000000080900000, 0x0000000080a00000, 0x0000000080a00000|100%| O|  |TAMS 0x0000000080a00000| PB 0x0000000080a00000| Untracked 
|  10|0x0000000080a00000, 0x0000000080b00000, 0x0000000080b00000|100%| O|  |TAMS 0x0000000080b00000| PB 0x0000000080b00000| Untracked 
|  11|0x0000000080b00000, 0x0000000080c00000, 0x0000000080c00000|100%|HS|  |TAMS 0x0000000080c00000| PB 0x0000000080b00000| Complete 
|  12|0x0000000080c00000, 0x0000000080d00000, 0x0000000080d00000|100%| O|  |TAMS 0x0000000080d00000| PB 0x0000000080d00000| Untracked 
|  13|0x0000000080d00000, 0x0000000080e00000, 0x0000000080e00000|100%| O|  |TAMS 0x0000000080e00000| PB 0x0000000080e00000| Untracked 
|  14|0x0000000080e00000, 0x0000000080f00000, 0x0000000080f00000|100%| O|  |TAMS 0x0000000080f00000| PB 0x0000000080f00000| Untracked 
|  15|0x0000000080f00000, 0x0000000081000000, 0x0000000081000000|100%| O|  |TAMS 0x0000000081000000| PB 0x0000000081000000| Untracked 
|  16|0x0000000081000000, 0x0000000081100000, 0x0000000081100000|100%| O|  |TAMS 0x0000000081100000| PB 0x0000000081100000| Untracked 
|  17|0x0000000081100000, 0x0000000081200000, 0x0000000081200000|100%| O|  |TAMS 0x0000000081200000| PB 0x0000000081200000| Untracked 
|  18|0x0000000081200000, 0x0000000081300000, 0x0000000081300000|100%| O|  |TAMS 0x0000000081300000| PB 0x0000000081300000| Untracked 
|  19|0x0000000081300000, 0x0000000081400000, 0x0000000081400000|100%|HS|  |TAMS 0x0000000081400000| PB 0x0000000081300000| Complete 
|  20|0x0000000081400000, 0x0000000081500000, 0x0000000081500000|100%|HS|  |TAMS 0x0000000081500000| PB 0x0000000081400000| Complete 
|  21|0x0000000081500000, 0x0000000081600000, 0x0000000081600000|100%|HC|  |TAMS 0x0000000081600000| PB 0x0000000081500000| Complete 
|  22|0x0000000081600000, 0x0000000081700000, 0x0000000081700000|100%|HC|  |TAMS 0x0000000081700000| PB 0x0000000081600000| Complete 
|  23|0x0000000081700000, 0x0000000081800000, 0x0000000081800000|100%|HC|  |TAMS 0x0000000081800000| PB 0x0000000081700000| Complete 
|  24|0x0000000081800000, 0x0000000081900000, 0x0000000081900000|100%|HC|  |TAMS 0x0000000081900000| PB 0x0000000081800000| Complete 
|  25|0x0000000081900000, 0x0000000081a00000, 0x0000000081a00000|100%|HC|  |TAMS 0x0000000081a00000| PB 0x0000000081900000| Complete 
|  26|0x0000000081a00000, 0x0000000081b00000, 0x0000000081b00000|100%|HS|  |TAMS 0x0000000081b00000| PB 0x0000000081a00000| Complete 
|  27|0x0000000081b00000, 0x0000000081c00000, 0x0000000081c00000|100%|HC|  |TAMS 0x0000000081c00000| PB 0x0000000081b00000| Complete 
|  28|0x0000000081c00000, 0x0000000081d00000, 0x0000000081d00000|100%| O|  |TAMS 0x0000000081d00000| PB 0x0000000081d00000| Untracked 
|  29|0x0000000081d00000, 0x0000000081e00000, 0x0000000081e00000|100%| O|  |TAMS 0x0000000081e00000| PB 0x0000000081e00000| Untracked 
|  30|0x0000000081e00000, 0x0000000081f00000, 0x0000000081f00000|100%| O|  |TAMS 0x0000000081f00000| PB 0x0000000081f00000| Untracked 
|  31|0x0000000081f00000, 0x0000000082000000, 0x0000000082000000|100%| O|  |TAMS 0x0000000082000000| PB 0x0000000082000000| Updating 
|  32|0x0000000082000000, 0x0000000082100000, 0x0000000082100000|100%|HS|  |TAMS 0x0000000082100000| PB 0x0000000082000000| Complete 
|  33|0x0000000082100000, 0x0000000082200000, 0x0000000082200000|100%|HC|  |TAMS 0x0000000082200000| PB 0x0000000082100000| Complete 
|  34|0x0000000082200000, 0x0000000082300000, 0x0000000082300000|100%|HC|  |TAMS 0x0000000082300000| PB 0x0000000082200000| Complete 
|  35|0x0000000082300000, 0x0000000082400000, 0x0000000082400000|100%| O|  |TAMS 0x0000000082400000| PB 0x0000000082400000| Untracked 
|  36|0x0000000082400000, 0x0000000082500000, 0x0000000082500000|100%| O|  |TAMS 0x0000000082500000| PB 0x0000000082500000| Untracked 
|  37|0x0000000082500000, 0x0000000082600000, 0x0000000082600000|100%| O|  |TAMS 0x0000000082600000| PB 0x0000000082600000| Untracked 
|  38|0x0000000082600000, 0x0000000082700000, 0x0000000082700000|100%| O|  |TAMS 0x0000000082700000| PB 0x0000000082700000| Updating 
|  39|0x0000000082700000, 0x0000000082800000, 0x0000000082800000|100%| O|  |TAMS 0x0000000082800000| PB 0x0000000082800000| Untracked 
|  40|0x0000000082800000, 0x0000000082900000, 0x0000000082900000|100%| O|  |TAMS 0x0000000082800000| PB 0x0000000082800000| Untracked 
|  41|0x0000000082900000, 0x0000000082a00000, 0x0000000082a00000|100%| O|  |TAMS 0x0000000082a00000| PB 0x0000000082a00000| Untracked 
|  42|0x0000000082a00000, 0x0000000082b00000, 0x0000000082b00000|100%| O|  |TAMS 0x0000000082b00000| PB 0x0000000082b00000| Updating 
|  43|0x0000000082b00000, 0x0000000082c00000, 0x0000000082c00000|100%| O|  |TAMS 0x0000000082c00000| PB 0x0000000082c00000| Untracked 
|  44|0x0000000082c00000, 0x0000000082d00000, 0x0000000082d00000|100%| O|  |TAMS 0x0000000082d00000| PB 0x0000000082d00000| Updating 
|  45|0x0000000082d00000, 0x0000000082e00000, 0x0000000082e00000|100%|HS|  |TAMS 0x0000000082e00000| PB 0x0000000082d00000| Complete 
|  46|0x0000000082e00000, 0x0000000082f00000, 0x0000000082f00000|100%|HC|  |TAMS 0x0000000082f00000| PB 0x0000000082e00000| Complete 
|  47|0x0000000082f00000, 0x0000000083000000, 0x0000000083000000|100%| O|  |TAMS 0x0000000083000000| PB 0x0000000083000000| Untracked 
|  48|0x0000000083000000, 0x0000000083100000, 0x0000000083100000|100%| O|  |TAMS 0x0000000083100000| PB 0x0000000083100000| Untracked 
|  49|0x0000000083100000, 0x0000000083200000, 0x0000000083200000|100%| O|  |TAMS 0x0000000083200000| PB 0x0000000083200000| Untracked 
|  50|0x0000000083200000, 0x0000000083300000, 0x0000000083300000|100%| O|  |TAMS 0x0000000083300000| PB 0x0000000083300000| Untracked 
|  51|0x0000000083300000, 0x0000000083400000, 0x0000000083400000|100%| O|  |TAMS 0x0000000083400000| PB 0x0000000083400000| Untracked 
|  52|0x0000000083400000, 0x0000000083500000, 0x0000000083500000|100%| O|  |TAMS 0x0000000083500000| PB 0x0000000083500000| Untracked 
|  53|0x0000000083500000, 0x0000000083600000, 0x0000000083600000|100%| O|  |TAMS 0x0000000083600000| PB 0x0000000083600000| Untracked 
|  54|0x0000000083600000, 0x0000000083700000, 0x0000000083700000|100%| O|  |TAMS 0x0000000083700000| PB 0x0000000083700000| Updating 
|  55|0x0000000083700000, 0x0000000083800000, 0x0000000083800000|100%| O|  |TAMS 0x0000000083800000| PB 0x0000000083800000| Updating 
|  56|0x0000000083800000, 0x0000000083900000, 0x0000000083900000|100%|HS|  |TAMS 0x0000000083900000| PB 0x0000000083800000| Complete 
|  57|0x0000000083900000, 0x0000000083a00000, 0x0000000083a00000|100%|HC|  |TAMS 0x0000000083a00000| PB 0x0000000083900000| Complete 
|  58|0x0000000083a00000, 0x0000000083b00000, 0x0000000083b00000|100%|HC|  |TAMS 0x0000000083b00000| PB 0x0000000083a00000| Complete 
|  59|0x0000000083b00000, 0x0000000083c00000, 0x0000000083c00000|100%|HC|  |TAMS 0x0000000083c00000| PB 0x0000000083b00000| Complete 
|  60|0x0000000083c00000, 0x0000000083d00000, 0x0000000083d00000|100%|HC|  |TAMS 0x0000000083d00000| PB 0x0000000083c00000| Complete 
|  61|0x0000000083d00000, 0x0000000083e00000, 0x0000000083e00000|100%|HC|  |TAMS 0x0000000083e00000| PB 0x0000000083d00000| Complete 
|  62|0x0000000083e00000, 0x0000000083f00000, 0x0000000083f00000|100%|HS|  |TAMS 0x0000000083f00000| PB 0x0000000083e00000| Complete 
|  63|0x0000000083f00000, 0x0000000084000000, 0x0000000084000000|100%|HC|  |TAMS 0x0000000084000000| PB 0x0000000083f00000| Complete 
|  64|0x0000000084000000, 0x0000000084100000, 0x0000000084100000|100%|HC|  |TAMS 0x0000000084100000| PB 0x0000000084000000| Complete 
|  65|0x0000000084100000, 0x0000000084200000, 0x0000000084200000|100%|HC|  |TAMS 0x0000000084200000| PB 0x0000000084100000| Complete 
|  66|0x0000000084200000, 0x0000000084300000, 0x0000000084300000|100%|HC|  |TAMS 0x0000000084300000| PB 0x0000000084200000| Complete 
|  67|0x0000000084300000, 0x0000000084400000, 0x0000000084400000|100%|HC|  |TAMS 0x0000000084400000| PB 0x0000000084300000| Complete 
|  68|0x0000000084400000, 0x0000000084500000, 0x0000000084500000|100%| O|  |TAMS 0x0000000084479440| PB 0x0000000084479440| Updating 
|  69|0x0000000084500000, 0x0000000084600000, 0x0000000084600000|100%| O|  |TAMS 0x0000000084500000| PB 0x0000000084500000| Untracked 
|  70|0x0000000084600000, 0x0000000084698f60, 0x0000000084700000| 59%| O|  |TAMS 0x0000000084600000| PB 0x0000000084600000| Updating 
|  71|0x0000000084700000, 0x0000000084700000, 0x0000000084800000|  0%| F|  |TAMS 0x0000000084700000| PB 0x0000000084700000| Untracked 
|  72|0x0000000084800000, 0x0000000084800000, 0x0000000084900000|  0%| F|  |TAMS 0x0000000084800000| PB 0x0000000084800000| Untracked 
|  73|0x0000000084900000, 0x0000000084900000, 0x0000000084a00000|  0%| F|  |TAMS 0x0000000084900000| PB 0x0000000084900000| Untracked 
|  74|0x0000000084a00000, 0x0000000084a00000, 0x0000000084b00000|  0%| F|  |TAMS 0x0000000084a00000| PB 0x0000000084a00000| Untracked 
|  75|0x0000000084b00000, 0x0000000084b00000, 0x0000000084c00000|  0%| F|  |TAMS 0x0000000084b00000| PB 0x0000000084b00000| Untracked 
|  76|0x0000000084c00000, 0x0000000084c00000, 0x0000000084d00000|  0%| F|  |TAMS 0x0000000084c00000| PB 0x0000000084c00000| Untracked 
|  77|0x0000000084d00000, 0x0000000084d00000, 0x0000000084e00000|  0%| F|  |TAMS 0x0000000084d00000| PB 0x0000000084d00000| Untracked 
|  78|0x0000000084e00000, 0x0000000084e00000, 0x0000000084f00000|  0%| F|  |TAMS 0x0000000084e00000| PB 0x0000000084e00000| Untracked 
|  79|0x0000000084f00000, 0x0000000084f00000, 0x0000000085000000|  0%| F|  |TAMS 0x0000000084f00000| PB 0x0000000084f00000| Untracked 
|  80|0x0000000085000000, 0x0000000085000000, 0x0000000085100000|  0%| F|  |TAMS 0x0000000085000000| PB 0x0000000085000000| Untracked 
|  81|0x0000000085100000, 0x00000000851fdc10, 0x0000000085200000| 99%| S|CS|TAMS 0x0000000085100000| PB 0x0000000085100000| Complete 
|  82|0x0000000085200000, 0x0000000085300000, 0x0000000085300000|100%| S|CS|TAMS 0x0000000085200000| PB 0x0000000085200000| Complete 
|  83|0x0000000085300000, 0x0000000085300000, 0x0000000085400000|  0%| F|  |TAMS 0x0000000085300000| PB 0x0000000085300000| Untracked 
|  84|0x0000000085400000, 0x0000000085400000, 0x0000000085500000|  0%| F|  |TAMS 0x0000000085400000| PB 0x0000000085400000| Untracked 
|  85|0x0000000085500000, 0x0000000085500000, 0x0000000085600000|  0%| F|  |TAMS 0x0000000085500000| PB 0x0000000085500000| Untracked 
|  86|0x0000000085600000, 0x0000000085600000, 0x0000000085700000|  0%| F|  |TAMS 0x0000000085600000| PB 0x0000000085600000| Untracked 
|  87|0x0000000085700000, 0x0000000085700000, 0x0000000085800000|  0%| F|  |TAMS 0x0000000085700000| PB 0x0000000085700000| Untracked 
|  88|0x0000000085800000, 0x0000000085800000, 0x0000000085900000|  0%| F|  |TAMS 0x0000000085800000| PB 0x0000000085800000| Untracked 
|  89|0x0000000085900000, 0x0000000085900000, 0x0000000085a00000|  0%| F|  |TAMS 0x0000000085900000| PB 0x0000000085900000| Untracked 
|  90|0x0000000085a00000, 0x0000000085a00000, 0x0000000085b00000|  0%| F|  |TAMS 0x0000000085a00000| PB 0x0000000085a00000| Untracked 
|  91|0x0000000085b00000, 0x0000000085b00000, 0x0000000085c00000|  0%| F|  |TAMS 0x0000000085b00000| PB 0x0000000085b00000| Untracked 
|  92|0x0000000085c00000, 0x0000000085c00000, 0x0000000085d00000|  0%| F|  |TAMS 0x0000000085c00000| PB 0x0000000085c00000| Untracked 
|  93|0x0000000085d00000, 0x0000000085d00000, 0x0000000085e00000|  0%| F|  |TAMS 0x0000000085d00000| PB 0x0000000085d00000| Untracked 
|  94|0x0000000085e00000, 0x0000000085e00000, 0x0000000085f00000|  0%| F|  |TAMS 0x0000000085e00000| PB 0x0000000085e00000| Untracked 
|  95|0x0000000085f00000, 0x0000000085f00000, 0x0000000086000000|  0%| F|  |TAMS 0x0000000085f00000| PB 0x0000000085f00000| Untracked 
|  96|0x0000000086000000, 0x0000000086000000, 0x0000000086100000|  0%| F|  |TAMS 0x0000000086000000| PB 0x0000000086000000| Untracked 
|  97|0x0000000086100000, 0x0000000086100000, 0x0000000086200000|  0%| F|  |TAMS 0x0000000086100000| PB 0x0000000086100000| Untracked 
|  98|0x0000000086200000, 0x0000000086200000, 0x0000000086300000|  0%| F|  |TAMS 0x0000000086200000| PB 0x0000000086200000| Untracked 
|  99|0x0000000086300000, 0x0000000086300000, 0x0000000086400000|  0%| F|  |TAMS 0x0000000086300000| PB 0x0000000086300000| Untracked 
| 100|0x0000000086400000, 0x0000000086400000, 0x0000000086500000|  0%| F|  |TAMS 0x0000000086400000| PB 0x0000000086400000| Untracked 
| 101|0x0000000086500000, 0x0000000086500000, 0x0000000086600000|  0%| F|  |TAMS 0x0000000086500000| PB 0x0000000086500000| Untracked 
| 102|0x0000000086600000, 0x0000000086600000, 0x0000000086700000|  0%| F|  |TAMS 0x0000000086600000| PB 0x0000000086600000| Untracked 
| 103|0x0000000086700000, 0x0000000086700000, 0x0000000086800000|  0%| F|  |TAMS 0x0000000086700000| PB 0x0000000086700000| Untracked 
| 104|0x0000000086800000, 0x0000000086800000, 0x0000000086900000|  0%| F|  |TAMS 0x0000000086800000| PB 0x0000000086800000| Untracked 
| 105|0x0000000086900000, 0x0000000086900000, 0x0000000086a00000|  0%| F|  |TAMS 0x0000000086900000| PB 0x0000000086900000| Untracked 
| 106|0x0000000086a00000, 0x0000000086a00000, 0x0000000086b00000|  0%| F|  |TAMS 0x0000000086a00000| PB 0x0000000086a00000| Untracked 
| 107|0x0000000086b00000, 0x0000000086b00000, 0x0000000086c00000|  0%| F|  |TAMS 0x0000000086b00000| PB 0x0000000086b00000| Untracked 
| 108|0x0000000086c00000, 0x0000000086c00000, 0x0000000086d00000|  0%| F|  |TAMS 0x0000000086c00000| PB 0x0000000086c00000| Untracked 
| 109|0x0000000086d00000, 0x0000000086d00000, 0x0000000086e00000|  0%| F|  |TAMS 0x0000000086d00000| PB 0x0000000086d00000| Untracked 
| 117|0x0000000087500000, 0x0000000087500000, 0x0000000087600000|  0%| F|  |TAMS 0x0000000087500000| PB 0x0000000087500000| Untracked 
| 118|0x0000000087600000, 0x0000000087700000, 0x0000000087700000|100%| E|  |TAMS 0x0000000087600000| PB 0x0000000087600000| Complete 
| 126|0x0000000087e00000, 0x0000000087f00000, 0x0000000087f00000|100%| E|CS|TAMS 0x0000000087e00000| PB 0x0000000087e00000| Complete 
| 127|0x0000000087f00000, 0x0000000088000000, 0x0000000088000000|100%| E|CS|TAMS 0x0000000087f00000| PB 0x0000000087f00000| Complete 
|2041|0x00000000ff900000, 0x00000000ffa00000, 0x00000000ffa00000|100%| O|  |TAMS 0x00000000ffa00000| PB 0x00000000ffa00000| Updating 
|2042|0x00000000ffa00000, 0x00000000ffb00000, 0x00000000ffb00000|100%| O|  |TAMS 0x00000000ffb00000| PB 0x00000000ffb00000| Untracked 
|2043|0x00000000ffb00000, 0x00000000ffc00000, 0x00000000ffc00000|100%| O|  |TAMS 0x00000000ffc00000| PB 0x00000000ffc00000| Untracked 
|2044|0x00000000ffc00000, 0x00000000ffd00000, 0x00000000ffd00000|100%| O|  |TAMS 0x00000000ffd00000| PB 0x00000000ffd00000| Untracked 
|2045|0x00000000ffd00000, 0x00000000ffe00000, 0x00000000ffe00000|100%| O|  |TAMS 0x00000000ffe00000| PB 0x00000000ffe00000| Updating 
|2046|0x00000000ffe00000, 0x00000000fff00000, 0x00000000fff00000|100%| O|  |TAMS 0x00000000fff00000| PB 0x00000000fff00000| Untracked 
|2047|0x00000000fff00000, 0x0000000100000000, 0x0000000100000000|100%| O|  |TAMS 0x0000000100000000| PB 0x0000000100000000| Untracked 

Card table byte_map: [0x000001a054f60000,0x000001a055360000] _byte_map_base: 0x000001a054b60000

Marking Bits: (CMBitMap*) 0x000001a04273e060
 Bits: [0x000001a055360000, 0x000001a057360000)

Polling page: 0x000001a040680000

Metaspace:

Usage:
  Non-class:     54.96 MB used.
      Class:      8.76 MB used.
       Both:     63.72 MB used.

Virtual space:
  Non-class space:       64.00 MB reserved,      55.81 MB ( 87%) committed,  1 nodes.
      Class space:        1.00 GB reserved,       9.56 MB ( <1%) committed,  1 nodes.
             Both:        1.06 GB reserved,      65.38 MB (  6%) committed. 

Chunk freelists:
   Non-Class:  7.77 MB
       Class:  6.30 MB
        Both:  14.06 MB

MaxMetaspaceSize: unlimited
CompressedClassSpaceSize: 1.00 GB
Initial GC threshold: 21.00 MB
Current GC threshold: 93.06 MB
CDS: off
 - commit_granule_bytes: 65536.
 - commit_granule_words: 8192.
 - virtual_space_node_default_size: 8388608.
 - enlarge_chunks_in_place: 1.
 - use_allocation_guard: 0.


Internal statistics:

num_allocs_failed_limit: 6.
num_arena_births: 2976.
num_arena_deaths: 0.
num_vsnodes_births: 2.
num_vsnodes_deaths: 0.
num_space_committed: 1046.
num_space_uncommitted: 0.
num_chunks_returned_to_freelist: 6.
num_chunks_taken_from_freelist: 5640.
num_chunk_merges: 6.
num_chunk_splits: 3620.
num_chunks_enlarged: 2230.
num_inconsistent_stats: 0.

CodeHeap 'non-profiled nmethods': size=120000Kb used=3112Kb max_used=3181Kb free=116888Kb
 bounds [0x000001a04d300000, 0x000001a04d620000, 0x000001a054830000]
CodeHeap 'profiled nmethods': size=120000Kb used=10333Kb max_used=10796Kb free=109666Kb
 bounds [0x000001a045830000, 0x000001a0462c0000, 0x000001a04cd60000]
CodeHeap 'non-nmethods': size=5760Kb used=2708Kb max_used=2758Kb free=3051Kb
 bounds [0x000001a04cd60000, 0x000001a04d020000, 0x000001a04d300000]
 total_blobs=6327 nmethods=5466 adapters=764
 compilation: enabled
              stopped_count=0, restarted_count=0
 full_count=0

Compilation events (20 events):
Event: 9.389 Thread 0x000001a05e078b20 nmethod 6384 0x000001a0462aaf10 code [0x000001a0462ab0e0, 0x000001a0462ab468]
Event: 9.389 Thread 0x000001a05e078b20 6385       3       com.google.common.collect.MapMakerInternalMap$StrongKeyWeakValueEntry::access$402 (7 bytes)
Event: 9.389 Thread 0x000001a05e078b20 nmethod 6385 0x000001a0462ab590 code [0x000001a0462ab740, 0x000001a0462ab888]
Event: 9.389 Thread 0x000001a05e078b20 6386       3       com.google.common.collect.MapMakerInternalMap$StrongKeyWeakValueEntry$LinkedStrongKeyWeakValueEntry::getNext (5 bytes)
Event: 9.390 Thread 0x000001a05e078b20 nmethod 6386 0x000001a0462ab990 code [0x000001a0462abb20, 0x000001a0462abc40]
Event: 9.402 Thread 0x000001a05e078b20 6387       3       org.gradle.internal.instantiation.generator.AbstractClassGenerator::inspectType (560 bytes)
Event: 9.405 Thread 0x000001a05e078b20 nmethod 6387 0x000001a0462abd10 code [0x000001a0462ac520, 0x000001a0462b1140]
Event: 9.407 Thread 0x000001a05f429fd0 6388       4       java.net.URLClassLoader$1::run (5 bytes)
Event: 9.412 Thread 0x000001a05e076070 6389       4       org.objectweb.asm.MethodVisitor::<init> (79 bytes)
Event: 9.412 Thread 0x000001a05e078b20 6390       3       org.objectweb.asm.ClassWriter::toByteArray (1535 bytes)
Event: 9.413 Thread 0x000001a05e076070 nmethod 6389 0x000001a04d61b090 code [0x000001a04d61b220, 0x000001a04d61b3d0]
Event: 9.416 Thread 0x000001a05e078b20 nmethod 6390 0x000001a0462b2990 code [0x000001a0462b3300, 0x000001a0462b7238]
Event: 9.438 Thread 0x000001a05e078b20 6392       3       org.gradle.internal.reflect.PropertyAccessorType::takesNoParameter (14 bytes)
Event: 9.438 Thread 0x000001a05e076070 6394       4       org.gradle.internal.reflect.MethodSet$MethodKey::<init> (6 bytes)
Event: 9.439 Thread 0x000001a05e078b20 nmethod 6392 0x000001a0462b9210 code [0x000001a0462b93e0, 0x000001a0462b9730]
Event: 9.439 Thread 0x000001a05e078b20 6393       3       org.gradle.internal.reflect.PropertyAccessorType::isGetGetterName (23 bytes)
Event: 9.439 Thread 0x000001a05e078b20 nmethod 6393 0x000001a0462b9890 code [0x000001a0462b9a60, 0x000001a0462b9d88]
Event: 9.439 Thread 0x000001a05e078b20 6395       3       sun.reflect.generics.reflectiveObjects.TypeVariableImpl::make (68 bytes)
Event: 9.439 Thread 0x000001a05e078b20 nmethod 6395 0x000001a0462b9f10 code [0x000001a0462ba1a0, 0x000001a0462bae78]
Event: 9.440 Thread 0x000001a05e078b20 6397       3       org.gradle.internal.reflect.PropertyAccessorType::of (101 bytes)

GC Heap History (20 events):
Event: 4.926 GC heap before
{Heap before GC invocations=7 (full 0):
 garbage-first heap   total 89088K, used 46316K [0x0000000080000000, 0x0000000100000000)
  region size 1024K, 12 young (12288K), 6 survivors (6144K)
 Metaspace       used 35112K, committed 35968K, reserved 1114112K
  class space    used 4742K, committed 5184K, reserved 1048576K
}
Event: 4.930 GC heap after
{Heap after GC invocations=8 (full 0):
 garbage-first heap   total 89088K, used 43393K [0x0000000080000000, 0x0000000100000000)
  region size 1024K, 2 young (2048K), 2 survivors (2048K)
 Metaspace       used 35112K, committed 35968K, reserved 1114112K
  class space    used 4742K, committed 5184K, reserved 1048576K
}
Event: 5.554 GC heap before
{Heap before GC invocations=9 (full 0):
 garbage-first heap   total 89088K, used 75137K [0x0000000080000000, 0x0000000100000000)
  region size 1024K, 33 young (33792K), 2 survivors (2048K)
 Metaspace       used 39115K, committed 40128K, reserved 1114112K
  class space    used 5389K, committed 5888K, reserved 1048576K
}
Event: 5.557 GC heap after
{Heap after GC invocations=10 (full 0):
 garbage-first heap   total 89088K, used 44793K [0x0000000080000000, 0x0000000100000000)
  region size 1024K, 4 young (4096K), 4 survivors (4096K)
 Metaspace       used 39115K, committed 40128K, reserved 1114112K
  class space    used 5389K, committed 5888K, reserved 1048576K
}
Event: 6.054 GC heap before
{Heap before GC invocations=10 (full 0):
 garbage-first heap   total 89088K, used 75513K [0x0000000080000000, 0x0000000100000000)
  region size 1024K, 35 young (35840K), 4 survivors (4096K)
 Metaspace       used 43531K, committed 44800K, reserved 1114112K
  class space    used 6120K, committed 6720K, reserved 1048576K
}
Event: 6.058 GC heap after
{Heap after GC invocations=11 (full 0):
 garbage-first heap   total 89088K, used 46261K [0x0000000080000000, 0x0000000100000000)
  region size 1024K, 4 young (4096K), 4 survivors (4096K)
 Metaspace       used 43531K, committed 44800K, reserved 1114112K
  class space    used 6120K, committed 6720K, reserved 1048576K
}
Event: 6.567 GC heap before
{Heap before GC invocations=11 (full 0):
 garbage-first heap   total 89088K, used 76981K [0x0000000080000000, 0x0000000100000000)
  region size 1024K, 35 young (35840K), 4 survivors (4096K)
 Metaspace       used 48846K, committed 50112K, reserved 1114112K
  class space    used 6653K, committed 7296K, reserved 1048576K
}
Event: 6.574 GC heap after
{Heap after GC invocations=12 (full 0):
 garbage-first heap   total 89088K, used 50033K [0x0000000080000000, 0x0000000100000000)
  region size 1024K, 5 young (5120K), 5 survivors (5120K)
 Metaspace       used 48846K, committed 50112K, reserved 1114112K
  class space    used 6653K, committed 7296K, reserved 1048576K
}
Event: 7.092 GC heap before
{Heap before GC invocations=13 (full 0):
 garbage-first heap   total 94208K, used 82801K [0x0000000080000000, 0x0000000100000000)
  region size 1024K, 32 young (32768K), 5 survivors (5120K)
 Metaspace       used 51344K, committed 52736K, reserved 1114112K
  class space    used 6896K, committed 7552K, reserved 1048576K
}
Event: 7.101 GC heap after
{Heap after GC invocations=14 (full 0):
 garbage-first heap   total 94208K, used 53835K [0x0000000080000000, 0x0000000100000000)
  region size 1024K, 4 young (4096K), 4 survivors (4096K)
 Metaspace       used 51344K, committed 52736K, reserved 1114112K
  class space    used 6896K, committed 7552K, reserved 1048576K
}
Event: 7.600 GC heap before
{Heap before GC invocations=14 (full 0):
 garbage-first heap   total 94208K, used 83531K [0x0000000080000000, 0x0000000100000000)
  region size 1024K, 33 young (33792K), 4 survivors (4096K)
 Metaspace       used 54896K, committed 56384K, reserved 1114112K
  class space    used 7501K, committed 8256K, reserved 1048576K
}
Event: 7.605 GC heap after
{Heap after GC invocations=15 (full 0):
 garbage-first heap   total 113664K, used 54947K [0x0000000080000000, 0x0000000100000000)
  region size 1024K, 2 young (2048K), 2 survivors (2048K)
 Metaspace       used 54896K, committed 56384K, reserved 1114112K
  class space    used 7501K, committed 8256K, reserved 1048576K
}
Event: 7.814 GC heap before
{Heap before GC invocations=15 (full 0):
 garbage-first heap   total 113664K, used 64163K [0x0000000080000000, 0x0000000100000000)
  region size 1024K, 12 young (12288K), 2 survivors (2048K)
 Metaspace       used 55637K, committed 57024K, reserved 1114112K
  class space    used 7638K, committed 8320K, reserved 1048576K
}
Event: 7.819 GC heap after
{Heap after GC invocations=16 (full 0):
 garbage-first heap   total 113664K, used 56580K [0x0000000080000000, 0x0000000100000000)
  region size 1024K, 4 young (4096K), 4 survivors (4096K)
 Metaspace       used 55637K, committed 57024K, reserved 1114112K
  class space    used 7638K, committed 8320K, reserved 1048576K
}
Event: 8.578 GC heap before
{Heap before GC invocations=17 (full 0):
 garbage-first heap   total 113664K, used 111876K [0x0000000080000000, 0x0000000100000000)
  region size 1024K, 43 young (44032K), 4 survivors (4096K)
 Metaspace       used 58096K, committed 59584K, reserved 1114112K
  class space    used 7822K, committed 8576K, reserved 1048576K
}
Event: 8.585 GC heap after
{Heap after GC invocations=18 (full 0):
 garbage-first heap   total 123904K, used 76886K [0x0000000080000000, 0x0000000100000000)
  region size 1024K, 6 young (6144K), 6 survivors (6144K)
 Metaspace       used 58096K, committed 59584K, reserved 1114112K
  class space    used 7822K, committed 8576K, reserved 1048576K
}
Event: 9.000 GC heap before
{Heap before GC invocations=18 (full 0):
 garbage-first heap   total 123904K, used 109654K [0x0000000080000000, 0x0000000100000000)
  region size 1024K, 38 young (38912K), 6 survivors (6144K)
 Metaspace       used 61398K, committed 62976K, reserved 1114112K
  class space    used 8364K, committed 9152K, reserved 1048576K
}
Event: 9.008 GC heap after
{Heap after GC invocations=19 (full 0):
 garbage-first heap   total 123904K, used 79685K [0x0000000080000000, 0x0000000100000000)
  region size 1024K, 4 young (4096K), 4 survivors (4096K)
 Metaspace       used 61398K, committed 62976K, reserved 1114112K
  class space    used 8364K, committed 9152K, reserved 1048576K
}
Event: 9.390 GC heap before
{Heap before GC invocations=19 (full 0):
 garbage-first heap   total 123904K, used 111429K [0x0000000080000000, 0x0000000100000000)
  region size 1024K, 35 young (35840K), 4 survivors (4096K)
 Metaspace       used 64864K, committed 66560K, reserved 1114112K
  class space    used 8903K, committed 9728K, reserved 1048576K
}
Event: 9.396 GC heap after
{Heap after GC invocations=20 (full 0):
 garbage-first heap   total 123904K, used 81498K [0x0000000080000000, 0x0000000100000000)
  region size 1024K, 2 young (2048K), 2 survivors (2048K)
 Metaspace       used 64864K, committed 66560K, reserved 1114112K
  class space    used 8903K, committed 9728K, reserved 1048576K
}

Dll operation events (3 events):
Event: 0.010 Loaded shared library E:\Old download\jbr\bin\java.dll
Event: 0.019 Loaded shared library E:\Old download\jbr\bin\zip.dll
Event: 0.913 Loaded shared library E:\Old download\jbr\bin\verify.dll

Deoptimization events (20 events):
Event: 9.388 Thread 0x000001a05ff747c0 Uncommon trap: trap_request=0xffffffde fr.pc=0x000001a04d5b83a0 relative=0x0000000000003c20
Event: 9.388 Thread 0x000001a05ff747c0 Uncommon trap: reason=class_check action=maybe_recompile pc=0x000001a04d5b83a0 method=java.net.URLClassLoader.defineClass(Ljava/lang/String;Ljdk/internal/loader/Resource;)Ljava/lang/Class; @ 34 c2
Event: 9.388 Thread 0x000001a05ff747c0 DEOPT PACKING pc=0x000001a04d5b83a0 sp=0x0000000412ff7c30
Event: 9.388 Thread 0x000001a05ff747c0 DEOPT UNPACKING pc=0x000001a04cdb46a2 sp=0x0000000412ff7b70 mode 2
Event: 9.390 Thread 0x000001a05ff747c0 Uncommon trap: trap_request=0xffffffde fr.pc=0x000001a04d5b83a0 relative=0x0000000000003c20
Event: 9.390 Thread 0x000001a05ff747c0 Uncommon trap: reason=class_check action=maybe_recompile pc=0x000001a04d5b83a0 method=java.net.URLClassLoader.defineClass(Ljava/lang/String;Ljdk/internal/loader/Resource;)Ljava/lang/Class; @ 34 c2
Event: 9.390 Thread 0x000001a05ff747c0 DEOPT PACKING pc=0x000001a04d5b83a0 sp=0x0000000412ff7c30
Event: 9.390 Thread 0x000001a05ff747c0 DEOPT UNPACKING pc=0x000001a04cdb46a2 sp=0x0000000412ff7b70 mode 2
Event: 9.397 Thread 0x000001a05ff747c0 Uncommon trap: trap_request=0xffffffde fr.pc=0x000001a04d5b83a0 relative=0x0000000000003c20
Event: 9.397 Thread 0x000001a05ff747c0 Uncommon trap: reason=class_check action=maybe_recompile pc=0x000001a04d5b83a0 method=java.net.URLClassLoader.defineClass(Ljava/lang/String;Ljdk/internal/loader/Resource;)Ljava/lang/Class; @ 34 c2
Event: 9.397 Thread 0x000001a05ff747c0 DEOPT PACKING pc=0x000001a04d5b83a0 sp=0x0000000412ff7c30
Event: 9.397 Thread 0x000001a05ff747c0 DEOPT UNPACKING pc=0x000001a04cdb46a2 sp=0x0000000412ff7b70 mode 2
Event: 9.434 Thread 0x000001a05ff747c0 Uncommon trap: trap_request=0xffffff45 fr.pc=0x000001a04d601e9c relative=0x000000000000085c
Event: 9.434 Thread 0x000001a05ff747c0 Uncommon trap: reason=unstable_if action=reinterpret pc=0x000001a04d601e9c method=java.util.HashMap.putVal(ILjava/lang/Object;Ljava/lang/Object;ZZ)Ljava/lang/Object; @ 85 c2
Event: 9.434 Thread 0x000001a05ff747c0 DEOPT PACKING pc=0x000001a04d601e9c sp=0x0000000412ff8a40
Event: 9.434 Thread 0x000001a05ff747c0 DEOPT UNPACKING pc=0x000001a04cdb46a2 sp=0x0000000412ff8970 mode 2
Event: 9.438 Thread 0x000001a05ff747c0 Uncommon trap: trap_request=0xffffff45 fr.pc=0x000001a04d4078d4 relative=0x0000000000000414
Event: 9.438 Thread 0x000001a05ff747c0 Uncommon trap: reason=unstable_if action=reinterpret pc=0x000001a04d4078d4 method=org.gradle.internal.reflect.PropertyAccessorType.isGetGetterName(Ljava/lang/String;)Z @ 14 c2
Event: 9.438 Thread 0x000001a05ff747c0 DEOPT PACKING pc=0x000001a04d4078d4 sp=0x0000000412ff8e50
Event: 9.438 Thread 0x000001a05ff747c0 DEOPT UNPACKING pc=0x000001a04cdb46a2 sp=0x0000000412ff8da8 mode 2

Classes loaded (20 events):
Event: 9.276 Loading class java/util/IdentityHashMap$EntryIterator
Event: 9.276 Loading class java/util/IdentityHashMap$IdentityHashMapIterator
Event: 9.276 Loading class java/util/IdentityHashMap$IdentityHashMapIterator done
Event: 9.276 Loading class java/util/IdentityHashMap$EntryIterator done
Event: 9.276 Loading class java/util/IdentityHashMap$EntryIterator$Entry
Event: 9.276 Loading class java/util/IdentityHashMap$EntryIterator$Entry done
Event: 9.291 Loading class java/util/concurrent/RecursiveAction
Event: 9.291 Loading class java/util/concurrent/RecursiveAction done
Event: 9.309 Loading class java/lang/invoke/SerializedLambda$1
Event: 9.309 Loading class java/lang/invoke/SerializedLambda$1 done
Event: 9.327 Loading class org/xml/sax/Locator
Event: 9.327 Loading class org/xml/sax/Locator done
Event: 9.328 Loading class org/xml/sax/SAXParseException
Event: 9.328 Loading class org/xml/sax/SAXParseException done
Event: 9.328 Loading class org/xml/sax/Attributes
Event: 9.328 Loading class org/xml/sax/Attributes done
Event: 9.378 Loading class java/util/DualPivotQuicksort
Event: 9.378 Loading class java/util/DualPivotQuicksort done
Event: 9.435 Loading class java/util/function/LongUnaryOperator
Event: 9.435 Loading class java/util/function/LongUnaryOperator done

Classes unloaded (0 events):
No events

Classes redefined (0 events):
No events

Internal exceptions (20 events):
Event: 8.858 Thread 0x000001a05ff747c0 Exception <a 'sun/nio/fs/WindowsException'{0x0000000085573308}> (0x0000000085573308) 
thrown [s\src\hotspot\share\prims\jni.cpp, line 535]
Event: 8.861 Thread 0x000001a05ff747c0 Exception <a 'sun/nio/fs/WindowsException'{0x0000000085580640}> (0x0000000085580640) 
thrown [s\src\hotspot\share\prims\jni.cpp, line 535]
Event: 8.963 Thread 0x000001a05ff747c0 Exception <a 'java/lang/NoSuchMethodError'{0x0000000084ecf318}: 'void java.lang.invoke.DirectMethodHandle$Holder.invokeStatic(java.lang.Object, java.lang.Object, java.lang.Object, java.lang.Object, java.lang.Object, java.lang.Object, java.lang.Object)'> (0x0000000084ecf318) 
thrown [s\src\hotspot\share\interpreter\linkResolver.cpp, line 784]
Event: 9.270 Thread 0x000001a05ff747c0 Exception <a 'java/lang/NoSuchMethodError'{0x0000000085db74a0}: 'void java.lang.invoke.DelegatingMethodHandle$Holder.reinvoke_L(java.lang.Object, java.lang.Object, int)'> (0x0000000085db74a0) 
thrown [s\src\hotspot\share\interpreter\linkResolver.cpp, line 784]
Event: 9.270 Thread 0x000001a05ff747c0 Exception <a 'java/lang/NoSuchMethodError'{0x0000000085dbea78}: 'int java.lang.invoke.Invokers$Holder.invokeExact_MT(java.lang.Object, java.lang.Object, java.lang.Object)'> (0x0000000085dbea78) 
thrown [s\src\hotspot\share\interpreter\linkResolver.cpp, line 784]
Event: 9.272 Thread 0x000001a05ff747c0 Exception <a 'java/lang/NoSuchMethodError'{0x0000000085dce6a0}: 'long java.lang.invoke.DelegatingMethodHandle$Holder.reinvoke_L(java.lang.Object, java.lang.Object)'> (0x0000000085dce6a0) 
thrown [s\src\hotspot\share\interpreter\linkResolver.cpp, line 784]
Event: 9.272 Thread 0x000001a05ff747c0 Exception <a 'java/lang/NoSuchMethodError'{0x0000000085dd8f68}: 'void java.lang.invoke.DelegatingMethodHandle$Holder.reinvoke_L(java.lang.Object, java.lang.Object, long)'> (0x0000000085dd8f68) 
thrown [s\src\hotspot\share\interpreter\linkResolver.cpp, line 784]
Event: 9.272 Thread 0x000001a05ff747c0 Exception <a 'java/lang/NoSuchMethodError'{0x0000000085de0758}: 'long java.lang.invoke.Invokers$Holder.invokeExact_MT(java.lang.Object, java.lang.Object, java.lang.Object)'> (0x0000000085de0758) 
thrown [s\src\hotspot\share\interpreter\linkResolver.cpp, line 784]
Event: 9.298 Thread 0x000001a05ff747c0 Exception <a 'java/lang/NoSuchMethodError'{0x0000000085be72a0}: 'void java.lang.invoke.Invokers$Holder.invokeExact_MT(java.lang.Object, java.lang.Object, java.lang.Object, java.lang.Object)'> (0x0000000085be72a0) 
thrown [s\src\hotspot\share\interpreter\linkResolver.cpp, line 784]
Event: 9.303 Thread 0x000001a05ff747c0 Exception <a 'java/lang/ClassNotFoundException'{0x0000000085a537e0}: org/gradle/internal/serialize/codecs/core/ClosureCodec$BrokenScriptBeanInfo> (0x0000000085a537e0) 
thrown [s\src\hotspot\share\classfile\systemDictionary.cpp, line 312]
Event: 9.304 Thread 0x000001a05ff747c0 Exception <a 'java/lang/ClassNotFoundException'{0x0000000085a61f90}: org/gradle/internal/serialize/codecs/core/ClosureCodec$BrokenScriptCustomizer> (0x0000000085a61f90) 
thrown [s\src\hotspot\share\classfile\systemDictionary.cpp, line 312]
Event: 9.305 Thread 0x000001a05ff747c0 Exception <a 'java/lang/ClassNotFoundException'{0x0000000085a7bf00}: org/gradle/api/invocation/GradleBeanInfo> (0x0000000085a7bf00) 
thrown [s\src\hotspot\share\classfile\systemDictionary.cpp, line 312]
Event: 9.306 Thread 0x000001a05ff747c0 Exception <a 'java/lang/ClassNotFoundException'{0x0000000085a87bb0}: org/gradle/api/invocation/GradleCustomizer> (0x0000000085a87bb0) 
thrown [s\src\hotspot\share\classfile\systemDictionary.cpp, line 312]
Event: 9.308 Thread 0x000001a05ff747c0 Exception <a 'java/lang/NoSuchMethodError'{0x0000000085aa9ec8}: 'void java.lang.invoke.Invokers$Holder.invokeExact_MT(java.lang.Object, java.lang.Object, int, java.lang.Object)'> (0x0000000085aa9ec8) 
thrown [s\src\hotspot\share\interpreter\linkResolver.cpp, line 784]
Event: 9.311 Thread 0x000001a05ff747c0 Exception <a 'java/lang/NoSuchMethodError'{0x0000000085acbe08}: 'void java.lang.invoke.Invokers$Holder.invokeExact_MT(java.lang.Object, java.lang.Object, long, java.lang.Object)'> (0x0000000085acbe08) 
thrown [s\src\hotspot\share\interpreter\linkResolver.cpp, line 784]
Event: 9.321 Thread 0x000001a05ff747c0 Exception <a 'java/lang/ClassNotFoundException'{0x00000000859e3668}: org/gradle/api/internal/project/DefaultProject_DecoratedBeanInfo> (0x00000000859e3668) 
thrown [s\src\hotspot\share\classfile\systemDictionary.cpp, line 312]
Event: 9.321 Thread 0x000001a05ff747c0 Exception <a 'java/lang/ClassNotFoundException'{0x00000000859ef228}: org/gradle/api/internal/project/DefaultProjectBeanInfo> (0x00000000859ef228) 
thrown [s\src\hotspot\share\classfile\systemDictionary.cpp, line 312]
Event: 9.321 Thread 0x000001a05ff747c0 Exception <a 'java/lang/ClassNotFoundException'{0x00000000859fae60}: org/gradle/api/internal/project/DefaultProjectCustomizer> (0x00000000859fae60) 
thrown [s\src\hotspot\share\classfile\systemDictionary.cpp, line 312]
Event: 9.324 Thread 0x000001a05ff747c0 Exception <a 'java/lang/ClassNotFoundException'{0x00000000858b1738}: org/gradle/api/internal/project/DefaultProject_DecoratedCustomizer> (0x00000000858b1738) 
thrown [s\src\hotspot\share\classfile\systemDictionary.cpp, line 312]
Event: 9.435 Thread 0x000001a05ff747c0 Exception <a 'java/lang/NoSuchMethodError'{0x0000000087691358}: 'long java.lang.invoke.DirectMethodHandle$Holder.invokeStatic(java.lang.Object, long)'> (0x0000000087691358) 
thrown [s\src\hotspot\share\interpreter\linkResolver.cpp, line 784]

ZGC Phase Switch (0 events):
No events

VM Operations (20 events):
Event: 8.170 Executing VM operation: ICBufferFull done
Event: 8.275 Executing VM operation: HandshakeAllThreads (Deoptimize)
Event: 8.275 Executing VM operation: HandshakeAllThreads (Deoptimize) done
Event: 8.577 Executing VM operation: G1CollectForAllocation (G1 Evacuation Pause)
Event: 8.585 Executing VM operation: G1CollectForAllocation (G1 Evacuation Pause) done
Event: 8.968 Executing VM operation: ICBufferFull
Event: 8.968 Executing VM operation: ICBufferFull done
Event: 8.978 Executing VM operation: HandshakeAllThreads (Deoptimize)
Event: 8.978 Executing VM operation: HandshakeAllThreads (Deoptimize) done
Event: 9.000 Executing VM operation: G1CollectForAllocation (G1 Evacuation Pause)
Event: 9.008 Executing VM operation: G1CollectForAllocation (G1 Evacuation Pause) done
Event: 9.056 Executing VM operation: HandshakeAllThreads (Deoptimize)
Event: 9.056 Executing VM operation: HandshakeAllThreads (Deoptimize) done
Event: 9.181 Executing VM operation: HandshakeAllThreads (Deoptimize)
Event: 9.181 Executing VM operation: HandshakeAllThreads (Deoptimize) done
Event: 9.287 Executing VM operation: HandshakeAllThreads (Deoptimize)
Event: 9.287 Executing VM operation: HandshakeAllThreads (Deoptimize) done
Event: 9.390 Executing VM operation: G1CollectForAllocation (G1 Evacuation Pause)
Event: 9.396 Executing VM operation: G1CollectForAllocation (G1 Evacuation Pause) done
Event: 9.441 Executing VM operation: G1PauseRemark

Events (20 events):
Event: 9.444 Thread 0x000001a059d9d0c0 flushing nmethod 0x000001a045886e90
Event: 9.444 Thread 0x000001a059d9d0c0 flushing nmethod 0x000001a0458a8010
Event: 9.444 Thread 0x000001a059d9d0c0 flushing nmethod 0x000001a045865c10
Event: 9.444 Thread 0x000001a059d9d0c0 flushing nmethod 0x000001a04585b790
Event: 9.444 Thread 0x000001a059d9d0c0 flushing nmethod 0x000001a045839a90
Event: 9.444 Thread 0x000001a059d9d0c0 flushing nmethod 0x000001a04d5a5b90
Event: 9.444 Thread 0x000001a059d9d0c0 flushing nmethod 0x000001a04d565010
Event: 9.444 Thread 0x000001a059d9d0c0 flushing nmethod 0x000001a04d560f10
Event: 9.444 Thread 0x000001a059d9d0c0 flushing nmethod 0x000001a04d4cec10
Event: 9.444 Thread 0x000001a059d9d0c0 flushing nmethod 0x000001a04d53e790
Event: 9.444 Thread 0x000001a059d9d0c0 flushing nmethod 0x000001a04d47b690
Event: 9.444 Thread 0x000001a059d9d0c0 flushing nmethod 0x000001a04d458390
Event: 9.444 Thread 0x000001a059d9d0c0 flushing nmethod 0x000001a04d438490
Event: 9.444 Thread 0x000001a059d9d0c0 flushing nmethod 0x000001a04d457510
Event: 9.444 Thread 0x000001a059d9d0c0 flushing nmethod 0x000001a04d42ab10
Event: 9.444 Thread 0x000001a059d9d0c0 flushing nmethod 0x000001a04d3dd490
Event: 9.444 Thread 0x000001a059d9d0c0 flushing nmethod 0x000001a04d3d0c10
Event: 9.444 Thread 0x000001a059d9d0c0 flushing nmethod 0x000001a04d3cf790
Event: 9.444 Thread 0x000001a059d9d0c0 flushing nmethod 0x000001a04d379e90
Event: 9.444 Thread 0x000001a059d9d0c0 flushing nmethod 0x000001a04d35a110


Dynamic libraries:
0x00007ff667030000 - 0x00007ff66703a000 	E:\Old download\jbr\bin\java.exe
0x00007ffa74d70000 - 0x00007ffa74f87000 	C:\Windows\SYSTEM32\ntdll.dll
0x00007ffa740a0000 - 0x00007ffa74164000 	C:\Windows\System32\KERNEL32.DLL
0x00007ffa721c0000 - 0x00007ffa72593000 	C:\Windows\System32\KERNELBASE.dll
0x00007ffa71eb0000 - 0x00007ffa71fc1000 	C:\Windows\System32\ucrtbase.dll
0x00007ffa4f130000 - 0x00007ffa4f14b000 	E:\Old download\jbr\bin\VCRUNTIME140.dll
0x00007ffa6da70000 - 0x00007ffa6da88000 	E:\Old download\jbr\bin\jli.dll
0x00007ffa73e70000 - 0x00007ffa74021000 	C:\Windows\System32\USER32.dll
0x00007ffa72190000 - 0x00007ffa721b6000 	C:\Windows\System32\win32u.dll
0x00007ffa5f000000 - 0x00007ffa5f298000 	C:\Windows\WinSxS\amd64_microsoft.windows.common-controls_6595b64144ccf1df_6.0.22621.5124_none_270e8f4f7386d69d\COMCTL32.dll
0x00007ffa744f0000 - 0x00007ffa74519000 	C:\Windows\System32\GDI32.dll
0x00007ffa745b0000 - 0x00007ffa74657000 	C:\Windows\System32\msvcrt.dll
0x00007ffa72710000 - 0x00007ffa7282b000 	C:\Windows\System32\gdi32full.dll
0x00007ffa72830000 - 0x00007ffa728ca000 	C:\Windows\System32\msvcp_win.dll
0x00007ffa73950000 - 0x00007ffa73981000 	C:\Windows\System32\IMM32.DLL
0x00007ffa1efb0000 - 0x00007ffa1efbc000 	E:\Old download\jbr\bin\vcruntime140_1.dll
0x00007ffa61d10000 - 0x00007ffa61d9d000 	E:\Old download\jbr\bin\msvcp140.dll
0x00007ffa1efc0000 - 0x00007ffa1fc3d000 	E:\Old download\jbr\bin\server\jvm.dll
0x00007ffa73d90000 - 0x00007ffa73e41000 	C:\Windows\System32\ADVAPI32.dll
0x00007ffa73770000 - 0x00007ffa73818000 	C:\Windows\System32\sechost.dll
0x00007ffa71e80000 - 0x00007ffa71ea8000 	C:\Windows\System32\bcrypt.dll
0x00007ffa74bf0000 - 0x00007ffa74d04000 	C:\Windows\System32\RPCRT4.dll
0x00007ffa74520000 - 0x00007ffa74591000 	C:\Windows\System32\WS2_32.dll
0x00007ffa70cc0000 - 0x00007ffa70d0d000 	C:\Windows\SYSTEM32\POWRPROF.dll
0x00007ffa6d340000 - 0x00007ffa6d374000 	C:\Windows\SYSTEM32\WINMM.dll
0x00007ffa6d310000 - 0x00007ffa6d31a000 	C:\Windows\SYSTEM32\VERSION.dll
0x00007ffa70ca0000 - 0x00007ffa70cb3000 	C:\Windows\SYSTEM32\UMPDC.dll
0x00007ffa70f60000 - 0x00007ffa70f78000 	C:\Windows\SYSTEM32\kernel.appcore.dll
0x00007ffa1efa0000 - 0x00007ffa1efaa000 	E:\Old download\jbr\bin\jimage.dll
0x00007ffa6f8d0000 - 0x00007ffa6fb02000 	C:\Windows\SYSTEM32\DBGHELP.DLL
0x00007ffa72b30000 - 0x00007ffa72ec2000 	C:\Windows\System32\combase.dll
0x00007ffa73820000 - 0x00007ffa738f7000 	C:\Windows\System32\OLEAUT32.dll
0x00007ffa544f0000 - 0x00007ffa54522000 	C:\Windows\SYSTEM32\dbgcore.DLL
0x00007ffa71fd0000 - 0x00007ffa7204b000 	C:\Windows\System32\bcryptPrimitives.dll
0x00007ffa6d800000 - 0x00007ffa6d80e000 	E:\Old download\jbr\bin\instrument.dll
0x00007ffa1ef80000 - 0x00007ffa1ef9f000 	E:\Old download\jbr\bin\java.dll
0x00007ffa1ef60000 - 0x00007ffa1ef78000 	E:\Old download\jbr\bin\zip.dll
0x00007ffa72ed0000 - 0x00007ffa73766000 	C:\Windows\System32\SHELL32.dll
0x00007ffa72050000 - 0x00007ffa7218f000 	C:\Windows\System32\wintypes.dll
0x00007ffa6fd60000 - 0x00007ffa7067a000 	C:\Windows\SYSTEM32\windows.storage.dll
0x00007ffa743e0000 - 0x00007ffa744ea000 	C:\Windows\System32\SHCORE.dll
0x00007ffa74030000 - 0x00007ffa74093000 	C:\Windows\System32\shlwapi.dll
0x00007ffa71db0000 - 0x00007ffa71ddb000 	C:\Windows\SYSTEM32\profapi.dll
0x00007ffa1ef50000 - 0x00007ffa1ef60000 	E:\Old download\jbr\bin\net.dll
0x00007ffa6d570000 - 0x00007ffa6d69c000 	C:\Windows\SYSTEM32\WINHTTP.dll
0x00007ffa713e0000 - 0x00007ffa7144a000 	C:\Windows\system32\mswsock.dll
0x00007ffa1ef30000 - 0x00007ffa1ef46000 	E:\Old download\jbr\bin\nio.dll
0x00007ffa6e170000 - 0x00007ffa6e180000 	E:\Old download\jbr\bin\verify.dll
0x00007ffa0ca00000 - 0x00007ffa0ca27000 	C:\Users\ABDULLAH MAMUN\.gradle\native\c067742578af261105cb4f569cf0c3c89f3d7b1fecec35dd04571415982c5e48\windows-amd64\native-platform.dll
0x00007ffa49330000 - 0x00007ffa49474000 	C:\Users\ABDULLAH MAMUN\.gradle\native\100fb08df4bc3b14c8652ba06237920a3bd2aa13389f12d3474272988ae205f9\windows-amd64\native-platform-file-events.dll
0x00007ffa1eb10000 - 0x00007ffa1eb19000 	E:\Old download\jbr\bin\management.dll
0x00007ffa6e250000 - 0x00007ffa6e25b000 	E:\Old download\jbr\bin\management_ext.dll
0x00007ffa74270000 - 0x00007ffa74278000 	C:\Windows\System32\PSAPI.DLL
0x00007ffa71660000 - 0x00007ffa7167b000 	C:\Windows\SYSTEM32\CRYPTSP.dll
0x00007ffa70ec0000 - 0x00007ffa70ef7000 	C:\Windows\system32\rsaenh.dll
0x00007ffa714c0000 - 0x00007ffa714e8000 	C:\Windows\SYSTEM32\USERENV.dll
0x00007ffa71650000 - 0x00007ffa7165c000 	C:\Windows\SYSTEM32\CRYPTBASE.dll
0x00007ffa70950000 - 0x00007ffa7097d000 	C:\Windows\SYSTEM32\IPHLPAPI.DLL
0x00007ffa73e50000 - 0x00007ffa73e59000 	C:\Windows\System32\NSI.dll
0x00007ffa1eb70000 - 0x00007ffa1eb79000 	E:\Old download\jbr\bin\extnet.dll
0x00007ffa1fdd0000 - 0x00007ffa1fdd8000 	C:\Windows\system32\wshunix.dll

dbghelp: loaded successfully - version: 4.0.5 - missing functions: none
symbol engine: initialized successfully - sym options: 0x614 - pdb path: .;E:\Old download\jbr\bin;C:\Windows\SYSTEM32;C:\Windows\WinSxS\amd64_microsoft.windows.common-controls_6595b64144ccf1df_6.0.22621.5124_none_270e8f4f7386d69d;E:\Old download\jbr\bin\server;C:\Users\ABDULLAH MAMUN\.gradle\native\c067742578af261105cb4f569cf0c3c89f3d7b1fecec35dd04571415982c5e48\windows-amd64;C:\Users\ABDULLAH MAMUN\.gradle\native\100fb08df4bc3b14c8652ba06237920a3bd2aa13389f12d3474272988ae205f9\windows-amd64

VM Arguments:
jvm_args: --add-opens=java.base/java.util=ALL-UNNAMED --add-opens=java.base/java.lang=ALL-UNNAMED --add-opens=java.base/java.lang.invoke=ALL-UNNAMED --add-opens=java.prefs/java.util.prefs=ALL-UNNAMED --add-exports=jdk.compiler/com.sun.tools.javac.api=ALL-UNNAMED --add-exports=jdk.compiler/com.sun.tools.javac.util=ALL-UNNAMED --add-opens=java.base/java.nio.charset=ALL-UNNAMED --add-opens=java.base/java.net=ALL-UNNAMED --add-opens=java.base/java.util.concurrent.atomic=ALL-UNNAMED -Xmx2048m -Dfile.encoding=UTF-8 -Duser.country=US -Duser.language=en -Duser.variant -javaagent:C:\Users\ABDULLAH MAMUN\.gradle\wrapper\dists\gradle-8.9-bin\90cnw93cvbtalezasaz0blq0a\gradle-8.9\lib\agents\gradle-instrumentation-agent-8.9.jar 
java_command: org.gradle.launcher.daemon.bootstrap.GradleDaemon 8.9
java_class_path (initial): C:\Users\ABDULLAH MAMUN\.gradle\wrapper\dists\gradle-8.9-bin\90cnw93cvbtalezasaz0blq0a\gradle-8.9\lib\gradle-daemon-main-8.9.jar
Launcher Type: SUN_STANDARD

[Global flags]
     intx CICompilerCount                          = 4                                         {product} {ergonomic}
     uint ConcGCThreads                            = 2                                         {product} {ergonomic}
     uint G1ConcRefinementThreads                  = 8                                         {product} {ergonomic}
   size_t G1HeapRegionSize                         = 1048576                                   {product} {ergonomic}
    uintx GCDrainStackTargetSize                   = 64                                        {product} {ergonomic}
   size_t InitialHeapSize                          = 134217728                                 {product} {ergonomic}
   size_t MarkStackSize                            = 4194304                                   {product} {ergonomic}
   size_t MaxHeapSize                              = 2147483648                                {product} {command line}
   size_t MaxNewSize                               = 1287651328                                {product} {ergonomic}
   size_t MinHeapDeltaBytes                        = 1048576                                   {product} {ergonomic}
   size_t MinHeapSize                              = 8388608                                   {product} {ergonomic}
    uintx NonNMethodCodeHeapSize                   = 5839372                                {pd product} {ergonomic}
    uintx NonProfiledCodeHeapSize                  = 122909434                              {pd product} {ergonomic}
    uintx ProfiledCodeHeapSize                     = 122909434                              {pd product} {ergonomic}
    uintx ReservedCodeCacheSize                    = 251658240                              {pd product} {ergonomic}
     bool SegmentedCodeCache                       = true                                      {product} {ergonomic}
   size_t SoftMaxHeapSize                          = 2147483648                             {manageable} {ergonomic}
     bool UseCompressedOops                        = true                           {product lp64_product} {ergonomic}
     bool UseG1GC                                  = true                                      {product} {ergonomic}
     bool UseLargePagesIndividualAllocation        = false                                  {pd product} {ergonomic}

Logging:
Log output configuration:
 #0: stdout all=warning uptime,level,tags foldmultilines=false
 #1: stderr all=off uptime,level,tags foldmultilines=false

Environment Variables:
PATH=C:\Windows\system32;C:\Windows;C:\Windows\System32\Wbem;C:\Windows\System32\WindowsPowerShell\v1.0\;C:\Windows\System32\OpenSSH\;C:\Program Files\Git\cmd;C:\Users\ABDULLAH MAMUN\AppData\Local\Microsoft\WindowsApps;E:\E downloads\E-programs\Microsoft VS Code\bin
USERNAME=ABDULLAH MAMUN
OS=Windows_NT
PROCESSOR_IDENTIFIER=Intel64 Family 6 Model 142 Stepping 10, GenuineIntel
TMP=C:\Users\ABDULL~1\AppData\Local\Temp
TEMP=C:\Users\ABDULL~1\AppData\Local\Temp




Periodic native trim disabled

JNI global refs:
JNI global refs: 28, weak refs: 6

JNI global refs memory usage: 835, weak refs: 833

Process memory usage:
Resident Set Size: 319608K (3% of 8283164K total physical memory with 553848K free physical memory)

OOME stack traces (most recent first):
Classloader memory used:
Loader org.gradle.internal.classloader.VisitableURLClassLoader                         : 31079K
Loader bootstrap                                                                       : 22638K
Loader org.gradle.initialization.MixInLegacyTypesClassLoader                           : 8861K
Loader org.gradle.internal.classloader.VisitableURLClassLoader                         : 840K
Loader org.gradle.internal.classloader.VisitableURLClassLoader$InstrumentingVisitableURLClassLoader: 698K
Loader jdk.internal.loader.ClassLoaders$PlatformClassLoader                            : 498K
Loader jdk.internal.loader.ClassLoaders$AppClassLoader                                 : 230K
Loader jdk.internal.reflect.DelegatingClassLoader                                      : 207K
Loader org.gradle.groovy.scripts.internal.DefaultScriptCompilationHandler$ScriptClassLoader: 148K
Loader org.codehaus.groovy.runtime.callsite.CallSiteClassLoader                        : 51648B

Classes loaded by more than one classloader:
Class org.gradle.api.GradleException                                                  : loaded 3 times (x 79B)
Class org.gradle.internal.classloader.ClassLoaderHierarchy                            : loaded 2 times (x 67B)
Class org.gradle.api.internal.classpath.ManifestUtil                                  : loaded 2 times (x 68B)
Class org.jetbrains.plugins.gradle.model.GradleExtensions                             : loaded 2 times (x 67B)
Class org.jetbrains.plugins.gradle.model.AnnotationProcessingModel                    : loaded 2 times (x 67B)
Class org.gradle.internal.operations.MultipleBuildOperationFailures                   : loaded 2 times (x 92B)
Class org.jetbrains.kotlin.idea.gradleTooling.model.noarg.NoArgModel                  : loaded 2 times (x 67B)
Class org.gradle.internal.classloader.DefaultClassLoaderFactory                       : loaded 2 times (x 79B)
Class kotlin.collections.AbstractList$Companion                                       : loaded 2 times (x 68B)
Class org.gradle.internal.classloader.ClassLoaderVisitor                              : loaded 2 times (x 73B)
Class settings_e8vr1gc02it6hvikkn7ehss8t$_run_closure1$_closure2                      : loaded 2 times (x 136B)
Class org.gradle.api.internal.classpath.EffectiveClassPath                            : loaded 2 times (x 87B)
Class org.gradle.tooling.internal.gradle.DefaultProjectIdentifier                     : loaded 2 times (x 83B)
Class org.jetbrains.kotlin.idea.gradleTooling.model.allopen.AllOpenModel              : loaded 2 times (x 67B)
Class org.gradle.api.internal.DefaultClassPathProvider                                : loaded 2 times (x 73B)
Class [Lorg.gradle.api.internal.ClassPathProvider;                                    : loaded 2 times (x 66B)
Class org.gradle.api.internal.ClassPathProvider                                       : loaded 2 times (x 67B)
Class org.gradle.internal.service.UnknownServiceException                             : loaded 2 times (x 80B)
Class org.jetbrains.kotlin.idea.gradleTooling.KotlinDslScriptAdditionalTask           : loaded 2 times (x 67B)
Class org.gradle.internal.classpath.TransformedClassPath                              : loaded 2 times (x 93B)
Class kotlin.enums.EnumEntriesList                                                    : loaded 2 times (x 220B)
Class org.jetbrains.plugins.gradle.model.IntelliJSettings                             : loaded 2 times (x 67B)
Class org.jetbrains.kotlin.idea.gradleTooling.KotlinSourceSetContainer                : loaded 2 times (x 67B)
Class org.gradle.internal.service.ServiceLocator                                      : loaded 2 times (x 67B)
Class org.jetbrains.kotlin.android.synthetic.idea.AndroidExtensionsGradleModel        : loaded 2 times (x 67B)
Class sync_studio_tooling8271_4bti9ybp1g3uew2wb83seq212                               : loaded 2 times (x 176B)
Class org.gradle.tooling.model.UnsupportedMethodException                             : loaded 2 times (x 79B)
Class org.gradle.internal.InternalTransformer                                         : loaded 2 times (x 67B)
Class org.gradle.internal.time.DefaultTimer                                           : loaded 2 times (x 77B)
Class org.gradle.internal.classloader.ClasspathUtil$1                                 : loaded 2 times (x 73B)
Class org.gradle.api.internal.classpath.DefaultModuleRegistry$DefaultModule           : loaded 2 times (x 83B)
Class org.jetbrains.kotlin.idea.gradleTooling.model.lombok.LombokModel                : loaded 2 times (x 67B)
Class org.gradle.internal.time.DefaultCountdownTimer                                  : loaded 2 times (x 85B)
Class org.gradle.tooling.internal.gradle.DefaultBuildIdentifier                       : loaded 2 times (x 76B)
Class kotlin.Function                                                                 : loaded 2 times (x 67B)
Class org.gradle.api.internal.classpath.Module                                        : loaded 2 times (x 67B)
Class org.gradle.api.internal.classpath.UnknownModuleException                        : loaded 2 times (x 79B)
Class com.intellij.openapi.externalSystem.model.project.dependencies.ProjectDependencies: loaded 2 times (x 67B)
Class org.gradle.tooling.internal.gradle.GradleProjectIdentity                        : loaded 2 times (x 67B)
Class org.gradle.api.internal.DefaultClassPathRegistry                                : loaded 2 times (x 73B)
Class org.gradle.api.internal.ClassPathRegistry                                       : loaded 2 times (x 67B)
Class org.gradle.internal.classpath.DefaultClassPath$ImmutableUniqueList              : loaded 2 times (x 196B)
Class org.gradle.internal.classpath.ClassPath                                         : loaded 2 times (x 67B)
Class org.gradle.api.UncheckedIOException                                             : loaded 2 times (x 79B)
Class org.jetbrains.kotlin.idea.gradleTooling.KotlinGradleModel                       : loaded 2 times (x 67B)
Class org.gradle.tooling.model.Model                                                  : loaded 2 times (x 67B)
Class kotlin.UninitializedPropertyAccessException                                     : loaded 2 times (x 79B)
Class org.jetbrains.plugins.gradle.model.IntelliJProjectSettings                      : loaded 2 times (x 67B)
Class org.jetbrains.kotlin.idea.gradleTooling.model.annotation.AnnotationBasedPluginModel: loaded 2 times (x 67B)
Class org.gradle.internal.installation.GradleInstallation$1                           : loaded 2 times (x 72B)
Class org.gradle.api.internal.classpath.ModuleRegistry                                : loaded 2 times (x 67B)
Class org.jetbrains.plugins.gradle.model.VersionCatalogsModel                         : loaded 2 times (x 67B)
Class org.gradle.api.internal.classpath.DefaultModuleRegistry                         : loaded 2 times (x 80B)
Class org.gradle.internal.time.MonotonicClock                                         : loaded 2 times (x 74B)
Class org.gradle.internal.service.ServiceLookupException                              : loaded 2 times (x 79B)
Class org.gradle.internal.classloader.ClassLoaderFactory                              : loaded 2 times (x 67B)
Class org.gradle.internal.service.CachingServiceLocator                               : loaded 2 times (x 79B)
Class org.jetbrains.plugins.gradle.model.RepositoryModels                             : loaded 2 times (x 67B)
Class org.gradle.internal.time.TimeSource                                             : loaded 2 times (x 67B)
Class org.gradle.tooling.internal.gradle.GradleBuildIdentity                          : loaded 2 times (x 67B)
Class kotlin.enums.EnumEntries                                                        : loaded 2 times (x 67B)
Class org.gradle.internal.exceptions.ResolutionProvider                               : loaded 2 times (x 67B)
Class org.gradle.tooling.model.ProjectIdentifier                                      : loaded 2 times (x 67B)
Class org.gradle.internal.classloader.ClasspathUtil                                   : loaded 2 times (x 68B)
Class org.gradle.internal.time.TimeSource$1                                           : loaded 2 times (x 74B)
Class kotlin.jvm.internal.DefaultConstructorMarker                                    : loaded 2 times (x 68B)
Class org.gradle.api.specs.Spec                                                       : loaded 2 times (x 67B)
Class org.gradle.internal.time.Clock                                                  : loaded 2 times (x 67B)
Class org.jetbrains.plugins.gradle.model.jar.JarTaskManifestConfiguration             : loaded 2 times (x 67B)
Class kotlin.collections.AbstractList                                                 : loaded 2 times (x 194B)
Class kotlin.collections.AbstractCollection                                           : loaded 2 times (x 114B)
Class org.gradle.internal.classloader.VisitableURLClassLoader$InstrumentingVisitableURLClassLoader: loaded 2 times (x 120B)
Class org.gradle.internal.classloader.VisitableURLClassLoader$Spec                    : loaded 2 times (x 71B)
Class org.gradle.internal.classpath.DefaultClassPath                                  : loaded 2 times (x 87B)
Class org.gradle.internal.classloader.ClassLoaderSpec                                 : loaded 2 times (x 68B)
Class org.gradle.internal.classloader.VisitableURLClassLoader                         : loaded 2 times (x 114B)
Class org.gradle.internal.Cast                                                        : loaded 2 times (x 68B)
Class org.gradle.api.Action                                                           : loaded 2 times (x 67B)
Class kotlin.jvm.functions.Function1                                                  : loaded 2 times (x 67B)
Class org.gradle.internal.agents.InstrumentingClassLoader                             : loaded 2 times (x 67B)
Class org.gradle.internal.classpath.DefaultClassPath$ImmutableUniqueList$Builder      : loaded 2 times (x 72B)
Class org.jetbrains.kotlin.idea.gradleTooling.model.samWithReceiver.SamWithReceiverModel: loaded 2 times (x 67B)
Class org.gradle.internal.classloader.FilteringClassLoader                            : loaded 2 times (x 102B)
Class org.gradle.internal.exceptions.NonGradleCauseExceptionsHolder                   : loaded 2 times (x 67B)
Class settings_e8vr1gc02it6hvikkn7ehss8t$_run_closure1                                : loaded 2 times (x 136B)
Class org.jetbrains.kotlin.idea.gradleTooling.model.assignment.AssignmentModel        : loaded 2 times (x 67B)
Class kotlin.enums.EnumEntriesKt                                                      : loaded 2 times (x 68B)
Class org.gradle.internal.IoActions                                                   : loaded 2 times (x 68B)
Class settings_e8vr1gc02it6hvikkn7ehss8t                                              : loaded 2 times (x 176B)
Class ijInit1_4vb4p0chayksx1t905xb523d7                                               : loaded 2 times (x 176B)
Class org.gradle.internal.classloader.SystemClassLoaderSpec                           : loaded 2 times (x 68B)
Class org.gradle.internal.exceptions.MultiCauseException                              : loaded 2 times (x 67B)
Class org.gradle.internal.time.CountdownTimer                                         : loaded 2 times (x 67B)
Class kotlin.jvm.internal.Intrinsics                                                  : loaded 2 times (x 68B)
Class org.jetbrains.kotlin.idea.gradleTooling.model.parcelize.ParcelizeGradleModel    : loaded 2 times (x 67B)
Class org.gradle.tooling.model.ProjectModel                                           : loaded 2 times (x 67B)
Class kotlin.KotlinNullPointerException                                               : loaded 2 times (x 80B)
Class org.jetbrains.plugins.gradle.model.tests.ExternalTestsModel                     : loaded 2 times (x 67B)
Class org.gradle.internal.exceptions.DefaultMultiCauseException                       : loaded 2 times (x 92B)
Class org.gradle.internal.time.Time                                                   : loaded 2 times (x 68B)
Class org.jetbrains.plugins.gradle.model.DependencyAccessorsModel                     : loaded 2 times (x 67B)
Class org.jetbrains.kotlin.idea.gradleTooling.KotlinMPPGradleModel                    : loaded 2 times (x 67B)
Class org.gradle.tooling.model.BuildIdentifier                                        : loaded 2 times (x 67B)
Class org.jetbrains.kotlin.idea.gradleTooling.PrepareKotlinIdeImportTaskModel         : loaded 2 times (x 67B)
Class org.gradle.internal.time.Timer                                                  : loaded 2 times (x 67B)
Class kotlin.jvm.internal.markers.KMappedMarker                                       : loaded 2 times (x 67B)
Class org.gradle.internal.installation.CurrentGradleInstallationLocator               : loaded 2 times (x 68B)
Class org.gradle.internal.service.DefaultServiceLocator                               : loaded 2 times (x 80B)
Class org.gradle.util.GradleVersion                                                   : loaded 2 times (x 80B)
Class org.gradle.internal.installation.CurrentGradleInstallation                      : loaded 2 times (x 70B)
Class org.gradle.util.internal.GUtil                                                  : loaded 2 times (x 68B)
Class org.gradle.internal.installation.GradleInstallation                             : loaded 2 times (x 72B)

---------------  S Y S T E M  ---------------

OS:
 Windows 11 , 64 bit Build 22621 (10.0.22621.5124)
OS uptime: 3 days 3:05 hours
Hyper-V role detected

CPU: total 8 (initial active 8) (4 cores per cpu, 2 threads per core) family 6 model 142 stepping 10 microcode 0xf0, cx8, cmov, fxsr, ht, mmx, 3dnowpref, sse, sse2, sse3, ssse3, sse4.1, sse4.2, popcnt, lzcnt, tsc, tscinvbit, avx, avx2, aes, erms, clmul, bmi1, bmi2, adx, fma, vzeroupper, clflush, clflushopt, hv, rdtscp, f16c
Processor Information for all 8 processors :
  Max Mhz: 1992, Current Mhz: 1792, Mhz Limit: 1792

Memory: 4k page, system-wide physical 8089M (540M free)
TotalPageFile size 19587M (AvailPageFile size 11M)
current process WorkingSet (physical memory assigned to process): 312M, peak: 312M
current process commit charge ("private bytes"): 348M, peak: 356M

vm_info: OpenJDK 64-Bit Server VM (21.0.3+-12282718-b509.11) for windows-amd64 JRE (21.0.3+-12282718-b509.11), built on 2024-08-27T17:34:15Z by "builder" with MS VC++ 16.10 / 16.11 (VS2019)

END.
